[2022-12-26T02:12:44.175+0000] {taskinstance.py:1087} INFO - Dependencies all met for <TaskInstance: example_branch_operator.branching manual__2022-12-26T02:12:42.465881+00:00 [queued]>
[2022-12-26T02:12:44.182+0000] {taskinstance.py:1087} INFO - Dependencies all met for <TaskInstance: example_branch_operator.branching manual__2022-12-26T02:12:42.465881+00:00 [queued]>
[2022-12-26T02:12:44.183+0000] {taskinstance.py:1283} INFO - 
--------------------------------------------------------------------------------
[2022-12-26T02:12:44.183+0000] {taskinstance.py:1284} INFO - Starting attempt 1 of 1
[2022-12-26T02:12:44.184+0000] {taskinstance.py:1285} INFO - 
--------------------------------------------------------------------------------
[2022-12-26T02:12:44.193+0000] {taskinstance.py:1304} INFO - Executing <Task(BranchPythonOperator): branching> on 2022-12-26 02:12:42.465881+00:00
[2022-12-26T02:12:44.198+0000] {standard_task_runner.py:55} INFO - Started process 427 to run task
[2022-12-26T02:12:44.202+0000] {standard_task_runner.py:82} INFO - Running: ['***', 'tasks', 'run', 'example_branch_operator', 'branching', 'manual__2022-12-26T02:12:42.465881+00:00', '--job-id', '3', '--raw', '--subdir', '/home/***/.local/lib/python3.7/site-packages/***/example_dags/example_branch_operator.py', '--cfg-path', '/tmp/tmp_6l7jhes']
[2022-12-26T02:12:44.203+0000] {standard_task_runner.py:83} INFO - Job 3: Subtask branching
[2022-12-26T02:12:44.261+0000] {task_command.py:389} INFO - Running <TaskInstance: example_branch_operator.branching manual__2022-12-26T02:12:42.465881+00:00 [running]> on host 0f84e14acbc4
[2022-12-26T02:12:44.311+0000] {taskinstance.py:1513} INFO - Exporting the following env vars:
AIRFLOW_CTX_DAG_OWNER=***
AIRFLOW_CTX_DAG_ID=example_branch_operator
AIRFLOW_CTX_TASK_ID=branching
AIRFLOW_CTX_EXECUTION_DATE=2022-12-26T02:12:42.465881+00:00
AIRFLOW_CTX_TRY_NUMBER=1
AIRFLOW_CTX_DAG_RUN_ID=manual__2022-12-26T02:12:42.465881+00:00
[2022-12-26T02:12:44.312+0000] {python.py:177} INFO - Done. Returned value was: branch_d
[2022-12-26T02:12:44.313+0000] {python.py:211} INFO - Branch callable return branch_d
[2022-12-26T02:12:44.314+0000] {skipmixin.py:155} INFO - Following branch branch_d
[2022-12-26T02:12:44.314+0000] {skipmixin.py:211} INFO - Skipping tasks ['branch_c', 'branch_a', 'branch_b']
[2022-12-26T02:12:44.355+0000] {taskinstance.py:1327} INFO - Marking task as SUCCESS. dag_id=example_branch_operator, task_id=branching, execution_date=20221226T021242, start_date=20221226T021244, end_date=20221226T021244
[2022-12-26T02:12:44.373+0000] {local_task_job.py:159} INFO - Task exited with return code 0
[2022-12-26T02:12:44.404+0000] {taskinstance.py:2582} INFO - 1 downstream tasks scheduled from follow-on schedule check
