[2022-12-26T00:26:41.009+0000] {processor.py:153} INFO - Started process (PID=36) to work on /home/airflow/.local/lib/python3.7/site-packages/airflow/example_dags/example_local_kubernetes_executor.py
[2022-12-26T00:26:41.011+0000] {processor.py:743} INFO - Processing file /home/airflow/.local/lib/python3.7/site-packages/airflow/example_dags/example_local_kubernetes_executor.py for tasks to queue
[2022-12-26T00:26:41.013+0000] {logging_mixin.py:137} INFO - [2022-12-26T00:26:41.012+0000] {dagbag.py:538} INFO - Filling up the DagBag from /home/airflow/.local/lib/python3.7/site-packages/airflow/example_dags/example_local_kubernetes_executor.py
[2022-12-26T00:26:41.060+0000] {processor.py:753} INFO - DAG(s) dict_keys(['example_local_kubernetes_executor']) retrieved from /home/airflow/.local/lib/python3.7/site-packages/airflow/example_dags/example_local_kubernetes_executor.py
[2022-12-26T00:26:41.194+0000] {logging_mixin.py:137} INFO - [2022-12-26T00:26:41.194+0000] {manager.py:504} INFO - Created Permission View: can edit on DAG:example_local_kubernetes_executor
[2022-12-26T00:26:41.201+0000] {logging_mixin.py:137} INFO - [2022-12-26T00:26:41.200+0000] {manager.py:504} INFO - Created Permission View: can read on DAG:example_local_kubernetes_executor
[2022-12-26T00:26:41.204+0000] {logging_mixin.py:137} INFO - [2022-12-26T00:26:41.204+0000] {manager.py:504} INFO - Created Permission View: can delete on DAG:example_local_kubernetes_executor
[2022-12-26T00:26:41.205+0000] {logging_mixin.py:137} INFO - [2022-12-26T00:26:41.205+0000] {dag.py:2676} INFO - Sync 1 DAGs
[2022-12-26T00:26:41.214+0000] {logging_mixin.py:137} INFO - [2022-12-26T00:26:41.214+0000] {dag.py:2697} INFO - Creating ORM DAG for example_local_kubernetes_executor
[2022-12-26T00:26:41.222+0000] {logging_mixin.py:137} INFO - [2022-12-26T00:26:41.222+0000] {dag.py:3427} INFO - Setting next_dagrun for example_local_kubernetes_executor to None, run_after=None
[2022-12-26T00:26:41.236+0000] {processor.py:175} INFO - Processing /home/airflow/.local/lib/python3.7/site-packages/airflow/example_dags/example_local_kubernetes_executor.py took 0.231 seconds
[2022-12-26T00:27:12.223+0000] {processor.py:153} INFO - Started process (PID=114) to work on /home/airflow/.local/lib/python3.7/site-packages/airflow/example_dags/example_local_kubernetes_executor.py
[2022-12-26T00:27:12.225+0000] {processor.py:743} INFO - Processing file /home/airflow/.local/lib/python3.7/site-packages/airflow/example_dags/example_local_kubernetes_executor.py for tasks to queue
[2022-12-26T00:27:12.226+0000] {logging_mixin.py:137} INFO - [2022-12-26T00:27:12.226+0000] {dagbag.py:538} INFO - Filling up the DagBag from /home/airflow/.local/lib/python3.7/site-packages/airflow/example_dags/example_local_kubernetes_executor.py
[2022-12-26T00:27:12.253+0000] {processor.py:753} INFO - DAG(s) dict_keys(['example_local_kubernetes_executor']) retrieved from /home/airflow/.local/lib/python3.7/site-packages/airflow/example_dags/example_local_kubernetes_executor.py
[2022-12-26T00:27:12.284+0000] {logging_mixin.py:137} INFO - [2022-12-26T00:27:12.284+0000] {dag.py:2676} INFO - Sync 1 DAGs
[2022-12-26T00:27:12.300+0000] {logging_mixin.py:137} INFO - [2022-12-26T00:27:12.300+0000] {dag.py:3427} INFO - Setting next_dagrun for example_local_kubernetes_executor to None, run_after=None
[2022-12-26T00:27:12.313+0000] {processor.py:175} INFO - Processing /home/airflow/.local/lib/python3.7/site-packages/airflow/example_dags/example_local_kubernetes_executor.py took 0.093 seconds
[2022-12-26T00:27:42.476+0000] {processor.py:153} INFO - Started process (PID=187) to work on /home/airflow/.local/lib/python3.7/site-packages/airflow/example_dags/example_local_kubernetes_executor.py
[2022-12-26T00:27:42.479+0000] {processor.py:743} INFO - Processing file /home/airflow/.local/lib/python3.7/site-packages/airflow/example_dags/example_local_kubernetes_executor.py for tasks to queue
[2022-12-26T00:27:42.480+0000] {logging_mixin.py:137} INFO - [2022-12-26T00:27:42.479+0000] {dagbag.py:538} INFO - Filling up the DagBag from /home/airflow/.local/lib/python3.7/site-packages/airflow/example_dags/example_local_kubernetes_executor.py
[2022-12-26T00:27:42.507+0000] {processor.py:753} INFO - DAG(s) dict_keys(['example_local_kubernetes_executor']) retrieved from /home/airflow/.local/lib/python3.7/site-packages/airflow/example_dags/example_local_kubernetes_executor.py
[2022-12-26T00:27:42.579+0000] {logging_mixin.py:137} INFO - [2022-12-26T00:27:42.579+0000] {dag.py:2676} INFO - Sync 1 DAGs
[2022-12-26T00:27:42.593+0000] {logging_mixin.py:137} INFO - [2022-12-26T00:27:42.593+0000] {dag.py:3427} INFO - Setting next_dagrun for example_local_kubernetes_executor to None, run_after=None
[2022-12-26T00:27:42.605+0000] {processor.py:175} INFO - Processing /home/airflow/.local/lib/python3.7/site-packages/airflow/example_dags/example_local_kubernetes_executor.py took 0.131 seconds
[2022-12-26T00:28:12.688+0000] {processor.py:153} INFO - Started process (PID=255) to work on /home/airflow/.local/lib/python3.7/site-packages/airflow/example_dags/example_local_kubernetes_executor.py
[2022-12-26T00:28:12.689+0000] {processor.py:743} INFO - Processing file /home/airflow/.local/lib/python3.7/site-packages/airflow/example_dags/example_local_kubernetes_executor.py for tasks to queue
[2022-12-26T00:28:12.690+0000] {logging_mixin.py:137} INFO - [2022-12-26T00:28:12.690+0000] {dagbag.py:538} INFO - Filling up the DagBag from /home/airflow/.local/lib/python3.7/site-packages/airflow/example_dags/example_local_kubernetes_executor.py
[2022-12-26T00:28:12.710+0000] {processor.py:753} INFO - DAG(s) dict_keys(['example_local_kubernetes_executor']) retrieved from /home/airflow/.local/lib/python3.7/site-packages/airflow/example_dags/example_local_kubernetes_executor.py
[2022-12-26T00:28:12.738+0000] {logging_mixin.py:137} INFO - [2022-12-26T00:28:12.738+0000] {dag.py:2676} INFO - Sync 1 DAGs
[2022-12-26T00:28:12.753+0000] {logging_mixin.py:137} INFO - [2022-12-26T00:28:12.753+0000] {dag.py:3427} INFO - Setting next_dagrun for example_local_kubernetes_executor to None, run_after=None
[2022-12-26T00:28:12.769+0000] {processor.py:175} INFO - Processing /home/airflow/.local/lib/python3.7/site-packages/airflow/example_dags/example_local_kubernetes_executor.py took 0.086 seconds
