[2022-12-26T00:26:43.006+0000] {processor.py:153} INFO - Started process (PID=53) to work on /home/airflow/.local/lib/python3.7/site-packages/airflow/example_dags/example_external_task_marker_dag.py
[2022-12-26T00:26:43.008+0000] {processor.py:743} INFO - Processing file /home/airflow/.local/lib/python3.7/site-packages/airflow/example_dags/example_external_task_marker_dag.py for tasks to queue
[2022-12-26T00:26:43.011+0000] {logging_mixin.py:137} INFO - [2022-12-26T00:26:43.011+0000] {dagbag.py:538} INFO - Filling up the DagBag from /home/airflow/.local/lib/python3.7/site-packages/airflow/example_dags/example_external_task_marker_dag.py
[2022-12-26T00:26:43.034+0000] {processor.py:753} INFO - DAG(s) dict_keys(['example_external_task_marker_parent', 'example_external_task_marker_child']) retrieved from /home/airflow/.local/lib/python3.7/site-packages/airflow/example_dags/example_external_task_marker_dag.py
[2022-12-26T00:26:43.164+0000] {logging_mixin.py:137} INFO - [2022-12-26T00:26:43.164+0000] {manager.py:504} INFO - Created Permission View: can edit on DAG:example_external_task_marker_parent
[2022-12-26T00:26:43.171+0000] {logging_mixin.py:137} INFO - [2022-12-26T00:26:43.171+0000] {manager.py:504} INFO - Created Permission View: can read on DAG:example_external_task_marker_parent
[2022-12-26T00:26:43.176+0000] {logging_mixin.py:137} INFO - [2022-12-26T00:26:43.176+0000] {manager.py:504} INFO - Created Permission View: can delete on DAG:example_external_task_marker_parent
[2022-12-26T00:26:43.185+0000] {logging_mixin.py:137} INFO - [2022-12-26T00:26:43.185+0000] {manager.py:504} INFO - Created Permission View: can edit on DAG:example_external_task_marker_child
[2022-12-26T00:26:43.191+0000] {logging_mixin.py:137} INFO - [2022-12-26T00:26:43.191+0000] {manager.py:504} INFO - Created Permission View: can read on DAG:example_external_task_marker_child
[2022-12-26T00:26:43.204+0000] {logging_mixin.py:137} INFO - [2022-12-26T00:26:43.204+0000] {manager.py:504} INFO - Created Permission View: can delete on DAG:example_external_task_marker_child
[2022-12-26T00:26:43.205+0000] {logging_mixin.py:137} INFO - [2022-12-26T00:26:43.205+0000] {dag.py:2676} INFO - Sync 2 DAGs
[2022-12-26T00:26:43.219+0000] {logging_mixin.py:137} INFO - [2022-12-26T00:26:43.219+0000] {dag.py:2697} INFO - Creating ORM DAG for example_external_task_marker_parent
[2022-12-26T00:26:43.220+0000] {logging_mixin.py:137} INFO - [2022-12-26T00:26:43.220+0000] {dag.py:2697} INFO - Creating ORM DAG for example_external_task_marker_child
[2022-12-26T00:26:43.233+0000] {logging_mixin.py:137} INFO - [2022-12-26T00:26:43.233+0000] {dag.py:3427} INFO - Setting next_dagrun for example_external_task_marker_child to None, run_after=None
[2022-12-26T00:26:43.235+0000] {logging_mixin.py:137} INFO - [2022-12-26T00:26:43.235+0000] {dag.py:3427} INFO - Setting next_dagrun for example_external_task_marker_parent to None, run_after=None
[2022-12-26T00:26:43.255+0000] {processor.py:175} INFO - Processing /home/airflow/.local/lib/python3.7/site-packages/airflow/example_dags/example_external_task_marker_dag.py took 0.255 seconds
[2022-12-26T00:27:13.284+0000] {processor.py:153} INFO - Started process (PID=131) to work on /home/airflow/.local/lib/python3.7/site-packages/airflow/example_dags/example_external_task_marker_dag.py
[2022-12-26T00:27:13.286+0000] {processor.py:743} INFO - Processing file /home/airflow/.local/lib/python3.7/site-packages/airflow/example_dags/example_external_task_marker_dag.py for tasks to queue
[2022-12-26T00:27:13.287+0000] {logging_mixin.py:137} INFO - [2022-12-26T00:27:13.287+0000] {dagbag.py:538} INFO - Filling up the DagBag from /home/airflow/.local/lib/python3.7/site-packages/airflow/example_dags/example_external_task_marker_dag.py
[2022-12-26T00:27:13.297+0000] {processor.py:753} INFO - DAG(s) dict_keys(['example_external_task_marker_child', 'example_external_task_marker_parent']) retrieved from /home/airflow/.local/lib/python3.7/site-packages/airflow/example_dags/example_external_task_marker_dag.py
[2022-12-26T00:27:13.325+0000] {logging_mixin.py:137} INFO - [2022-12-26T00:27:13.325+0000] {dag.py:2676} INFO - Sync 2 DAGs
[2022-12-26T00:27:13.339+0000] {logging_mixin.py:137} INFO - [2022-12-26T00:27:13.339+0000] {dag.py:3427} INFO - Setting next_dagrun for example_external_task_marker_child to None, run_after=None
[2022-12-26T00:27:13.342+0000] {logging_mixin.py:137} INFO - [2022-12-26T00:27:13.342+0000] {dag.py:3427} INFO - Setting next_dagrun for example_external_task_marker_parent to None, run_after=None
[2022-12-26T00:27:13.351+0000] {processor.py:175} INFO - Processing /home/airflow/.local/lib/python3.7/site-packages/airflow/example_dags/example_external_task_marker_dag.py took 0.070 seconds
[2022-12-26T00:27:43.421+0000] {processor.py:153} INFO - Started process (PID=208) to work on /home/airflow/.local/lib/python3.7/site-packages/airflow/example_dags/example_external_task_marker_dag.py
[2022-12-26T00:27:43.429+0000] {processor.py:743} INFO - Processing file /home/airflow/.local/lib/python3.7/site-packages/airflow/example_dags/example_external_task_marker_dag.py for tasks to queue
[2022-12-26T00:27:43.433+0000] {logging_mixin.py:137} INFO - [2022-12-26T00:27:43.433+0000] {dagbag.py:538} INFO - Filling up the DagBag from /home/airflow/.local/lib/python3.7/site-packages/airflow/example_dags/example_external_task_marker_dag.py
[2022-12-26T00:27:43.446+0000] {processor.py:753} INFO - DAG(s) dict_keys(['example_external_task_marker_child', 'example_external_task_marker_parent']) retrieved from /home/airflow/.local/lib/python3.7/site-packages/airflow/example_dags/example_external_task_marker_dag.py
[2022-12-26T00:27:43.481+0000] {logging_mixin.py:137} INFO - [2022-12-26T00:27:43.481+0000] {dag.py:2676} INFO - Sync 2 DAGs
[2022-12-26T00:27:43.497+0000] {logging_mixin.py:137} INFO - [2022-12-26T00:27:43.497+0000] {dag.py:3427} INFO - Setting next_dagrun for example_external_task_marker_child to None, run_after=None
[2022-12-26T00:27:43.499+0000] {logging_mixin.py:137} INFO - [2022-12-26T00:27:43.499+0000] {dag.py:3427} INFO - Setting next_dagrun for example_external_task_marker_parent to None, run_after=None
[2022-12-26T00:27:43.508+0000] {processor.py:175} INFO - Processing /home/airflow/.local/lib/python3.7/site-packages/airflow/example_dags/example_external_task_marker_dag.py took 0.091 seconds
[2022-12-26T00:28:13.574+0000] {processor.py:153} INFO - Started process (PID=272) to work on /home/airflow/.local/lib/python3.7/site-packages/airflow/example_dags/example_external_task_marker_dag.py
[2022-12-26T00:28:13.576+0000] {processor.py:743} INFO - Processing file /home/airflow/.local/lib/python3.7/site-packages/airflow/example_dags/example_external_task_marker_dag.py for tasks to queue
[2022-12-26T00:28:13.576+0000] {logging_mixin.py:137} INFO - [2022-12-26T00:28:13.576+0000] {dagbag.py:538} INFO - Filling up the DagBag from /home/airflow/.local/lib/python3.7/site-packages/airflow/example_dags/example_external_task_marker_dag.py
[2022-12-26T00:28:13.587+0000] {processor.py:753} INFO - DAG(s) dict_keys(['example_external_task_marker_child', 'example_external_task_marker_parent']) retrieved from /home/airflow/.local/lib/python3.7/site-packages/airflow/example_dags/example_external_task_marker_dag.py
[2022-12-26T00:28:13.615+0000] {logging_mixin.py:137} INFO - [2022-12-26T00:28:13.615+0000] {dag.py:2676} INFO - Sync 2 DAGs
[2022-12-26T00:28:13.631+0000] {logging_mixin.py:137} INFO - [2022-12-26T00:28:13.631+0000] {dag.py:3427} INFO - Setting next_dagrun for example_external_task_marker_child to None, run_after=None
[2022-12-26T00:28:13.633+0000] {logging_mixin.py:137} INFO - [2022-12-26T00:28:13.633+0000] {dag.py:3427} INFO - Setting next_dagrun for example_external_task_marker_parent to None, run_after=None
[2022-12-26T00:28:13.643+0000] {processor.py:175} INFO - Processing /home/airflow/.local/lib/python3.7/site-packages/airflow/example_dags/example_external_task_marker_dag.py took 0.072 seconds
