[2022-12-26T00:26:42.620+0000] {processor.py:153} INFO - Started process (PID=50) to work on /home/airflow/.local/lib/python3.7/site-packages/airflow/example_dags/example_sensors.py
[2022-12-26T00:26:42.622+0000] {processor.py:743} INFO - Processing file /home/airflow/.local/lib/python3.7/site-packages/airflow/example_dags/example_sensors.py for tasks to queue
[2022-12-26T00:26:42.624+0000] {logging_mixin.py:137} INFO - [2022-12-26T00:26:42.624+0000] {dagbag.py:538} INFO - Filling up the DagBag from /home/airflow/.local/lib/python3.7/site-packages/airflow/example_dags/example_sensors.py
[2022-12-26T00:26:42.661+0000] {processor.py:753} INFO - DAG(s) dict_keys(['example_sensors']) retrieved from /home/airflow/.local/lib/python3.7/site-packages/airflow/example_dags/example_sensors.py
[2022-12-26T00:26:42.767+0000] {logging_mixin.py:137} INFO - [2022-12-26T00:26:42.767+0000] {manager.py:504} INFO - Created Permission View: can edit on DAG:example_sensors
[2022-12-26T00:26:42.776+0000] {logging_mixin.py:137} INFO - [2022-12-26T00:26:42.775+0000] {manager.py:504} INFO - Created Permission View: can read on DAG:example_sensors
[2022-12-26T00:26:42.782+0000] {logging_mixin.py:137} INFO - [2022-12-26T00:26:42.782+0000] {manager.py:504} INFO - Created Permission View: can delete on DAG:example_sensors
[2022-12-26T00:26:42.783+0000] {logging_mixin.py:137} INFO - [2022-12-26T00:26:42.782+0000] {dag.py:2676} INFO - Sync 1 DAGs
[2022-12-26T00:26:42.796+0000] {logging_mixin.py:137} INFO - [2022-12-26T00:26:42.796+0000] {dag.py:2697} INFO - Creating ORM DAG for example_sensors
[2022-12-26T00:26:42.811+0000] {logging_mixin.py:137} INFO - [2022-12-26T00:26:42.811+0000] {dag.py:3427} INFO - Setting next_dagrun for example_sensors to None, run_after=None
[2022-12-26T00:26:42.826+0000] {processor.py:175} INFO - Processing /home/airflow/.local/lib/python3.7/site-packages/airflow/example_dags/example_sensors.py took 0.219 seconds
[2022-12-26T00:27:13.015+0000] {processor.py:153} INFO - Started process (PID=128) to work on /home/airflow/.local/lib/python3.7/site-packages/airflow/example_dags/example_sensors.py
[2022-12-26T00:27:13.016+0000] {processor.py:743} INFO - Processing file /home/airflow/.local/lib/python3.7/site-packages/airflow/example_dags/example_sensors.py for tasks to queue
[2022-12-26T00:27:13.017+0000] {logging_mixin.py:137} INFO - [2022-12-26T00:27:13.017+0000] {dagbag.py:538} INFO - Filling up the DagBag from /home/airflow/.local/lib/python3.7/site-packages/airflow/example_dags/example_sensors.py
[2022-12-26T00:27:13.029+0000] {processor.py:753} INFO - DAG(s) dict_keys(['example_sensors']) retrieved from /home/airflow/.local/lib/python3.7/site-packages/airflow/example_dags/example_sensors.py
[2022-12-26T00:27:13.055+0000] {logging_mixin.py:137} INFO - [2022-12-26T00:27:13.055+0000] {dag.py:2676} INFO - Sync 1 DAGs
[2022-12-26T00:27:13.069+0000] {logging_mixin.py:137} INFO - [2022-12-26T00:27:13.069+0000] {dag.py:3427} INFO - Setting next_dagrun for example_sensors to None, run_after=None
[2022-12-26T00:27:13.080+0000] {processor.py:175} INFO - Processing /home/airflow/.local/lib/python3.7/site-packages/airflow/example_dags/example_sensors.py took 0.069 seconds
[2022-12-26T00:27:43.274+0000] {processor.py:153} INFO - Started process (PID=205) to work on /home/airflow/.local/lib/python3.7/site-packages/airflow/example_dags/example_sensors.py
[2022-12-26T00:27:43.276+0000] {processor.py:743} INFO - Processing file /home/airflow/.local/lib/python3.7/site-packages/airflow/example_dags/example_sensors.py for tasks to queue
[2022-12-26T00:27:43.277+0000] {logging_mixin.py:137} INFO - [2022-12-26T00:27:43.277+0000] {dagbag.py:538} INFO - Filling up the DagBag from /home/airflow/.local/lib/python3.7/site-packages/airflow/example_dags/example_sensors.py
[2022-12-26T00:27:43.296+0000] {processor.py:753} INFO - DAG(s) dict_keys(['example_sensors']) retrieved from /home/airflow/.local/lib/python3.7/site-packages/airflow/example_dags/example_sensors.py
[2022-12-26T00:27:43.325+0000] {logging_mixin.py:137} INFO - [2022-12-26T00:27:43.325+0000] {dag.py:2676} INFO - Sync 1 DAGs
[2022-12-26T00:27:43.343+0000] {logging_mixin.py:137} INFO - [2022-12-26T00:27:43.343+0000] {dag.py:3427} INFO - Setting next_dagrun for example_sensors to None, run_after=None
[2022-12-26T00:27:43.355+0000] {processor.py:175} INFO - Processing /home/airflow/.local/lib/python3.7/site-packages/airflow/example_dags/example_sensors.py took 0.084 seconds
[2022-12-26T00:28:13.444+0000] {processor.py:153} INFO - Started process (PID=269) to work on /home/airflow/.local/lib/python3.7/site-packages/airflow/example_dags/example_sensors.py
[2022-12-26T00:28:13.445+0000] {processor.py:743} INFO - Processing file /home/airflow/.local/lib/python3.7/site-packages/airflow/example_dags/example_sensors.py for tasks to queue
[2022-12-26T00:28:13.446+0000] {logging_mixin.py:137} INFO - [2022-12-26T00:28:13.446+0000] {dagbag.py:538} INFO - Filling up the DagBag from /home/airflow/.local/lib/python3.7/site-packages/airflow/example_dags/example_sensors.py
[2022-12-26T00:28:13.460+0000] {processor.py:753} INFO - DAG(s) dict_keys(['example_sensors']) retrieved from /home/airflow/.local/lib/python3.7/site-packages/airflow/example_dags/example_sensors.py
[2022-12-26T00:28:13.488+0000] {logging_mixin.py:137} INFO - [2022-12-26T00:28:13.488+0000] {dag.py:2676} INFO - Sync 1 DAGs
[2022-12-26T00:28:13.502+0000] {logging_mixin.py:137} INFO - [2022-12-26T00:28:13.502+0000] {dag.py:3427} INFO - Setting next_dagrun for example_sensors to None, run_after=None
[2022-12-26T00:28:13.514+0000] {processor.py:175} INFO - Processing /home/airflow/.local/lib/python3.7/site-packages/airflow/example_dags/example_sensors.py took 0.073 seconds
