[2022-12-26T00:26:42.172+0000] {processor.py:153} INFO - Started process (PID=46) to work on /home/airflow/.local/lib/python3.7/site-packages/airflow/example_dags/example_latest_only_with_trigger.py
[2022-12-26T00:26:42.174+0000] {processor.py:743} INFO - Processing file /home/airflow/.local/lib/python3.7/site-packages/airflow/example_dags/example_latest_only_with_trigger.py for tasks to queue
[2022-12-26T00:26:42.175+0000] {logging_mixin.py:137} INFO - [2022-12-26T00:26:42.175+0000] {dagbag.py:538} INFO - Filling up the DagBag from /home/airflow/.local/lib/python3.7/site-packages/airflow/example_dags/example_latest_only_with_trigger.py
[2022-12-26T00:26:42.197+0000] {processor.py:753} INFO - DAG(s) dict_keys(['latest_only_with_trigger']) retrieved from /home/airflow/.local/lib/python3.7/site-packages/airflow/example_dags/example_latest_only_with_trigger.py
[2022-12-26T00:26:42.308+0000] {logging_mixin.py:137} INFO - [2022-12-26T00:26:42.308+0000] {manager.py:504} INFO - Created Permission View: can edit on DAG:latest_only_with_trigger
[2022-12-26T00:26:42.314+0000] {logging_mixin.py:137} INFO - [2022-12-26T00:26:42.314+0000] {manager.py:504} INFO - Created Permission View: can read on DAG:latest_only_with_trigger
[2022-12-26T00:26:42.319+0000] {logging_mixin.py:137} INFO - [2022-12-26T00:26:42.319+0000] {manager.py:504} INFO - Created Permission View: can delete on DAG:latest_only_with_trigger
[2022-12-26T00:26:42.320+0000] {logging_mixin.py:137} INFO - [2022-12-26T00:26:42.320+0000] {dag.py:2676} INFO - Sync 1 DAGs
[2022-12-26T00:26:42.332+0000] {logging_mixin.py:137} INFO - [2022-12-26T00:26:42.332+0000] {dag.py:2697} INFO - Creating ORM DAG for latest_only_with_trigger
[2022-12-26T00:26:42.346+0000] {logging_mixin.py:137} INFO - [2022-12-26T00:26:42.346+0000] {dag.py:3427} INFO - Setting next_dagrun for latest_only_with_trigger to 2022-12-25T20:26:42.346361+00:00, run_after=2022-12-26T00:26:42.346361+00:00
[2022-12-26T00:26:42.362+0000] {processor.py:175} INFO - Processing /home/airflow/.local/lib/python3.7/site-packages/airflow/example_dags/example_latest_only_with_trigger.py took 0.193 seconds
[2022-12-26T00:27:12.831+0000] {processor.py:153} INFO - Started process (PID=124) to work on /home/airflow/.local/lib/python3.7/site-packages/airflow/example_dags/example_latest_only_with_trigger.py
[2022-12-26T00:27:12.835+0000] {processor.py:743} INFO - Processing file /home/airflow/.local/lib/python3.7/site-packages/airflow/example_dags/example_latest_only_with_trigger.py for tasks to queue
[2022-12-26T00:27:12.836+0000] {logging_mixin.py:137} INFO - [2022-12-26T00:27:12.836+0000] {dagbag.py:538} INFO - Filling up the DagBag from /home/airflow/.local/lib/python3.7/site-packages/airflow/example_dags/example_latest_only_with_trigger.py
[2022-12-26T00:27:12.846+0000] {processor.py:753} INFO - DAG(s) dict_keys(['latest_only_with_trigger']) retrieved from /home/airflow/.local/lib/python3.7/site-packages/airflow/example_dags/example_latest_only_with_trigger.py
[2022-12-26T00:27:12.871+0000] {logging_mixin.py:137} INFO - [2022-12-26T00:27:12.871+0000] {dag.py:2676} INFO - Sync 1 DAGs
[2022-12-26T00:27:12.886+0000] {logging_mixin.py:137} INFO - [2022-12-26T00:27:12.886+0000] {dag.py:3427} INFO - Setting next_dagrun for latest_only_with_trigger to 2022-12-25T20:27:12.886671+00:00, run_after=2022-12-26T00:27:12.886671+00:00
[2022-12-26T00:27:12.899+0000] {processor.py:175} INFO - Processing /home/airflow/.local/lib/python3.7/site-packages/airflow/example_dags/example_latest_only_with_trigger.py took 0.071 seconds
[2022-12-26T00:27:43.054+0000] {processor.py:153} INFO - Started process (PID=201) to work on /home/airflow/.local/lib/python3.7/site-packages/airflow/example_dags/example_latest_only_with_trigger.py
[2022-12-26T00:27:43.056+0000] {processor.py:743} INFO - Processing file /home/airflow/.local/lib/python3.7/site-packages/airflow/example_dags/example_latest_only_with_trigger.py for tasks to queue
[2022-12-26T00:27:43.057+0000] {logging_mixin.py:137} INFO - [2022-12-26T00:27:43.057+0000] {dagbag.py:538} INFO - Filling up the DagBag from /home/airflow/.local/lib/python3.7/site-packages/airflow/example_dags/example_latest_only_with_trigger.py
[2022-12-26T00:27:43.068+0000] {processor.py:753} INFO - DAG(s) dict_keys(['latest_only_with_trigger']) retrieved from /home/airflow/.local/lib/python3.7/site-packages/airflow/example_dags/example_latest_only_with_trigger.py
[2022-12-26T00:27:43.104+0000] {logging_mixin.py:137} INFO - [2022-12-26T00:27:43.104+0000] {dag.py:2676} INFO - Sync 1 DAGs
[2022-12-26T00:27:43.121+0000] {logging_mixin.py:137} INFO - [2022-12-26T00:27:43.121+0000] {dag.py:3427} INFO - Setting next_dagrun for latest_only_with_trigger to 2022-12-25T20:27:43.121302+00:00, run_after=2022-12-26T00:27:43.121302+00:00
[2022-12-26T00:27:43.135+0000] {processor.py:175} INFO - Processing /home/airflow/.local/lib/python3.7/site-packages/airflow/example_dags/example_latest_only_with_trigger.py took 0.085 seconds
[2022-12-26T00:28:13.265+0000] {processor.py:153} INFO - Started process (PID=265) to work on /home/airflow/.local/lib/python3.7/site-packages/airflow/example_dags/example_latest_only_with_trigger.py
[2022-12-26T00:28:13.266+0000] {processor.py:743} INFO - Processing file /home/airflow/.local/lib/python3.7/site-packages/airflow/example_dags/example_latest_only_with_trigger.py for tasks to queue
[2022-12-26T00:28:13.267+0000] {logging_mixin.py:137} INFO - [2022-12-26T00:28:13.267+0000] {dagbag.py:538} INFO - Filling up the DagBag from /home/airflow/.local/lib/python3.7/site-packages/airflow/example_dags/example_latest_only_with_trigger.py
[2022-12-26T00:28:13.279+0000] {processor.py:753} INFO - DAG(s) dict_keys(['latest_only_with_trigger']) retrieved from /home/airflow/.local/lib/python3.7/site-packages/airflow/example_dags/example_latest_only_with_trigger.py
[2022-12-26T00:28:13.305+0000] {logging_mixin.py:137} INFO - [2022-12-26T00:28:13.305+0000] {dag.py:2676} INFO - Sync 1 DAGs
[2022-12-26T00:28:13.320+0000] {logging_mixin.py:137} INFO - [2022-12-26T00:28:13.320+0000] {dag.py:3427} INFO - Setting next_dagrun for latest_only_with_trigger to 2022-12-25T20:28:13.320205+00:00, run_after=2022-12-26T00:28:13.320205+00:00
[2022-12-26T00:28:13.331+0000] {processor.py:175} INFO - Processing /home/airflow/.local/lib/python3.7/site-packages/airflow/example_dags/example_latest_only_with_trigger.py took 0.068 seconds
