[2022-12-26T02:07:28.304+0000] {processor.py:153} INFO - Started process (PID=40) to work on /home/airflow/.local/lib/python3.7/site-packages/airflow/example_dags/example_python_operator.py
[2022-12-26T02:07:28.306+0000] {processor.py:743} INFO - Processing file /home/airflow/.local/lib/python3.7/site-packages/airflow/example_dags/example_python_operator.py for tasks to queue
[2022-12-26T02:07:28.307+0000] {logging_mixin.py:137} INFO - [2022-12-26T02:07:28.307+0000] {dagbag.py:538} INFO - Filling up the DagBag from /home/airflow/.local/lib/python3.7/site-packages/airflow/example_dags/example_python_operator.py
[2022-12-26T02:07:28.333+0000] {logging_mixin.py:137} INFO - [2022-12-26T02:07:28.333+0000] {taskmixin.py:205} WARNING - Dependency <Task(_PythonDecoratedOperator): print_the_context>, log_sql_query already registered for DAG: example_python_operator
[2022-12-26T02:07:28.334+0000] {logging_mixin.py:137} INFO - [2022-12-26T02:07:28.334+0000] {taskmixin.py:205} WARNING - Dependency <Task(_PythonDecoratedOperator): log_sql_query>, print_the_context already registered for DAG: example_python_operator
[2022-12-26T02:07:28.335+0000] {logging_mixin.py:137} INFO - [2022-12-26T02:07:28.335+0000] {taskmixin.py:205} WARNING - Dependency <Task(_PythonDecoratedOperator): print_the_context>, log_sql_query already registered for DAG: example_python_operator
[2022-12-26T02:07:28.336+0000] {logging_mixin.py:137} INFO - [2022-12-26T02:07:28.336+0000] {taskmixin.py:205} WARNING - Dependency <Task(_PythonDecoratedOperator): log_sql_query>, print_the_context already registered for DAG: example_python_operator
[2022-12-26T02:07:28.337+0000] {logging_mixin.py:137} INFO - [2022-12-26T02:07:28.337+0000] {taskmixin.py:205} WARNING - Dependency <Task(_PythonDecoratedOperator): print_the_context>, log_sql_query already registered for DAG: example_python_operator
[2022-12-26T02:07:28.337+0000] {logging_mixin.py:137} INFO - [2022-12-26T02:07:28.337+0000] {taskmixin.py:205} WARNING - Dependency <Task(_PythonDecoratedOperator): log_sql_query>, print_the_context already registered for DAG: example_python_operator
[2022-12-26T02:07:28.339+0000] {logging_mixin.py:137} INFO - [2022-12-26T02:07:28.338+0000] {taskmixin.py:205} WARNING - Dependency <Task(_PythonDecoratedOperator): print_the_context>, log_sql_query already registered for DAG: example_python_operator
[2022-12-26T02:07:28.339+0000] {logging_mixin.py:137} INFO - [2022-12-26T02:07:28.339+0000] {taskmixin.py:205} WARNING - Dependency <Task(_PythonDecoratedOperator): log_sql_query>, print_the_context already registered for DAG: example_python_operator
[2022-12-26T02:07:28.347+0000] {processor.py:753} INFO - DAG(s) dict_keys(['example_python_operator']) retrieved from /home/airflow/.local/lib/python3.7/site-packages/airflow/example_dags/example_python_operator.py
[2022-12-26T02:07:28.384+0000] {logging_mixin.py:137} INFO - [2022-12-26T02:07:28.384+0000] {dag.py:2676} INFO - Sync 1 DAGs
[2022-12-26T02:07:28.412+0000] {logging_mixin.py:137} INFO - [2022-12-26T02:07:28.412+0000] {dag.py:3427} INFO - Setting next_dagrun for example_python_operator to None, run_after=None
[2022-12-26T02:07:28.433+0000] {processor.py:175} INFO - Processing /home/airflow/.local/lib/python3.7/site-packages/airflow/example_dags/example_python_operator.py took 0.133 seconds
[2022-12-26T02:07:58.605+0000] {processor.py:153} INFO - Started process (PID=117) to work on /home/airflow/.local/lib/python3.7/site-packages/airflow/example_dags/example_python_operator.py
[2022-12-26T02:07:58.606+0000] {processor.py:743} INFO - Processing file /home/airflow/.local/lib/python3.7/site-packages/airflow/example_dags/example_python_operator.py for tasks to queue
[2022-12-26T02:07:58.607+0000] {logging_mixin.py:137} INFO - [2022-12-26T02:07:58.607+0000] {dagbag.py:538} INFO - Filling up the DagBag from /home/airflow/.local/lib/python3.7/site-packages/airflow/example_dags/example_python_operator.py
[2022-12-26T02:07:58.619+0000] {logging_mixin.py:137} INFO - [2022-12-26T02:07:58.619+0000] {taskmixin.py:205} WARNING - Dependency <Task(_PythonDecoratedOperator): print_the_context>, log_sql_query already registered for DAG: example_python_operator
[2022-12-26T02:07:58.621+0000] {logging_mixin.py:137} INFO - [2022-12-26T02:07:58.621+0000] {taskmixin.py:205} WARNING - Dependency <Task(_PythonDecoratedOperator): log_sql_query>, print_the_context already registered for DAG: example_python_operator
[2022-12-26T02:07:58.622+0000] {logging_mixin.py:137} INFO - [2022-12-26T02:07:58.621+0000] {taskmixin.py:205} WARNING - Dependency <Task(_PythonDecoratedOperator): print_the_context>, log_sql_query already registered for DAG: example_python_operator
[2022-12-26T02:07:58.622+0000] {logging_mixin.py:137} INFO - [2022-12-26T02:07:58.622+0000] {taskmixin.py:205} WARNING - Dependency <Task(_PythonDecoratedOperator): log_sql_query>, print_the_context already registered for DAG: example_python_operator
[2022-12-26T02:07:58.623+0000] {logging_mixin.py:137} INFO - [2022-12-26T02:07:58.623+0000] {taskmixin.py:205} WARNING - Dependency <Task(_PythonDecoratedOperator): print_the_context>, log_sql_query already registered for DAG: example_python_operator
[2022-12-26T02:07:58.623+0000] {logging_mixin.py:137} INFO - [2022-12-26T02:07:58.623+0000] {taskmixin.py:205} WARNING - Dependency <Task(_PythonDecoratedOperator): log_sql_query>, print_the_context already registered for DAG: example_python_operator
[2022-12-26T02:07:58.624+0000] {logging_mixin.py:137} INFO - [2022-12-26T02:07:58.624+0000] {taskmixin.py:205} WARNING - Dependency <Task(_PythonDecoratedOperator): print_the_context>, log_sql_query already registered for DAG: example_python_operator
[2022-12-26T02:07:58.625+0000] {logging_mixin.py:137} INFO - [2022-12-26T02:07:58.625+0000] {taskmixin.py:205} WARNING - Dependency <Task(_PythonDecoratedOperator): log_sql_query>, print_the_context already registered for DAG: example_python_operator
[2022-12-26T02:07:58.630+0000] {processor.py:753} INFO - DAG(s) dict_keys(['example_python_operator']) retrieved from /home/airflow/.local/lib/python3.7/site-packages/airflow/example_dags/example_python_operator.py
[2022-12-26T02:07:58.685+0000] {logging_mixin.py:137} INFO - [2022-12-26T02:07:58.685+0000] {dag.py:2676} INFO - Sync 1 DAGs
[2022-12-26T02:07:58.700+0000] {logging_mixin.py:137} INFO - [2022-12-26T02:07:58.700+0000] {dag.py:3427} INFO - Setting next_dagrun for example_python_operator to None, run_after=None
[2022-12-26T02:07:58.714+0000] {processor.py:175} INFO - Processing /home/airflow/.local/lib/python3.7/site-packages/airflow/example_dags/example_python_operator.py took 0.112 seconds
[2022-12-26T02:08:29.193+0000] {processor.py:153} INFO - Started process (PID=195) to work on /home/airflow/.local/lib/python3.7/site-packages/airflow/example_dags/example_python_operator.py
[2022-12-26T02:08:29.204+0000] {processor.py:743} INFO - Processing file /home/airflow/.local/lib/python3.7/site-packages/airflow/example_dags/example_python_operator.py for tasks to queue
[2022-12-26T02:08:29.205+0000] {logging_mixin.py:137} INFO - [2022-12-26T02:08:29.205+0000] {dagbag.py:538} INFO - Filling up the DagBag from /home/airflow/.local/lib/python3.7/site-packages/airflow/example_dags/example_python_operator.py
[2022-12-26T02:08:29.228+0000] {logging_mixin.py:137} INFO - [2022-12-26T02:08:29.228+0000] {taskmixin.py:205} WARNING - Dependency <Task(_PythonDecoratedOperator): print_the_context>, log_sql_query already registered for DAG: example_python_operator
[2022-12-26T02:08:29.229+0000] {logging_mixin.py:137} INFO - [2022-12-26T02:08:29.229+0000] {taskmixin.py:205} WARNING - Dependency <Task(_PythonDecoratedOperator): log_sql_query>, print_the_context already registered for DAG: example_python_operator
[2022-12-26T02:08:29.229+0000] {logging_mixin.py:137} INFO - [2022-12-26T02:08:29.229+0000] {taskmixin.py:205} WARNING - Dependency <Task(_PythonDecoratedOperator): print_the_context>, log_sql_query already registered for DAG: example_python_operator
[2022-12-26T02:08:29.230+0000] {logging_mixin.py:137} INFO - [2022-12-26T02:08:29.230+0000] {taskmixin.py:205} WARNING - Dependency <Task(_PythonDecoratedOperator): log_sql_query>, print_the_context already registered for DAG: example_python_operator
[2022-12-26T02:08:29.231+0000] {logging_mixin.py:137} INFO - [2022-12-26T02:08:29.230+0000] {taskmixin.py:205} WARNING - Dependency <Task(_PythonDecoratedOperator): print_the_context>, log_sql_query already registered for DAG: example_python_operator
[2022-12-26T02:08:29.231+0000] {logging_mixin.py:137} INFO - [2022-12-26T02:08:29.231+0000] {taskmixin.py:205} WARNING - Dependency <Task(_PythonDecoratedOperator): log_sql_query>, print_the_context already registered for DAG: example_python_operator
[2022-12-26T02:08:29.231+0000] {logging_mixin.py:137} INFO - [2022-12-26T02:08:29.231+0000] {taskmixin.py:205} WARNING - Dependency <Task(_PythonDecoratedOperator): print_the_context>, log_sql_query already registered for DAG: example_python_operator
[2022-12-26T02:08:29.232+0000] {logging_mixin.py:137} INFO - [2022-12-26T02:08:29.232+0000] {taskmixin.py:205} WARNING - Dependency <Task(_PythonDecoratedOperator): log_sql_query>, print_the_context already registered for DAG: example_python_operator
[2022-12-26T02:08:29.237+0000] {processor.py:753} INFO - DAG(s) dict_keys(['example_python_operator']) retrieved from /home/airflow/.local/lib/python3.7/site-packages/airflow/example_dags/example_python_operator.py
[2022-12-26T02:08:29.288+0000] {logging_mixin.py:137} INFO - [2022-12-26T02:08:29.288+0000] {dag.py:2676} INFO - Sync 1 DAGs
[2022-12-26T02:08:29.307+0000] {logging_mixin.py:137} INFO - [2022-12-26T02:08:29.307+0000] {dag.py:3427} INFO - Setting next_dagrun for example_python_operator to None, run_after=None
[2022-12-26T02:08:29.321+0000] {processor.py:175} INFO - Processing /home/airflow/.local/lib/python3.7/site-packages/airflow/example_dags/example_python_operator.py took 0.130 seconds
[2022-12-26T02:08:59.645+0000] {processor.py:153} INFO - Started process (PID=260) to work on /home/airflow/.local/lib/python3.7/site-packages/airflow/example_dags/example_python_operator.py
[2022-12-26T02:08:59.647+0000] {processor.py:743} INFO - Processing file /home/airflow/.local/lib/python3.7/site-packages/airflow/example_dags/example_python_operator.py for tasks to queue
[2022-12-26T02:08:59.648+0000] {logging_mixin.py:137} INFO - [2022-12-26T02:08:59.648+0000] {dagbag.py:538} INFO - Filling up the DagBag from /home/airflow/.local/lib/python3.7/site-packages/airflow/example_dags/example_python_operator.py
[2022-12-26T02:08:59.663+0000] {logging_mixin.py:137} INFO - [2022-12-26T02:08:59.663+0000] {taskmixin.py:205} WARNING - Dependency <Task(_PythonDecoratedOperator): print_the_context>, log_sql_query already registered for DAG: example_python_operator
[2022-12-26T02:08:59.664+0000] {logging_mixin.py:137} INFO - [2022-12-26T02:08:59.664+0000] {taskmixin.py:205} WARNING - Dependency <Task(_PythonDecoratedOperator): log_sql_query>, print_the_context already registered for DAG: example_python_operator
[2022-12-26T02:08:59.665+0000] {logging_mixin.py:137} INFO - [2022-12-26T02:08:59.665+0000] {taskmixin.py:205} WARNING - Dependency <Task(_PythonDecoratedOperator): print_the_context>, log_sql_query already registered for DAG: example_python_operator
[2022-12-26T02:08:59.665+0000] {logging_mixin.py:137} INFO - [2022-12-26T02:08:59.665+0000] {taskmixin.py:205} WARNING - Dependency <Task(_PythonDecoratedOperator): log_sql_query>, print_the_context already registered for DAG: example_python_operator
[2022-12-26T02:08:59.666+0000] {logging_mixin.py:137} INFO - [2022-12-26T02:08:59.666+0000] {taskmixin.py:205} WARNING - Dependency <Task(_PythonDecoratedOperator): print_the_context>, log_sql_query already registered for DAG: example_python_operator
[2022-12-26T02:08:59.666+0000] {logging_mixin.py:137} INFO - [2022-12-26T02:08:59.666+0000] {taskmixin.py:205} WARNING - Dependency <Task(_PythonDecoratedOperator): log_sql_query>, print_the_context already registered for DAG: example_python_operator
[2022-12-26T02:08:59.667+0000] {logging_mixin.py:137} INFO - [2022-12-26T02:08:59.667+0000] {taskmixin.py:205} WARNING - Dependency <Task(_PythonDecoratedOperator): print_the_context>, log_sql_query already registered for DAG: example_python_operator
[2022-12-26T02:08:59.668+0000] {logging_mixin.py:137} INFO - [2022-12-26T02:08:59.668+0000] {taskmixin.py:205} WARNING - Dependency <Task(_PythonDecoratedOperator): log_sql_query>, print_the_context already registered for DAG: example_python_operator
[2022-12-26T02:08:59.673+0000] {processor.py:753} INFO - DAG(s) dict_keys(['example_python_operator']) retrieved from /home/airflow/.local/lib/python3.7/site-packages/airflow/example_dags/example_python_operator.py
[2022-12-26T02:08:59.701+0000] {logging_mixin.py:137} INFO - [2022-12-26T02:08:59.701+0000] {dag.py:2676} INFO - Sync 1 DAGs
[2022-12-26T02:08:59.718+0000] {logging_mixin.py:137} INFO - [2022-12-26T02:08:59.718+0000] {dag.py:3427} INFO - Setting next_dagrun for example_python_operator to None, run_after=None
[2022-12-26T02:08:59.730+0000] {processor.py:175} INFO - Processing /home/airflow/.local/lib/python3.7/site-packages/airflow/example_dags/example_python_operator.py took 0.088 seconds
[2022-12-26T02:09:29.972+0000] {processor.py:153} INFO - Started process (PID=337) to work on /home/airflow/.local/lib/python3.7/site-packages/airflow/example_dags/example_python_operator.py
[2022-12-26T02:09:29.973+0000] {processor.py:743} INFO - Processing file /home/airflow/.local/lib/python3.7/site-packages/airflow/example_dags/example_python_operator.py for tasks to queue
[2022-12-26T02:09:29.974+0000] {logging_mixin.py:137} INFO - [2022-12-26T02:09:29.974+0000] {dagbag.py:538} INFO - Filling up the DagBag from /home/airflow/.local/lib/python3.7/site-packages/airflow/example_dags/example_python_operator.py
[2022-12-26T02:09:29.986+0000] {logging_mixin.py:137} INFO - [2022-12-26T02:09:29.986+0000] {taskmixin.py:205} WARNING - Dependency <Task(_PythonDecoratedOperator): print_the_context>, log_sql_query already registered for DAG: example_python_operator
[2022-12-26T02:09:29.987+0000] {logging_mixin.py:137} INFO - [2022-12-26T02:09:29.987+0000] {taskmixin.py:205} WARNING - Dependency <Task(_PythonDecoratedOperator): log_sql_query>, print_the_context already registered for DAG: example_python_operator
[2022-12-26T02:09:29.987+0000] {logging_mixin.py:137} INFO - [2022-12-26T02:09:29.987+0000] {taskmixin.py:205} WARNING - Dependency <Task(_PythonDecoratedOperator): print_the_context>, log_sql_query already registered for DAG: example_python_operator
[2022-12-26T02:09:29.988+0000] {logging_mixin.py:137} INFO - [2022-12-26T02:09:29.988+0000] {taskmixin.py:205} WARNING - Dependency <Task(_PythonDecoratedOperator): log_sql_query>, print_the_context already registered for DAG: example_python_operator
[2022-12-26T02:09:29.989+0000] {logging_mixin.py:137} INFO - [2022-12-26T02:09:29.989+0000] {taskmixin.py:205} WARNING - Dependency <Task(_PythonDecoratedOperator): print_the_context>, log_sql_query already registered for DAG: example_python_operator
[2022-12-26T02:09:29.989+0000] {logging_mixin.py:137} INFO - [2022-12-26T02:09:29.989+0000] {taskmixin.py:205} WARNING - Dependency <Task(_PythonDecoratedOperator): log_sql_query>, print_the_context already registered for DAG: example_python_operator
[2022-12-26T02:09:29.990+0000] {logging_mixin.py:137} INFO - [2022-12-26T02:09:29.990+0000] {taskmixin.py:205} WARNING - Dependency <Task(_PythonDecoratedOperator): print_the_context>, log_sql_query already registered for DAG: example_python_operator
[2022-12-26T02:09:29.991+0000] {logging_mixin.py:137} INFO - [2022-12-26T02:09:29.990+0000] {taskmixin.py:205} WARNING - Dependency <Task(_PythonDecoratedOperator): log_sql_query>, print_the_context already registered for DAG: example_python_operator
[2022-12-26T02:09:29.996+0000] {processor.py:753} INFO - DAG(s) dict_keys(['example_python_operator']) retrieved from /home/airflow/.local/lib/python3.7/site-packages/airflow/example_dags/example_python_operator.py
[2022-12-26T02:09:30.025+0000] {logging_mixin.py:137} INFO - [2022-12-26T02:09:30.025+0000] {dag.py:2676} INFO - Sync 1 DAGs
[2022-12-26T02:09:30.041+0000] {logging_mixin.py:137} INFO - [2022-12-26T02:09:30.041+0000] {dag.py:3427} INFO - Setting next_dagrun for example_python_operator to None, run_after=None
[2022-12-26T02:09:30.054+0000] {processor.py:175} INFO - Processing /home/airflow/.local/lib/python3.7/site-packages/airflow/example_dags/example_python_operator.py took 0.084 seconds
[2022-12-26T02:10:00.333+0000] {processor.py:153} INFO - Started process (PID=414) to work on /home/airflow/.local/lib/python3.7/site-packages/airflow/example_dags/example_python_operator.py
[2022-12-26T02:10:00.334+0000] {processor.py:743} INFO - Processing file /home/airflow/.local/lib/python3.7/site-packages/airflow/example_dags/example_python_operator.py for tasks to queue
[2022-12-26T02:10:00.335+0000] {logging_mixin.py:137} INFO - [2022-12-26T02:10:00.335+0000] {dagbag.py:538} INFO - Filling up the DagBag from /home/airflow/.local/lib/python3.7/site-packages/airflow/example_dags/example_python_operator.py
[2022-12-26T02:10:00.350+0000] {logging_mixin.py:137} INFO - [2022-12-26T02:10:00.350+0000] {taskmixin.py:205} WARNING - Dependency <Task(_PythonDecoratedOperator): print_the_context>, log_sql_query already registered for DAG: example_python_operator
[2022-12-26T02:10:00.351+0000] {logging_mixin.py:137} INFO - [2022-12-26T02:10:00.351+0000] {taskmixin.py:205} WARNING - Dependency <Task(_PythonDecoratedOperator): log_sql_query>, print_the_context already registered for DAG: example_python_operator
[2022-12-26T02:10:00.352+0000] {logging_mixin.py:137} INFO - [2022-12-26T02:10:00.352+0000] {taskmixin.py:205} WARNING - Dependency <Task(_PythonDecoratedOperator): print_the_context>, log_sql_query already registered for DAG: example_python_operator
[2022-12-26T02:10:00.352+0000] {logging_mixin.py:137} INFO - [2022-12-26T02:10:00.352+0000] {taskmixin.py:205} WARNING - Dependency <Task(_PythonDecoratedOperator): log_sql_query>, print_the_context already registered for DAG: example_python_operator
[2022-12-26T02:10:00.353+0000] {logging_mixin.py:137} INFO - [2022-12-26T02:10:00.353+0000] {taskmixin.py:205} WARNING - Dependency <Task(_PythonDecoratedOperator): print_the_context>, log_sql_query already registered for DAG: example_python_operator
[2022-12-26T02:10:00.353+0000] {logging_mixin.py:137} INFO - [2022-12-26T02:10:00.353+0000] {taskmixin.py:205} WARNING - Dependency <Task(_PythonDecoratedOperator): log_sql_query>, print_the_context already registered for DAG: example_python_operator
[2022-12-26T02:10:00.354+0000] {logging_mixin.py:137} INFO - [2022-12-26T02:10:00.354+0000] {taskmixin.py:205} WARNING - Dependency <Task(_PythonDecoratedOperator): print_the_context>, log_sql_query already registered for DAG: example_python_operator
[2022-12-26T02:10:00.354+0000] {logging_mixin.py:137} INFO - [2022-12-26T02:10:00.354+0000] {taskmixin.py:205} WARNING - Dependency <Task(_PythonDecoratedOperator): log_sql_query>, print_the_context already registered for DAG: example_python_operator
[2022-12-26T02:10:00.359+0000] {processor.py:753} INFO - DAG(s) dict_keys(['example_python_operator']) retrieved from /home/airflow/.local/lib/python3.7/site-packages/airflow/example_dags/example_python_operator.py
[2022-12-26T02:10:00.394+0000] {logging_mixin.py:137} INFO - [2022-12-26T02:10:00.394+0000] {dag.py:2676} INFO - Sync 1 DAGs
[2022-12-26T02:10:00.412+0000] {logging_mixin.py:137} INFO - [2022-12-26T02:10:00.412+0000] {dag.py:3427} INFO - Setting next_dagrun for example_python_operator to None, run_after=None
[2022-12-26T02:10:00.426+0000] {processor.py:175} INFO - Processing /home/airflow/.local/lib/python3.7/site-packages/airflow/example_dags/example_python_operator.py took 0.096 seconds
[2022-12-26T02:10:30.643+0000] {processor.py:153} INFO - Started process (PID=478) to work on /home/airflow/.local/lib/python3.7/site-packages/airflow/example_dags/example_python_operator.py
[2022-12-26T02:10:30.645+0000] {processor.py:743} INFO - Processing file /home/airflow/.local/lib/python3.7/site-packages/airflow/example_dags/example_python_operator.py for tasks to queue
[2022-12-26T02:10:30.646+0000] {logging_mixin.py:137} INFO - [2022-12-26T02:10:30.646+0000] {dagbag.py:538} INFO - Filling up the DagBag from /home/airflow/.local/lib/python3.7/site-packages/airflow/example_dags/example_python_operator.py
[2022-12-26T02:10:30.660+0000] {logging_mixin.py:137} INFO - [2022-12-26T02:10:30.660+0000] {taskmixin.py:205} WARNING - Dependency <Task(_PythonDecoratedOperator): print_the_context>, log_sql_query already registered for DAG: example_python_operator
[2022-12-26T02:10:30.661+0000] {logging_mixin.py:137} INFO - [2022-12-26T02:10:30.661+0000] {taskmixin.py:205} WARNING - Dependency <Task(_PythonDecoratedOperator): log_sql_query>, print_the_context already registered for DAG: example_python_operator
[2022-12-26T02:10:30.662+0000] {logging_mixin.py:137} INFO - [2022-12-26T02:10:30.662+0000] {taskmixin.py:205} WARNING - Dependency <Task(_PythonDecoratedOperator): print_the_context>, log_sql_query already registered for DAG: example_python_operator
[2022-12-26T02:10:30.662+0000] {logging_mixin.py:137} INFO - [2022-12-26T02:10:30.662+0000] {taskmixin.py:205} WARNING - Dependency <Task(_PythonDecoratedOperator): log_sql_query>, print_the_context already registered for DAG: example_python_operator
[2022-12-26T02:10:30.663+0000] {logging_mixin.py:137} INFO - [2022-12-26T02:10:30.663+0000] {taskmixin.py:205} WARNING - Dependency <Task(_PythonDecoratedOperator): print_the_context>, log_sql_query already registered for DAG: example_python_operator
[2022-12-26T02:10:30.664+0000] {logging_mixin.py:137} INFO - [2022-12-26T02:10:30.664+0000] {taskmixin.py:205} WARNING - Dependency <Task(_PythonDecoratedOperator): log_sql_query>, print_the_context already registered for DAG: example_python_operator
[2022-12-26T02:10:30.665+0000] {logging_mixin.py:137} INFO - [2022-12-26T02:10:30.665+0000] {taskmixin.py:205} WARNING - Dependency <Task(_PythonDecoratedOperator): print_the_context>, log_sql_query already registered for DAG: example_python_operator
[2022-12-26T02:10:30.665+0000] {logging_mixin.py:137} INFO - [2022-12-26T02:10:30.665+0000] {taskmixin.py:205} WARNING - Dependency <Task(_PythonDecoratedOperator): log_sql_query>, print_the_context already registered for DAG: example_python_operator
[2022-12-26T02:10:30.670+0000] {processor.py:753} INFO - DAG(s) dict_keys(['example_python_operator']) retrieved from /home/airflow/.local/lib/python3.7/site-packages/airflow/example_dags/example_python_operator.py
[2022-12-26T02:10:30.700+0000] {logging_mixin.py:137} INFO - [2022-12-26T02:10:30.700+0000] {dag.py:2676} INFO - Sync 1 DAGs
[2022-12-26T02:10:30.717+0000] {logging_mixin.py:137} INFO - [2022-12-26T02:10:30.717+0000] {dag.py:3427} INFO - Setting next_dagrun for example_python_operator to None, run_after=None
[2022-12-26T02:10:30.730+0000] {processor.py:175} INFO - Processing /home/airflow/.local/lib/python3.7/site-packages/airflow/example_dags/example_python_operator.py took 0.090 seconds
[2022-12-26T02:11:01.077+0000] {processor.py:153} INFO - Started process (PID=555) to work on /home/airflow/.local/lib/python3.7/site-packages/airflow/example_dags/example_python_operator.py
[2022-12-26T02:11:01.079+0000] {processor.py:743} INFO - Processing file /home/airflow/.local/lib/python3.7/site-packages/airflow/example_dags/example_python_operator.py for tasks to queue
[2022-12-26T02:11:01.080+0000] {logging_mixin.py:137} INFO - [2022-12-26T02:11:01.080+0000] {dagbag.py:538} INFO - Filling up the DagBag from /home/airflow/.local/lib/python3.7/site-packages/airflow/example_dags/example_python_operator.py
[2022-12-26T02:11:01.093+0000] {logging_mixin.py:137} INFO - [2022-12-26T02:11:01.093+0000] {taskmixin.py:205} WARNING - Dependency <Task(_PythonDecoratedOperator): print_the_context>, log_sql_query already registered for DAG: example_python_operator
[2022-12-26T02:11:01.094+0000] {logging_mixin.py:137} INFO - [2022-12-26T02:11:01.094+0000] {taskmixin.py:205} WARNING - Dependency <Task(_PythonDecoratedOperator): log_sql_query>, print_the_context already registered for DAG: example_python_operator
[2022-12-26T02:11:01.095+0000] {logging_mixin.py:137} INFO - [2022-12-26T02:11:01.095+0000] {taskmixin.py:205} WARNING - Dependency <Task(_PythonDecoratedOperator): print_the_context>, log_sql_query already registered for DAG: example_python_operator
[2022-12-26T02:11:01.096+0000] {logging_mixin.py:137} INFO - [2022-12-26T02:11:01.096+0000] {taskmixin.py:205} WARNING - Dependency <Task(_PythonDecoratedOperator): log_sql_query>, print_the_context already registered for DAG: example_python_operator
[2022-12-26T02:11:01.097+0000] {logging_mixin.py:137} INFO - [2022-12-26T02:11:01.096+0000] {taskmixin.py:205} WARNING - Dependency <Task(_PythonDecoratedOperator): print_the_context>, log_sql_query already registered for DAG: example_python_operator
[2022-12-26T02:11:01.097+0000] {logging_mixin.py:137} INFO - [2022-12-26T02:11:01.097+0000] {taskmixin.py:205} WARNING - Dependency <Task(_PythonDecoratedOperator): log_sql_query>, print_the_context already registered for DAG: example_python_operator
[2022-12-26T02:11:01.098+0000] {logging_mixin.py:137} INFO - [2022-12-26T02:11:01.098+0000] {taskmixin.py:205} WARNING - Dependency <Task(_PythonDecoratedOperator): print_the_context>, log_sql_query already registered for DAG: example_python_operator
[2022-12-26T02:11:01.099+0000] {logging_mixin.py:137} INFO - [2022-12-26T02:11:01.099+0000] {taskmixin.py:205} WARNING - Dependency <Task(_PythonDecoratedOperator): log_sql_query>, print_the_context already registered for DAG: example_python_operator
[2022-12-26T02:11:01.104+0000] {processor.py:753} INFO - DAG(s) dict_keys(['example_python_operator']) retrieved from /home/airflow/.local/lib/python3.7/site-packages/airflow/example_dags/example_python_operator.py
[2022-12-26T02:11:01.134+0000] {logging_mixin.py:137} INFO - [2022-12-26T02:11:01.134+0000] {dag.py:2676} INFO - Sync 1 DAGs
[2022-12-26T02:11:01.153+0000] {logging_mixin.py:137} INFO - [2022-12-26T02:11:01.152+0000] {dag.py:3427} INFO - Setting next_dagrun for example_python_operator to None, run_after=None
[2022-12-26T02:11:01.166+0000] {processor.py:175} INFO - Processing /home/airflow/.local/lib/python3.7/site-packages/airflow/example_dags/example_python_operator.py took 0.091 seconds
[2022-12-26T02:11:31.382+0000] {processor.py:153} INFO - Started process (PID=633) to work on /home/airflow/.local/lib/python3.7/site-packages/airflow/example_dags/example_python_operator.py
[2022-12-26T02:11:31.383+0000] {processor.py:743} INFO - Processing file /home/airflow/.local/lib/python3.7/site-packages/airflow/example_dags/example_python_operator.py for tasks to queue
[2022-12-26T02:11:31.384+0000] {logging_mixin.py:137} INFO - [2022-12-26T02:11:31.384+0000] {dagbag.py:538} INFO - Filling up the DagBag from /home/airflow/.local/lib/python3.7/site-packages/airflow/example_dags/example_python_operator.py
[2022-12-26T02:11:31.396+0000] {logging_mixin.py:137} INFO - [2022-12-26T02:11:31.396+0000] {taskmixin.py:205} WARNING - Dependency <Task(_PythonDecoratedOperator): print_the_context>, log_sql_query already registered for DAG: example_python_operator
[2022-12-26T02:11:31.397+0000] {logging_mixin.py:137} INFO - [2022-12-26T02:11:31.397+0000] {taskmixin.py:205} WARNING - Dependency <Task(_PythonDecoratedOperator): log_sql_query>, print_the_context already registered for DAG: example_python_operator
[2022-12-26T02:11:31.398+0000] {logging_mixin.py:137} INFO - [2022-12-26T02:11:31.398+0000] {taskmixin.py:205} WARNING - Dependency <Task(_PythonDecoratedOperator): print_the_context>, log_sql_query already registered for DAG: example_python_operator
[2022-12-26T02:11:31.399+0000] {logging_mixin.py:137} INFO - [2022-12-26T02:11:31.398+0000] {taskmixin.py:205} WARNING - Dependency <Task(_PythonDecoratedOperator): log_sql_query>, print_the_context already registered for DAG: example_python_operator
[2022-12-26T02:11:31.399+0000] {logging_mixin.py:137} INFO - [2022-12-26T02:11:31.399+0000] {taskmixin.py:205} WARNING - Dependency <Task(_PythonDecoratedOperator): print_the_context>, log_sql_query already registered for DAG: example_python_operator
[2022-12-26T02:11:31.400+0000] {logging_mixin.py:137} INFO - [2022-12-26T02:11:31.400+0000] {taskmixin.py:205} WARNING - Dependency <Task(_PythonDecoratedOperator): log_sql_query>, print_the_context already registered for DAG: example_python_operator
[2022-12-26T02:11:31.401+0000] {logging_mixin.py:137} INFO - [2022-12-26T02:11:31.401+0000] {taskmixin.py:205} WARNING - Dependency <Task(_PythonDecoratedOperator): print_the_context>, log_sql_query already registered for DAG: example_python_operator
[2022-12-26T02:11:31.402+0000] {logging_mixin.py:137} INFO - [2022-12-26T02:11:31.402+0000] {taskmixin.py:205} WARNING - Dependency <Task(_PythonDecoratedOperator): log_sql_query>, print_the_context already registered for DAG: example_python_operator
[2022-12-26T02:11:31.407+0000] {processor.py:753} INFO - DAG(s) dict_keys(['example_python_operator']) retrieved from /home/airflow/.local/lib/python3.7/site-packages/airflow/example_dags/example_python_operator.py
[2022-12-26T02:11:31.438+0000] {logging_mixin.py:137} INFO - [2022-12-26T02:11:31.438+0000] {dag.py:2676} INFO - Sync 1 DAGs
[2022-12-26T02:11:31.456+0000] {logging_mixin.py:137} INFO - [2022-12-26T02:11:31.456+0000] {dag.py:3427} INFO - Setting next_dagrun for example_python_operator to None, run_after=None
[2022-12-26T02:11:31.468+0000] {processor.py:175} INFO - Processing /home/airflow/.local/lib/python3.7/site-packages/airflow/example_dags/example_python_operator.py took 0.090 seconds
[2022-12-26T02:12:01.619+0000] {processor.py:153} INFO - Started process (PID=697) to work on /home/airflow/.local/lib/python3.7/site-packages/airflow/example_dags/example_python_operator.py
[2022-12-26T02:12:01.621+0000] {processor.py:743} INFO - Processing file /home/airflow/.local/lib/python3.7/site-packages/airflow/example_dags/example_python_operator.py for tasks to queue
[2022-12-26T02:12:01.621+0000] {logging_mixin.py:137} INFO - [2022-12-26T02:12:01.621+0000] {dagbag.py:538} INFO - Filling up the DagBag from /home/airflow/.local/lib/python3.7/site-packages/airflow/example_dags/example_python_operator.py
[2022-12-26T02:12:01.634+0000] {logging_mixin.py:137} INFO - [2022-12-26T02:12:01.633+0000] {taskmixin.py:205} WARNING - Dependency <Task(_PythonDecoratedOperator): print_the_context>, log_sql_query already registered for DAG: example_python_operator
[2022-12-26T02:12:01.634+0000] {logging_mixin.py:137} INFO - [2022-12-26T02:12:01.634+0000] {taskmixin.py:205} WARNING - Dependency <Task(_PythonDecoratedOperator): log_sql_query>, print_the_context already registered for DAG: example_python_operator
[2022-12-26T02:12:01.635+0000] {logging_mixin.py:137} INFO - [2022-12-26T02:12:01.635+0000] {taskmixin.py:205} WARNING - Dependency <Task(_PythonDecoratedOperator): print_the_context>, log_sql_query already registered for DAG: example_python_operator
[2022-12-26T02:12:01.636+0000] {logging_mixin.py:137} INFO - [2022-12-26T02:12:01.636+0000] {taskmixin.py:205} WARNING - Dependency <Task(_PythonDecoratedOperator): log_sql_query>, print_the_context already registered for DAG: example_python_operator
[2022-12-26T02:12:01.637+0000] {logging_mixin.py:137} INFO - [2022-12-26T02:12:01.636+0000] {taskmixin.py:205} WARNING - Dependency <Task(_PythonDecoratedOperator): print_the_context>, log_sql_query already registered for DAG: example_python_operator
[2022-12-26T02:12:01.637+0000] {logging_mixin.py:137} INFO - [2022-12-26T02:12:01.637+0000] {taskmixin.py:205} WARNING - Dependency <Task(_PythonDecoratedOperator): log_sql_query>, print_the_context already registered for DAG: example_python_operator
[2022-12-26T02:12:01.638+0000] {logging_mixin.py:137} INFO - [2022-12-26T02:12:01.638+0000] {taskmixin.py:205} WARNING - Dependency <Task(_PythonDecoratedOperator): print_the_context>, log_sql_query already registered for DAG: example_python_operator
[2022-12-26T02:12:01.638+0000] {logging_mixin.py:137} INFO - [2022-12-26T02:12:01.638+0000] {taskmixin.py:205} WARNING - Dependency <Task(_PythonDecoratedOperator): log_sql_query>, print_the_context already registered for DAG: example_python_operator
[2022-12-26T02:12:01.644+0000] {processor.py:753} INFO - DAG(s) dict_keys(['example_python_operator']) retrieved from /home/airflow/.local/lib/python3.7/site-packages/airflow/example_dags/example_python_operator.py
[2022-12-26T02:12:01.674+0000] {logging_mixin.py:137} INFO - [2022-12-26T02:12:01.674+0000] {dag.py:2676} INFO - Sync 1 DAGs
[2022-12-26T02:12:01.693+0000] {logging_mixin.py:137} INFO - [2022-12-26T02:12:01.692+0000] {dag.py:3427} INFO - Setting next_dagrun for example_python_operator to None, run_after=None
[2022-12-26T02:12:01.705+0000] {processor.py:175} INFO - Processing /home/airflow/.local/lib/python3.7/site-packages/airflow/example_dags/example_python_operator.py took 0.089 seconds
[2022-12-26T02:12:32.313+0000] {processor.py:153} INFO - Started process (PID=774) to work on /home/airflow/.local/lib/python3.7/site-packages/airflow/example_dags/example_python_operator.py
[2022-12-26T02:12:32.314+0000] {processor.py:743} INFO - Processing file /home/airflow/.local/lib/python3.7/site-packages/airflow/example_dags/example_python_operator.py for tasks to queue
[2022-12-26T02:12:32.315+0000] {logging_mixin.py:137} INFO - [2022-12-26T02:12:32.315+0000] {dagbag.py:538} INFO - Filling up the DagBag from /home/airflow/.local/lib/python3.7/site-packages/airflow/example_dags/example_python_operator.py
[2022-12-26T02:12:32.329+0000] {logging_mixin.py:137} INFO - [2022-12-26T02:12:32.329+0000] {taskmixin.py:205} WARNING - Dependency <Task(_PythonDecoratedOperator): print_the_context>, log_sql_query already registered for DAG: example_python_operator
[2022-12-26T02:12:32.329+0000] {logging_mixin.py:137} INFO - [2022-12-26T02:12:32.329+0000] {taskmixin.py:205} WARNING - Dependency <Task(_PythonDecoratedOperator): log_sql_query>, print_the_context already registered for DAG: example_python_operator
[2022-12-26T02:12:32.330+0000] {logging_mixin.py:137} INFO - [2022-12-26T02:12:32.330+0000] {taskmixin.py:205} WARNING - Dependency <Task(_PythonDecoratedOperator): print_the_context>, log_sql_query already registered for DAG: example_python_operator
[2022-12-26T02:12:32.331+0000] {logging_mixin.py:137} INFO - [2022-12-26T02:12:32.331+0000] {taskmixin.py:205} WARNING - Dependency <Task(_PythonDecoratedOperator): log_sql_query>, print_the_context already registered for DAG: example_python_operator
[2022-12-26T02:12:32.332+0000] {logging_mixin.py:137} INFO - [2022-12-26T02:12:32.332+0000] {taskmixin.py:205} WARNING - Dependency <Task(_PythonDecoratedOperator): print_the_context>, log_sql_query already registered for DAG: example_python_operator
[2022-12-26T02:12:32.332+0000] {logging_mixin.py:137} INFO - [2022-12-26T02:12:32.332+0000] {taskmixin.py:205} WARNING - Dependency <Task(_PythonDecoratedOperator): log_sql_query>, print_the_context already registered for DAG: example_python_operator
[2022-12-26T02:12:32.333+0000] {logging_mixin.py:137} INFO - [2022-12-26T02:12:32.333+0000] {taskmixin.py:205} WARNING - Dependency <Task(_PythonDecoratedOperator): print_the_context>, log_sql_query already registered for DAG: example_python_operator
[2022-12-26T02:12:32.334+0000] {logging_mixin.py:137} INFO - [2022-12-26T02:12:32.334+0000] {taskmixin.py:205} WARNING - Dependency <Task(_PythonDecoratedOperator): log_sql_query>, print_the_context already registered for DAG: example_python_operator
[2022-12-26T02:12:32.339+0000] {processor.py:753} INFO - DAG(s) dict_keys(['example_python_operator']) retrieved from /home/airflow/.local/lib/python3.7/site-packages/airflow/example_dags/example_python_operator.py
[2022-12-26T02:12:32.368+0000] {logging_mixin.py:137} INFO - [2022-12-26T02:12:32.368+0000] {dag.py:2676} INFO - Sync 1 DAGs
[2022-12-26T02:12:32.385+0000] {logging_mixin.py:137} INFO - [2022-12-26T02:12:32.385+0000] {dag.py:3427} INFO - Setting next_dagrun for example_python_operator to None, run_after=None
[2022-12-26T02:12:32.397+0000] {processor.py:175} INFO - Processing /home/airflow/.local/lib/python3.7/site-packages/airflow/example_dags/example_python_operator.py took 0.086 seconds
[2022-12-26T02:13:02.697+0000] {processor.py:153} INFO - Started process (PID=856) to work on /home/airflow/.local/lib/python3.7/site-packages/airflow/example_dags/example_python_operator.py
[2022-12-26T02:13:02.699+0000] {processor.py:743} INFO - Processing file /home/airflow/.local/lib/python3.7/site-packages/airflow/example_dags/example_python_operator.py for tasks to queue
[2022-12-26T02:13:02.700+0000] {logging_mixin.py:137} INFO - [2022-12-26T02:13:02.700+0000] {dagbag.py:538} INFO - Filling up the DagBag from /home/airflow/.local/lib/python3.7/site-packages/airflow/example_dags/example_python_operator.py
[2022-12-26T02:13:02.713+0000] {logging_mixin.py:137} INFO - [2022-12-26T02:13:02.713+0000] {taskmixin.py:205} WARNING - Dependency <Task(_PythonDecoratedOperator): print_the_context>, log_sql_query already registered for DAG: example_python_operator
[2022-12-26T02:13:02.713+0000] {logging_mixin.py:137} INFO - [2022-12-26T02:13:02.713+0000] {taskmixin.py:205} WARNING - Dependency <Task(_PythonDecoratedOperator): log_sql_query>, print_the_context already registered for DAG: example_python_operator
[2022-12-26T02:13:02.715+0000] {logging_mixin.py:137} INFO - [2022-12-26T02:13:02.714+0000] {taskmixin.py:205} WARNING - Dependency <Task(_PythonDecoratedOperator): print_the_context>, log_sql_query already registered for DAG: example_python_operator
[2022-12-26T02:13:02.715+0000] {logging_mixin.py:137} INFO - [2022-12-26T02:13:02.715+0000] {taskmixin.py:205} WARNING - Dependency <Task(_PythonDecoratedOperator): log_sql_query>, print_the_context already registered for DAG: example_python_operator
[2022-12-26T02:13:02.716+0000] {logging_mixin.py:137} INFO - [2022-12-26T02:13:02.716+0000] {taskmixin.py:205} WARNING - Dependency <Task(_PythonDecoratedOperator): print_the_context>, log_sql_query already registered for DAG: example_python_operator
[2022-12-26T02:13:02.717+0000] {logging_mixin.py:137} INFO - [2022-12-26T02:13:02.716+0000] {taskmixin.py:205} WARNING - Dependency <Task(_PythonDecoratedOperator): log_sql_query>, print_the_context already registered for DAG: example_python_operator
[2022-12-26T02:13:02.718+0000] {logging_mixin.py:137} INFO - [2022-12-26T02:13:02.717+0000] {taskmixin.py:205} WARNING - Dependency <Task(_PythonDecoratedOperator): print_the_context>, log_sql_query already registered for DAG: example_python_operator
[2022-12-26T02:13:02.718+0000] {logging_mixin.py:137} INFO - [2022-12-26T02:13:02.718+0000] {taskmixin.py:205} WARNING - Dependency <Task(_PythonDecoratedOperator): log_sql_query>, print_the_context already registered for DAG: example_python_operator
[2022-12-26T02:13:02.723+0000] {processor.py:753} INFO - DAG(s) dict_keys(['example_python_operator']) retrieved from /home/airflow/.local/lib/python3.7/site-packages/airflow/example_dags/example_python_operator.py
[2022-12-26T02:13:02.752+0000] {logging_mixin.py:137} INFO - [2022-12-26T02:13:02.752+0000] {dag.py:2676} INFO - Sync 1 DAGs
[2022-12-26T02:13:02.770+0000] {logging_mixin.py:137} INFO - [2022-12-26T02:13:02.770+0000] {dag.py:3427} INFO - Setting next_dagrun for example_python_operator to None, run_after=None
[2022-12-26T02:13:02.784+0000] {processor.py:175} INFO - Processing /home/airflow/.local/lib/python3.7/site-packages/airflow/example_dags/example_python_operator.py took 0.089 seconds
[2022-12-26T02:13:33.156+0000] {processor.py:153} INFO - Started process (PID=920) to work on /home/airflow/.local/lib/python3.7/site-packages/airflow/example_dags/example_python_operator.py
[2022-12-26T02:13:33.157+0000] {processor.py:743} INFO - Processing file /home/airflow/.local/lib/python3.7/site-packages/airflow/example_dags/example_python_operator.py for tasks to queue
[2022-12-26T02:13:33.158+0000] {logging_mixin.py:137} INFO - [2022-12-26T02:13:33.158+0000] {dagbag.py:538} INFO - Filling up the DagBag from /home/airflow/.local/lib/python3.7/site-packages/airflow/example_dags/example_python_operator.py
[2022-12-26T02:13:33.171+0000] {logging_mixin.py:137} INFO - [2022-12-26T02:13:33.171+0000] {taskmixin.py:205} WARNING - Dependency <Task(_PythonDecoratedOperator): print_the_context>, log_sql_query already registered for DAG: example_python_operator
[2022-12-26T02:13:33.172+0000] {logging_mixin.py:137} INFO - [2022-12-26T02:13:33.172+0000] {taskmixin.py:205} WARNING - Dependency <Task(_PythonDecoratedOperator): log_sql_query>, print_the_context already registered for DAG: example_python_operator
[2022-12-26T02:13:33.173+0000] {logging_mixin.py:137} INFO - [2022-12-26T02:13:33.173+0000] {taskmixin.py:205} WARNING - Dependency <Task(_PythonDecoratedOperator): print_the_context>, log_sql_query already registered for DAG: example_python_operator
[2022-12-26T02:13:33.174+0000] {logging_mixin.py:137} INFO - [2022-12-26T02:13:33.174+0000] {taskmixin.py:205} WARNING - Dependency <Task(_PythonDecoratedOperator): log_sql_query>, print_the_context already registered for DAG: example_python_operator
[2022-12-26T02:13:33.175+0000] {logging_mixin.py:137} INFO - [2022-12-26T02:13:33.175+0000] {taskmixin.py:205} WARNING - Dependency <Task(_PythonDecoratedOperator): print_the_context>, log_sql_query already registered for DAG: example_python_operator
[2022-12-26T02:13:33.175+0000] {logging_mixin.py:137} INFO - [2022-12-26T02:13:33.175+0000] {taskmixin.py:205} WARNING - Dependency <Task(_PythonDecoratedOperator): log_sql_query>, print_the_context already registered for DAG: example_python_operator
[2022-12-26T02:13:33.176+0000] {logging_mixin.py:137} INFO - [2022-12-26T02:13:33.176+0000] {taskmixin.py:205} WARNING - Dependency <Task(_PythonDecoratedOperator): print_the_context>, log_sql_query already registered for DAG: example_python_operator
[2022-12-26T02:13:33.176+0000] {logging_mixin.py:137} INFO - [2022-12-26T02:13:33.176+0000] {taskmixin.py:205} WARNING - Dependency <Task(_PythonDecoratedOperator): log_sql_query>, print_the_context already registered for DAG: example_python_operator
[2022-12-26T02:13:33.182+0000] {processor.py:753} INFO - DAG(s) dict_keys(['example_python_operator']) retrieved from /home/airflow/.local/lib/python3.7/site-packages/airflow/example_dags/example_python_operator.py
[2022-12-26T02:13:33.213+0000] {logging_mixin.py:137} INFO - [2022-12-26T02:13:33.213+0000] {dag.py:2676} INFO - Sync 1 DAGs
[2022-12-26T02:13:33.233+0000] {logging_mixin.py:137} INFO - [2022-12-26T02:13:33.233+0000] {dag.py:3427} INFO - Setting next_dagrun for example_python_operator to None, run_after=None
[2022-12-26T02:13:33.247+0000] {processor.py:175} INFO - Processing /home/airflow/.local/lib/python3.7/site-packages/airflow/example_dags/example_python_operator.py took 0.094 seconds
[2022-12-26T02:14:03.704+0000] {processor.py:153} INFO - Started process (PID=997) to work on /home/airflow/.local/lib/python3.7/site-packages/airflow/example_dags/example_python_operator.py
[2022-12-26T02:14:03.705+0000] {processor.py:743} INFO - Processing file /home/airflow/.local/lib/python3.7/site-packages/airflow/example_dags/example_python_operator.py for tasks to queue
[2022-12-26T02:14:03.707+0000] {logging_mixin.py:137} INFO - [2022-12-26T02:14:03.707+0000] {dagbag.py:538} INFO - Filling up the DagBag from /home/airflow/.local/lib/python3.7/site-packages/airflow/example_dags/example_python_operator.py
[2022-12-26T02:14:03.722+0000] {logging_mixin.py:137} INFO - [2022-12-26T02:14:03.721+0000] {taskmixin.py:205} WARNING - Dependency <Task(_PythonDecoratedOperator): print_the_context>, log_sql_query already registered for DAG: example_python_operator
[2022-12-26T02:14:03.722+0000] {logging_mixin.py:137} INFO - [2022-12-26T02:14:03.722+0000] {taskmixin.py:205} WARNING - Dependency <Task(_PythonDecoratedOperator): log_sql_query>, print_the_context already registered for DAG: example_python_operator
[2022-12-26T02:14:03.723+0000] {logging_mixin.py:137} INFO - [2022-12-26T02:14:03.723+0000] {taskmixin.py:205} WARNING - Dependency <Task(_PythonDecoratedOperator): print_the_context>, log_sql_query already registered for DAG: example_python_operator
[2022-12-26T02:14:03.724+0000] {logging_mixin.py:137} INFO - [2022-12-26T02:14:03.724+0000] {taskmixin.py:205} WARNING - Dependency <Task(_PythonDecoratedOperator): log_sql_query>, print_the_context already registered for DAG: example_python_operator
[2022-12-26T02:14:03.725+0000] {logging_mixin.py:137} INFO - [2022-12-26T02:14:03.725+0000] {taskmixin.py:205} WARNING - Dependency <Task(_PythonDecoratedOperator): print_the_context>, log_sql_query already registered for DAG: example_python_operator
[2022-12-26T02:14:03.726+0000] {logging_mixin.py:137} INFO - [2022-12-26T02:14:03.726+0000] {taskmixin.py:205} WARNING - Dependency <Task(_PythonDecoratedOperator): log_sql_query>, print_the_context already registered for DAG: example_python_operator
[2022-12-26T02:14:03.728+0000] {logging_mixin.py:137} INFO - [2022-12-26T02:14:03.728+0000] {taskmixin.py:205} WARNING - Dependency <Task(_PythonDecoratedOperator): print_the_context>, log_sql_query already registered for DAG: example_python_operator
[2022-12-26T02:14:03.729+0000] {logging_mixin.py:137} INFO - [2022-12-26T02:14:03.729+0000] {taskmixin.py:205} WARNING - Dependency <Task(_PythonDecoratedOperator): log_sql_query>, print_the_context already registered for DAG: example_python_operator
[2022-12-26T02:14:03.735+0000] {processor.py:753} INFO - DAG(s) dict_keys(['example_python_operator']) retrieved from /home/airflow/.local/lib/python3.7/site-packages/airflow/example_dags/example_python_operator.py
[2022-12-26T02:14:03.766+0000] {logging_mixin.py:137} INFO - [2022-12-26T02:14:03.766+0000] {dag.py:2676} INFO - Sync 1 DAGs
[2022-12-26T02:14:03.783+0000] {logging_mixin.py:137} INFO - [2022-12-26T02:14:03.783+0000] {dag.py:3427} INFO - Setting next_dagrun for example_python_operator to None, run_after=None
[2022-12-26T02:14:03.796+0000] {processor.py:175} INFO - Processing /home/airflow/.local/lib/python3.7/site-packages/airflow/example_dags/example_python_operator.py took 0.095 seconds
[2022-12-26T02:14:34.153+0000] {processor.py:153} INFO - Started process (PID=1074) to work on /home/airflow/.local/lib/python3.7/site-packages/airflow/example_dags/example_python_operator.py
[2022-12-26T02:14:34.154+0000] {processor.py:743} INFO - Processing file /home/airflow/.local/lib/python3.7/site-packages/airflow/example_dags/example_python_operator.py for tasks to queue
[2022-12-26T02:14:34.155+0000] {logging_mixin.py:137} INFO - [2022-12-26T02:14:34.155+0000] {dagbag.py:538} INFO - Filling up the DagBag from /home/airflow/.local/lib/python3.7/site-packages/airflow/example_dags/example_python_operator.py
[2022-12-26T02:14:34.169+0000] {logging_mixin.py:137} INFO - [2022-12-26T02:14:34.169+0000] {taskmixin.py:205} WARNING - Dependency <Task(_PythonDecoratedOperator): print_the_context>, log_sql_query already registered for DAG: example_python_operator
[2022-12-26T02:14:34.170+0000] {logging_mixin.py:137} INFO - [2022-12-26T02:14:34.170+0000] {taskmixin.py:205} WARNING - Dependency <Task(_PythonDecoratedOperator): log_sql_query>, print_the_context already registered for DAG: example_python_operator
[2022-12-26T02:14:34.170+0000] {logging_mixin.py:137} INFO - [2022-12-26T02:14:34.170+0000] {taskmixin.py:205} WARNING - Dependency <Task(_PythonDecoratedOperator): print_the_context>, log_sql_query already registered for DAG: example_python_operator
[2022-12-26T02:14:34.171+0000] {logging_mixin.py:137} INFO - [2022-12-26T02:14:34.171+0000] {taskmixin.py:205} WARNING - Dependency <Task(_PythonDecoratedOperator): log_sql_query>, print_the_context already registered for DAG: example_python_operator
[2022-12-26T02:14:34.172+0000] {logging_mixin.py:137} INFO - [2022-12-26T02:14:34.172+0000] {taskmixin.py:205} WARNING - Dependency <Task(_PythonDecoratedOperator): print_the_context>, log_sql_query already registered for DAG: example_python_operator
[2022-12-26T02:14:34.172+0000] {logging_mixin.py:137} INFO - [2022-12-26T02:14:34.172+0000] {taskmixin.py:205} WARNING - Dependency <Task(_PythonDecoratedOperator): log_sql_query>, print_the_context already registered for DAG: example_python_operator
[2022-12-26T02:14:34.173+0000] {logging_mixin.py:137} INFO - [2022-12-26T02:14:34.173+0000] {taskmixin.py:205} WARNING - Dependency <Task(_PythonDecoratedOperator): print_the_context>, log_sql_query already registered for DAG: example_python_operator
[2022-12-26T02:14:34.174+0000] {logging_mixin.py:137} INFO - [2022-12-26T02:14:34.173+0000] {taskmixin.py:205} WARNING - Dependency <Task(_PythonDecoratedOperator): log_sql_query>, print_the_context already registered for DAG: example_python_operator
[2022-12-26T02:14:34.179+0000] {processor.py:753} INFO - DAG(s) dict_keys(['example_python_operator']) retrieved from /home/airflow/.local/lib/python3.7/site-packages/airflow/example_dags/example_python_operator.py
[2022-12-26T02:14:34.209+0000] {logging_mixin.py:137} INFO - [2022-12-26T02:14:34.209+0000] {dag.py:2676} INFO - Sync 1 DAGs
[2022-12-26T02:14:34.224+0000] {logging_mixin.py:137} INFO - [2022-12-26T02:14:34.224+0000] {dag.py:3427} INFO - Setting next_dagrun for example_python_operator to None, run_after=None
[2022-12-26T02:14:34.237+0000] {processor.py:175} INFO - Processing /home/airflow/.local/lib/python3.7/site-packages/airflow/example_dags/example_python_operator.py took 0.087 seconds
[2022-12-26T02:15:04.597+0000] {processor.py:153} INFO - Started process (PID=1138) to work on /home/airflow/.local/lib/python3.7/site-packages/airflow/example_dags/example_python_operator.py
[2022-12-26T02:15:04.598+0000] {processor.py:743} INFO - Processing file /home/airflow/.local/lib/python3.7/site-packages/airflow/example_dags/example_python_operator.py for tasks to queue
[2022-12-26T02:15:04.599+0000] {logging_mixin.py:137} INFO - [2022-12-26T02:15:04.599+0000] {dagbag.py:538} INFO - Filling up the DagBag from /home/airflow/.local/lib/python3.7/site-packages/airflow/example_dags/example_python_operator.py
[2022-12-26T02:15:04.612+0000] {logging_mixin.py:137} INFO - [2022-12-26T02:15:04.612+0000] {taskmixin.py:205} WARNING - Dependency <Task(_PythonDecoratedOperator): print_the_context>, log_sql_query already registered for DAG: example_python_operator
[2022-12-26T02:15:04.613+0000] {logging_mixin.py:137} INFO - [2022-12-26T02:15:04.613+0000] {taskmixin.py:205} WARNING - Dependency <Task(_PythonDecoratedOperator): log_sql_query>, print_the_context already registered for DAG: example_python_operator
[2022-12-26T02:15:04.614+0000] {logging_mixin.py:137} INFO - [2022-12-26T02:15:04.614+0000] {taskmixin.py:205} WARNING - Dependency <Task(_PythonDecoratedOperator): print_the_context>, log_sql_query already registered for DAG: example_python_operator
[2022-12-26T02:15:04.615+0000] {logging_mixin.py:137} INFO - [2022-12-26T02:15:04.615+0000] {taskmixin.py:205} WARNING - Dependency <Task(_PythonDecoratedOperator): log_sql_query>, print_the_context already registered for DAG: example_python_operator
[2022-12-26T02:15:04.616+0000] {logging_mixin.py:137} INFO - [2022-12-26T02:15:04.616+0000] {taskmixin.py:205} WARNING - Dependency <Task(_PythonDecoratedOperator): print_the_context>, log_sql_query already registered for DAG: example_python_operator
[2022-12-26T02:15:04.617+0000] {logging_mixin.py:137} INFO - [2022-12-26T02:15:04.617+0000] {taskmixin.py:205} WARNING - Dependency <Task(_PythonDecoratedOperator): log_sql_query>, print_the_context already registered for DAG: example_python_operator
[2022-12-26T02:15:04.618+0000] {logging_mixin.py:137} INFO - [2022-12-26T02:15:04.618+0000] {taskmixin.py:205} WARNING - Dependency <Task(_PythonDecoratedOperator): print_the_context>, log_sql_query already registered for DAG: example_python_operator
[2022-12-26T02:15:04.619+0000] {logging_mixin.py:137} INFO - [2022-12-26T02:15:04.619+0000] {taskmixin.py:205} WARNING - Dependency <Task(_PythonDecoratedOperator): log_sql_query>, print_the_context already registered for DAG: example_python_operator
[2022-12-26T02:15:04.626+0000] {processor.py:753} INFO - DAG(s) dict_keys(['example_python_operator']) retrieved from /home/airflow/.local/lib/python3.7/site-packages/airflow/example_dags/example_python_operator.py
[2022-12-26T02:15:04.656+0000] {logging_mixin.py:137} INFO - [2022-12-26T02:15:04.656+0000] {dag.py:2676} INFO - Sync 1 DAGs
[2022-12-26T02:15:04.673+0000] {logging_mixin.py:137} INFO - [2022-12-26T02:15:04.673+0000] {dag.py:3427} INFO - Setting next_dagrun for example_python_operator to None, run_after=None
[2022-12-26T02:15:04.687+0000] {processor.py:175} INFO - Processing /home/airflow/.local/lib/python3.7/site-packages/airflow/example_dags/example_python_operator.py took 0.094 seconds
[2022-12-26T02:15:35.045+0000] {processor.py:153} INFO - Started process (PID=1215) to work on /home/airflow/.local/lib/python3.7/site-packages/airflow/example_dags/example_python_operator.py
[2022-12-26T02:15:35.046+0000] {processor.py:743} INFO - Processing file /home/airflow/.local/lib/python3.7/site-packages/airflow/example_dags/example_python_operator.py for tasks to queue
[2022-12-26T02:15:35.047+0000] {logging_mixin.py:137} INFO - [2022-12-26T02:15:35.047+0000] {dagbag.py:538} INFO - Filling up the DagBag from /home/airflow/.local/lib/python3.7/site-packages/airflow/example_dags/example_python_operator.py
[2022-12-26T02:15:35.060+0000] {logging_mixin.py:137} INFO - [2022-12-26T02:15:35.060+0000] {taskmixin.py:205} WARNING - Dependency <Task(_PythonDecoratedOperator): print_the_context>, log_sql_query already registered for DAG: example_python_operator
[2022-12-26T02:15:35.061+0000] {logging_mixin.py:137} INFO - [2022-12-26T02:15:35.061+0000] {taskmixin.py:205} WARNING - Dependency <Task(_PythonDecoratedOperator): log_sql_query>, print_the_context already registered for DAG: example_python_operator
[2022-12-26T02:15:35.062+0000] {logging_mixin.py:137} INFO - [2022-12-26T02:15:35.062+0000] {taskmixin.py:205} WARNING - Dependency <Task(_PythonDecoratedOperator): print_the_context>, log_sql_query already registered for DAG: example_python_operator
[2022-12-26T02:15:35.063+0000] {logging_mixin.py:137} INFO - [2022-12-26T02:15:35.063+0000] {taskmixin.py:205} WARNING - Dependency <Task(_PythonDecoratedOperator): log_sql_query>, print_the_context already registered for DAG: example_python_operator
[2022-12-26T02:15:35.064+0000] {logging_mixin.py:137} INFO - [2022-12-26T02:15:35.064+0000] {taskmixin.py:205} WARNING - Dependency <Task(_PythonDecoratedOperator): print_the_context>, log_sql_query already registered for DAG: example_python_operator
[2022-12-26T02:15:35.064+0000] {logging_mixin.py:137} INFO - [2022-12-26T02:15:35.064+0000] {taskmixin.py:205} WARNING - Dependency <Task(_PythonDecoratedOperator): log_sql_query>, print_the_context already registered for DAG: example_python_operator
[2022-12-26T02:15:35.065+0000] {logging_mixin.py:137} INFO - [2022-12-26T02:15:35.065+0000] {taskmixin.py:205} WARNING - Dependency <Task(_PythonDecoratedOperator): print_the_context>, log_sql_query already registered for DAG: example_python_operator
[2022-12-26T02:15:35.066+0000] {logging_mixin.py:137} INFO - [2022-12-26T02:15:35.066+0000] {taskmixin.py:205} WARNING - Dependency <Task(_PythonDecoratedOperator): log_sql_query>, print_the_context already registered for DAG: example_python_operator
[2022-12-26T02:15:35.071+0000] {processor.py:753} INFO - DAG(s) dict_keys(['example_python_operator']) retrieved from /home/airflow/.local/lib/python3.7/site-packages/airflow/example_dags/example_python_operator.py
[2022-12-26T02:15:35.103+0000] {logging_mixin.py:137} INFO - [2022-12-26T02:15:35.103+0000] {dag.py:2676} INFO - Sync 1 DAGs
[2022-12-26T02:15:35.123+0000] {logging_mixin.py:137} INFO - [2022-12-26T02:15:35.123+0000] {dag.py:3427} INFO - Setting next_dagrun for example_python_operator to None, run_after=None
[2022-12-26T02:15:35.136+0000] {processor.py:175} INFO - Processing /home/airflow/.local/lib/python3.7/site-packages/airflow/example_dags/example_python_operator.py took 0.094 seconds
[2022-12-26T02:16:05.310+0000] {processor.py:153} INFO - Started process (PID=1292) to work on /home/airflow/.local/lib/python3.7/site-packages/airflow/example_dags/example_python_operator.py
[2022-12-26T02:16:05.312+0000] {processor.py:743} INFO - Processing file /home/airflow/.local/lib/python3.7/site-packages/airflow/example_dags/example_python_operator.py for tasks to queue
[2022-12-26T02:16:05.312+0000] {logging_mixin.py:137} INFO - [2022-12-26T02:16:05.312+0000] {dagbag.py:538} INFO - Filling up the DagBag from /home/airflow/.local/lib/python3.7/site-packages/airflow/example_dags/example_python_operator.py
[2022-12-26T02:16:05.325+0000] {logging_mixin.py:137} INFO - [2022-12-26T02:16:05.325+0000] {taskmixin.py:205} WARNING - Dependency <Task(_PythonDecoratedOperator): print_the_context>, log_sql_query already registered for DAG: example_python_operator
[2022-12-26T02:16:05.326+0000] {logging_mixin.py:137} INFO - [2022-12-26T02:16:05.326+0000] {taskmixin.py:205} WARNING - Dependency <Task(_PythonDecoratedOperator): log_sql_query>, print_the_context already registered for DAG: example_python_operator
[2022-12-26T02:16:05.327+0000] {logging_mixin.py:137} INFO - [2022-12-26T02:16:05.327+0000] {taskmixin.py:205} WARNING - Dependency <Task(_PythonDecoratedOperator): print_the_context>, log_sql_query already registered for DAG: example_python_operator
[2022-12-26T02:16:05.328+0000] {logging_mixin.py:137} INFO - [2022-12-26T02:16:05.328+0000] {taskmixin.py:205} WARNING - Dependency <Task(_PythonDecoratedOperator): log_sql_query>, print_the_context already registered for DAG: example_python_operator
[2022-12-26T02:16:05.329+0000] {logging_mixin.py:137} INFO - [2022-12-26T02:16:05.329+0000] {taskmixin.py:205} WARNING - Dependency <Task(_PythonDecoratedOperator): print_the_context>, log_sql_query already registered for DAG: example_python_operator
[2022-12-26T02:16:05.329+0000] {logging_mixin.py:137} INFO - [2022-12-26T02:16:05.329+0000] {taskmixin.py:205} WARNING - Dependency <Task(_PythonDecoratedOperator): log_sql_query>, print_the_context already registered for DAG: example_python_operator
[2022-12-26T02:16:05.330+0000] {logging_mixin.py:137} INFO - [2022-12-26T02:16:05.330+0000] {taskmixin.py:205} WARNING - Dependency <Task(_PythonDecoratedOperator): print_the_context>, log_sql_query already registered for DAG: example_python_operator
[2022-12-26T02:16:05.331+0000] {logging_mixin.py:137} INFO - [2022-12-26T02:16:05.331+0000] {taskmixin.py:205} WARNING - Dependency <Task(_PythonDecoratedOperator): log_sql_query>, print_the_context already registered for DAG: example_python_operator
[2022-12-26T02:16:05.336+0000] {processor.py:753} INFO - DAG(s) dict_keys(['example_python_operator']) retrieved from /home/airflow/.local/lib/python3.7/site-packages/airflow/example_dags/example_python_operator.py
[2022-12-26T02:16:05.367+0000] {logging_mixin.py:137} INFO - [2022-12-26T02:16:05.367+0000] {dag.py:2676} INFO - Sync 1 DAGs
[2022-12-26T02:16:05.384+0000] {logging_mixin.py:137} INFO - [2022-12-26T02:16:05.384+0000] {dag.py:3427} INFO - Setting next_dagrun for example_python_operator to None, run_after=None
[2022-12-26T02:16:05.397+0000] {processor.py:175} INFO - Processing /home/airflow/.local/lib/python3.7/site-packages/airflow/example_dags/example_python_operator.py took 0.089 seconds
[2022-12-26T02:16:35.768+0000] {processor.py:153} INFO - Started process (PID=1356) to work on /home/airflow/.local/lib/python3.7/site-packages/airflow/example_dags/example_python_operator.py
[2022-12-26T02:16:35.769+0000] {processor.py:743} INFO - Processing file /home/airflow/.local/lib/python3.7/site-packages/airflow/example_dags/example_python_operator.py for tasks to queue
[2022-12-26T02:16:35.770+0000] {logging_mixin.py:137} INFO - [2022-12-26T02:16:35.770+0000] {dagbag.py:538} INFO - Filling up the DagBag from /home/airflow/.local/lib/python3.7/site-packages/airflow/example_dags/example_python_operator.py
[2022-12-26T02:16:35.783+0000] {logging_mixin.py:137} INFO - [2022-12-26T02:16:35.783+0000] {taskmixin.py:205} WARNING - Dependency <Task(_PythonDecoratedOperator): print_the_context>, log_sql_query already registered for DAG: example_python_operator
[2022-12-26T02:16:35.784+0000] {logging_mixin.py:137} INFO - [2022-12-26T02:16:35.784+0000] {taskmixin.py:205} WARNING - Dependency <Task(_PythonDecoratedOperator): log_sql_query>, print_the_context already registered for DAG: example_python_operator
[2022-12-26T02:16:35.785+0000] {logging_mixin.py:137} INFO - [2022-12-26T02:16:35.785+0000] {taskmixin.py:205} WARNING - Dependency <Task(_PythonDecoratedOperator): print_the_context>, log_sql_query already registered for DAG: example_python_operator
[2022-12-26T02:16:35.786+0000] {logging_mixin.py:137} INFO - [2022-12-26T02:16:35.786+0000] {taskmixin.py:205} WARNING - Dependency <Task(_PythonDecoratedOperator): log_sql_query>, print_the_context already registered for DAG: example_python_operator
[2022-12-26T02:16:35.787+0000] {logging_mixin.py:137} INFO - [2022-12-26T02:16:35.787+0000] {taskmixin.py:205} WARNING - Dependency <Task(_PythonDecoratedOperator): print_the_context>, log_sql_query already registered for DAG: example_python_operator
[2022-12-26T02:16:35.787+0000] {logging_mixin.py:137} INFO - [2022-12-26T02:16:35.787+0000] {taskmixin.py:205} WARNING - Dependency <Task(_PythonDecoratedOperator): log_sql_query>, print_the_context already registered for DAG: example_python_operator
[2022-12-26T02:16:35.788+0000] {logging_mixin.py:137} INFO - [2022-12-26T02:16:35.788+0000] {taskmixin.py:205} WARNING - Dependency <Task(_PythonDecoratedOperator): print_the_context>, log_sql_query already registered for DAG: example_python_operator
[2022-12-26T02:16:35.789+0000] {logging_mixin.py:137} INFO - [2022-12-26T02:16:35.789+0000] {taskmixin.py:205} WARNING - Dependency <Task(_PythonDecoratedOperator): log_sql_query>, print_the_context already registered for DAG: example_python_operator
[2022-12-26T02:16:35.794+0000] {processor.py:753} INFO - DAG(s) dict_keys(['example_python_operator']) retrieved from /home/airflow/.local/lib/python3.7/site-packages/airflow/example_dags/example_python_operator.py
[2022-12-26T02:16:35.826+0000] {logging_mixin.py:137} INFO - [2022-12-26T02:16:35.826+0000] {dag.py:2676} INFO - Sync 1 DAGs
[2022-12-26T02:16:35.844+0000] {logging_mixin.py:137} INFO - [2022-12-26T02:16:35.844+0000] {dag.py:3427} INFO - Setting next_dagrun for example_python_operator to None, run_after=None
[2022-12-26T02:16:35.857+0000] {processor.py:175} INFO - Processing /home/airflow/.local/lib/python3.7/site-packages/airflow/example_dags/example_python_operator.py took 0.092 seconds
