[2022-12-26T00:26:42.521+0000] {processor.py:153} INFO - Started process (PID=49) to work on /home/airflow/.local/lib/python3.7/site-packages/airflow/example_dags/example_complex.py
[2022-12-26T00:26:42.522+0000] {processor.py:743} INFO - Processing file /home/airflow/.local/lib/python3.7/site-packages/airflow/example_dags/example_complex.py for tasks to queue
[2022-12-26T00:26:42.523+0000] {logging_mixin.py:137} INFO - [2022-12-26T00:26:42.523+0000] {dagbag.py:538} INFO - Filling up the DagBag from /home/airflow/.local/lib/python3.7/site-packages/airflow/example_dags/example_complex.py
[2022-12-26T00:26:42.535+0000] {logging_mixin.py:137} INFO - [2022-12-26T00:26:42.535+0000] {taskmixin.py:205} WARNING - Dependency <Task(BashOperator): create_entry_group>, delete_entry_group already registered for DAG: example_complex
[2022-12-26T00:26:42.536+0000] {logging_mixin.py:137} INFO - [2022-12-26T00:26:42.536+0000] {taskmixin.py:205} WARNING - Dependency <Task(BashOperator): delete_entry_group>, create_entry_group already registered for DAG: example_complex
[2022-12-26T00:26:42.536+0000] {logging_mixin.py:137} INFO - [2022-12-26T00:26:42.536+0000] {taskmixin.py:205} WARNING - Dependency <Task(BashOperator): create_entry_gcs>, delete_entry already registered for DAG: example_complex
[2022-12-26T00:26:42.537+0000] {logging_mixin.py:137} INFO - [2022-12-26T00:26:42.537+0000] {taskmixin.py:205} WARNING - Dependency <Task(BashOperator): delete_entry>, create_entry_gcs already registered for DAG: example_complex
[2022-12-26T00:26:42.537+0000] {logging_mixin.py:137} INFO - [2022-12-26T00:26:42.537+0000] {taskmixin.py:205} WARNING - Dependency <Task(BashOperator): create_tag>, delete_tag already registered for DAG: example_complex
[2022-12-26T00:26:42.538+0000] {logging_mixin.py:137} INFO - [2022-12-26T00:26:42.538+0000] {taskmixin.py:205} WARNING - Dependency <Task(BashOperator): delete_tag>, create_tag already registered for DAG: example_complex
[2022-12-26T00:26:42.549+0000] {processor.py:753} INFO - DAG(s) dict_keys(['example_complex']) retrieved from /home/airflow/.local/lib/python3.7/site-packages/airflow/example_dags/example_complex.py
[2022-12-26T00:26:42.671+0000] {logging_mixin.py:137} INFO - [2022-12-26T00:26:42.671+0000] {manager.py:504} INFO - Created Permission View: can edit on DAG:example_complex
[2022-12-26T00:26:42.678+0000] {logging_mixin.py:137} INFO - [2022-12-26T00:26:42.678+0000] {manager.py:504} INFO - Created Permission View: can read on DAG:example_complex
[2022-12-26T00:26:42.685+0000] {logging_mixin.py:137} INFO - [2022-12-26T00:26:42.685+0000] {manager.py:504} INFO - Created Permission View: can delete on DAG:example_complex
[2022-12-26T00:26:42.686+0000] {logging_mixin.py:137} INFO - [2022-12-26T00:26:42.686+0000] {dag.py:2676} INFO - Sync 1 DAGs
[2022-12-26T00:26:42.696+0000] {logging_mixin.py:137} INFO - [2022-12-26T00:26:42.696+0000] {dag.py:2697} INFO - Creating ORM DAG for example_complex
[2022-12-26T00:26:42.707+0000] {logging_mixin.py:137} INFO - [2022-12-26T00:26:42.707+0000] {dag.py:3427} INFO - Setting next_dagrun for example_complex to None, run_after=None
[2022-12-26T00:26:42.724+0000] {processor.py:175} INFO - Processing /home/airflow/.local/lib/python3.7/site-packages/airflow/example_dags/example_complex.py took 0.205 seconds
[2022-12-26T00:27:13.012+0000] {processor.py:153} INFO - Started process (PID=127) to work on /home/airflow/.local/lib/python3.7/site-packages/airflow/example_dags/example_complex.py
[2022-12-26T00:27:13.013+0000] {processor.py:743} INFO - Processing file /home/airflow/.local/lib/python3.7/site-packages/airflow/example_dags/example_complex.py for tasks to queue
[2022-12-26T00:27:13.014+0000] {logging_mixin.py:137} INFO - [2022-12-26T00:27:13.014+0000] {dagbag.py:538} INFO - Filling up the DagBag from /home/airflow/.local/lib/python3.7/site-packages/airflow/example_dags/example_complex.py
[2022-12-26T00:27:13.021+0000] {logging_mixin.py:137} INFO - [2022-12-26T00:27:13.021+0000] {taskmixin.py:205} WARNING - Dependency <Task(BashOperator): create_entry_group>, delete_entry_group already registered for DAG: example_complex
[2022-12-26T00:27:13.022+0000] {logging_mixin.py:137} INFO - [2022-12-26T00:27:13.022+0000] {taskmixin.py:205} WARNING - Dependency <Task(BashOperator): delete_entry_group>, create_entry_group already registered for DAG: example_complex
[2022-12-26T00:27:13.022+0000] {logging_mixin.py:137} INFO - [2022-12-26T00:27:13.022+0000] {taskmixin.py:205} WARNING - Dependency <Task(BashOperator): create_entry_gcs>, delete_entry already registered for DAG: example_complex
[2022-12-26T00:27:13.023+0000] {logging_mixin.py:137} INFO - [2022-12-26T00:27:13.023+0000] {taskmixin.py:205} WARNING - Dependency <Task(BashOperator): delete_entry>, create_entry_gcs already registered for DAG: example_complex
[2022-12-26T00:27:13.023+0000] {logging_mixin.py:137} INFO - [2022-12-26T00:27:13.023+0000] {taskmixin.py:205} WARNING - Dependency <Task(BashOperator): create_tag>, delete_tag already registered for DAG: example_complex
[2022-12-26T00:27:13.024+0000] {logging_mixin.py:137} INFO - [2022-12-26T00:27:13.024+0000] {taskmixin.py:205} WARNING - Dependency <Task(BashOperator): delete_tag>, create_tag already registered for DAG: example_complex
[2022-12-26T00:27:13.028+0000] {processor.py:753} INFO - DAG(s) dict_keys(['example_complex']) retrieved from /home/airflow/.local/lib/python3.7/site-packages/airflow/example_dags/example_complex.py
[2022-12-26T00:27:13.056+0000] {logging_mixin.py:137} INFO - [2022-12-26T00:27:13.056+0000] {dag.py:2676} INFO - Sync 1 DAGs
[2022-12-26T00:27:13.069+0000] {logging_mixin.py:137} INFO - [2022-12-26T00:27:13.069+0000] {dag.py:3427} INFO - Setting next_dagrun for example_complex to None, run_after=None
[2022-12-26T00:27:13.080+0000] {processor.py:175} INFO - Processing /home/airflow/.local/lib/python3.7/site-packages/airflow/example_dags/example_complex.py took 0.073 seconds
[2022-12-26T00:27:43.184+0000] {processor.py:153} INFO - Started process (PID=204) to work on /home/airflow/.local/lib/python3.7/site-packages/airflow/example_dags/example_complex.py
[2022-12-26T00:27:43.186+0000] {processor.py:743} INFO - Processing file /home/airflow/.local/lib/python3.7/site-packages/airflow/example_dags/example_complex.py for tasks to queue
[2022-12-26T00:27:43.186+0000] {logging_mixin.py:137} INFO - [2022-12-26T00:27:43.186+0000] {dagbag.py:538} INFO - Filling up the DagBag from /home/airflow/.local/lib/python3.7/site-packages/airflow/example_dags/example_complex.py
[2022-12-26T00:27:43.195+0000] {logging_mixin.py:137} INFO - [2022-12-26T00:27:43.195+0000] {taskmixin.py:205} WARNING - Dependency <Task(BashOperator): create_entry_group>, delete_entry_group already registered for DAG: example_complex
[2022-12-26T00:27:43.196+0000] {logging_mixin.py:137} INFO - [2022-12-26T00:27:43.196+0000] {taskmixin.py:205} WARNING - Dependency <Task(BashOperator): delete_entry_group>, create_entry_group already registered for DAG: example_complex
[2022-12-26T00:27:43.197+0000] {logging_mixin.py:137} INFO - [2022-12-26T00:27:43.197+0000] {taskmixin.py:205} WARNING - Dependency <Task(BashOperator): create_entry_gcs>, delete_entry already registered for DAG: example_complex
[2022-12-26T00:27:43.197+0000] {logging_mixin.py:137} INFO - [2022-12-26T00:27:43.197+0000] {taskmixin.py:205} WARNING - Dependency <Task(BashOperator): delete_entry>, create_entry_gcs already registered for DAG: example_complex
[2022-12-26T00:27:43.199+0000] {logging_mixin.py:137} INFO - [2022-12-26T00:27:43.199+0000] {taskmixin.py:205} WARNING - Dependency <Task(BashOperator): create_tag>, delete_tag already registered for DAG: example_complex
[2022-12-26T00:27:43.199+0000] {logging_mixin.py:137} INFO - [2022-12-26T00:27:43.199+0000] {taskmixin.py:205} WARNING - Dependency <Task(BashOperator): delete_tag>, create_tag already registered for DAG: example_complex
[2022-12-26T00:27:43.204+0000] {processor.py:753} INFO - DAG(s) dict_keys(['example_complex']) retrieved from /home/airflow/.local/lib/python3.7/site-packages/airflow/example_dags/example_complex.py
[2022-12-26T00:27:43.238+0000] {logging_mixin.py:137} INFO - [2022-12-26T00:27:43.238+0000] {dag.py:2676} INFO - Sync 1 DAGs
[2022-12-26T00:27:43.256+0000] {logging_mixin.py:137} INFO - [2022-12-26T00:27:43.256+0000] {dag.py:3427} INFO - Setting next_dagrun for example_complex to None, run_after=None
[2022-12-26T00:27:43.271+0000] {processor.py:175} INFO - Processing /home/airflow/.local/lib/python3.7/site-packages/airflow/example_dags/example_complex.py took 0.089 seconds
[2022-12-26T00:28:13.376+0000] {processor.py:153} INFO - Started process (PID=268) to work on /home/airflow/.local/lib/python3.7/site-packages/airflow/example_dags/example_complex.py
[2022-12-26T00:28:13.377+0000] {processor.py:743} INFO - Processing file /home/airflow/.local/lib/python3.7/site-packages/airflow/example_dags/example_complex.py for tasks to queue
[2022-12-26T00:28:13.378+0000] {logging_mixin.py:137} INFO - [2022-12-26T00:28:13.378+0000] {dagbag.py:538} INFO - Filling up the DagBag from /home/airflow/.local/lib/python3.7/site-packages/airflow/example_dags/example_complex.py
[2022-12-26T00:28:13.386+0000] {logging_mixin.py:137} INFO - [2022-12-26T00:28:13.385+0000] {taskmixin.py:205} WARNING - Dependency <Task(BashOperator): create_entry_group>, delete_entry_group already registered for DAG: example_complex
[2022-12-26T00:28:13.386+0000] {logging_mixin.py:137} INFO - [2022-12-26T00:28:13.386+0000] {taskmixin.py:205} WARNING - Dependency <Task(BashOperator): delete_entry_group>, create_entry_group already registered for DAG: example_complex
[2022-12-26T00:28:13.387+0000] {logging_mixin.py:137} INFO - [2022-12-26T00:28:13.387+0000] {taskmixin.py:205} WARNING - Dependency <Task(BashOperator): create_entry_gcs>, delete_entry already registered for DAG: example_complex
[2022-12-26T00:28:13.387+0000] {logging_mixin.py:137} INFO - [2022-12-26T00:28:13.387+0000] {taskmixin.py:205} WARNING - Dependency <Task(BashOperator): delete_entry>, create_entry_gcs already registered for DAG: example_complex
[2022-12-26T00:28:13.388+0000] {logging_mixin.py:137} INFO - [2022-12-26T00:28:13.388+0000] {taskmixin.py:205} WARNING - Dependency <Task(BashOperator): create_tag>, delete_tag already registered for DAG: example_complex
[2022-12-26T00:28:13.388+0000] {logging_mixin.py:137} INFO - [2022-12-26T00:28:13.388+0000] {taskmixin.py:205} WARNING - Dependency <Task(BashOperator): delete_tag>, create_tag already registered for DAG: example_complex
[2022-12-26T00:28:13.393+0000] {processor.py:753} INFO - DAG(s) dict_keys(['example_complex']) retrieved from /home/airflow/.local/lib/python3.7/site-packages/airflow/example_dags/example_complex.py
[2022-12-26T00:28:13.422+0000] {logging_mixin.py:137} INFO - [2022-12-26T00:28:13.422+0000] {dag.py:2676} INFO - Sync 1 DAGs
[2022-12-26T00:28:13.440+0000] {logging_mixin.py:137} INFO - [2022-12-26T00:28:13.440+0000] {dag.py:3427} INFO - Setting next_dagrun for example_complex to None, run_after=None
[2022-12-26T00:28:13.451+0000] {processor.py:175} INFO - Processing /home/airflow/.local/lib/python3.7/site-packages/airflow/example_dags/example_complex.py took 0.078 seconds
