[2022-12-26T00:26:41.284+0000] {processor.py:153} INFO - Started process (PID=39) to work on /home/airflow/.local/lib/python3.7/site-packages/airflow/example_dags/example_sensor_decorator.py
[2022-12-26T00:26:41.285+0000] {processor.py:743} INFO - Processing file /home/airflow/.local/lib/python3.7/site-packages/airflow/example_dags/example_sensor_decorator.py for tasks to queue
[2022-12-26T00:26:41.286+0000] {logging_mixin.py:137} INFO - [2022-12-26T00:26:41.286+0000] {dagbag.py:538} INFO - Filling up the DagBag from /home/airflow/.local/lib/python3.7/site-packages/airflow/example_dags/example_sensor_decorator.py
[2022-12-26T00:26:41.309+0000] {logging_mixin.py:137} WARNING - /home/airflow/.local/lib/python3.7/site-packages/airflow/models/dag.py:3524 RemovedInAirflow3Warning: Param `schedule_interval` is deprecated and will be removed in a future release. Please use `schedule` instead.
[2022-12-26T00:26:41.319+0000] {processor.py:753} INFO - DAG(s) dict_keys(['example_sensor_decorator']) retrieved from /home/airflow/.local/lib/python3.7/site-packages/airflow/example_dags/example_sensor_decorator.py
[2022-12-26T00:26:41.428+0000] {logging_mixin.py:137} INFO - [2022-12-26T00:26:41.428+0000] {manager.py:504} INFO - Created Permission View: can edit on DAG:example_sensor_decorator
[2022-12-26T00:26:41.434+0000] {logging_mixin.py:137} INFO - [2022-12-26T00:26:41.434+0000] {manager.py:504} INFO - Created Permission View: can read on DAG:example_sensor_decorator
[2022-12-26T00:26:41.439+0000] {logging_mixin.py:137} INFO - [2022-12-26T00:26:41.439+0000] {manager.py:504} INFO - Created Permission View: can delete on DAG:example_sensor_decorator
[2022-12-26T00:26:41.440+0000] {logging_mixin.py:137} INFO - [2022-12-26T00:26:41.440+0000] {dag.py:2676} INFO - Sync 1 DAGs
[2022-12-26T00:26:41.449+0000] {logging_mixin.py:137} INFO - [2022-12-26T00:26:41.449+0000] {dag.py:2697} INFO - Creating ORM DAG for example_sensor_decorator
[2022-12-26T00:26:41.456+0000] {logging_mixin.py:137} INFO - [2022-12-26T00:26:41.456+0000] {dag.py:3427} INFO - Setting next_dagrun for example_sensor_decorator to None, run_after=None
[2022-12-26T00:26:41.476+0000] {processor.py:175} INFO - Processing /home/airflow/.local/lib/python3.7/site-packages/airflow/example_dags/example_sensor_decorator.py took 0.194 seconds
[2022-12-26T00:27:12.338+0000] {processor.py:153} INFO - Started process (PID=117) to work on /home/airflow/.local/lib/python3.7/site-packages/airflow/example_dags/example_sensor_decorator.py
[2022-12-26T00:27:12.339+0000] {processor.py:743} INFO - Processing file /home/airflow/.local/lib/python3.7/site-packages/airflow/example_dags/example_sensor_decorator.py for tasks to queue
[2022-12-26T00:27:12.340+0000] {logging_mixin.py:137} INFO - [2022-12-26T00:27:12.340+0000] {dagbag.py:538} INFO - Filling up the DagBag from /home/airflow/.local/lib/python3.7/site-packages/airflow/example_dags/example_sensor_decorator.py
[2022-12-26T00:27:12.355+0000] {logging_mixin.py:137} WARNING - /home/airflow/.local/lib/python3.7/site-packages/airflow/models/dag.py:3524 RemovedInAirflow3Warning: Param `schedule_interval` is deprecated and will be removed in a future release. Please use `schedule` instead.
[2022-12-26T00:27:12.361+0000] {processor.py:753} INFO - DAG(s) dict_keys(['example_sensor_decorator']) retrieved from /home/airflow/.local/lib/python3.7/site-packages/airflow/example_dags/example_sensor_decorator.py
[2022-12-26T00:27:12.385+0000] {logging_mixin.py:137} INFO - [2022-12-26T00:27:12.385+0000] {dag.py:2676} INFO - Sync 1 DAGs
[2022-12-26T00:27:12.400+0000] {logging_mixin.py:137} INFO - [2022-12-26T00:27:12.400+0000] {dag.py:3427} INFO - Setting next_dagrun for example_sensor_decorator to None, run_after=None
[2022-12-26T00:27:12.411+0000] {processor.py:175} INFO - Processing /home/airflow/.local/lib/python3.7/site-packages/airflow/example_dags/example_sensor_decorator.py took 0.076 seconds
[2022-12-26T00:27:42.635+0000] {processor.py:153} INFO - Started process (PID=190) to work on /home/airflow/.local/lib/python3.7/site-packages/airflow/example_dags/example_sensor_decorator.py
[2022-12-26T00:27:42.637+0000] {processor.py:743} INFO - Processing file /home/airflow/.local/lib/python3.7/site-packages/airflow/example_dags/example_sensor_decorator.py for tasks to queue
[2022-12-26T00:27:42.638+0000] {logging_mixin.py:137} INFO - [2022-12-26T00:27:42.638+0000] {dagbag.py:538} INFO - Filling up the DagBag from /home/airflow/.local/lib/python3.7/site-packages/airflow/example_dags/example_sensor_decorator.py
[2022-12-26T00:27:42.657+0000] {logging_mixin.py:137} WARNING - /home/airflow/.local/lib/python3.7/site-packages/airflow/models/dag.py:3524 RemovedInAirflow3Warning: Param `schedule_interval` is deprecated and will be removed in a future release. Please use `schedule` instead.
[2022-12-26T00:27:42.668+0000] {processor.py:753} INFO - DAG(s) dict_keys(['example_sensor_decorator']) retrieved from /home/airflow/.local/lib/python3.7/site-packages/airflow/example_dags/example_sensor_decorator.py
[2022-12-26T00:27:42.720+0000] {logging_mixin.py:137} INFO - [2022-12-26T00:27:42.720+0000] {dag.py:2676} INFO - Sync 1 DAGs
[2022-12-26T00:27:42.737+0000] {logging_mixin.py:137} INFO - [2022-12-26T00:27:42.737+0000] {dag.py:3427} INFO - Setting next_dagrun for example_sensor_decorator to None, run_after=None
[2022-12-26T00:27:42.748+0000] {processor.py:175} INFO - Processing /home/airflow/.local/lib/python3.7/site-packages/airflow/example_dags/example_sensor_decorator.py took 0.116 seconds
[2022-12-26T00:28:12.896+0000] {processor.py:153} INFO - Started process (PID=258) to work on /home/airflow/.local/lib/python3.7/site-packages/airflow/example_dags/example_sensor_decorator.py
[2022-12-26T00:28:12.897+0000] {processor.py:743} INFO - Processing file /home/airflow/.local/lib/python3.7/site-packages/airflow/example_dags/example_sensor_decorator.py for tasks to queue
[2022-12-26T00:28:12.897+0000] {logging_mixin.py:137} INFO - [2022-12-26T00:28:12.897+0000] {dagbag.py:538} INFO - Filling up the DagBag from /home/airflow/.local/lib/python3.7/site-packages/airflow/example_dags/example_sensor_decorator.py
[2022-12-26T00:28:12.910+0000] {logging_mixin.py:137} WARNING - /home/airflow/.local/lib/python3.7/site-packages/airflow/models/dag.py:3524 RemovedInAirflow3Warning: Param `schedule_interval` is deprecated and will be removed in a future release. Please use `schedule` instead.
[2022-12-26T00:28:12.917+0000] {processor.py:753} INFO - DAG(s) dict_keys(['example_sensor_decorator']) retrieved from /home/airflow/.local/lib/python3.7/site-packages/airflow/example_dags/example_sensor_decorator.py
[2022-12-26T00:28:12.942+0000] {logging_mixin.py:137} INFO - [2022-12-26T00:28:12.942+0000] {dag.py:2676} INFO - Sync 1 DAGs
[2022-12-26T00:28:12.956+0000] {logging_mixin.py:137} INFO - [2022-12-26T00:28:12.956+0000] {dag.py:3427} INFO - Setting next_dagrun for example_sensor_decorator to None, run_after=None
[2022-12-26T00:28:12.967+0000] {processor.py:175} INFO - Processing /home/airflow/.local/lib/python3.7/site-packages/airflow/example_dags/example_sensor_decorator.py took 0.075 seconds
