[2022-12-26T00:26:44.350+0000] {processor.py:153} INFO - Started process (PID=66) to work on /home/airflow/.local/lib/python3.7/site-packages/airflow/example_dags/example_sla_dag.py
[2022-12-26T00:26:44.351+0000] {processor.py:743} INFO - Processing file /home/airflow/.local/lib/python3.7/site-packages/airflow/example_dags/example_sla_dag.py for tasks to queue
[2022-12-26T00:26:44.352+0000] {logging_mixin.py:137} INFO - [2022-12-26T00:26:44.352+0000] {dagbag.py:538} INFO - Filling up the DagBag from /home/airflow/.local/lib/python3.7/site-packages/airflow/example_dags/example_sla_dag.py
[2022-12-26T00:26:44.370+0000] {processor.py:753} INFO - DAG(s) dict_keys(['example_sla_dag']) retrieved from /home/airflow/.local/lib/python3.7/site-packages/airflow/example_dags/example_sla_dag.py
[2022-12-26T00:26:44.453+0000] {logging_mixin.py:137} INFO - [2022-12-26T00:26:44.453+0000] {manager.py:504} INFO - Created Permission View: can edit on DAG:example_sla_dag
[2022-12-26T00:26:44.460+0000] {logging_mixin.py:137} INFO - [2022-12-26T00:26:44.459+0000] {manager.py:504} INFO - Created Permission View: can read on DAG:example_sla_dag
[2022-12-26T00:26:44.464+0000] {logging_mixin.py:137} INFO - [2022-12-26T00:26:44.464+0000] {manager.py:504} INFO - Created Permission View: can delete on DAG:example_sla_dag
[2022-12-26T00:26:44.465+0000] {logging_mixin.py:137} INFO - [2022-12-26T00:26:44.465+0000] {dag.py:2676} INFO - Sync 1 DAGs
[2022-12-26T00:26:44.474+0000] {logging_mixin.py:137} INFO - [2022-12-26T00:26:44.474+0000] {dag.py:2697} INFO - Creating ORM DAG for example_sla_dag
[2022-12-26T00:26:44.485+0000] {logging_mixin.py:137} INFO - [2022-12-26T00:26:44.485+0000] {dag.py:3427} INFO - Setting next_dagrun for example_sla_dag to 2022-12-26T00:24:00+00:00, run_after=2022-12-26T00:26:00+00:00
[2022-12-26T00:26:44.499+0000] {processor.py:175} INFO - Processing /home/airflow/.local/lib/python3.7/site-packages/airflow/example_dags/example_sla_dag.py took 0.151 seconds
[2022-12-26T00:27:14.911+0000] {processor.py:153} INFO - Started process (PID=144) to work on /home/airflow/.local/lib/python3.7/site-packages/airflow/example_dags/example_sla_dag.py
[2022-12-26T00:27:14.912+0000] {processor.py:743} INFO - Processing file /home/airflow/.local/lib/python3.7/site-packages/airflow/example_dags/example_sla_dag.py for tasks to queue
[2022-12-26T00:27:14.913+0000] {logging_mixin.py:137} INFO - [2022-12-26T00:27:14.913+0000] {dagbag.py:538} INFO - Filling up the DagBag from /home/airflow/.local/lib/python3.7/site-packages/airflow/example_dags/example_sla_dag.py
[2022-12-26T00:27:14.929+0000] {processor.py:753} INFO - DAG(s) dict_keys(['example_sla_dag']) retrieved from /home/airflow/.local/lib/python3.7/site-packages/airflow/example_dags/example_sla_dag.py
[2022-12-26T00:27:14.956+0000] {logging_mixin.py:137} INFO - [2022-12-26T00:27:14.956+0000] {dag.py:2676} INFO - Sync 1 DAGs
[2022-12-26T00:27:14.975+0000] {logging_mixin.py:137} INFO - [2022-12-26T00:27:14.975+0000] {dag.py:3427} INFO - Setting next_dagrun for example_sla_dag to 2022-12-26T00:24:00+00:00, run_after=2022-12-26T00:26:00+00:00
[2022-12-26T00:27:14.986+0000] {processor.py:175} INFO - Processing /home/airflow/.local/lib/python3.7/site-packages/airflow/example_dags/example_sla_dag.py took 0.078 seconds
[2022-12-26T00:27:45.096+0000] {processor.py:153} INFO - Started process (PID=221) to work on /home/airflow/.local/lib/python3.7/site-packages/airflow/example_dags/example_sla_dag.py
[2022-12-26T00:27:45.099+0000] {processor.py:743} INFO - Processing file /home/airflow/.local/lib/python3.7/site-packages/airflow/example_dags/example_sla_dag.py for tasks to queue
[2022-12-26T00:27:45.100+0000] {logging_mixin.py:137} INFO - [2022-12-26T00:27:45.100+0000] {dagbag.py:538} INFO - Filling up the DagBag from /home/airflow/.local/lib/python3.7/site-packages/airflow/example_dags/example_sla_dag.py
[2022-12-26T00:27:45.116+0000] {processor.py:753} INFO - DAG(s) dict_keys(['example_sla_dag']) retrieved from /home/airflow/.local/lib/python3.7/site-packages/airflow/example_dags/example_sla_dag.py
[2022-12-26T00:27:45.142+0000] {logging_mixin.py:137} INFO - [2022-12-26T00:27:45.141+0000] {dag.py:2676} INFO - Sync 1 DAGs
[2022-12-26T00:27:45.158+0000] {logging_mixin.py:137} INFO - [2022-12-26T00:27:45.158+0000] {dag.py:3427} INFO - Setting next_dagrun for example_sla_dag to 2022-12-26T00:24:00+00:00, run_after=2022-12-26T00:26:00+00:00
[2022-12-26T00:27:45.169+0000] {processor.py:175} INFO - Processing /home/airflow/.local/lib/python3.7/site-packages/airflow/example_dags/example_sla_dag.py took 0.076 seconds
[2022-12-26T00:28:15.282+0000] {processor.py:153} INFO - Started process (PID=285) to work on /home/airflow/.local/lib/python3.7/site-packages/airflow/example_dags/example_sla_dag.py
[2022-12-26T00:28:15.283+0000] {processor.py:743} INFO - Processing file /home/airflow/.local/lib/python3.7/site-packages/airflow/example_dags/example_sla_dag.py for tasks to queue
[2022-12-26T00:28:15.284+0000] {logging_mixin.py:137} INFO - [2022-12-26T00:28:15.284+0000] {dagbag.py:538} INFO - Filling up the DagBag from /home/airflow/.local/lib/python3.7/site-packages/airflow/example_dags/example_sla_dag.py
[2022-12-26T00:28:15.301+0000] {processor.py:753} INFO - DAG(s) dict_keys(['example_sla_dag']) retrieved from /home/airflow/.local/lib/python3.7/site-packages/airflow/example_dags/example_sla_dag.py
[2022-12-26T00:28:15.347+0000] {logging_mixin.py:137} INFO - [2022-12-26T00:28:15.347+0000] {dag.py:2676} INFO - Sync 1 DAGs
[2022-12-26T00:28:15.363+0000] {logging_mixin.py:137} INFO - [2022-12-26T00:28:15.363+0000] {dag.py:3427} INFO - Setting next_dagrun for example_sla_dag to 2022-12-26T00:26:00+00:00, run_after=2022-12-26T00:28:00+00:00
[2022-12-26T00:28:15.377+0000] {processor.py:175} INFO - Processing /home/airflow/.local/lib/python3.7/site-packages/airflow/example_dags/example_sla_dag.py took 0.097 seconds
