[2022-12-26T00:26:44.526+0000] {processor.py:153} INFO - Started process (PID=68) to work on /home/airflow/.local/lib/python3.7/site-packages/airflow/example_dags/example_branch_operator.py
[2022-12-26T00:26:44.528+0000] {processor.py:743} INFO - Processing file /home/airflow/.local/lib/python3.7/site-packages/airflow/example_dags/example_branch_operator.py for tasks to queue
[2022-12-26T00:26:44.529+0000] {logging_mixin.py:137} INFO - [2022-12-26T00:26:44.529+0000] {dagbag.py:538} INFO - Filling up the DagBag from /home/airflow/.local/lib/python3.7/site-packages/airflow/example_dags/example_branch_operator.py
[2022-12-26T00:26:44.545+0000] {processor.py:753} INFO - DAG(s) dict_keys(['example_branch_operator']) retrieved from /home/airflow/.local/lib/python3.7/site-packages/airflow/example_dags/example_branch_operator.py
[2022-12-26T00:26:44.615+0000] {logging_mixin.py:137} INFO - [2022-12-26T00:26:44.615+0000] {manager.py:504} INFO - Created Permission View: can edit on DAG:example_branch_operator
[2022-12-26T00:26:44.621+0000] {logging_mixin.py:137} INFO - [2022-12-26T00:26:44.620+0000] {manager.py:504} INFO - Created Permission View: can read on DAG:example_branch_operator
[2022-12-26T00:26:44.624+0000] {logging_mixin.py:137} INFO - [2022-12-26T00:26:44.624+0000] {manager.py:504} INFO - Created Permission View: can delete on DAG:example_branch_operator
[2022-12-26T00:26:44.625+0000] {logging_mixin.py:137} INFO - [2022-12-26T00:26:44.625+0000] {dag.py:2676} INFO - Sync 1 DAGs
[2022-12-26T00:26:44.633+0000] {logging_mixin.py:137} INFO - [2022-12-26T00:26:44.633+0000] {dag.py:2697} INFO - Creating ORM DAG for example_branch_operator
[2022-12-26T00:26:44.641+0000] {logging_mixin.py:137} INFO - [2022-12-26T00:26:44.640+0000] {dag.py:3427} INFO - Setting next_dagrun for example_branch_operator to 2022-12-25T00:00:00+00:00, run_after=2022-12-26T00:00:00+00:00
[2022-12-26T00:26:44.651+0000] {processor.py:175} INFO - Processing /home/airflow/.local/lib/python3.7/site-packages/airflow/example_dags/example_branch_operator.py took 0.128 seconds
[2022-12-26T00:27:15.010+0000] {processor.py:153} INFO - Started process (PID=146) to work on /home/airflow/.local/lib/python3.7/site-packages/airflow/example_dags/example_branch_operator.py
[2022-12-26T00:27:15.011+0000] {processor.py:743} INFO - Processing file /home/airflow/.local/lib/python3.7/site-packages/airflow/example_dags/example_branch_operator.py for tasks to queue
[2022-12-26T00:27:15.012+0000] {logging_mixin.py:137} INFO - [2022-12-26T00:27:15.012+0000] {dagbag.py:538} INFO - Filling up the DagBag from /home/airflow/.local/lib/python3.7/site-packages/airflow/example_dags/example_branch_operator.py
[2022-12-26T00:27:15.025+0000] {processor.py:753} INFO - DAG(s) dict_keys(['example_branch_operator']) retrieved from /home/airflow/.local/lib/python3.7/site-packages/airflow/example_dags/example_branch_operator.py
[2022-12-26T00:27:15.052+0000] {logging_mixin.py:137} INFO - [2022-12-26T00:27:15.052+0000] {dag.py:2676} INFO - Sync 1 DAGs
[2022-12-26T00:27:15.069+0000] {logging_mixin.py:137} INFO - [2022-12-26T00:27:15.069+0000] {dag.py:3427} INFO - Setting next_dagrun for example_branch_operator to 2022-12-25T00:00:00+00:00, run_after=2022-12-26T00:00:00+00:00
[2022-12-26T00:27:15.081+0000] {processor.py:175} INFO - Processing /home/airflow/.local/lib/python3.7/site-packages/airflow/example_dags/example_branch_operator.py took 0.074 seconds
[2022-12-26T00:27:45.193+0000] {processor.py:153} INFO - Started process (PID=223) to work on /home/airflow/.local/lib/python3.7/site-packages/airflow/example_dags/example_branch_operator.py
[2022-12-26T00:27:45.194+0000] {processor.py:743} INFO - Processing file /home/airflow/.local/lib/python3.7/site-packages/airflow/example_dags/example_branch_operator.py for tasks to queue
[2022-12-26T00:27:45.195+0000] {logging_mixin.py:137} INFO - [2022-12-26T00:27:45.195+0000] {dagbag.py:538} INFO - Filling up the DagBag from /home/airflow/.local/lib/python3.7/site-packages/airflow/example_dags/example_branch_operator.py
[2022-12-26T00:27:45.207+0000] {processor.py:753} INFO - DAG(s) dict_keys(['example_branch_operator']) retrieved from /home/airflow/.local/lib/python3.7/site-packages/airflow/example_dags/example_branch_operator.py
[2022-12-26T00:27:45.235+0000] {logging_mixin.py:137} INFO - [2022-12-26T00:27:45.235+0000] {dag.py:2676} INFO - Sync 1 DAGs
[2022-12-26T00:27:45.250+0000] {logging_mixin.py:137} INFO - [2022-12-26T00:27:45.249+0000] {dag.py:3427} INFO - Setting next_dagrun for example_branch_operator to 2022-12-25T00:00:00+00:00, run_after=2022-12-26T00:00:00+00:00
[2022-12-26T00:27:45.260+0000] {processor.py:175} INFO - Processing /home/airflow/.local/lib/python3.7/site-packages/airflow/example_dags/example_branch_operator.py took 0.071 seconds
[2022-12-26T00:28:15.400+0000] {processor.py:153} INFO - Started process (PID=287) to work on /home/airflow/.local/lib/python3.7/site-packages/airflow/example_dags/example_branch_operator.py
[2022-12-26T00:28:15.401+0000] {processor.py:743} INFO - Processing file /home/airflow/.local/lib/python3.7/site-packages/airflow/example_dags/example_branch_operator.py for tasks to queue
[2022-12-26T00:28:15.402+0000] {logging_mixin.py:137} INFO - [2022-12-26T00:28:15.402+0000] {dagbag.py:538} INFO - Filling up the DagBag from /home/airflow/.local/lib/python3.7/site-packages/airflow/example_dags/example_branch_operator.py
[2022-12-26T00:28:15.415+0000] {processor.py:753} INFO - DAG(s) dict_keys(['example_branch_operator']) retrieved from /home/airflow/.local/lib/python3.7/site-packages/airflow/example_dags/example_branch_operator.py
[2022-12-26T00:28:15.442+0000] {logging_mixin.py:137} INFO - [2022-12-26T00:28:15.442+0000] {dag.py:2676} INFO - Sync 1 DAGs
[2022-12-26T00:28:15.458+0000] {logging_mixin.py:137} INFO - [2022-12-26T00:28:15.458+0000] {dag.py:3427} INFO - Setting next_dagrun for example_branch_operator to 2022-12-25T00:00:00+00:00, run_after=2022-12-26T00:00:00+00:00
[2022-12-26T00:28:15.470+0000] {processor.py:175} INFO - Processing /home/airflow/.local/lib/python3.7/site-packages/airflow/example_dags/example_branch_operator.py took 0.073 seconds
