[2022-12-26T02:07:28.100+0000] {processor.py:153} INFO - Started process (PID=38) to work on /home/airflow/.local/lib/python3.7/site-packages/airflow/example_dags/example_datasets.py
[2022-12-26T02:07:28.102+0000] {processor.py:743} INFO - Processing file /home/airflow/.local/lib/python3.7/site-packages/airflow/example_dags/example_datasets.py for tasks to queue
[2022-12-26T02:07:28.103+0000] {logging_mixin.py:137} INFO - [2022-12-26T02:07:28.103+0000] {dagbag.py:538} INFO - Filling up the DagBag from /home/airflow/.local/lib/python3.7/site-packages/airflow/example_dags/example_datasets.py
[2022-12-26T02:07:28.132+0000] {processor.py:753} INFO - DAG(s) dict_keys(['dataset_consumes_1_never_scheduled', 'dataset_consumes_1', 'dataset_consumes_1_and_2', 'dataset_produces_2', 'dataset_consumes_unknown_never_scheduled', 'dataset_produces_1']) retrieved from /home/airflow/.local/lib/python3.7/site-packages/airflow/example_dags/example_datasets.py
[2022-12-26T02:07:28.177+0000] {logging_mixin.py:137} INFO - [2022-12-26T02:07:28.177+0000] {dag.py:2676} INFO - Sync 6 DAGs
[2022-12-26T02:07:28.209+0000] {logging_mixin.py:137} INFO - [2022-12-26T02:07:28.209+0000] {dag.py:3427} INFO - Setting next_dagrun for dataset_consumes_1 to None, run_after=None
[2022-12-26T02:07:28.216+0000] {logging_mixin.py:137} INFO - [2022-12-26T02:07:28.215+0000] {dag.py:3427} INFO - Setting next_dagrun for dataset_consumes_1_and_2 to None, run_after=None
[2022-12-26T02:07:28.218+0000] {logging_mixin.py:137} INFO - [2022-12-26T02:07:28.218+0000] {dag.py:3427} INFO - Setting next_dagrun for dataset_consumes_1_never_scheduled to None, run_after=None
[2022-12-26T02:07:28.220+0000] {logging_mixin.py:137} INFO - [2022-12-26T02:07:28.220+0000] {dag.py:3427} INFO - Setting next_dagrun for dataset_consumes_unknown_never_scheduled to None, run_after=None
[2022-12-26T02:07:28.224+0000] {logging_mixin.py:137} INFO - [2022-12-26T02:07:28.224+0000] {dag.py:3427} INFO - Setting next_dagrun for dataset_produces_1 to 2022-12-25T00:00:00+00:00, run_after=2022-12-26T00:00:00+00:00
[2022-12-26T02:07:28.226+0000] {logging_mixin.py:137} INFO - [2022-12-26T02:07:28.226+0000] {dag.py:3427} INFO - Setting next_dagrun for dataset_produces_2 to None, run_after=None
[2022-12-26T02:07:28.274+0000] {processor.py:175} INFO - Processing /home/airflow/.local/lib/python3.7/site-packages/airflow/example_dags/example_datasets.py took 0.177 seconds
[2022-12-26T02:07:58.505+0000] {processor.py:153} INFO - Started process (PID=115) to work on /home/airflow/.local/lib/python3.7/site-packages/airflow/example_dags/example_datasets.py
[2022-12-26T02:07:58.507+0000] {processor.py:743} INFO - Processing file /home/airflow/.local/lib/python3.7/site-packages/airflow/example_dags/example_datasets.py for tasks to queue
[2022-12-26T02:07:58.508+0000] {logging_mixin.py:137} INFO - [2022-12-26T02:07:58.508+0000] {dagbag.py:538} INFO - Filling up the DagBag from /home/airflow/.local/lib/python3.7/site-packages/airflow/example_dags/example_datasets.py
[2022-12-26T02:07:58.520+0000] {processor.py:753} INFO - DAG(s) dict_keys(['dataset_consumes_1', 'dataset_produces_1', 'dataset_produces_2', 'dataset_consumes_1_never_scheduled', 'dataset_consumes_1_and_2', 'dataset_consumes_unknown_never_scheduled']) retrieved from /home/airflow/.local/lib/python3.7/site-packages/airflow/example_dags/example_datasets.py
[2022-12-26T02:07:58.586+0000] {logging_mixin.py:137} INFO - [2022-12-26T02:07:58.586+0000] {dag.py:2676} INFO - Sync 6 DAGs
[2022-12-26T02:07:58.603+0000] {logging_mixin.py:137} INFO - [2022-12-26T02:07:58.603+0000] {dag.py:3427} INFO - Setting next_dagrun for dataset_consumes_1 to None, run_after=None
[2022-12-26T02:07:58.605+0000] {logging_mixin.py:137} INFO - [2022-12-26T02:07:58.605+0000] {dag.py:3427} INFO - Setting next_dagrun for dataset_consumes_1_and_2 to None, run_after=None
[2022-12-26T02:07:58.606+0000] {logging_mixin.py:137} INFO - [2022-12-26T02:07:58.606+0000] {dag.py:3427} INFO - Setting next_dagrun for dataset_consumes_1_never_scheduled to None, run_after=None
[2022-12-26T02:07:58.608+0000] {logging_mixin.py:137} INFO - [2022-12-26T02:07:58.607+0000] {dag.py:3427} INFO - Setting next_dagrun for dataset_consumes_unknown_never_scheduled to None, run_after=None
[2022-12-26T02:07:58.610+0000] {logging_mixin.py:137} INFO - [2022-12-26T02:07:58.610+0000] {dag.py:3427} INFO - Setting next_dagrun for dataset_produces_1 to 2022-12-25T00:00:00+00:00, run_after=2022-12-26T00:00:00+00:00
[2022-12-26T02:07:58.612+0000] {logging_mixin.py:137} INFO - [2022-12-26T02:07:58.611+0000] {dag.py:3427} INFO - Setting next_dagrun for dataset_produces_2 to None, run_after=None
[2022-12-26T02:07:58.637+0000] {processor.py:175} INFO - Processing /home/airflow/.local/lib/python3.7/site-packages/airflow/example_dags/example_datasets.py took 0.135 seconds
[2022-12-26T02:08:29.059+0000] {processor.py:153} INFO - Started process (PID=189) to work on /home/airflow/.local/lib/python3.7/site-packages/airflow/example_dags/example_datasets.py
[2022-12-26T02:08:29.060+0000] {processor.py:743} INFO - Processing file /home/airflow/.local/lib/python3.7/site-packages/airflow/example_dags/example_datasets.py for tasks to queue
[2022-12-26T02:08:29.061+0000] {logging_mixin.py:137} INFO - [2022-12-26T02:08:29.061+0000] {dagbag.py:538} INFO - Filling up the DagBag from /home/airflow/.local/lib/python3.7/site-packages/airflow/example_dags/example_datasets.py
[2022-12-26T02:08:29.074+0000] {processor.py:753} INFO - DAG(s) dict_keys(['dataset_consumes_1_never_scheduled', 'dataset_consumes_1_and_2', 'dataset_consumes_unknown_never_scheduled', 'dataset_consumes_1', 'dataset_produces_1', 'dataset_produces_2']) retrieved from /home/airflow/.local/lib/python3.7/site-packages/airflow/example_dags/example_datasets.py
[2022-12-26T02:08:29.112+0000] {logging_mixin.py:137} INFO - [2022-12-26T02:08:29.112+0000] {dag.py:2676} INFO - Sync 6 DAGs
[2022-12-26T02:08:29.130+0000] {logging_mixin.py:137} INFO - [2022-12-26T02:08:29.130+0000] {dag.py:3427} INFO - Setting next_dagrun for dataset_consumes_1 to None, run_after=None
[2022-12-26T02:08:29.133+0000] {logging_mixin.py:137} INFO - [2022-12-26T02:08:29.133+0000] {dag.py:3427} INFO - Setting next_dagrun for dataset_consumes_1_and_2 to None, run_after=None
[2022-12-26T02:08:29.135+0000] {logging_mixin.py:137} INFO - [2022-12-26T02:08:29.135+0000] {dag.py:3427} INFO - Setting next_dagrun for dataset_consumes_1_never_scheduled to None, run_after=None
[2022-12-26T02:08:29.136+0000] {logging_mixin.py:137} INFO - [2022-12-26T02:08:29.136+0000] {dag.py:3427} INFO - Setting next_dagrun for dataset_consumes_unknown_never_scheduled to None, run_after=None
[2022-12-26T02:08:29.139+0000] {logging_mixin.py:137} INFO - [2022-12-26T02:08:29.139+0000] {dag.py:3427} INFO - Setting next_dagrun for dataset_produces_1 to 2022-12-25T00:00:00+00:00, run_after=2022-12-26T00:00:00+00:00
[2022-12-26T02:08:29.140+0000] {logging_mixin.py:137} INFO - [2022-12-26T02:08:29.140+0000] {dag.py:3427} INFO - Setting next_dagrun for dataset_produces_2 to None, run_after=None
[2022-12-26T02:08:29.164+0000] {processor.py:175} INFO - Processing /home/airflow/.local/lib/python3.7/site-packages/airflow/example_dags/example_datasets.py took 0.108 seconds
[2022-12-26T02:08:59.539+0000] {processor.py:153} INFO - Started process (PID=258) to work on /home/airflow/.local/lib/python3.7/site-packages/airflow/example_dags/example_datasets.py
[2022-12-26T02:08:59.540+0000] {processor.py:743} INFO - Processing file /home/airflow/.local/lib/python3.7/site-packages/airflow/example_dags/example_datasets.py for tasks to queue
[2022-12-26T02:08:59.541+0000] {logging_mixin.py:137} INFO - [2022-12-26T02:08:59.541+0000] {dagbag.py:538} INFO - Filling up the DagBag from /home/airflow/.local/lib/python3.7/site-packages/airflow/example_dags/example_datasets.py
[2022-12-26T02:08:59.554+0000] {processor.py:753} INFO - DAG(s) dict_keys(['dataset_consumes_1_and_2', 'dataset_consumes_unknown_never_scheduled', 'dataset_produces_1', 'dataset_consumes_1', 'dataset_produces_2', 'dataset_consumes_1_never_scheduled']) retrieved from /home/airflow/.local/lib/python3.7/site-packages/airflow/example_dags/example_datasets.py
[2022-12-26T02:08:59.591+0000] {logging_mixin.py:137} INFO - [2022-12-26T02:08:59.591+0000] {dag.py:2676} INFO - Sync 6 DAGs
[2022-12-26T02:08:59.608+0000] {logging_mixin.py:137} INFO - [2022-12-26T02:08:59.608+0000] {dag.py:3427} INFO - Setting next_dagrun for dataset_consumes_1 to None, run_after=None
[2022-12-26T02:08:59.611+0000] {logging_mixin.py:137} INFO - [2022-12-26T02:08:59.611+0000] {dag.py:3427} INFO - Setting next_dagrun for dataset_consumes_1_and_2 to None, run_after=None
[2022-12-26T02:08:59.613+0000] {logging_mixin.py:137} INFO - [2022-12-26T02:08:59.612+0000] {dag.py:3427} INFO - Setting next_dagrun for dataset_consumes_1_never_scheduled to None, run_after=None
[2022-12-26T02:08:59.614+0000] {logging_mixin.py:137} INFO - [2022-12-26T02:08:59.614+0000] {dag.py:3427} INFO - Setting next_dagrun for dataset_consumes_unknown_never_scheduled to None, run_after=None
[2022-12-26T02:08:59.616+0000] {logging_mixin.py:137} INFO - [2022-12-26T02:08:59.616+0000] {dag.py:3427} INFO - Setting next_dagrun for dataset_produces_1 to 2022-12-25T00:00:00+00:00, run_after=2022-12-26T00:00:00+00:00
[2022-12-26T02:08:59.618+0000] {logging_mixin.py:137} INFO - [2022-12-26T02:08:59.617+0000] {dag.py:3427} INFO - Setting next_dagrun for dataset_produces_2 to None, run_after=None
[2022-12-26T02:08:59.641+0000] {processor.py:175} INFO - Processing /home/airflow/.local/lib/python3.7/site-packages/airflow/example_dags/example_datasets.py took 0.104 seconds
[2022-12-26T02:09:29.853+0000] {processor.py:153} INFO - Started process (PID=335) to work on /home/airflow/.local/lib/python3.7/site-packages/airflow/example_dags/example_datasets.py
[2022-12-26T02:09:29.855+0000] {processor.py:743} INFO - Processing file /home/airflow/.local/lib/python3.7/site-packages/airflow/example_dags/example_datasets.py for tasks to queue
[2022-12-26T02:09:29.856+0000] {logging_mixin.py:137} INFO - [2022-12-26T02:09:29.856+0000] {dagbag.py:538} INFO - Filling up the DagBag from /home/airflow/.local/lib/python3.7/site-packages/airflow/example_dags/example_datasets.py
[2022-12-26T02:09:29.868+0000] {processor.py:753} INFO - DAG(s) dict_keys(['dataset_produces_1', 'dataset_produces_2', 'dataset_consumes_1', 'dataset_consumes_1_never_scheduled', 'dataset_consumes_unknown_never_scheduled', 'dataset_consumes_1_and_2']) retrieved from /home/airflow/.local/lib/python3.7/site-packages/airflow/example_dags/example_datasets.py
[2022-12-26T02:09:29.903+0000] {logging_mixin.py:137} INFO - [2022-12-26T02:09:29.903+0000] {dag.py:2676} INFO - Sync 6 DAGs
[2022-12-26T02:09:29.920+0000] {logging_mixin.py:137} INFO - [2022-12-26T02:09:29.920+0000] {dag.py:3427} INFO - Setting next_dagrun for dataset_consumes_1 to None, run_after=None
[2022-12-26T02:09:29.923+0000] {logging_mixin.py:137} INFO - [2022-12-26T02:09:29.922+0000] {dag.py:3427} INFO - Setting next_dagrun for dataset_consumes_1_and_2 to None, run_after=None
[2022-12-26T02:09:29.924+0000] {logging_mixin.py:137} INFO - [2022-12-26T02:09:29.924+0000] {dag.py:3427} INFO - Setting next_dagrun for dataset_consumes_1_never_scheduled to None, run_after=None
[2022-12-26T02:09:29.925+0000] {logging_mixin.py:137} INFO - [2022-12-26T02:09:29.925+0000] {dag.py:3427} INFO - Setting next_dagrun for dataset_consumes_unknown_never_scheduled to None, run_after=None
[2022-12-26T02:09:29.927+0000] {logging_mixin.py:137} INFO - [2022-12-26T02:09:29.927+0000] {dag.py:3427} INFO - Setting next_dagrun for dataset_produces_1 to 2022-12-25T00:00:00+00:00, run_after=2022-12-26T00:00:00+00:00
[2022-12-26T02:09:29.928+0000] {logging_mixin.py:137} INFO - [2022-12-26T02:09:29.928+0000] {dag.py:3427} INFO - Setting next_dagrun for dataset_produces_2 to None, run_after=None
[2022-12-26T02:09:29.946+0000] {processor.py:175} INFO - Processing /home/airflow/.local/lib/python3.7/site-packages/airflow/example_dags/example_datasets.py took 0.096 seconds
[2022-12-26T02:10:00.204+0000] {processor.py:153} INFO - Started process (PID=412) to work on /home/airflow/.local/lib/python3.7/site-packages/airflow/example_dags/example_datasets.py
[2022-12-26T02:10:00.206+0000] {processor.py:743} INFO - Processing file /home/airflow/.local/lib/python3.7/site-packages/airflow/example_dags/example_datasets.py for tasks to queue
[2022-12-26T02:10:00.207+0000] {logging_mixin.py:137} INFO - [2022-12-26T02:10:00.207+0000] {dagbag.py:538} INFO - Filling up the DagBag from /home/airflow/.local/lib/python3.7/site-packages/airflow/example_dags/example_datasets.py
[2022-12-26T02:10:00.221+0000] {processor.py:753} INFO - DAG(s) dict_keys(['dataset_consumes_1_never_scheduled', 'dataset_produces_2', 'dataset_consumes_unknown_never_scheduled', 'dataset_produces_1', 'dataset_consumes_1_and_2', 'dataset_consumes_1']) retrieved from /home/airflow/.local/lib/python3.7/site-packages/airflow/example_dags/example_datasets.py
[2022-12-26T02:10:00.264+0000] {logging_mixin.py:137} INFO - [2022-12-26T02:10:00.264+0000] {dag.py:2676} INFO - Sync 6 DAGs
[2022-12-26T02:10:00.284+0000] {logging_mixin.py:137} INFO - [2022-12-26T02:10:00.283+0000] {dag.py:3427} INFO - Setting next_dagrun for dataset_consumes_1 to None, run_after=None
[2022-12-26T02:10:00.287+0000] {logging_mixin.py:137} INFO - [2022-12-26T02:10:00.287+0000] {dag.py:3427} INFO - Setting next_dagrun for dataset_consumes_1_and_2 to None, run_after=None
[2022-12-26T02:10:00.289+0000] {logging_mixin.py:137} INFO - [2022-12-26T02:10:00.289+0000] {dag.py:3427} INFO - Setting next_dagrun for dataset_consumes_1_never_scheduled to None, run_after=None
[2022-12-26T02:10:00.292+0000] {logging_mixin.py:137} INFO - [2022-12-26T02:10:00.292+0000] {dag.py:3427} INFO - Setting next_dagrun for dataset_consumes_unknown_never_scheduled to None, run_after=None
[2022-12-26T02:10:00.295+0000] {logging_mixin.py:137} INFO - [2022-12-26T02:10:00.295+0000] {dag.py:3427} INFO - Setting next_dagrun for dataset_produces_1 to 2022-12-25T00:00:00+00:00, run_after=2022-12-26T00:00:00+00:00
[2022-12-26T02:10:00.296+0000] {logging_mixin.py:137} INFO - [2022-12-26T02:10:00.296+0000] {dag.py:3427} INFO - Setting next_dagrun for dataset_produces_2 to None, run_after=None
[2022-12-26T02:10:00.319+0000] {processor.py:175} INFO - Processing /home/airflow/.local/lib/python3.7/site-packages/airflow/example_dags/example_datasets.py took 0.117 seconds
[2022-12-26T02:10:30.529+0000] {processor.py:153} INFO - Started process (PID=476) to work on /home/airflow/.local/lib/python3.7/site-packages/airflow/example_dags/example_datasets.py
[2022-12-26T02:10:30.531+0000] {processor.py:743} INFO - Processing file /home/airflow/.local/lib/python3.7/site-packages/airflow/example_dags/example_datasets.py for tasks to queue
[2022-12-26T02:10:30.532+0000] {logging_mixin.py:137} INFO - [2022-12-26T02:10:30.532+0000] {dagbag.py:538} INFO - Filling up the DagBag from /home/airflow/.local/lib/python3.7/site-packages/airflow/example_dags/example_datasets.py
[2022-12-26T02:10:30.546+0000] {processor.py:753} INFO - DAG(s) dict_keys(['dataset_consumes_1_and_2', 'dataset_produces_1', 'dataset_consumes_1', 'dataset_consumes_1_never_scheduled', 'dataset_consumes_unknown_never_scheduled', 'dataset_produces_2']) retrieved from /home/airflow/.local/lib/python3.7/site-packages/airflow/example_dags/example_datasets.py
[2022-12-26T02:10:30.585+0000] {logging_mixin.py:137} INFO - [2022-12-26T02:10:30.585+0000] {dag.py:2676} INFO - Sync 6 DAGs
[2022-12-26T02:10:30.603+0000] {logging_mixin.py:137} INFO - [2022-12-26T02:10:30.603+0000] {dag.py:3427} INFO - Setting next_dagrun for dataset_consumes_1 to None, run_after=None
[2022-12-26T02:10:30.605+0000] {logging_mixin.py:137} INFO - [2022-12-26T02:10:30.605+0000] {dag.py:3427} INFO - Setting next_dagrun for dataset_consumes_1_and_2 to None, run_after=None
[2022-12-26T02:10:30.607+0000] {logging_mixin.py:137} INFO - [2022-12-26T02:10:30.607+0000] {dag.py:3427} INFO - Setting next_dagrun for dataset_consumes_1_never_scheduled to None, run_after=None
[2022-12-26T02:10:30.608+0000] {logging_mixin.py:137} INFO - [2022-12-26T02:10:30.608+0000] {dag.py:3427} INFO - Setting next_dagrun for dataset_consumes_unknown_never_scheduled to None, run_after=None
[2022-12-26T02:10:30.611+0000] {logging_mixin.py:137} INFO - [2022-12-26T02:10:30.611+0000] {dag.py:3427} INFO - Setting next_dagrun for dataset_produces_1 to 2022-12-25T00:00:00+00:00, run_after=2022-12-26T00:00:00+00:00
[2022-12-26T02:10:30.612+0000] {logging_mixin.py:137} INFO - [2022-12-26T02:10:30.612+0000] {dag.py:3427} INFO - Setting next_dagrun for dataset_produces_2 to None, run_after=None
[2022-12-26T02:10:30.634+0000] {processor.py:175} INFO - Processing /home/airflow/.local/lib/python3.7/site-packages/airflow/example_dags/example_datasets.py took 0.108 seconds
[2022-12-26T02:11:00.948+0000] {processor.py:153} INFO - Started process (PID=553) to work on /home/airflow/.local/lib/python3.7/site-packages/airflow/example_dags/example_datasets.py
[2022-12-26T02:11:00.950+0000] {processor.py:743} INFO - Processing file /home/airflow/.local/lib/python3.7/site-packages/airflow/example_dags/example_datasets.py for tasks to queue
[2022-12-26T02:11:00.950+0000] {logging_mixin.py:137} INFO - [2022-12-26T02:11:00.950+0000] {dagbag.py:538} INFO - Filling up the DagBag from /home/airflow/.local/lib/python3.7/site-packages/airflow/example_dags/example_datasets.py
[2022-12-26T02:11:00.963+0000] {processor.py:753} INFO - DAG(s) dict_keys(['dataset_consumes_1_and_2', 'dataset_consumes_1_never_scheduled', 'dataset_produces_2', 'dataset_produces_1', 'dataset_consumes_1', 'dataset_consumes_unknown_never_scheduled']) retrieved from /home/airflow/.local/lib/python3.7/site-packages/airflow/example_dags/example_datasets.py
[2022-12-26T02:11:01.002+0000] {logging_mixin.py:137} INFO - [2022-12-26T02:11:01.002+0000] {dag.py:2676} INFO - Sync 6 DAGs
[2022-12-26T02:11:01.020+0000] {logging_mixin.py:137} INFO - [2022-12-26T02:11:01.020+0000] {dag.py:3427} INFO - Setting next_dagrun for dataset_consumes_1 to None, run_after=None
[2022-12-26T02:11:01.022+0000] {logging_mixin.py:137} INFO - [2022-12-26T02:11:01.022+0000] {dag.py:3427} INFO - Setting next_dagrun for dataset_consumes_1_and_2 to None, run_after=None
[2022-12-26T02:11:01.024+0000] {logging_mixin.py:137} INFO - [2022-12-26T02:11:01.024+0000] {dag.py:3427} INFO - Setting next_dagrun for dataset_consumes_1_never_scheduled to None, run_after=None
[2022-12-26T02:11:01.025+0000] {logging_mixin.py:137} INFO - [2022-12-26T02:11:01.025+0000] {dag.py:3427} INFO - Setting next_dagrun for dataset_consumes_unknown_never_scheduled to None, run_after=None
[2022-12-26T02:11:01.027+0000] {logging_mixin.py:137} INFO - [2022-12-26T02:11:01.027+0000] {dag.py:3427} INFO - Setting next_dagrun for dataset_produces_1 to 2022-12-25T00:00:00+00:00, run_after=2022-12-26T00:00:00+00:00
[2022-12-26T02:11:01.029+0000] {logging_mixin.py:137} INFO - [2022-12-26T02:11:01.029+0000] {dag.py:3427} INFO - Setting next_dagrun for dataset_produces_2 to None, run_after=None
[2022-12-26T02:11:01.052+0000] {processor.py:175} INFO - Processing /home/airflow/.local/lib/python3.7/site-packages/airflow/example_dags/example_datasets.py took 0.106 seconds
[2022-12-26T02:11:31.259+0000] {processor.py:153} INFO - Started process (PID=631) to work on /home/airflow/.local/lib/python3.7/site-packages/airflow/example_dags/example_datasets.py
[2022-12-26T02:11:31.260+0000] {processor.py:743} INFO - Processing file /home/airflow/.local/lib/python3.7/site-packages/airflow/example_dags/example_datasets.py for tasks to queue
[2022-12-26T02:11:31.261+0000] {logging_mixin.py:137} INFO - [2022-12-26T02:11:31.261+0000] {dagbag.py:538} INFO - Filling up the DagBag from /home/airflow/.local/lib/python3.7/site-packages/airflow/example_dags/example_datasets.py
[2022-12-26T02:11:31.273+0000] {processor.py:753} INFO - DAG(s) dict_keys(['dataset_consumes_1_never_scheduled', 'dataset_produces_1', 'dataset_produces_2', 'dataset_consumes_1', 'dataset_consumes_1_and_2', 'dataset_consumes_unknown_never_scheduled']) retrieved from /home/airflow/.local/lib/python3.7/site-packages/airflow/example_dags/example_datasets.py
[2022-12-26T02:11:31.309+0000] {logging_mixin.py:137} INFO - [2022-12-26T02:11:31.308+0000] {dag.py:2676} INFO - Sync 6 DAGs
[2022-12-26T02:11:31.326+0000] {logging_mixin.py:137} INFO - [2022-12-26T02:11:31.326+0000] {dag.py:3427} INFO - Setting next_dagrun for dataset_consumes_1 to None, run_after=None
[2022-12-26T02:11:31.330+0000] {logging_mixin.py:137} INFO - [2022-12-26T02:11:31.330+0000] {dag.py:3427} INFO - Setting next_dagrun for dataset_consumes_1_and_2 to None, run_after=None
[2022-12-26T02:11:31.331+0000] {logging_mixin.py:137} INFO - [2022-12-26T02:11:31.331+0000] {dag.py:3427} INFO - Setting next_dagrun for dataset_consumes_1_never_scheduled to None, run_after=None
[2022-12-26T02:11:31.332+0000] {logging_mixin.py:137} INFO - [2022-12-26T02:11:31.332+0000] {dag.py:3427} INFO - Setting next_dagrun for dataset_consumes_unknown_never_scheduled to None, run_after=None
[2022-12-26T02:11:31.334+0000] {logging_mixin.py:137} INFO - [2022-12-26T02:11:31.334+0000] {dag.py:3427} INFO - Setting next_dagrun for dataset_produces_1 to 2022-12-25T00:00:00+00:00, run_after=2022-12-26T00:00:00+00:00
[2022-12-26T02:11:31.336+0000] {logging_mixin.py:137} INFO - [2022-12-26T02:11:31.336+0000] {dag.py:3427} INFO - Setting next_dagrun for dataset_produces_2 to None, run_after=None
[2022-12-26T02:11:31.357+0000] {processor.py:175} INFO - Processing /home/airflow/.local/lib/python3.7/site-packages/airflow/example_dags/example_datasets.py took 0.101 seconds
[2022-12-26T02:12:01.495+0000] {processor.py:153} INFO - Started process (PID=695) to work on /home/airflow/.local/lib/python3.7/site-packages/airflow/example_dags/example_datasets.py
[2022-12-26T02:12:01.496+0000] {processor.py:743} INFO - Processing file /home/airflow/.local/lib/python3.7/site-packages/airflow/example_dags/example_datasets.py for tasks to queue
[2022-12-26T02:12:01.497+0000] {logging_mixin.py:137} INFO - [2022-12-26T02:12:01.497+0000] {dagbag.py:538} INFO - Filling up the DagBag from /home/airflow/.local/lib/python3.7/site-packages/airflow/example_dags/example_datasets.py
[2022-12-26T02:12:01.508+0000] {processor.py:753} INFO - DAG(s) dict_keys(['dataset_consumes_unknown_never_scheduled', 'dataset_consumes_1_and_2', 'dataset_produces_2', 'dataset_consumes_1', 'dataset_consumes_1_never_scheduled', 'dataset_produces_1']) retrieved from /home/airflow/.local/lib/python3.7/site-packages/airflow/example_dags/example_datasets.py
[2022-12-26T02:12:01.547+0000] {logging_mixin.py:137} INFO - [2022-12-26T02:12:01.547+0000] {dag.py:2676} INFO - Sync 6 DAGs
[2022-12-26T02:12:01.565+0000] {logging_mixin.py:137} INFO - [2022-12-26T02:12:01.565+0000] {dag.py:3427} INFO - Setting next_dagrun for dataset_consumes_1 to None, run_after=None
[2022-12-26T02:12:01.568+0000] {logging_mixin.py:137} INFO - [2022-12-26T02:12:01.568+0000] {dag.py:3427} INFO - Setting next_dagrun for dataset_consumes_1_and_2 to None, run_after=None
[2022-12-26T02:12:01.569+0000] {logging_mixin.py:137} INFO - [2022-12-26T02:12:01.569+0000] {dag.py:3427} INFO - Setting next_dagrun for dataset_consumes_1_never_scheduled to None, run_after=None
[2022-12-26T02:12:01.570+0000] {logging_mixin.py:137} INFO - [2022-12-26T02:12:01.570+0000] {dag.py:3427} INFO - Setting next_dagrun for dataset_consumes_unknown_never_scheduled to None, run_after=None
[2022-12-26T02:12:01.572+0000] {logging_mixin.py:137} INFO - [2022-12-26T02:12:01.572+0000] {dag.py:3427} INFO - Setting next_dagrun for dataset_produces_1 to 2022-12-25T00:00:00+00:00, run_after=2022-12-26T00:00:00+00:00
[2022-12-26T02:12:01.573+0000] {logging_mixin.py:137} INFO - [2022-12-26T02:12:01.573+0000] {dag.py:3427} INFO - Setting next_dagrun for dataset_produces_2 to None, run_after=None
[2022-12-26T02:12:01.595+0000] {processor.py:175} INFO - Processing /home/airflow/.local/lib/python3.7/site-packages/airflow/example_dags/example_datasets.py took 0.103 seconds
[2022-12-26T02:12:32.193+0000] {processor.py:153} INFO - Started process (PID=772) to work on /home/airflow/.local/lib/python3.7/site-packages/airflow/example_dags/example_datasets.py
[2022-12-26T02:12:32.194+0000] {processor.py:743} INFO - Processing file /home/airflow/.local/lib/python3.7/site-packages/airflow/example_dags/example_datasets.py for tasks to queue
[2022-12-26T02:12:32.195+0000] {logging_mixin.py:137} INFO - [2022-12-26T02:12:32.195+0000] {dagbag.py:538} INFO - Filling up the DagBag from /home/airflow/.local/lib/python3.7/site-packages/airflow/example_dags/example_datasets.py
[2022-12-26T02:12:32.207+0000] {processor.py:753} INFO - DAG(s) dict_keys(['dataset_consumes_1_never_scheduled', 'dataset_produces_1', 'dataset_consumes_1_and_2', 'dataset_produces_2', 'dataset_consumes_unknown_never_scheduled', 'dataset_consumes_1']) retrieved from /home/airflow/.local/lib/python3.7/site-packages/airflow/example_dags/example_datasets.py
[2022-12-26T02:12:32.244+0000] {logging_mixin.py:137} INFO - [2022-12-26T02:12:32.244+0000] {dag.py:2676} INFO - Sync 6 DAGs
[2022-12-26T02:12:32.261+0000] {logging_mixin.py:137} INFO - [2022-12-26T02:12:32.261+0000] {dag.py:3427} INFO - Setting next_dagrun for dataset_consumes_1 to None, run_after=None
[2022-12-26T02:12:32.263+0000] {logging_mixin.py:137} INFO - [2022-12-26T02:12:32.263+0000] {dag.py:3427} INFO - Setting next_dagrun for dataset_consumes_1_and_2 to None, run_after=None
[2022-12-26T02:12:32.264+0000] {logging_mixin.py:137} INFO - [2022-12-26T02:12:32.264+0000] {dag.py:3427} INFO - Setting next_dagrun for dataset_consumes_1_never_scheduled to None, run_after=None
[2022-12-26T02:12:32.266+0000] {logging_mixin.py:137} INFO - [2022-12-26T02:12:32.265+0000] {dag.py:3427} INFO - Setting next_dagrun for dataset_consumes_unknown_never_scheduled to None, run_after=None
[2022-12-26T02:12:32.268+0000] {logging_mixin.py:137} INFO - [2022-12-26T02:12:32.268+0000] {dag.py:3427} INFO - Setting next_dagrun for dataset_produces_1 to 2022-12-25T00:00:00+00:00, run_after=2022-12-26T00:00:00+00:00
[2022-12-26T02:12:32.269+0000] {logging_mixin.py:137} INFO - [2022-12-26T02:12:32.269+0000] {dag.py:3427} INFO - Setting next_dagrun for dataset_produces_2 to None, run_after=None
[2022-12-26T02:12:32.290+0000] {processor.py:175} INFO - Processing /home/airflow/.local/lib/python3.7/site-packages/airflow/example_dags/example_datasets.py took 0.100 seconds
[2022-12-26T02:13:02.573+0000] {processor.py:153} INFO - Started process (PID=854) to work on /home/airflow/.local/lib/python3.7/site-packages/airflow/example_dags/example_datasets.py
[2022-12-26T02:13:02.574+0000] {processor.py:743} INFO - Processing file /home/airflow/.local/lib/python3.7/site-packages/airflow/example_dags/example_datasets.py for tasks to queue
[2022-12-26T02:13:02.575+0000] {logging_mixin.py:137} INFO - [2022-12-26T02:13:02.575+0000] {dagbag.py:538} INFO - Filling up the DagBag from /home/airflow/.local/lib/python3.7/site-packages/airflow/example_dags/example_datasets.py
[2022-12-26T02:13:02.587+0000] {processor.py:753} INFO - DAG(s) dict_keys(['dataset_produces_2', 'dataset_consumes_1_never_scheduled', 'dataset_produces_1', 'dataset_consumes_1_and_2', 'dataset_consumes_1', 'dataset_consumes_unknown_never_scheduled']) retrieved from /home/airflow/.local/lib/python3.7/site-packages/airflow/example_dags/example_datasets.py
[2022-12-26T02:13:02.626+0000] {logging_mixin.py:137} INFO - [2022-12-26T02:13:02.626+0000] {dag.py:2676} INFO - Sync 6 DAGs
[2022-12-26T02:13:02.642+0000] {logging_mixin.py:137} INFO - [2022-12-26T02:13:02.642+0000] {dag.py:3427} INFO - Setting next_dagrun for dataset_consumes_1 to None, run_after=None
[2022-12-26T02:13:02.645+0000] {logging_mixin.py:137} INFO - [2022-12-26T02:13:02.645+0000] {dag.py:3427} INFO - Setting next_dagrun for dataset_consumes_1_and_2 to None, run_after=None
[2022-12-26T02:13:02.646+0000] {logging_mixin.py:137} INFO - [2022-12-26T02:13:02.646+0000] {dag.py:3427} INFO - Setting next_dagrun for dataset_consumes_1_never_scheduled to None, run_after=None
[2022-12-26T02:13:02.647+0000] {logging_mixin.py:137} INFO - [2022-12-26T02:13:02.647+0000] {dag.py:3427} INFO - Setting next_dagrun for dataset_consumes_unknown_never_scheduled to None, run_after=None
[2022-12-26T02:13:02.649+0000] {logging_mixin.py:137} INFO - [2022-12-26T02:13:02.649+0000] {dag.py:3427} INFO - Setting next_dagrun for dataset_produces_1 to 2022-12-25T00:00:00+00:00, run_after=2022-12-26T00:00:00+00:00
[2022-12-26T02:13:02.651+0000] {logging_mixin.py:137} INFO - [2022-12-26T02:13:02.651+0000] {dag.py:3427} INFO - Setting next_dagrun for dataset_produces_2 to None, run_after=None
[2022-12-26T02:13:02.673+0000] {processor.py:175} INFO - Processing /home/airflow/.local/lib/python3.7/site-packages/airflow/example_dags/example_datasets.py took 0.103 seconds
[2022-12-26T02:13:33.028+0000] {processor.py:153} INFO - Started process (PID=918) to work on /home/airflow/.local/lib/python3.7/site-packages/airflow/example_dags/example_datasets.py
[2022-12-26T02:13:33.029+0000] {processor.py:743} INFO - Processing file /home/airflow/.local/lib/python3.7/site-packages/airflow/example_dags/example_datasets.py for tasks to queue
[2022-12-26T02:13:33.029+0000] {logging_mixin.py:137} INFO - [2022-12-26T02:13:33.029+0000] {dagbag.py:538} INFO - Filling up the DagBag from /home/airflow/.local/lib/python3.7/site-packages/airflow/example_dags/example_datasets.py
[2022-12-26T02:13:33.041+0000] {processor.py:753} INFO - DAG(s) dict_keys(['dataset_produces_1', 'dataset_consumes_1_and_2', 'dataset_consumes_unknown_never_scheduled', 'dataset_consumes_1_never_scheduled', 'dataset_consumes_1', 'dataset_produces_2']) retrieved from /home/airflow/.local/lib/python3.7/site-packages/airflow/example_dags/example_datasets.py
[2022-12-26T02:13:33.079+0000] {logging_mixin.py:137} INFO - [2022-12-26T02:13:33.079+0000] {dag.py:2676} INFO - Sync 6 DAGs
[2022-12-26T02:13:33.097+0000] {logging_mixin.py:137} INFO - [2022-12-26T02:13:33.097+0000] {dag.py:3427} INFO - Setting next_dagrun for dataset_consumes_1 to None, run_after=None
[2022-12-26T02:13:33.100+0000] {logging_mixin.py:137} INFO - [2022-12-26T02:13:33.100+0000] {dag.py:3427} INFO - Setting next_dagrun for dataset_consumes_1_and_2 to None, run_after=None
[2022-12-26T02:13:33.101+0000] {logging_mixin.py:137} INFO - [2022-12-26T02:13:33.101+0000] {dag.py:3427} INFO - Setting next_dagrun for dataset_consumes_1_never_scheduled to None, run_after=None
[2022-12-26T02:13:33.103+0000] {logging_mixin.py:137} INFO - [2022-12-26T02:13:33.102+0000] {dag.py:3427} INFO - Setting next_dagrun for dataset_consumes_unknown_never_scheduled to None, run_after=None
[2022-12-26T02:13:33.105+0000] {logging_mixin.py:137} INFO - [2022-12-26T02:13:33.105+0000] {dag.py:3427} INFO - Setting next_dagrun for dataset_produces_1 to 2022-12-25T00:00:00+00:00, run_after=2022-12-26T00:00:00+00:00
[2022-12-26T02:13:33.106+0000] {logging_mixin.py:137} INFO - [2022-12-26T02:13:33.106+0000] {dag.py:3427} INFO - Setting next_dagrun for dataset_produces_2 to None, run_after=None
[2022-12-26T02:13:33.129+0000] {processor.py:175} INFO - Processing /home/airflow/.local/lib/python3.7/site-packages/airflow/example_dags/example_datasets.py took 0.104 seconds
[2022-12-26T02:14:03.597+0000] {processor.py:153} INFO - Started process (PID=995) to work on /home/airflow/.local/lib/python3.7/site-packages/airflow/example_dags/example_datasets.py
[2022-12-26T02:14:03.598+0000] {processor.py:743} INFO - Processing file /home/airflow/.local/lib/python3.7/site-packages/airflow/example_dags/example_datasets.py for tasks to queue
[2022-12-26T02:14:03.599+0000] {logging_mixin.py:137} INFO - [2022-12-26T02:14:03.599+0000] {dagbag.py:538} INFO - Filling up the DagBag from /home/airflow/.local/lib/python3.7/site-packages/airflow/example_dags/example_datasets.py
[2022-12-26T02:14:03.612+0000] {processor.py:753} INFO - DAG(s) dict_keys(['dataset_consumes_unknown_never_scheduled', 'dataset_consumes_1_never_scheduled', 'dataset_produces_2', 'dataset_produces_1', 'dataset_consumes_1_and_2', 'dataset_consumes_1']) retrieved from /home/airflow/.local/lib/python3.7/site-packages/airflow/example_dags/example_datasets.py
[2022-12-26T02:14:03.647+0000] {logging_mixin.py:137} INFO - [2022-12-26T02:14:03.647+0000] {dag.py:2676} INFO - Sync 6 DAGs
[2022-12-26T02:14:03.666+0000] {logging_mixin.py:137} INFO - [2022-12-26T02:14:03.666+0000] {dag.py:3427} INFO - Setting next_dagrun for dataset_consumes_1 to None, run_after=None
[2022-12-26T02:14:03.669+0000] {logging_mixin.py:137} INFO - [2022-12-26T02:14:03.669+0000] {dag.py:3427} INFO - Setting next_dagrun for dataset_consumes_1_and_2 to None, run_after=None
[2022-12-26T02:14:03.671+0000] {logging_mixin.py:137} INFO - [2022-12-26T02:14:03.671+0000] {dag.py:3427} INFO - Setting next_dagrun for dataset_consumes_1_never_scheduled to None, run_after=None
[2022-12-26T02:14:03.672+0000] {logging_mixin.py:137} INFO - [2022-12-26T02:14:03.672+0000] {dag.py:3427} INFO - Setting next_dagrun for dataset_consumes_unknown_never_scheduled to None, run_after=None
[2022-12-26T02:14:03.675+0000] {logging_mixin.py:137} INFO - [2022-12-26T02:14:03.675+0000] {dag.py:3427} INFO - Setting next_dagrun for dataset_produces_1 to 2022-12-25T00:00:00+00:00, run_after=2022-12-26T00:00:00+00:00
[2022-12-26T02:14:03.676+0000] {logging_mixin.py:137} INFO - [2022-12-26T02:14:03.676+0000] {dag.py:3427} INFO - Setting next_dagrun for dataset_produces_2 to None, run_after=None
[2022-12-26T02:14:03.703+0000] {processor.py:175} INFO - Processing /home/airflow/.local/lib/python3.7/site-packages/airflow/example_dags/example_datasets.py took 0.109 seconds
[2022-12-26T02:14:34.046+0000] {processor.py:153} INFO - Started process (PID=1072) to work on /home/airflow/.local/lib/python3.7/site-packages/airflow/example_dags/example_datasets.py
[2022-12-26T02:14:34.047+0000] {processor.py:743} INFO - Processing file /home/airflow/.local/lib/python3.7/site-packages/airflow/example_dags/example_datasets.py for tasks to queue
[2022-12-26T02:14:34.048+0000] {logging_mixin.py:137} INFO - [2022-12-26T02:14:34.048+0000] {dagbag.py:538} INFO - Filling up the DagBag from /home/airflow/.local/lib/python3.7/site-packages/airflow/example_dags/example_datasets.py
[2022-12-26T02:14:34.062+0000] {processor.py:753} INFO - DAG(s) dict_keys(['dataset_consumes_unknown_never_scheduled', 'dataset_consumes_1_and_2', 'dataset_produces_1', 'dataset_consumes_1', 'dataset_produces_2', 'dataset_consumes_1_never_scheduled']) retrieved from /home/airflow/.local/lib/python3.7/site-packages/airflow/example_dags/example_datasets.py
[2022-12-26T02:14:34.099+0000] {logging_mixin.py:137} INFO - [2022-12-26T02:14:34.099+0000] {dag.py:2676} INFO - Sync 6 DAGs
[2022-12-26T02:14:34.117+0000] {logging_mixin.py:137} INFO - [2022-12-26T02:14:34.117+0000] {dag.py:3427} INFO - Setting next_dagrun for dataset_consumes_1 to None, run_after=None
[2022-12-26T02:14:34.120+0000] {logging_mixin.py:137} INFO - [2022-12-26T02:14:34.120+0000] {dag.py:3427} INFO - Setting next_dagrun for dataset_consumes_1_and_2 to None, run_after=None
[2022-12-26T02:14:34.121+0000] {logging_mixin.py:137} INFO - [2022-12-26T02:14:34.121+0000] {dag.py:3427} INFO - Setting next_dagrun for dataset_consumes_1_never_scheduled to None, run_after=None
[2022-12-26T02:14:34.122+0000] {logging_mixin.py:137} INFO - [2022-12-26T02:14:34.122+0000] {dag.py:3427} INFO - Setting next_dagrun for dataset_consumes_unknown_never_scheduled to None, run_after=None
[2022-12-26T02:14:34.124+0000] {logging_mixin.py:137} INFO - [2022-12-26T02:14:34.124+0000] {dag.py:3427} INFO - Setting next_dagrun for dataset_produces_1 to 2022-12-25T00:00:00+00:00, run_after=2022-12-26T00:00:00+00:00
[2022-12-26T02:14:34.126+0000] {logging_mixin.py:137} INFO - [2022-12-26T02:14:34.125+0000] {dag.py:3427} INFO - Setting next_dagrun for dataset_produces_2 to None, run_after=None
[2022-12-26T02:14:34.146+0000] {processor.py:175} INFO - Processing /home/airflow/.local/lib/python3.7/site-packages/airflow/example_dags/example_datasets.py took 0.102 seconds
[2022-12-26T02:15:04.493+0000] {processor.py:153} INFO - Started process (PID=1136) to work on /home/airflow/.local/lib/python3.7/site-packages/airflow/example_dags/example_datasets.py
[2022-12-26T02:15:04.495+0000] {processor.py:743} INFO - Processing file /home/airflow/.local/lib/python3.7/site-packages/airflow/example_dags/example_datasets.py for tasks to queue
[2022-12-26T02:15:04.496+0000] {logging_mixin.py:137} INFO - [2022-12-26T02:15:04.496+0000] {dagbag.py:538} INFO - Filling up the DagBag from /home/airflow/.local/lib/python3.7/site-packages/airflow/example_dags/example_datasets.py
[2022-12-26T02:15:04.509+0000] {processor.py:753} INFO - DAG(s) dict_keys(['dataset_consumes_1_and_2', 'dataset_consumes_unknown_never_scheduled', 'dataset_produces_1', 'dataset_produces_2', 'dataset_consumes_1_never_scheduled', 'dataset_consumes_1']) retrieved from /home/airflow/.local/lib/python3.7/site-packages/airflow/example_dags/example_datasets.py
[2022-12-26T02:15:04.550+0000] {logging_mixin.py:137} INFO - [2022-12-26T02:15:04.550+0000] {dag.py:2676} INFO - Sync 6 DAGs
[2022-12-26T02:15:04.569+0000] {logging_mixin.py:137} INFO - [2022-12-26T02:15:04.569+0000] {dag.py:3427} INFO - Setting next_dagrun for dataset_consumes_1 to None, run_after=None
[2022-12-26T02:15:04.572+0000] {logging_mixin.py:137} INFO - [2022-12-26T02:15:04.572+0000] {dag.py:3427} INFO - Setting next_dagrun for dataset_consumes_1_and_2 to None, run_after=None
[2022-12-26T02:15:04.574+0000] {logging_mixin.py:137} INFO - [2022-12-26T02:15:04.574+0000] {dag.py:3427} INFO - Setting next_dagrun for dataset_consumes_1_never_scheduled to None, run_after=None
[2022-12-26T02:15:04.575+0000] {logging_mixin.py:137} INFO - [2022-12-26T02:15:04.575+0000] {dag.py:3427} INFO - Setting next_dagrun for dataset_consumes_unknown_never_scheduled to None, run_after=None
[2022-12-26T02:15:04.577+0000] {logging_mixin.py:137} INFO - [2022-12-26T02:15:04.577+0000] {dag.py:3427} INFO - Setting next_dagrun for dataset_produces_1 to 2022-12-25T00:00:00+00:00, run_after=2022-12-26T00:00:00+00:00
[2022-12-26T02:15:04.579+0000] {logging_mixin.py:137} INFO - [2022-12-26T02:15:04.579+0000] {dag.py:3427} INFO - Setting next_dagrun for dataset_produces_2 to None, run_after=None
[2022-12-26T02:15:04.604+0000] {processor.py:175} INFO - Processing /home/airflow/.local/lib/python3.7/site-packages/airflow/example_dags/example_datasets.py took 0.114 seconds
[2022-12-26T02:15:34.910+0000] {processor.py:153} INFO - Started process (PID=1213) to work on /home/airflow/.local/lib/python3.7/site-packages/airflow/example_dags/example_datasets.py
[2022-12-26T02:15:34.912+0000] {processor.py:743} INFO - Processing file /home/airflow/.local/lib/python3.7/site-packages/airflow/example_dags/example_datasets.py for tasks to queue
[2022-12-26T02:15:34.913+0000] {logging_mixin.py:137} INFO - [2022-12-26T02:15:34.913+0000] {dagbag.py:538} INFO - Filling up the DagBag from /home/airflow/.local/lib/python3.7/site-packages/airflow/example_dags/example_datasets.py
[2022-12-26T02:15:34.925+0000] {processor.py:753} INFO - DAG(s) dict_keys(['dataset_consumes_1', 'dataset_consumes_1_never_scheduled', 'dataset_consumes_1_and_2', 'dataset_produces_1', 'dataset_consumes_unknown_never_scheduled', 'dataset_produces_2']) retrieved from /home/airflow/.local/lib/python3.7/site-packages/airflow/example_dags/example_datasets.py
[2022-12-26T02:15:34.966+0000] {logging_mixin.py:137} INFO - [2022-12-26T02:15:34.966+0000] {dag.py:2676} INFO - Sync 6 DAGs
[2022-12-26T02:15:34.985+0000] {logging_mixin.py:137} INFO - [2022-12-26T02:15:34.985+0000] {dag.py:3427} INFO - Setting next_dagrun for dataset_consumes_1 to None, run_after=None
[2022-12-26T02:15:34.988+0000] {logging_mixin.py:137} INFO - [2022-12-26T02:15:34.988+0000] {dag.py:3427} INFO - Setting next_dagrun for dataset_consumes_1_and_2 to None, run_after=None
[2022-12-26T02:15:34.989+0000] {logging_mixin.py:137} INFO - [2022-12-26T02:15:34.989+0000] {dag.py:3427} INFO - Setting next_dagrun for dataset_consumes_1_never_scheduled to None, run_after=None
[2022-12-26T02:15:34.990+0000] {logging_mixin.py:137} INFO - [2022-12-26T02:15:34.990+0000] {dag.py:3427} INFO - Setting next_dagrun for dataset_consumes_unknown_never_scheduled to None, run_after=None
[2022-12-26T02:15:34.992+0000] {logging_mixin.py:137} INFO - [2022-12-26T02:15:34.992+0000] {dag.py:3427} INFO - Setting next_dagrun for dataset_produces_1 to 2022-12-25T00:00:00+00:00, run_after=2022-12-26T00:00:00+00:00
[2022-12-26T02:15:34.993+0000] {logging_mixin.py:137} INFO - [2022-12-26T02:15:34.993+0000] {dag.py:3427} INFO - Setting next_dagrun for dataset_produces_2 to None, run_after=None
[2022-12-26T02:15:35.018+0000] {processor.py:175} INFO - Processing /home/airflow/.local/lib/python3.7/site-packages/airflow/example_dags/example_datasets.py took 0.112 seconds
[2022-12-26T02:16:05.185+0000] {processor.py:153} INFO - Started process (PID=1290) to work on /home/airflow/.local/lib/python3.7/site-packages/airflow/example_dags/example_datasets.py
[2022-12-26T02:16:05.187+0000] {processor.py:743} INFO - Processing file /home/airflow/.local/lib/python3.7/site-packages/airflow/example_dags/example_datasets.py for tasks to queue
[2022-12-26T02:16:05.188+0000] {logging_mixin.py:137} INFO - [2022-12-26T02:16:05.187+0000] {dagbag.py:538} INFO - Filling up the DagBag from /home/airflow/.local/lib/python3.7/site-packages/airflow/example_dags/example_datasets.py
[2022-12-26T02:16:05.200+0000] {processor.py:753} INFO - DAG(s) dict_keys(['dataset_produces_1', 'dataset_consumes_1_never_scheduled', 'dataset_consumes_1', 'dataset_consumes_unknown_never_scheduled', 'dataset_produces_2', 'dataset_consumes_1_and_2']) retrieved from /home/airflow/.local/lib/python3.7/site-packages/airflow/example_dags/example_datasets.py
[2022-12-26T02:16:05.236+0000] {logging_mixin.py:137} INFO - [2022-12-26T02:16:05.236+0000] {dag.py:2676} INFO - Sync 6 DAGs
[2022-12-26T02:16:05.254+0000] {logging_mixin.py:137} INFO - [2022-12-26T02:16:05.254+0000] {dag.py:3427} INFO - Setting next_dagrun for dataset_consumes_1 to None, run_after=None
[2022-12-26T02:16:05.257+0000] {logging_mixin.py:137} INFO - [2022-12-26T02:16:05.257+0000] {dag.py:3427} INFO - Setting next_dagrun for dataset_consumes_1_and_2 to None, run_after=None
[2022-12-26T02:16:05.258+0000] {logging_mixin.py:137} INFO - [2022-12-26T02:16:05.258+0000] {dag.py:3427} INFO - Setting next_dagrun for dataset_consumes_1_never_scheduled to None, run_after=None
[2022-12-26T02:16:05.260+0000] {logging_mixin.py:137} INFO - [2022-12-26T02:16:05.260+0000] {dag.py:3427} INFO - Setting next_dagrun for dataset_consumes_unknown_never_scheduled to None, run_after=None
[2022-12-26T02:16:05.262+0000] {logging_mixin.py:137} INFO - [2022-12-26T02:16:05.262+0000] {dag.py:3427} INFO - Setting next_dagrun for dataset_produces_1 to 2022-12-25T00:00:00+00:00, run_after=2022-12-26T00:00:00+00:00
[2022-12-26T02:16:05.263+0000] {logging_mixin.py:137} INFO - [2022-12-26T02:16:05.263+0000] {dag.py:3427} INFO - Setting next_dagrun for dataset_produces_2 to None, run_after=None
[2022-12-26T02:16:05.286+0000] {processor.py:175} INFO - Processing /home/airflow/.local/lib/python3.7/site-packages/airflow/example_dags/example_datasets.py took 0.104 seconds
[2022-12-26T02:16:35.644+0000] {processor.py:153} INFO - Started process (PID=1354) to work on /home/airflow/.local/lib/python3.7/site-packages/airflow/example_dags/example_datasets.py
[2022-12-26T02:16:35.645+0000] {processor.py:743} INFO - Processing file /home/airflow/.local/lib/python3.7/site-packages/airflow/example_dags/example_datasets.py for tasks to queue
[2022-12-26T02:16:35.646+0000] {logging_mixin.py:137} INFO - [2022-12-26T02:16:35.646+0000] {dagbag.py:538} INFO - Filling up the DagBag from /home/airflow/.local/lib/python3.7/site-packages/airflow/example_dags/example_datasets.py
[2022-12-26T02:16:35.658+0000] {processor.py:753} INFO - DAG(s) dict_keys(['dataset_produces_1', 'dataset_produces_2', 'dataset_consumes_unknown_never_scheduled', 'dataset_consumes_1', 'dataset_consumes_1_never_scheduled', 'dataset_consumes_1_and_2']) retrieved from /home/airflow/.local/lib/python3.7/site-packages/airflow/example_dags/example_datasets.py
[2022-12-26T02:16:35.695+0000] {logging_mixin.py:137} INFO - [2022-12-26T02:16:35.695+0000] {dag.py:2676} INFO - Sync 6 DAGs
[2022-12-26T02:16:35.712+0000] {logging_mixin.py:137} INFO - [2022-12-26T02:16:35.712+0000] {dag.py:3427} INFO - Setting next_dagrun for dataset_consumes_1 to None, run_after=None
[2022-12-26T02:16:35.715+0000] {logging_mixin.py:137} INFO - [2022-12-26T02:16:35.715+0000] {dag.py:3427} INFO - Setting next_dagrun for dataset_consumes_1_and_2 to None, run_after=None
[2022-12-26T02:16:35.717+0000] {logging_mixin.py:137} INFO - [2022-12-26T02:16:35.716+0000] {dag.py:3427} INFO - Setting next_dagrun for dataset_consumes_1_never_scheduled to None, run_after=None
[2022-12-26T02:16:35.718+0000] {logging_mixin.py:137} INFO - [2022-12-26T02:16:35.718+0000] {dag.py:3427} INFO - Setting next_dagrun for dataset_consumes_unknown_never_scheduled to None, run_after=None
[2022-12-26T02:16:35.720+0000] {logging_mixin.py:137} INFO - [2022-12-26T02:16:35.720+0000] {dag.py:3427} INFO - Setting next_dagrun for dataset_produces_1 to 2022-12-25T00:00:00+00:00, run_after=2022-12-26T00:00:00+00:00
[2022-12-26T02:16:35.721+0000] {logging_mixin.py:137} INFO - [2022-12-26T02:16:35.721+0000] {dag.py:3427} INFO - Setting next_dagrun for dataset_produces_2 to None, run_after=None
[2022-12-26T02:16:35.743+0000] {processor.py:175} INFO - Processing /home/airflow/.local/lib/python3.7/site-packages/airflow/example_dags/example_datasets.py took 0.102 seconds
