[2022-12-26T02:07:27.700+0000] {processor.py:153} INFO - Started process (PID=35) to work on /home/airflow/.local/lib/python3.7/site-packages/airflow/example_dags/example_xcomargs.py
[2022-12-26T02:07:27.714+0000] {processor.py:743} INFO - Processing file /home/airflow/.local/lib/python3.7/site-packages/airflow/example_dags/example_xcomargs.py for tasks to queue
[2022-12-26T02:07:27.718+0000] {logging_mixin.py:137} INFO - [2022-12-26T02:07:27.718+0000] {dagbag.py:538} INFO - Filling up the DagBag from /home/airflow/.local/lib/python3.7/site-packages/airflow/example_dags/example_xcomargs.py
[2022-12-26T02:07:27.809+0000] {processor.py:753} INFO - DAG(s) dict_keys(['example_xcom_args_with_operators', 'example_xcom_args']) retrieved from /home/airflow/.local/lib/python3.7/site-packages/airflow/example_dags/example_xcomargs.py
[2022-12-26T02:07:27.859+0000] {logging_mixin.py:137} INFO - [2022-12-26T02:07:27.859+0000] {dag.py:2676} INFO - Sync 2 DAGs
[2022-12-26T02:07:27.891+0000] {logging_mixin.py:137} INFO - [2022-12-26T02:07:27.891+0000] {dag.py:3427} INFO - Setting next_dagrun for example_xcom_args to None, run_after=None
[2022-12-26T02:07:27.896+0000] {logging_mixin.py:137} INFO - [2022-12-26T02:07:27.896+0000] {dag.py:3427} INFO - Setting next_dagrun for example_xcom_args_with_operators to None, run_after=None
[2022-12-26T02:07:27.913+0000] {processor.py:175} INFO - Processing /home/airflow/.local/lib/python3.7/site-packages/airflow/example_dags/example_xcomargs.py took 0.222 seconds
[2022-12-26T02:07:58.148+0000] {processor.py:153} INFO - Started process (PID=112) to work on /home/airflow/.local/lib/python3.7/site-packages/airflow/example_dags/example_xcomargs.py
[2022-12-26T02:07:58.151+0000] {processor.py:743} INFO - Processing file /home/airflow/.local/lib/python3.7/site-packages/airflow/example_dags/example_xcomargs.py for tasks to queue
[2022-12-26T02:07:58.152+0000] {logging_mixin.py:137} INFO - [2022-12-26T02:07:58.152+0000] {dagbag.py:538} INFO - Filling up the DagBag from /home/airflow/.local/lib/python3.7/site-packages/airflow/example_dags/example_xcomargs.py
[2022-12-26T02:07:58.180+0000] {processor.py:753} INFO - DAG(s) dict_keys(['example_xcom_args_with_operators', 'example_xcom_args']) retrieved from /home/airflow/.local/lib/python3.7/site-packages/airflow/example_dags/example_xcomargs.py
[2022-12-26T02:07:58.219+0000] {logging_mixin.py:137} INFO - [2022-12-26T02:07:58.219+0000] {dag.py:2676} INFO - Sync 2 DAGs
[2022-12-26T02:07:58.239+0000] {logging_mixin.py:137} INFO - [2022-12-26T02:07:58.239+0000] {dag.py:3427} INFO - Setting next_dagrun for example_xcom_args to None, run_after=None
[2022-12-26T02:07:58.242+0000] {logging_mixin.py:137} INFO - [2022-12-26T02:07:58.242+0000] {dag.py:3427} INFO - Setting next_dagrun for example_xcom_args_with_operators to None, run_after=None
[2022-12-26T02:07:58.254+0000] {processor.py:175} INFO - Processing /home/airflow/.local/lib/python3.7/site-packages/airflow/example_dags/example_xcomargs.py took 0.111 seconds
[2022-12-26T02:08:28.838+0000] {processor.py:153} INFO - Started process (PID=186) to work on /home/airflow/.local/lib/python3.7/site-packages/airflow/example_dags/example_xcomargs.py
[2022-12-26T02:08:28.841+0000] {processor.py:743} INFO - Processing file /home/airflow/.local/lib/python3.7/site-packages/airflow/example_dags/example_xcomargs.py for tasks to queue
[2022-12-26T02:08:28.844+0000] {logging_mixin.py:137} INFO - [2022-12-26T02:08:28.844+0000] {dagbag.py:538} INFO - Filling up the DagBag from /home/airflow/.local/lib/python3.7/site-packages/airflow/example_dags/example_xcomargs.py
[2022-12-26T02:08:28.866+0000] {processor.py:753} INFO - DAG(s) dict_keys(['example_xcom_args_with_operators', 'example_xcom_args']) retrieved from /home/airflow/.local/lib/python3.7/site-packages/airflow/example_dags/example_xcomargs.py
[2022-12-26T02:08:28.899+0000] {logging_mixin.py:137} INFO - [2022-12-26T02:08:28.899+0000] {dag.py:2676} INFO - Sync 2 DAGs
[2022-12-26T02:08:28.915+0000] {logging_mixin.py:137} INFO - [2022-12-26T02:08:28.915+0000] {dag.py:3427} INFO - Setting next_dagrun for example_xcom_args to None, run_after=None
[2022-12-26T02:08:28.919+0000] {logging_mixin.py:137} INFO - [2022-12-26T02:08:28.919+0000] {dag.py:3427} INFO - Setting next_dagrun for example_xcom_args_with_operators to None, run_after=None
[2022-12-26T02:08:28.930+0000] {processor.py:175} INFO - Processing /home/airflow/.local/lib/python3.7/site-packages/airflow/example_dags/example_xcomargs.py took 0.095 seconds
[2022-12-26T02:08:59.321+0000] {processor.py:153} INFO - Started process (PID=255) to work on /home/airflow/.local/lib/python3.7/site-packages/airflow/example_dags/example_xcomargs.py
[2022-12-26T02:08:59.322+0000] {processor.py:743} INFO - Processing file /home/airflow/.local/lib/python3.7/site-packages/airflow/example_dags/example_xcomargs.py for tasks to queue
[2022-12-26T02:08:59.324+0000] {logging_mixin.py:137} INFO - [2022-12-26T02:08:59.324+0000] {dagbag.py:538} INFO - Filling up the DagBag from /home/airflow/.local/lib/python3.7/site-packages/airflow/example_dags/example_xcomargs.py
[2022-12-26T02:08:59.351+0000] {processor.py:753} INFO - DAG(s) dict_keys(['example_xcom_args', 'example_xcom_args_with_operators']) retrieved from /home/airflow/.local/lib/python3.7/site-packages/airflow/example_dags/example_xcomargs.py
[2022-12-26T02:08:59.386+0000] {logging_mixin.py:137} INFO - [2022-12-26T02:08:59.386+0000] {dag.py:2676} INFO - Sync 2 DAGs
[2022-12-26T02:08:59.403+0000] {logging_mixin.py:137} INFO - [2022-12-26T02:08:59.403+0000] {dag.py:3427} INFO - Setting next_dagrun for example_xcom_args to None, run_after=None
[2022-12-26T02:08:59.406+0000] {logging_mixin.py:137} INFO - [2022-12-26T02:08:59.406+0000] {dag.py:3427} INFO - Setting next_dagrun for example_xcom_args_with_operators to None, run_after=None
[2022-12-26T02:08:59.417+0000] {processor.py:175} INFO - Processing /home/airflow/.local/lib/python3.7/site-packages/airflow/example_dags/example_xcomargs.py took 0.101 seconds
[2022-12-26T02:09:29.628+0000] {processor.py:153} INFO - Started process (PID=332) to work on /home/airflow/.local/lib/python3.7/site-packages/airflow/example_dags/example_xcomargs.py
[2022-12-26T02:09:29.630+0000] {processor.py:743} INFO - Processing file /home/airflow/.local/lib/python3.7/site-packages/airflow/example_dags/example_xcomargs.py for tasks to queue
[2022-12-26T02:09:29.631+0000] {logging_mixin.py:137} INFO - [2022-12-26T02:09:29.631+0000] {dagbag.py:538} INFO - Filling up the DagBag from /home/airflow/.local/lib/python3.7/site-packages/airflow/example_dags/example_xcomargs.py
[2022-12-26T02:09:29.664+0000] {processor.py:753} INFO - DAG(s) dict_keys(['example_xcom_args', 'example_xcom_args_with_operators']) retrieved from /home/airflow/.local/lib/python3.7/site-packages/airflow/example_dags/example_xcomargs.py
[2022-12-26T02:09:29.702+0000] {logging_mixin.py:137} INFO - [2022-12-26T02:09:29.702+0000] {dag.py:2676} INFO - Sync 2 DAGs
[2022-12-26T02:09:29.718+0000] {logging_mixin.py:137} INFO - [2022-12-26T02:09:29.718+0000] {dag.py:3427} INFO - Setting next_dagrun for example_xcom_args to None, run_after=None
[2022-12-26T02:09:29.721+0000] {logging_mixin.py:137} INFO - [2022-12-26T02:09:29.721+0000] {dag.py:3427} INFO - Setting next_dagrun for example_xcom_args_with_operators to None, run_after=None
[2022-12-26T02:09:29.732+0000] {processor.py:175} INFO - Processing /home/airflow/.local/lib/python3.7/site-packages/airflow/example_dags/example_xcomargs.py took 0.108 seconds
[2022-12-26T02:09:59.941+0000] {processor.py:153} INFO - Started process (PID=409) to work on /home/airflow/.local/lib/python3.7/site-packages/airflow/example_dags/example_xcomargs.py
[2022-12-26T02:09:59.943+0000] {processor.py:743} INFO - Processing file /home/airflow/.local/lib/python3.7/site-packages/airflow/example_dags/example_xcomargs.py for tasks to queue
[2022-12-26T02:09:59.944+0000] {logging_mixin.py:137} INFO - [2022-12-26T02:09:59.944+0000] {dagbag.py:538} INFO - Filling up the DagBag from /home/airflow/.local/lib/python3.7/site-packages/airflow/example_dags/example_xcomargs.py
[2022-12-26T02:09:59.974+0000] {processor.py:753} INFO - DAG(s) dict_keys(['example_xcom_args_with_operators', 'example_xcom_args']) retrieved from /home/airflow/.local/lib/python3.7/site-packages/airflow/example_dags/example_xcomargs.py
[2022-12-26T02:10:00.031+0000] {logging_mixin.py:137} INFO - [2022-12-26T02:10:00.031+0000] {dag.py:2676} INFO - Sync 2 DAGs
[2022-12-26T02:10:00.056+0000] {logging_mixin.py:137} INFO - [2022-12-26T02:10:00.056+0000] {dag.py:3427} INFO - Setting next_dagrun for example_xcom_args to None, run_after=None
[2022-12-26T02:10:00.060+0000] {logging_mixin.py:137} INFO - [2022-12-26T02:10:00.060+0000] {dag.py:3427} INFO - Setting next_dagrun for example_xcom_args_with_operators to None, run_after=None
[2022-12-26T02:10:00.074+0000] {processor.py:175} INFO - Processing /home/airflow/.local/lib/python3.7/site-packages/airflow/example_dags/example_xcomargs.py took 0.137 seconds
[2022-12-26T02:10:30.329+0000] {processor.py:153} INFO - Started process (PID=473) to work on /home/airflow/.local/lib/python3.7/site-packages/airflow/example_dags/example_xcomargs.py
[2022-12-26T02:10:30.330+0000] {processor.py:743} INFO - Processing file /home/airflow/.local/lib/python3.7/site-packages/airflow/example_dags/example_xcomargs.py for tasks to queue
[2022-12-26T02:10:30.331+0000] {logging_mixin.py:137} INFO - [2022-12-26T02:10:30.331+0000] {dagbag.py:538} INFO - Filling up the DagBag from /home/airflow/.local/lib/python3.7/site-packages/airflow/example_dags/example_xcomargs.py
[2022-12-26T02:10:30.351+0000] {processor.py:753} INFO - DAG(s) dict_keys(['example_xcom_args_with_operators', 'example_xcom_args']) retrieved from /home/airflow/.local/lib/python3.7/site-packages/airflow/example_dags/example_xcomargs.py
[2022-12-26T02:10:30.383+0000] {logging_mixin.py:137} INFO - [2022-12-26T02:10:30.382+0000] {dag.py:2676} INFO - Sync 2 DAGs
[2022-12-26T02:10:30.400+0000] {logging_mixin.py:137} INFO - [2022-12-26T02:10:30.400+0000] {dag.py:3427} INFO - Setting next_dagrun for example_xcom_args to None, run_after=None
[2022-12-26T02:10:30.403+0000] {logging_mixin.py:137} INFO - [2022-12-26T02:10:30.403+0000] {dag.py:3427} INFO - Setting next_dagrun for example_xcom_args_with_operators to None, run_after=None
[2022-12-26T02:10:30.415+0000] {processor.py:175} INFO - Processing /home/airflow/.local/lib/python3.7/site-packages/airflow/example_dags/example_xcomargs.py took 0.089 seconds
[2022-12-26T02:11:00.733+0000] {processor.py:153} INFO - Started process (PID=550) to work on /home/airflow/.local/lib/python3.7/site-packages/airflow/example_dags/example_xcomargs.py
[2022-12-26T02:11:00.734+0000] {processor.py:743} INFO - Processing file /home/airflow/.local/lib/python3.7/site-packages/airflow/example_dags/example_xcomargs.py for tasks to queue
[2022-12-26T02:11:00.735+0000] {logging_mixin.py:137} INFO - [2022-12-26T02:11:00.734+0000] {dagbag.py:538} INFO - Filling up the DagBag from /home/airflow/.local/lib/python3.7/site-packages/airflow/example_dags/example_xcomargs.py
[2022-12-26T02:11:00.754+0000] {processor.py:753} INFO - DAG(s) dict_keys(['example_xcom_args_with_operators', 'example_xcom_args']) retrieved from /home/airflow/.local/lib/python3.7/site-packages/airflow/example_dags/example_xcomargs.py
[2022-12-26T02:11:00.788+0000] {logging_mixin.py:137} INFO - [2022-12-26T02:11:00.788+0000] {dag.py:2676} INFO - Sync 2 DAGs
[2022-12-26T02:11:00.805+0000] {logging_mixin.py:137} INFO - [2022-12-26T02:11:00.805+0000] {dag.py:3427} INFO - Setting next_dagrun for example_xcom_args to None, run_after=None
[2022-12-26T02:11:00.809+0000] {logging_mixin.py:137} INFO - [2022-12-26T02:11:00.808+0000] {dag.py:3427} INFO - Setting next_dagrun for example_xcom_args_with_operators to None, run_after=None
[2022-12-26T02:11:00.820+0000] {processor.py:175} INFO - Processing /home/airflow/.local/lib/python3.7/site-packages/airflow/example_dags/example_xcomargs.py took 0.091 seconds
[2022-12-26T02:11:31.050+0000] {processor.py:153} INFO - Started process (PID=628) to work on /home/airflow/.local/lib/python3.7/site-packages/airflow/example_dags/example_xcomargs.py
[2022-12-26T02:11:31.052+0000] {processor.py:743} INFO - Processing file /home/airflow/.local/lib/python3.7/site-packages/airflow/example_dags/example_xcomargs.py for tasks to queue
[2022-12-26T02:11:31.053+0000] {logging_mixin.py:137} INFO - [2022-12-26T02:11:31.053+0000] {dagbag.py:538} INFO - Filling up the DagBag from /home/airflow/.local/lib/python3.7/site-packages/airflow/example_dags/example_xcomargs.py
[2022-12-26T02:11:31.074+0000] {processor.py:753} INFO - DAG(s) dict_keys(['example_xcom_args', 'example_xcom_args_with_operators']) retrieved from /home/airflow/.local/lib/python3.7/site-packages/airflow/example_dags/example_xcomargs.py
[2022-12-26T02:11:31.103+0000] {logging_mixin.py:137} INFO - [2022-12-26T02:11:31.103+0000] {dag.py:2676} INFO - Sync 2 DAGs
[2022-12-26T02:11:31.120+0000] {logging_mixin.py:137} INFO - [2022-12-26T02:11:31.119+0000] {dag.py:3427} INFO - Setting next_dagrun for example_xcom_args to None, run_after=None
[2022-12-26T02:11:31.122+0000] {logging_mixin.py:137} INFO - [2022-12-26T02:11:31.122+0000] {dag.py:3427} INFO - Setting next_dagrun for example_xcom_args_with_operators to None, run_after=None
[2022-12-26T02:11:31.133+0000] {processor.py:175} INFO - Processing /home/airflow/.local/lib/python3.7/site-packages/airflow/example_dags/example_xcomargs.py took 0.086 seconds
[2022-12-26T02:12:01.288+0000] {processor.py:153} INFO - Started process (PID=692) to work on /home/airflow/.local/lib/python3.7/site-packages/airflow/example_dags/example_xcomargs.py
[2022-12-26T02:12:01.289+0000] {processor.py:743} INFO - Processing file /home/airflow/.local/lib/python3.7/site-packages/airflow/example_dags/example_xcomargs.py for tasks to queue
[2022-12-26T02:12:01.290+0000] {logging_mixin.py:137} INFO - [2022-12-26T02:12:01.290+0000] {dagbag.py:538} INFO - Filling up the DagBag from /home/airflow/.local/lib/python3.7/site-packages/airflow/example_dags/example_xcomargs.py
[2022-12-26T02:12:01.310+0000] {processor.py:753} INFO - DAG(s) dict_keys(['example_xcom_args', 'example_xcom_args_with_operators']) retrieved from /home/airflow/.local/lib/python3.7/site-packages/airflow/example_dags/example_xcomargs.py
[2022-12-26T02:12:01.341+0000] {logging_mixin.py:137} INFO - [2022-12-26T02:12:01.341+0000] {dag.py:2676} INFO - Sync 2 DAGs
[2022-12-26T02:12:01.357+0000] {logging_mixin.py:137} INFO - [2022-12-26T02:12:01.357+0000] {dag.py:3427} INFO - Setting next_dagrun for example_xcom_args to None, run_after=None
[2022-12-26T02:12:01.360+0000] {logging_mixin.py:137} INFO - [2022-12-26T02:12:01.360+0000] {dag.py:3427} INFO - Setting next_dagrun for example_xcom_args_with_operators to None, run_after=None
[2022-12-26T02:12:01.371+0000] {processor.py:175} INFO - Processing /home/airflow/.local/lib/python3.7/site-packages/airflow/example_dags/example_xcomargs.py took 0.087 seconds
[2022-12-26T02:12:31.982+0000] {processor.py:153} INFO - Started process (PID=769) to work on /home/airflow/.local/lib/python3.7/site-packages/airflow/example_dags/example_xcomargs.py
[2022-12-26T02:12:31.984+0000] {processor.py:743} INFO - Processing file /home/airflow/.local/lib/python3.7/site-packages/airflow/example_dags/example_xcomargs.py for tasks to queue
[2022-12-26T02:12:31.985+0000] {logging_mixin.py:137} INFO - [2022-12-26T02:12:31.985+0000] {dagbag.py:538} INFO - Filling up the DagBag from /home/airflow/.local/lib/python3.7/site-packages/airflow/example_dags/example_xcomargs.py
[2022-12-26T02:12:32.011+0000] {processor.py:753} INFO - DAG(s) dict_keys(['example_xcom_args_with_operators', 'example_xcom_args']) retrieved from /home/airflow/.local/lib/python3.7/site-packages/airflow/example_dags/example_xcomargs.py
[2022-12-26T02:12:32.047+0000] {logging_mixin.py:137} INFO - [2022-12-26T02:12:32.046+0000] {dag.py:2676} INFO - Sync 2 DAGs
[2022-12-26T02:12:32.062+0000] {logging_mixin.py:137} INFO - [2022-12-26T02:12:32.062+0000] {dag.py:3427} INFO - Setting next_dagrun for example_xcom_args to None, run_after=None
[2022-12-26T02:12:32.065+0000] {logging_mixin.py:137} INFO - [2022-12-26T02:12:32.065+0000] {dag.py:3427} INFO - Setting next_dagrun for example_xcom_args_with_operators to None, run_after=None
[2022-12-26T02:12:32.075+0000] {processor.py:175} INFO - Processing /home/airflow/.local/lib/python3.7/site-packages/airflow/example_dags/example_xcomargs.py took 0.099 seconds
[2022-12-26T02:13:02.350+0000] {processor.py:153} INFO - Started process (PID=851) to work on /home/airflow/.local/lib/python3.7/site-packages/airflow/example_dags/example_xcomargs.py
[2022-12-26T02:13:02.352+0000] {processor.py:743} INFO - Processing file /home/airflow/.local/lib/python3.7/site-packages/airflow/example_dags/example_xcomargs.py for tasks to queue
[2022-12-26T02:13:02.354+0000] {logging_mixin.py:137} INFO - [2022-12-26T02:13:02.353+0000] {dagbag.py:538} INFO - Filling up the DagBag from /home/airflow/.local/lib/python3.7/site-packages/airflow/example_dags/example_xcomargs.py
[2022-12-26T02:13:02.382+0000] {processor.py:753} INFO - DAG(s) dict_keys(['example_xcom_args', 'example_xcom_args_with_operators']) retrieved from /home/airflow/.local/lib/python3.7/site-packages/airflow/example_dags/example_xcomargs.py
[2022-12-26T02:13:02.417+0000] {logging_mixin.py:137} INFO - [2022-12-26T02:13:02.416+0000] {dag.py:2676} INFO - Sync 2 DAGs
[2022-12-26T02:13:02.433+0000] {logging_mixin.py:137} INFO - [2022-12-26T02:13:02.433+0000] {dag.py:3427} INFO - Setting next_dagrun for example_xcom_args to None, run_after=None
[2022-12-26T02:13:02.437+0000] {logging_mixin.py:137} INFO - [2022-12-26T02:13:02.436+0000] {dag.py:3427} INFO - Setting next_dagrun for example_xcom_args_with_operators to None, run_after=None
[2022-12-26T02:13:02.447+0000] {processor.py:175} INFO - Processing /home/airflow/.local/lib/python3.7/site-packages/airflow/example_dags/example_xcomargs.py took 0.103 seconds
[2022-12-26T02:13:32.803+0000] {processor.py:153} INFO - Started process (PID=915) to work on /home/airflow/.local/lib/python3.7/site-packages/airflow/example_dags/example_xcomargs.py
[2022-12-26T02:13:32.805+0000] {processor.py:743} INFO - Processing file /home/airflow/.local/lib/python3.7/site-packages/airflow/example_dags/example_xcomargs.py for tasks to queue
[2022-12-26T02:13:32.807+0000] {logging_mixin.py:137} INFO - [2022-12-26T02:13:32.806+0000] {dagbag.py:538} INFO - Filling up the DagBag from /home/airflow/.local/lib/python3.7/site-packages/airflow/example_dags/example_xcomargs.py
[2022-12-26T02:13:32.832+0000] {processor.py:753} INFO - DAG(s) dict_keys(['example_xcom_args_with_operators', 'example_xcom_args']) retrieved from /home/airflow/.local/lib/python3.7/site-packages/airflow/example_dags/example_xcomargs.py
[2022-12-26T02:13:32.870+0000] {logging_mixin.py:137} INFO - [2022-12-26T02:13:32.870+0000] {dag.py:2676} INFO - Sync 2 DAGs
[2022-12-26T02:13:32.888+0000] {logging_mixin.py:137} INFO - [2022-12-26T02:13:32.888+0000] {dag.py:3427} INFO - Setting next_dagrun for example_xcom_args to None, run_after=None
[2022-12-26T02:13:32.891+0000] {logging_mixin.py:137} INFO - [2022-12-26T02:13:32.891+0000] {dag.py:3427} INFO - Setting next_dagrun for example_xcom_args_with_operators to None, run_after=None
[2022-12-26T02:13:32.902+0000] {processor.py:175} INFO - Processing /home/airflow/.local/lib/python3.7/site-packages/airflow/example_dags/example_xcomargs.py took 0.104 seconds
[2022-12-26T02:14:03.384+0000] {processor.py:153} INFO - Started process (PID=992) to work on /home/airflow/.local/lib/python3.7/site-packages/airflow/example_dags/example_xcomargs.py
[2022-12-26T02:14:03.385+0000] {processor.py:743} INFO - Processing file /home/airflow/.local/lib/python3.7/site-packages/airflow/example_dags/example_xcomargs.py for tasks to queue
[2022-12-26T02:14:03.386+0000] {logging_mixin.py:137} INFO - [2022-12-26T02:14:03.386+0000] {dagbag.py:538} INFO - Filling up the DagBag from /home/airflow/.local/lib/python3.7/site-packages/airflow/example_dags/example_xcomargs.py
[2022-12-26T02:14:03.405+0000] {processor.py:753} INFO - DAG(s) dict_keys(['example_xcom_args', 'example_xcom_args_with_operators']) retrieved from /home/airflow/.local/lib/python3.7/site-packages/airflow/example_dags/example_xcomargs.py
[2022-12-26T02:14:03.437+0000] {logging_mixin.py:137} INFO - [2022-12-26T02:14:03.437+0000] {dag.py:2676} INFO - Sync 2 DAGs
[2022-12-26T02:14:03.454+0000] {logging_mixin.py:137} INFO - [2022-12-26T02:14:03.454+0000] {dag.py:3427} INFO - Setting next_dagrun for example_xcom_args to None, run_after=None
[2022-12-26T02:14:03.458+0000] {logging_mixin.py:137} INFO - [2022-12-26T02:14:03.458+0000] {dag.py:3427} INFO - Setting next_dagrun for example_xcom_args_with_operators to None, run_after=None
[2022-12-26T02:14:03.469+0000] {processor.py:175} INFO - Processing /home/airflow/.local/lib/python3.7/site-packages/airflow/example_dags/example_xcomargs.py took 0.088 seconds
[2022-12-26T02:14:33.825+0000] {processor.py:153} INFO - Started process (PID=1069) to work on /home/airflow/.local/lib/python3.7/site-packages/airflow/example_dags/example_xcomargs.py
[2022-12-26T02:14:33.827+0000] {processor.py:743} INFO - Processing file /home/airflow/.local/lib/python3.7/site-packages/airflow/example_dags/example_xcomargs.py for tasks to queue
[2022-12-26T02:14:33.828+0000] {logging_mixin.py:137} INFO - [2022-12-26T02:14:33.828+0000] {dagbag.py:538} INFO - Filling up the DagBag from /home/airflow/.local/lib/python3.7/site-packages/airflow/example_dags/example_xcomargs.py
[2022-12-26T02:14:33.852+0000] {processor.py:753} INFO - DAG(s) dict_keys(['example_xcom_args', 'example_xcom_args_with_operators']) retrieved from /home/airflow/.local/lib/python3.7/site-packages/airflow/example_dags/example_xcomargs.py
[2022-12-26T02:14:33.889+0000] {logging_mixin.py:137} INFO - [2022-12-26T02:14:33.889+0000] {dag.py:2676} INFO - Sync 2 DAGs
[2022-12-26T02:14:33.908+0000] {logging_mixin.py:137} INFO - [2022-12-26T02:14:33.907+0000] {dag.py:3427} INFO - Setting next_dagrun for example_xcom_args to None, run_after=None
[2022-12-26T02:14:33.911+0000] {logging_mixin.py:137} INFO - [2022-12-26T02:14:33.910+0000] {dag.py:3427} INFO - Setting next_dagrun for example_xcom_args_with_operators to None, run_after=None
[2022-12-26T02:14:33.921+0000] {processor.py:175} INFO - Processing /home/airflow/.local/lib/python3.7/site-packages/airflow/example_dags/example_xcomargs.py took 0.101 seconds
[2022-12-26T02:15:04.151+0000] {processor.py:153} INFO - Started process (PID=1133) to work on /home/airflow/.local/lib/python3.7/site-packages/airflow/example_dags/example_xcomargs.py
[2022-12-26T02:15:04.152+0000] {processor.py:743} INFO - Processing file /home/airflow/.local/lib/python3.7/site-packages/airflow/example_dags/example_xcomargs.py for tasks to queue
[2022-12-26T02:15:04.153+0000] {logging_mixin.py:137} INFO - [2022-12-26T02:15:04.153+0000] {dagbag.py:538} INFO - Filling up the DagBag from /home/airflow/.local/lib/python3.7/site-packages/airflow/example_dags/example_xcomargs.py
[2022-12-26T02:15:04.171+0000] {processor.py:753} INFO - DAG(s) dict_keys(['example_xcom_args_with_operators', 'example_xcom_args']) retrieved from /home/airflow/.local/lib/python3.7/site-packages/airflow/example_dags/example_xcomargs.py
[2022-12-26T02:15:04.206+0000] {logging_mixin.py:137} INFO - [2022-12-26T02:15:04.205+0000] {dag.py:2676} INFO - Sync 2 DAGs
[2022-12-26T02:15:04.224+0000] {logging_mixin.py:137} INFO - [2022-12-26T02:15:04.224+0000] {dag.py:3427} INFO - Setting next_dagrun for example_xcom_args to None, run_after=None
[2022-12-26T02:15:04.228+0000] {logging_mixin.py:137} INFO - [2022-12-26T02:15:04.228+0000] {dag.py:3427} INFO - Setting next_dagrun for example_xcom_args_with_operators to None, run_after=None
[2022-12-26T02:15:04.248+0000] {processor.py:175} INFO - Processing /home/airflow/.local/lib/python3.7/site-packages/airflow/example_dags/example_xcomargs.py took 0.100 seconds
[2022-12-26T02:15:34.691+0000] {processor.py:153} INFO - Started process (PID=1210) to work on /home/airflow/.local/lib/python3.7/site-packages/airflow/example_dags/example_xcomargs.py
[2022-12-26T02:15:34.692+0000] {processor.py:743} INFO - Processing file /home/airflow/.local/lib/python3.7/site-packages/airflow/example_dags/example_xcomargs.py for tasks to queue
[2022-12-26T02:15:34.693+0000] {logging_mixin.py:137} INFO - [2022-12-26T02:15:34.693+0000] {dagbag.py:538} INFO - Filling up the DagBag from /home/airflow/.local/lib/python3.7/site-packages/airflow/example_dags/example_xcomargs.py
[2022-12-26T02:15:34.715+0000] {processor.py:753} INFO - DAG(s) dict_keys(['example_xcom_args', 'example_xcom_args_with_operators']) retrieved from /home/airflow/.local/lib/python3.7/site-packages/airflow/example_dags/example_xcomargs.py
[2022-12-26T02:15:34.745+0000] {logging_mixin.py:137} INFO - [2022-12-26T02:15:34.745+0000] {dag.py:2676} INFO - Sync 2 DAGs
[2022-12-26T02:15:34.763+0000] {logging_mixin.py:137} INFO - [2022-12-26T02:15:34.763+0000] {dag.py:3427} INFO - Setting next_dagrun for example_xcom_args to None, run_after=None
[2022-12-26T02:15:34.766+0000] {logging_mixin.py:137} INFO - [2022-12-26T02:15:34.766+0000] {dag.py:3427} INFO - Setting next_dagrun for example_xcom_args_with_operators to None, run_after=None
[2022-12-26T02:15:34.778+0000] {processor.py:175} INFO - Processing /home/airflow/.local/lib/python3.7/site-packages/airflow/example_dags/example_xcomargs.py took 0.090 seconds
[2022-12-26T02:16:04.961+0000] {processor.py:153} INFO - Started process (PID=1287) to work on /home/airflow/.local/lib/python3.7/site-packages/airflow/example_dags/example_xcomargs.py
[2022-12-26T02:16:04.962+0000] {processor.py:743} INFO - Processing file /home/airflow/.local/lib/python3.7/site-packages/airflow/example_dags/example_xcomargs.py for tasks to queue
[2022-12-26T02:16:04.963+0000] {logging_mixin.py:137} INFO - [2022-12-26T02:16:04.963+0000] {dagbag.py:538} INFO - Filling up the DagBag from /home/airflow/.local/lib/python3.7/site-packages/airflow/example_dags/example_xcomargs.py
[2022-12-26T02:16:04.983+0000] {processor.py:753} INFO - DAG(s) dict_keys(['example_xcom_args_with_operators', 'example_xcom_args']) retrieved from /home/airflow/.local/lib/python3.7/site-packages/airflow/example_dags/example_xcomargs.py
[2022-12-26T02:16:05.021+0000] {logging_mixin.py:137} INFO - [2022-12-26T02:16:05.021+0000] {dag.py:2676} INFO - Sync 2 DAGs
[2022-12-26T02:16:05.039+0000] {logging_mixin.py:137} INFO - [2022-12-26T02:16:05.039+0000] {dag.py:3427} INFO - Setting next_dagrun for example_xcom_args to None, run_after=None
[2022-12-26T02:16:05.042+0000] {logging_mixin.py:137} INFO - [2022-12-26T02:16:05.042+0000] {dag.py:3427} INFO - Setting next_dagrun for example_xcom_args_with_operators to None, run_after=None
[2022-12-26T02:16:05.053+0000] {processor.py:175} INFO - Processing /home/airflow/.local/lib/python3.7/site-packages/airflow/example_dags/example_xcomargs.py took 0.096 seconds
[2022-12-26T02:16:35.428+0000] {processor.py:153} INFO - Started process (PID=1351) to work on /home/airflow/.local/lib/python3.7/site-packages/airflow/example_dags/example_xcomargs.py
[2022-12-26T02:16:35.431+0000] {processor.py:743} INFO - Processing file /home/airflow/.local/lib/python3.7/site-packages/airflow/example_dags/example_xcomargs.py for tasks to queue
[2022-12-26T02:16:35.432+0000] {logging_mixin.py:137} INFO - [2022-12-26T02:16:35.432+0000] {dagbag.py:538} INFO - Filling up the DagBag from /home/airflow/.local/lib/python3.7/site-packages/airflow/example_dags/example_xcomargs.py
[2022-12-26T02:16:35.452+0000] {processor.py:753} INFO - DAG(s) dict_keys(['example_xcom_args', 'example_xcom_args_with_operators']) retrieved from /home/airflow/.local/lib/python3.7/site-packages/airflow/example_dags/example_xcomargs.py
[2022-12-26T02:16:35.483+0000] {logging_mixin.py:137} INFO - [2022-12-26T02:16:35.483+0000] {dag.py:2676} INFO - Sync 2 DAGs
[2022-12-26T02:16:35.499+0000] {logging_mixin.py:137} INFO - [2022-12-26T02:16:35.499+0000] {dag.py:3427} INFO - Setting next_dagrun for example_xcom_args to None, run_after=None
[2022-12-26T02:16:35.503+0000] {logging_mixin.py:137} INFO - [2022-12-26T02:16:35.502+0000] {dag.py:3427} INFO - Setting next_dagrun for example_xcom_args_with_operators to None, run_after=None
[2022-12-26T02:16:35.514+0000] {processor.py:175} INFO - Processing /home/airflow/.local/lib/python3.7/site-packages/airflow/example_dags/example_xcomargs.py took 0.089 seconds
