[2022-12-26T02:07:28.475+0000] {processor.py:153} INFO - Started process (PID=42) to work on /home/airflow/.local/lib/python3.7/site-packages/airflow/example_dags/example_branch_day_of_week_operator.py
[2022-12-26T02:07:28.477+0000] {processor.py:743} INFO - Processing file /home/airflow/.local/lib/python3.7/site-packages/airflow/example_dags/example_branch_day_of_week_operator.py for tasks to queue
[2022-12-26T02:07:28.478+0000] {logging_mixin.py:137} INFO - [2022-12-26T02:07:28.478+0000] {dagbag.py:538} INFO - Filling up the DagBag from /home/airflow/.local/lib/python3.7/site-packages/airflow/example_dags/example_branch_day_of_week_operator.py
[2022-12-26T02:07:28.514+0000] {processor.py:753} INFO - DAG(s) dict_keys(['example_weekday_branch_operator']) retrieved from /home/airflow/.local/lib/python3.7/site-packages/airflow/example_dags/example_branch_day_of_week_operator.py
[2022-12-26T02:07:28.561+0000] {logging_mixin.py:137} INFO - [2022-12-26T02:07:28.561+0000] {dag.py:2676} INFO - Sync 1 DAGs
[2022-12-26T02:07:28.594+0000] {logging_mixin.py:137} INFO - [2022-12-26T02:07:28.594+0000] {dag.py:3427} INFO - Setting next_dagrun for example_weekday_branch_operator to 2022-12-25T00:00:00+00:00, run_after=2022-12-26T00:00:00+00:00
[2022-12-26T02:07:28.620+0000] {processor.py:175} INFO - Processing /home/airflow/.local/lib/python3.7/site-packages/airflow/example_dags/example_branch_day_of_week_operator.py took 0.151 seconds
[2022-12-26T02:07:58.661+0000] {processor.py:153} INFO - Started process (PID=118) to work on /home/airflow/.local/lib/python3.7/site-packages/airflow/example_dags/example_branch_day_of_week_operator.py
[2022-12-26T02:07:58.663+0000] {processor.py:743} INFO - Processing file /home/airflow/.local/lib/python3.7/site-packages/airflow/example_dags/example_branch_day_of_week_operator.py for tasks to queue
[2022-12-26T02:07:58.664+0000] {logging_mixin.py:137} INFO - [2022-12-26T02:07:58.663+0000] {dagbag.py:538} INFO - Filling up the DagBag from /home/airflow/.local/lib/python3.7/site-packages/airflow/example_dags/example_branch_day_of_week_operator.py
[2022-12-26T02:07:58.675+0000] {processor.py:753} INFO - DAG(s) dict_keys(['example_weekday_branch_operator']) retrieved from /home/airflow/.local/lib/python3.7/site-packages/airflow/example_dags/example_branch_day_of_week_operator.py
[2022-12-26T02:07:58.704+0000] {logging_mixin.py:137} INFO - [2022-12-26T02:07:58.704+0000] {dag.py:2676} INFO - Sync 1 DAGs
[2022-12-26T02:07:58.724+0000] {logging_mixin.py:137} INFO - [2022-12-26T02:07:58.724+0000] {dag.py:3427} INFO - Setting next_dagrun for example_weekday_branch_operator to 2022-12-25T00:00:00+00:00, run_after=2022-12-26T00:00:00+00:00
[2022-12-26T02:07:58.737+0000] {processor.py:175} INFO - Processing /home/airflow/.local/lib/python3.7/site-packages/airflow/example_dags/example_branch_day_of_week_operator.py took 0.078 seconds
[2022-12-26T02:08:29.315+0000] {processor.py:153} INFO - Started process (PID=196) to work on /home/airflow/.local/lib/python3.7/site-packages/airflow/example_dags/example_branch_day_of_week_operator.py
[2022-12-26T02:08:29.317+0000] {processor.py:743} INFO - Processing file /home/airflow/.local/lib/python3.7/site-packages/airflow/example_dags/example_branch_day_of_week_operator.py for tasks to queue
[2022-12-26T02:08:29.318+0000] {logging_mixin.py:137} INFO - [2022-12-26T02:08:29.317+0000] {dagbag.py:538} INFO - Filling up the DagBag from /home/airflow/.local/lib/python3.7/site-packages/airflow/example_dags/example_branch_day_of_week_operator.py
[2022-12-26T02:08:29.330+0000] {processor.py:753} INFO - DAG(s) dict_keys(['example_weekday_branch_operator']) retrieved from /home/airflow/.local/lib/python3.7/site-packages/airflow/example_dags/example_branch_day_of_week_operator.py
[2022-12-26T02:08:29.370+0000] {logging_mixin.py:137} INFO - [2022-12-26T02:08:29.370+0000] {dag.py:2676} INFO - Sync 1 DAGs
[2022-12-26T02:08:29.398+0000] {logging_mixin.py:137} INFO - [2022-12-26T02:08:29.398+0000] {dag.py:3427} INFO - Setting next_dagrun for example_weekday_branch_operator to 2022-12-25T00:00:00+00:00, run_after=2022-12-26T00:00:00+00:00
[2022-12-26T02:08:29.416+0000] {processor.py:175} INFO - Processing /home/airflow/.local/lib/python3.7/site-packages/airflow/example_dags/example_branch_day_of_week_operator.py took 0.103 seconds
[2022-12-26T02:08:59.754+0000] {processor.py:153} INFO - Started process (PID=262) to work on /home/airflow/.local/lib/python3.7/site-packages/airflow/example_dags/example_branch_day_of_week_operator.py
[2022-12-26T02:08:59.755+0000] {processor.py:743} INFO - Processing file /home/airflow/.local/lib/python3.7/site-packages/airflow/example_dags/example_branch_day_of_week_operator.py for tasks to queue
[2022-12-26T02:08:59.756+0000] {logging_mixin.py:137} INFO - [2022-12-26T02:08:59.756+0000] {dagbag.py:538} INFO - Filling up the DagBag from /home/airflow/.local/lib/python3.7/site-packages/airflow/example_dags/example_branch_day_of_week_operator.py
[2022-12-26T02:08:59.770+0000] {processor.py:753} INFO - DAG(s) dict_keys(['example_weekday_branch_operator']) retrieved from /home/airflow/.local/lib/python3.7/site-packages/airflow/example_dags/example_branch_day_of_week_operator.py
[2022-12-26T02:08:59.799+0000] {logging_mixin.py:137} INFO - [2022-12-26T02:08:59.798+0000] {dag.py:2676} INFO - Sync 1 DAGs
[2022-12-26T02:08:59.816+0000] {logging_mixin.py:137} INFO - [2022-12-26T02:08:59.816+0000] {dag.py:3427} INFO - Setting next_dagrun for example_weekday_branch_operator to 2022-12-25T00:00:00+00:00, run_after=2022-12-26T00:00:00+00:00
[2022-12-26T02:08:59.828+0000] {processor.py:175} INFO - Processing /home/airflow/.local/lib/python3.7/site-packages/airflow/example_dags/example_branch_day_of_week_operator.py took 0.077 seconds
[2022-12-26T02:09:30.078+0000] {processor.py:153} INFO - Started process (PID=339) to work on /home/airflow/.local/lib/python3.7/site-packages/airflow/example_dags/example_branch_day_of_week_operator.py
[2022-12-26T02:09:30.079+0000] {processor.py:743} INFO - Processing file /home/airflow/.local/lib/python3.7/site-packages/airflow/example_dags/example_branch_day_of_week_operator.py for tasks to queue
[2022-12-26T02:09:30.080+0000] {logging_mixin.py:137} INFO - [2022-12-26T02:09:30.080+0000] {dagbag.py:538} INFO - Filling up the DagBag from /home/airflow/.local/lib/python3.7/site-packages/airflow/example_dags/example_branch_day_of_week_operator.py
[2022-12-26T02:09:30.093+0000] {processor.py:753} INFO - DAG(s) dict_keys(['example_weekday_branch_operator']) retrieved from /home/airflow/.local/lib/python3.7/site-packages/airflow/example_dags/example_branch_day_of_week_operator.py
[2022-12-26T02:09:30.121+0000] {logging_mixin.py:137} INFO - [2022-12-26T02:09:30.121+0000] {dag.py:2676} INFO - Sync 1 DAGs
[2022-12-26T02:09:30.139+0000] {logging_mixin.py:137} INFO - [2022-12-26T02:09:30.139+0000] {dag.py:3427} INFO - Setting next_dagrun for example_weekday_branch_operator to 2022-12-25T00:00:00+00:00, run_after=2022-12-26T00:00:00+00:00
[2022-12-26T02:09:30.152+0000] {processor.py:175} INFO - Processing /home/airflow/.local/lib/python3.7/site-packages/airflow/example_dags/example_branch_day_of_week_operator.py took 0.076 seconds
[2022-12-26T02:10:00.450+0000] {processor.py:153} INFO - Started process (PID=416) to work on /home/airflow/.local/lib/python3.7/site-packages/airflow/example_dags/example_branch_day_of_week_operator.py
[2022-12-26T02:10:00.452+0000] {processor.py:743} INFO - Processing file /home/airflow/.local/lib/python3.7/site-packages/airflow/example_dags/example_branch_day_of_week_operator.py for tasks to queue
[2022-12-26T02:10:00.453+0000] {logging_mixin.py:137} INFO - [2022-12-26T02:10:00.453+0000] {dagbag.py:538} INFO - Filling up the DagBag from /home/airflow/.local/lib/python3.7/site-packages/airflow/example_dags/example_branch_day_of_week_operator.py
[2022-12-26T02:10:00.465+0000] {processor.py:753} INFO - DAG(s) dict_keys(['example_weekday_branch_operator']) retrieved from /home/airflow/.local/lib/python3.7/site-packages/airflow/example_dags/example_branch_day_of_week_operator.py
[2022-12-26T02:10:00.494+0000] {logging_mixin.py:137} INFO - [2022-12-26T02:10:00.494+0000] {dag.py:2676} INFO - Sync 1 DAGs
[2022-12-26T02:10:00.513+0000] {logging_mixin.py:137} INFO - [2022-12-26T02:10:00.513+0000] {dag.py:3427} INFO - Setting next_dagrun for example_weekday_branch_operator to 2022-12-25T00:00:00+00:00, run_after=2022-12-26T00:00:00+00:00
[2022-12-26T02:10:00.527+0000] {processor.py:175} INFO - Processing /home/airflow/.local/lib/python3.7/site-packages/airflow/example_dags/example_branch_day_of_week_operator.py took 0.080 seconds
[2022-12-26T02:10:30.754+0000] {processor.py:153} INFO - Started process (PID=480) to work on /home/airflow/.local/lib/python3.7/site-packages/airflow/example_dags/example_branch_day_of_week_operator.py
[2022-12-26T02:10:30.755+0000] {processor.py:743} INFO - Processing file /home/airflow/.local/lib/python3.7/site-packages/airflow/example_dags/example_branch_day_of_week_operator.py for tasks to queue
[2022-12-26T02:10:30.756+0000] {logging_mixin.py:137} INFO - [2022-12-26T02:10:30.756+0000] {dagbag.py:538} INFO - Filling up the DagBag from /home/airflow/.local/lib/python3.7/site-packages/airflow/example_dags/example_branch_day_of_week_operator.py
[2022-12-26T02:10:30.770+0000] {processor.py:753} INFO - DAG(s) dict_keys(['example_weekday_branch_operator']) retrieved from /home/airflow/.local/lib/python3.7/site-packages/airflow/example_dags/example_branch_day_of_week_operator.py
[2022-12-26T02:10:30.799+0000] {logging_mixin.py:137} INFO - [2022-12-26T02:10:30.799+0000] {dag.py:2676} INFO - Sync 1 DAGs
[2022-12-26T02:10:30.817+0000] {logging_mixin.py:137} INFO - [2022-12-26T02:10:30.817+0000] {dag.py:3427} INFO - Setting next_dagrun for example_weekday_branch_operator to 2022-12-25T00:00:00+00:00, run_after=2022-12-26T00:00:00+00:00
[2022-12-26T02:10:30.829+0000] {processor.py:175} INFO - Processing /home/airflow/.local/lib/python3.7/site-packages/airflow/example_dags/example_branch_day_of_week_operator.py took 0.078 seconds
[2022-12-26T02:11:01.190+0000] {processor.py:153} INFO - Started process (PID=557) to work on /home/airflow/.local/lib/python3.7/site-packages/airflow/example_dags/example_branch_day_of_week_operator.py
[2022-12-26T02:11:01.191+0000] {processor.py:743} INFO - Processing file /home/airflow/.local/lib/python3.7/site-packages/airflow/example_dags/example_branch_day_of_week_operator.py for tasks to queue
[2022-12-26T02:11:01.192+0000] {logging_mixin.py:137} INFO - [2022-12-26T02:11:01.192+0000] {dagbag.py:538} INFO - Filling up the DagBag from /home/airflow/.local/lib/python3.7/site-packages/airflow/example_dags/example_branch_day_of_week_operator.py
[2022-12-26T02:11:01.204+0000] {processor.py:753} INFO - DAG(s) dict_keys(['example_weekday_branch_operator']) retrieved from /home/airflow/.local/lib/python3.7/site-packages/airflow/example_dags/example_branch_day_of_week_operator.py
[2022-12-26T02:11:01.234+0000] {logging_mixin.py:137} INFO - [2022-12-26T02:11:01.234+0000] {dag.py:2676} INFO - Sync 1 DAGs
[2022-12-26T02:11:01.252+0000] {logging_mixin.py:137} INFO - [2022-12-26T02:11:01.252+0000] {dag.py:3427} INFO - Setting next_dagrun for example_weekday_branch_operator to 2022-12-25T00:00:00+00:00, run_after=2022-12-26T00:00:00+00:00
[2022-12-26T02:11:01.267+0000] {processor.py:175} INFO - Processing /home/airflow/.local/lib/python3.7/site-packages/airflow/example_dags/example_branch_day_of_week_operator.py took 0.081 seconds
[2022-12-26T02:11:31.492+0000] {processor.py:153} INFO - Started process (PID=635) to work on /home/airflow/.local/lib/python3.7/site-packages/airflow/example_dags/example_branch_day_of_week_operator.py
[2022-12-26T02:11:31.493+0000] {processor.py:743} INFO - Processing file /home/airflow/.local/lib/python3.7/site-packages/airflow/example_dags/example_branch_day_of_week_operator.py for tasks to queue
[2022-12-26T02:11:31.494+0000] {logging_mixin.py:137} INFO - [2022-12-26T02:11:31.494+0000] {dagbag.py:538} INFO - Filling up the DagBag from /home/airflow/.local/lib/python3.7/site-packages/airflow/example_dags/example_branch_day_of_week_operator.py
[2022-12-26T02:11:31.507+0000] {processor.py:753} INFO - DAG(s) dict_keys(['example_weekday_branch_operator']) retrieved from /home/airflow/.local/lib/python3.7/site-packages/airflow/example_dags/example_branch_day_of_week_operator.py
[2022-12-26T02:11:31.536+0000] {logging_mixin.py:137} INFO - [2022-12-26T02:11:31.536+0000] {dag.py:2676} INFO - Sync 1 DAGs
[2022-12-26T02:11:31.554+0000] {logging_mixin.py:137} INFO - [2022-12-26T02:11:31.554+0000] {dag.py:3427} INFO - Setting next_dagrun for example_weekday_branch_operator to 2022-12-25T00:00:00+00:00, run_after=2022-12-26T00:00:00+00:00
[2022-12-26T02:11:31.568+0000] {processor.py:175} INFO - Processing /home/airflow/.local/lib/python3.7/site-packages/airflow/example_dags/example_branch_day_of_week_operator.py took 0.078 seconds
[2022-12-26T02:12:01.729+0000] {processor.py:153} INFO - Started process (PID=699) to work on /home/airflow/.local/lib/python3.7/site-packages/airflow/example_dags/example_branch_day_of_week_operator.py
[2022-12-26T02:12:01.731+0000] {processor.py:743} INFO - Processing file /home/airflow/.local/lib/python3.7/site-packages/airflow/example_dags/example_branch_day_of_week_operator.py for tasks to queue
[2022-12-26T02:12:01.731+0000] {logging_mixin.py:137} INFO - [2022-12-26T02:12:01.731+0000] {dagbag.py:538} INFO - Filling up the DagBag from /home/airflow/.local/lib/python3.7/site-packages/airflow/example_dags/example_branch_day_of_week_operator.py
[2022-12-26T02:12:01.743+0000] {processor.py:753} INFO - DAG(s) dict_keys(['example_weekday_branch_operator']) retrieved from /home/airflow/.local/lib/python3.7/site-packages/airflow/example_dags/example_branch_day_of_week_operator.py
[2022-12-26T02:12:01.772+0000] {logging_mixin.py:137} INFO - [2022-12-26T02:12:01.771+0000] {dag.py:2676} INFO - Sync 1 DAGs
[2022-12-26T02:12:01.791+0000] {logging_mixin.py:137} INFO - [2022-12-26T02:12:01.790+0000] {dag.py:3427} INFO - Setting next_dagrun for example_weekday_branch_operator to 2022-12-25T00:00:00+00:00, run_after=2022-12-26T00:00:00+00:00
[2022-12-26T02:12:01.805+0000] {processor.py:175} INFO - Processing /home/airflow/.local/lib/python3.7/site-packages/airflow/example_dags/example_branch_day_of_week_operator.py took 0.078 seconds
[2022-12-26T02:12:32.420+0000] {processor.py:153} INFO - Started process (PID=776) to work on /home/airflow/.local/lib/python3.7/site-packages/airflow/example_dags/example_branch_day_of_week_operator.py
[2022-12-26T02:12:32.421+0000] {processor.py:743} INFO - Processing file /home/airflow/.local/lib/python3.7/site-packages/airflow/example_dags/example_branch_day_of_week_operator.py for tasks to queue
[2022-12-26T02:12:32.422+0000] {logging_mixin.py:137} INFO - [2022-12-26T02:12:32.422+0000] {dagbag.py:538} INFO - Filling up the DagBag from /home/airflow/.local/lib/python3.7/site-packages/airflow/example_dags/example_branch_day_of_week_operator.py
[2022-12-26T02:12:32.433+0000] {processor.py:753} INFO - DAG(s) dict_keys(['example_weekday_branch_operator']) retrieved from /home/airflow/.local/lib/python3.7/site-packages/airflow/example_dags/example_branch_day_of_week_operator.py
[2022-12-26T02:12:32.462+0000] {logging_mixin.py:137} INFO - [2022-12-26T02:12:32.462+0000] {dag.py:2676} INFO - Sync 1 DAGs
[2022-12-26T02:12:32.478+0000] {logging_mixin.py:137} INFO - [2022-12-26T02:12:32.478+0000] {dag.py:3427} INFO - Setting next_dagrun for example_weekday_branch_operator to 2022-12-25T00:00:00+00:00, run_after=2022-12-26T00:00:00+00:00
[2022-12-26T02:12:32.491+0000] {processor.py:175} INFO - Processing /home/airflow/.local/lib/python3.7/site-packages/airflow/example_dags/example_branch_day_of_week_operator.py took 0.074 seconds
[2022-12-26T02:13:02.808+0000] {processor.py:153} INFO - Started process (PID=858) to work on /home/airflow/.local/lib/python3.7/site-packages/airflow/example_dags/example_branch_day_of_week_operator.py
[2022-12-26T02:13:02.809+0000] {processor.py:743} INFO - Processing file /home/airflow/.local/lib/python3.7/site-packages/airflow/example_dags/example_branch_day_of_week_operator.py for tasks to queue
[2022-12-26T02:13:02.810+0000] {logging_mixin.py:137} INFO - [2022-12-26T02:13:02.810+0000] {dagbag.py:538} INFO - Filling up the DagBag from /home/airflow/.local/lib/python3.7/site-packages/airflow/example_dags/example_branch_day_of_week_operator.py
[2022-12-26T02:13:02.823+0000] {processor.py:753} INFO - DAG(s) dict_keys(['example_weekday_branch_operator']) retrieved from /home/airflow/.local/lib/python3.7/site-packages/airflow/example_dags/example_branch_day_of_week_operator.py
[2022-12-26T02:13:02.853+0000] {logging_mixin.py:137} INFO - [2022-12-26T02:13:02.852+0000] {dag.py:2676} INFO - Sync 1 DAGs
[2022-12-26T02:13:02.872+0000] {logging_mixin.py:137} INFO - [2022-12-26T02:13:02.871+0000] {dag.py:3427} INFO - Setting next_dagrun for example_weekday_branch_operator to 2022-12-25T00:00:00+00:00, run_after=2022-12-26T00:00:00+00:00
[2022-12-26T02:13:02.885+0000] {processor.py:175} INFO - Processing /home/airflow/.local/lib/python3.7/site-packages/airflow/example_dags/example_branch_day_of_week_operator.py took 0.079 seconds
[2022-12-26T02:13:33.272+0000] {processor.py:153} INFO - Started process (PID=922) to work on /home/airflow/.local/lib/python3.7/site-packages/airflow/example_dags/example_branch_day_of_week_operator.py
[2022-12-26T02:13:33.273+0000] {processor.py:743} INFO - Processing file /home/airflow/.local/lib/python3.7/site-packages/airflow/example_dags/example_branch_day_of_week_operator.py for tasks to queue
[2022-12-26T02:13:33.274+0000] {logging_mixin.py:137} INFO - [2022-12-26T02:13:33.274+0000] {dagbag.py:538} INFO - Filling up the DagBag from /home/airflow/.local/lib/python3.7/site-packages/airflow/example_dags/example_branch_day_of_week_operator.py
[2022-12-26T02:13:33.286+0000] {processor.py:753} INFO - DAG(s) dict_keys(['example_weekday_branch_operator']) retrieved from /home/airflow/.local/lib/python3.7/site-packages/airflow/example_dags/example_branch_day_of_week_operator.py
[2022-12-26T02:13:33.314+0000] {logging_mixin.py:137} INFO - [2022-12-26T02:13:33.314+0000] {dag.py:2676} INFO - Sync 1 DAGs
[2022-12-26T02:13:33.332+0000] {logging_mixin.py:137} INFO - [2022-12-26T02:13:33.332+0000] {dag.py:3427} INFO - Setting next_dagrun for example_weekday_branch_operator to 2022-12-25T00:00:00+00:00, run_after=2022-12-26T00:00:00+00:00
[2022-12-26T02:13:33.346+0000] {processor.py:175} INFO - Processing /home/airflow/.local/lib/python3.7/site-packages/airflow/example_dags/example_branch_day_of_week_operator.py took 0.076 seconds
[2022-12-26T02:14:03.820+0000] {processor.py:153} INFO - Started process (PID=999) to work on /home/airflow/.local/lib/python3.7/site-packages/airflow/example_dags/example_branch_day_of_week_operator.py
[2022-12-26T02:14:03.821+0000] {processor.py:743} INFO - Processing file /home/airflow/.local/lib/python3.7/site-packages/airflow/example_dags/example_branch_day_of_week_operator.py for tasks to queue
[2022-12-26T02:14:03.822+0000] {logging_mixin.py:137} INFO - [2022-12-26T02:14:03.822+0000] {dagbag.py:538} INFO - Filling up the DagBag from /home/airflow/.local/lib/python3.7/site-packages/airflow/example_dags/example_branch_day_of_week_operator.py
[2022-12-26T02:14:03.836+0000] {processor.py:753} INFO - DAG(s) dict_keys(['example_weekday_branch_operator']) retrieved from /home/airflow/.local/lib/python3.7/site-packages/airflow/example_dags/example_branch_day_of_week_operator.py
[2022-12-26T02:14:03.865+0000] {logging_mixin.py:137} INFO - [2022-12-26T02:14:03.865+0000] {dag.py:2676} INFO - Sync 1 DAGs
[2022-12-26T02:14:03.884+0000] {logging_mixin.py:137} INFO - [2022-12-26T02:14:03.884+0000] {dag.py:3427} INFO - Setting next_dagrun for example_weekday_branch_operator to 2022-12-25T00:00:00+00:00, run_after=2022-12-26T00:00:00+00:00
[2022-12-26T02:14:03.897+0000] {processor.py:175} INFO - Processing /home/airflow/.local/lib/python3.7/site-packages/airflow/example_dags/example_branch_day_of_week_operator.py took 0.080 seconds
[2022-12-26T02:14:34.262+0000] {processor.py:153} INFO - Started process (PID=1076) to work on /home/airflow/.local/lib/python3.7/site-packages/airflow/example_dags/example_branch_day_of_week_operator.py
[2022-12-26T02:14:34.263+0000] {processor.py:743} INFO - Processing file /home/airflow/.local/lib/python3.7/site-packages/airflow/example_dags/example_branch_day_of_week_operator.py for tasks to queue
[2022-12-26T02:14:34.264+0000] {logging_mixin.py:137} INFO - [2022-12-26T02:14:34.264+0000] {dagbag.py:538} INFO - Filling up the DagBag from /home/airflow/.local/lib/python3.7/site-packages/airflow/example_dags/example_branch_day_of_week_operator.py
[2022-12-26T02:14:34.278+0000] {processor.py:753} INFO - DAG(s) dict_keys(['example_weekday_branch_operator']) retrieved from /home/airflow/.local/lib/python3.7/site-packages/airflow/example_dags/example_branch_day_of_week_operator.py
[2022-12-26T02:14:34.308+0000] {logging_mixin.py:137} INFO - [2022-12-26T02:14:34.308+0000] {dag.py:2676} INFO - Sync 1 DAGs
[2022-12-26T02:14:34.326+0000] {logging_mixin.py:137} INFO - [2022-12-26T02:14:34.326+0000] {dag.py:3427} INFO - Setting next_dagrun for example_weekday_branch_operator to 2022-12-25T00:00:00+00:00, run_after=2022-12-26T00:00:00+00:00
[2022-12-26T02:14:34.339+0000] {processor.py:175} INFO - Processing /home/airflow/.local/lib/python3.7/site-packages/airflow/example_dags/example_branch_day_of_week_operator.py took 0.081 seconds
[2022-12-26T02:15:04.715+0000] {processor.py:153} INFO - Started process (PID=1140) to work on /home/airflow/.local/lib/python3.7/site-packages/airflow/example_dags/example_branch_day_of_week_operator.py
[2022-12-26T02:15:04.716+0000] {processor.py:743} INFO - Processing file /home/airflow/.local/lib/python3.7/site-packages/airflow/example_dags/example_branch_day_of_week_operator.py for tasks to queue
[2022-12-26T02:15:04.717+0000] {logging_mixin.py:137} INFO - [2022-12-26T02:15:04.717+0000] {dagbag.py:538} INFO - Filling up the DagBag from /home/airflow/.local/lib/python3.7/site-packages/airflow/example_dags/example_branch_day_of_week_operator.py
[2022-12-26T02:15:04.730+0000] {processor.py:753} INFO - DAG(s) dict_keys(['example_weekday_branch_operator']) retrieved from /home/airflow/.local/lib/python3.7/site-packages/airflow/example_dags/example_branch_day_of_week_operator.py
[2022-12-26T02:15:04.762+0000] {logging_mixin.py:137} INFO - [2022-12-26T02:15:04.761+0000] {dag.py:2676} INFO - Sync 1 DAGs
[2022-12-26T02:15:04.779+0000] {logging_mixin.py:137} INFO - [2022-12-26T02:15:04.779+0000] {dag.py:3427} INFO - Setting next_dagrun for example_weekday_branch_operator to 2022-12-25T00:00:00+00:00, run_after=2022-12-26T00:00:00+00:00
[2022-12-26T02:15:04.792+0000] {processor.py:175} INFO - Processing /home/airflow/.local/lib/python3.7/site-packages/airflow/example_dags/example_branch_day_of_week_operator.py took 0.080 seconds
