[2022-12-26T02:07:28.472+0000] {processor.py:153} INFO - Started process (PID=41) to work on /home/airflow/.local/lib/python3.7/site-packages/airflow/example_dags/example_subdag_operator.py
[2022-12-26T02:07:28.474+0000] {processor.py:743} INFO - Processing file /home/airflow/.local/lib/python3.7/site-packages/airflow/example_dags/example_subdag_operator.py for tasks to queue
[2022-12-26T02:07:28.475+0000] {logging_mixin.py:137} INFO - [2022-12-26T02:07:28.475+0000] {dagbag.py:538} INFO - Filling up the DagBag from /home/airflow/.local/lib/python3.7/site-packages/airflow/example_dags/example_subdag_operator.py
[2022-12-26T02:07:28.547+0000] {processor.py:753} INFO - DAG(s) dict_keys(['example_subdag_operator.section-1', 'example_subdag_operator.section-2', 'example_subdag_operator']) retrieved from /home/airflow/.local/lib/python3.7/site-packages/airflow/example_dags/example_subdag_operator.py
[2022-12-26T02:07:28.566+0000] {logging_mixin.py:137} INFO - [2022-12-26T02:07:28.566+0000] {dag.py:2676} INFO - Sync 3 DAGs
[2022-12-26T02:07:28.596+0000] {logging_mixin.py:137} INFO - [2022-12-26T02:07:28.596+0000] {dag.py:3427} INFO - Setting next_dagrun for example_subdag_operator to 2022-01-01T00:00:00+00:00, run_after=2022-01-01T00:00:00+00:00
[2022-12-26T02:07:28.601+0000] {logging_mixin.py:137} INFO - [2022-12-26T02:07:28.601+0000] {dag.py:3427} INFO - Setting next_dagrun for example_subdag_operator.section-1 to None, run_after=None
[2022-12-26T02:07:28.603+0000] {logging_mixin.py:137} INFO - [2022-12-26T02:07:28.603+0000] {dag.py:3427} INFO - Setting next_dagrun for example_subdag_operator.section-2 to None, run_after=None
[2022-12-26T02:07:28.614+0000] {logging_mixin.py:137} INFO - [2022-12-26T02:07:28.614+0000] {dag.py:2676} INFO - Sync 2 DAGs
[2022-12-26T02:07:28.623+0000] {logging_mixin.py:137} INFO - [2022-12-26T02:07:28.622+0000] {dag.py:3427} INFO - Setting next_dagrun for example_subdag_operator.section-1 to None, run_after=None
[2022-12-26T02:07:28.624+0000] {logging_mixin.py:137} INFO - [2022-12-26T02:07:28.624+0000] {dag.py:3427} INFO - Setting next_dagrun for example_subdag_operator.section-2 to None, run_after=None
[2022-12-26T02:07:28.639+0000] {processor.py:175} INFO - Processing /home/airflow/.local/lib/python3.7/site-packages/airflow/example_dags/example_subdag_operator.py took 0.176 seconds
[2022-12-26T02:07:58.738+0000] {processor.py:153} INFO - Started process (PID=119) to work on /home/airflow/.local/lib/python3.7/site-packages/airflow/example_dags/example_subdag_operator.py
[2022-12-26T02:07:58.740+0000] {processor.py:743} INFO - Processing file /home/airflow/.local/lib/python3.7/site-packages/airflow/example_dags/example_subdag_operator.py for tasks to queue
[2022-12-26T02:07:58.741+0000] {logging_mixin.py:137} INFO - [2022-12-26T02:07:58.741+0000] {dagbag.py:538} INFO - Filling up the DagBag from /home/airflow/.local/lib/python3.7/site-packages/airflow/example_dags/example_subdag_operator.py
[2022-12-26T02:07:58.766+0000] {processor.py:753} INFO - DAG(s) dict_keys(['example_subdag_operator.section-1', 'example_subdag_operator.section-2', 'example_subdag_operator']) retrieved from /home/airflow/.local/lib/python3.7/site-packages/airflow/example_dags/example_subdag_operator.py
[2022-12-26T02:07:58.788+0000] {logging_mixin.py:137} INFO - [2022-12-26T02:07:58.788+0000] {dag.py:2676} INFO - Sync 3 DAGs
[2022-12-26T02:07:58.804+0000] {logging_mixin.py:137} INFO - [2022-12-26T02:07:58.804+0000] {dag.py:3427} INFO - Setting next_dagrun for example_subdag_operator to 2022-01-01T00:00:00+00:00, run_after=2022-01-01T00:00:00+00:00
[2022-12-26T02:07:58.807+0000] {logging_mixin.py:137} INFO - [2022-12-26T02:07:58.807+0000] {dag.py:3427} INFO - Setting next_dagrun for example_subdag_operator.section-1 to None, run_after=None
[2022-12-26T02:07:58.808+0000] {logging_mixin.py:137} INFO - [2022-12-26T02:07:58.808+0000] {dag.py:3427} INFO - Setting next_dagrun for example_subdag_operator.section-2 to None, run_after=None
[2022-12-26T02:07:58.813+0000] {logging_mixin.py:137} INFO - [2022-12-26T02:07:58.813+0000] {dag.py:2676} INFO - Sync 2 DAGs
[2022-12-26T02:07:58.818+0000] {logging_mixin.py:137} INFO - [2022-12-26T02:07:58.818+0000] {dag.py:3427} INFO - Setting next_dagrun for example_subdag_operator.section-1 to None, run_after=None
[2022-12-26T02:07:58.819+0000] {logging_mixin.py:137} INFO - [2022-12-26T02:07:58.819+0000] {dag.py:3427} INFO - Setting next_dagrun for example_subdag_operator.section-2 to None, run_after=None
[2022-12-26T02:07:58.826+0000] {processor.py:175} INFO - Processing /home/airflow/.local/lib/python3.7/site-packages/airflow/example_dags/example_subdag_operator.py took 0.091 seconds
[2022-12-26T02:08:29.347+0000] {processor.py:153} INFO - Started process (PID=197) to work on /home/airflow/.local/lib/python3.7/site-packages/airflow/example_dags/example_subdag_operator.py
[2022-12-26T02:08:29.348+0000] {processor.py:743} INFO - Processing file /home/airflow/.local/lib/python3.7/site-packages/airflow/example_dags/example_subdag_operator.py for tasks to queue
[2022-12-26T02:08:29.349+0000] {logging_mixin.py:137} INFO - [2022-12-26T02:08:29.349+0000] {dagbag.py:538} INFO - Filling up the DagBag from /home/airflow/.local/lib/python3.7/site-packages/airflow/example_dags/example_subdag_operator.py
[2022-12-26T02:08:29.387+0000] {processor.py:753} INFO - DAG(s) dict_keys(['example_subdag_operator.section-1', 'example_subdag_operator.section-2', 'example_subdag_operator']) retrieved from /home/airflow/.local/lib/python3.7/site-packages/airflow/example_dags/example_subdag_operator.py
[2022-12-26T02:08:29.417+0000] {logging_mixin.py:137} INFO - [2022-12-26T02:08:29.417+0000] {dag.py:2676} INFO - Sync 3 DAGs
[2022-12-26T02:08:29.438+0000] {logging_mixin.py:137} INFO - [2022-12-26T02:08:29.438+0000] {dag.py:3427} INFO - Setting next_dagrun for example_subdag_operator to 2022-01-01T00:00:00+00:00, run_after=2022-01-01T00:00:00+00:00
[2022-12-26T02:08:29.441+0000] {logging_mixin.py:137} INFO - [2022-12-26T02:08:29.441+0000] {dag.py:3427} INFO - Setting next_dagrun for example_subdag_operator.section-1 to None, run_after=None
[2022-12-26T02:08:29.443+0000] {logging_mixin.py:137} INFO - [2022-12-26T02:08:29.442+0000] {dag.py:3427} INFO - Setting next_dagrun for example_subdag_operator.section-2 to None, run_after=None
[2022-12-26T02:08:29.450+0000] {logging_mixin.py:137} INFO - [2022-12-26T02:08:29.450+0000] {dag.py:2676} INFO - Sync 2 DAGs
[2022-12-26T02:08:29.455+0000] {logging_mixin.py:137} INFO - [2022-12-26T02:08:29.455+0000] {dag.py:3427} INFO - Setting next_dagrun for example_subdag_operator.section-1 to None, run_after=None
[2022-12-26T02:08:29.456+0000] {logging_mixin.py:137} INFO - [2022-12-26T02:08:29.456+0000] {dag.py:3427} INFO - Setting next_dagrun for example_subdag_operator.section-2 to None, run_after=None
[2022-12-26T02:08:29.465+0000] {processor.py:175} INFO - Processing /home/airflow/.local/lib/python3.7/site-packages/airflow/example_dags/example_subdag_operator.py took 0.121 seconds
[2022-12-26T02:08:59.666+0000] {processor.py:153} INFO - Started process (PID=261) to work on /home/airflow/.local/lib/python3.7/site-packages/airflow/example_dags/example_subdag_operator.py
[2022-12-26T02:08:59.667+0000] {processor.py:743} INFO - Processing file /home/airflow/.local/lib/python3.7/site-packages/airflow/example_dags/example_subdag_operator.py for tasks to queue
[2022-12-26T02:08:59.668+0000] {logging_mixin.py:137} INFO - [2022-12-26T02:08:59.668+0000] {dagbag.py:538} INFO - Filling up the DagBag from /home/airflow/.local/lib/python3.7/site-packages/airflow/example_dags/example_subdag_operator.py
[2022-12-26T02:08:59.693+0000] {processor.py:753} INFO - DAG(s) dict_keys(['example_subdag_operator.section-1', 'example_subdag_operator.section-2', 'example_subdag_operator']) retrieved from /home/airflow/.local/lib/python3.7/site-packages/airflow/example_dags/example_subdag_operator.py
[2022-12-26T02:08:59.715+0000] {logging_mixin.py:137} INFO - [2022-12-26T02:08:59.715+0000] {dag.py:2676} INFO - Sync 3 DAGs
[2022-12-26T02:08:59.731+0000] {logging_mixin.py:137} INFO - [2022-12-26T02:08:59.731+0000] {dag.py:3427} INFO - Setting next_dagrun for example_subdag_operator to 2022-01-01T00:00:00+00:00, run_after=2022-01-01T00:00:00+00:00
[2022-12-26T02:08:59.735+0000] {logging_mixin.py:137} INFO - [2022-12-26T02:08:59.735+0000] {dag.py:3427} INFO - Setting next_dagrun for example_subdag_operator.section-1 to None, run_after=None
[2022-12-26T02:08:59.736+0000] {logging_mixin.py:137} INFO - [2022-12-26T02:08:59.736+0000] {dag.py:3427} INFO - Setting next_dagrun for example_subdag_operator.section-2 to None, run_after=None
[2022-12-26T02:08:59.741+0000] {logging_mixin.py:137} INFO - [2022-12-26T02:08:59.741+0000] {dag.py:2676} INFO - Sync 2 DAGs
[2022-12-26T02:08:59.745+0000] {logging_mixin.py:137} INFO - [2022-12-26T02:08:59.745+0000] {dag.py:3427} INFO - Setting next_dagrun for example_subdag_operator.section-1 to None, run_after=None
[2022-12-26T02:08:59.746+0000] {logging_mixin.py:137} INFO - [2022-12-26T02:08:59.746+0000] {dag.py:3427} INFO - Setting next_dagrun for example_subdag_operator.section-2 to None, run_after=None
[2022-12-26T02:08:59.754+0000] {processor.py:175} INFO - Processing /home/airflow/.local/lib/python3.7/site-packages/airflow/example_dags/example_subdag_operator.py took 0.091 seconds
[2022-12-26T02:09:30.066+0000] {processor.py:153} INFO - Started process (PID=338) to work on /home/airflow/.local/lib/python3.7/site-packages/airflow/example_dags/example_subdag_operator.py
[2022-12-26T02:09:30.067+0000] {processor.py:743} INFO - Processing file /home/airflow/.local/lib/python3.7/site-packages/airflow/example_dags/example_subdag_operator.py for tasks to queue
[2022-12-26T02:09:30.068+0000] {logging_mixin.py:137} INFO - [2022-12-26T02:09:30.068+0000] {dagbag.py:538} INFO - Filling up the DagBag from /home/airflow/.local/lib/python3.7/site-packages/airflow/example_dags/example_subdag_operator.py
[2022-12-26T02:09:30.093+0000] {processor.py:753} INFO - DAG(s) dict_keys(['example_subdag_operator.section-1', 'example_subdag_operator.section-2', 'example_subdag_operator']) retrieved from /home/airflow/.local/lib/python3.7/site-packages/airflow/example_dags/example_subdag_operator.py
[2022-12-26T02:09:30.113+0000] {logging_mixin.py:137} INFO - [2022-12-26T02:09:30.113+0000] {dag.py:2676} INFO - Sync 3 DAGs
[2022-12-26T02:09:30.130+0000] {logging_mixin.py:137} INFO - [2022-12-26T02:09:30.130+0000] {dag.py:3427} INFO - Setting next_dagrun for example_subdag_operator to 2022-01-01T00:00:00+00:00, run_after=2022-01-01T00:00:00+00:00
[2022-12-26T02:09:30.134+0000] {logging_mixin.py:137} INFO - [2022-12-26T02:09:30.134+0000] {dag.py:3427} INFO - Setting next_dagrun for example_subdag_operator.section-1 to None, run_after=None
[2022-12-26T02:09:30.135+0000] {logging_mixin.py:137} INFO - [2022-12-26T02:09:30.135+0000] {dag.py:3427} INFO - Setting next_dagrun for example_subdag_operator.section-2 to None, run_after=None
[2022-12-26T02:09:30.140+0000] {logging_mixin.py:137} INFO - [2022-12-26T02:09:30.140+0000] {dag.py:2676} INFO - Sync 2 DAGs
[2022-12-26T02:09:30.144+0000] {logging_mixin.py:137} INFO - [2022-12-26T02:09:30.144+0000] {dag.py:3427} INFO - Setting next_dagrun for example_subdag_operator.section-1 to None, run_after=None
[2022-12-26T02:09:30.145+0000] {logging_mixin.py:137} INFO - [2022-12-26T02:09:30.145+0000] {dag.py:3427} INFO - Setting next_dagrun for example_subdag_operator.section-2 to None, run_after=None
[2022-12-26T02:09:30.152+0000] {processor.py:175} INFO - Processing /home/airflow/.local/lib/python3.7/site-packages/airflow/example_dags/example_subdag_operator.py took 0.089 seconds
[2022-12-26T02:10:00.346+0000] {processor.py:153} INFO - Started process (PID=415) to work on /home/airflow/.local/lib/python3.7/site-packages/airflow/example_dags/example_subdag_operator.py
[2022-12-26T02:10:00.348+0000] {processor.py:743} INFO - Processing file /home/airflow/.local/lib/python3.7/site-packages/airflow/example_dags/example_subdag_operator.py for tasks to queue
[2022-12-26T02:10:00.349+0000] {logging_mixin.py:137} INFO - [2022-12-26T02:10:00.349+0000] {dagbag.py:538} INFO - Filling up the DagBag from /home/airflow/.local/lib/python3.7/site-packages/airflow/example_dags/example_subdag_operator.py
[2022-12-26T02:10:00.379+0000] {processor.py:753} INFO - DAG(s) dict_keys(['example_subdag_operator.section-1', 'example_subdag_operator.section-2', 'example_subdag_operator']) retrieved from /home/airflow/.local/lib/python3.7/site-packages/airflow/example_dags/example_subdag_operator.py
[2022-12-26T02:10:00.403+0000] {logging_mixin.py:137} INFO - [2022-12-26T02:10:00.403+0000] {dag.py:2676} INFO - Sync 3 DAGs
[2022-12-26T02:10:00.422+0000] {logging_mixin.py:137} INFO - [2022-12-26T02:10:00.422+0000] {dag.py:3427} INFO - Setting next_dagrun for example_subdag_operator to 2022-01-01T00:00:00+00:00, run_after=2022-01-01T00:00:00+00:00
[2022-12-26T02:10:00.425+0000] {logging_mixin.py:137} INFO - [2022-12-26T02:10:00.425+0000] {dag.py:3427} INFO - Setting next_dagrun for example_subdag_operator.section-1 to None, run_after=None
[2022-12-26T02:10:00.427+0000] {logging_mixin.py:137} INFO - [2022-12-26T02:10:00.427+0000] {dag.py:3427} INFO - Setting next_dagrun for example_subdag_operator.section-2 to None, run_after=None
[2022-12-26T02:10:00.434+0000] {logging_mixin.py:137} INFO - [2022-12-26T02:10:00.434+0000] {dag.py:2676} INFO - Sync 2 DAGs
[2022-12-26T02:10:00.438+0000] {logging_mixin.py:137} INFO - [2022-12-26T02:10:00.438+0000] {dag.py:3427} INFO - Setting next_dagrun for example_subdag_operator.section-1 to None, run_after=None
[2022-12-26T02:10:00.439+0000] {logging_mixin.py:137} INFO - [2022-12-26T02:10:00.439+0000] {dag.py:3427} INFO - Setting next_dagrun for example_subdag_operator.section-2 to None, run_after=None
[2022-12-26T02:10:00.447+0000] {processor.py:175} INFO - Processing /home/airflow/.local/lib/python3.7/site-packages/airflow/example_dags/example_subdag_operator.py took 0.103 seconds
[2022-12-26T02:10:30.662+0000] {processor.py:153} INFO - Started process (PID=479) to work on /home/airflow/.local/lib/python3.7/site-packages/airflow/example_dags/example_subdag_operator.py
[2022-12-26T02:10:30.663+0000] {processor.py:743} INFO - Processing file /home/airflow/.local/lib/python3.7/site-packages/airflow/example_dags/example_subdag_operator.py for tasks to queue
[2022-12-26T02:10:30.664+0000] {logging_mixin.py:137} INFO - [2022-12-26T02:10:30.664+0000] {dagbag.py:538} INFO - Filling up the DagBag from /home/airflow/.local/lib/python3.7/site-packages/airflow/example_dags/example_subdag_operator.py
[2022-12-26T02:10:30.690+0000] {processor.py:753} INFO - DAG(s) dict_keys(['example_subdag_operator.section-1', 'example_subdag_operator.section-2', 'example_subdag_operator']) retrieved from /home/airflow/.local/lib/python3.7/site-packages/airflow/example_dags/example_subdag_operator.py
[2022-12-26T02:10:30.712+0000] {logging_mixin.py:137} INFO - [2022-12-26T02:10:30.712+0000] {dag.py:2676} INFO - Sync 3 DAGs
[2022-12-26T02:10:30.729+0000] {logging_mixin.py:137} INFO - [2022-12-26T02:10:30.729+0000] {dag.py:3427} INFO - Setting next_dagrun for example_subdag_operator to 2022-01-01T00:00:00+00:00, run_after=2022-01-01T00:00:00+00:00
[2022-12-26T02:10:30.732+0000] {logging_mixin.py:137} INFO - [2022-12-26T02:10:30.732+0000] {dag.py:3427} INFO - Setting next_dagrun for example_subdag_operator.section-1 to None, run_after=None
[2022-12-26T02:10:30.733+0000] {logging_mixin.py:137} INFO - [2022-12-26T02:10:30.733+0000] {dag.py:3427} INFO - Setting next_dagrun for example_subdag_operator.section-2 to None, run_after=None
[2022-12-26T02:10:30.739+0000] {logging_mixin.py:137} INFO - [2022-12-26T02:10:30.739+0000] {dag.py:2676} INFO - Sync 2 DAGs
[2022-12-26T02:10:30.743+0000] {logging_mixin.py:137} INFO - [2022-12-26T02:10:30.743+0000] {dag.py:3427} INFO - Setting next_dagrun for example_subdag_operator.section-1 to None, run_after=None
[2022-12-26T02:10:30.744+0000] {logging_mixin.py:137} INFO - [2022-12-26T02:10:30.744+0000] {dag.py:3427} INFO - Setting next_dagrun for example_subdag_operator.section-2 to None, run_after=None
[2022-12-26T02:10:30.752+0000] {processor.py:175} INFO - Processing /home/airflow/.local/lib/python3.7/site-packages/airflow/example_dags/example_subdag_operator.py took 0.093 seconds
[2022-12-26T02:11:01.155+0000] {processor.py:153} INFO - Started process (PID=556) to work on /home/airflow/.local/lib/python3.7/site-packages/airflow/example_dags/example_subdag_operator.py
[2022-12-26T02:11:01.157+0000] {processor.py:743} INFO - Processing file /home/airflow/.local/lib/python3.7/site-packages/airflow/example_dags/example_subdag_operator.py for tasks to queue
[2022-12-26T02:11:01.158+0000] {logging_mixin.py:137} INFO - [2022-12-26T02:11:01.158+0000] {dagbag.py:538} INFO - Filling up the DagBag from /home/airflow/.local/lib/python3.7/site-packages/airflow/example_dags/example_subdag_operator.py
[2022-12-26T02:11:01.185+0000] {processor.py:753} INFO - DAG(s) dict_keys(['example_subdag_operator.section-1', 'example_subdag_operator.section-2', 'example_subdag_operator']) retrieved from /home/airflow/.local/lib/python3.7/site-packages/airflow/example_dags/example_subdag_operator.py
[2022-12-26T02:11:01.208+0000] {logging_mixin.py:137} INFO - [2022-12-26T02:11:01.208+0000] {dag.py:2676} INFO - Sync 3 DAGs
[2022-12-26T02:11:01.226+0000] {logging_mixin.py:137} INFO - [2022-12-26T02:11:01.226+0000] {dag.py:3427} INFO - Setting next_dagrun for example_subdag_operator to 2022-01-01T00:00:00+00:00, run_after=2022-01-01T00:00:00+00:00
[2022-12-26T02:11:01.229+0000] {logging_mixin.py:137} INFO - [2022-12-26T02:11:01.229+0000] {dag.py:3427} INFO - Setting next_dagrun for example_subdag_operator.section-1 to None, run_after=None
[2022-12-26T02:11:01.231+0000] {logging_mixin.py:137} INFO - [2022-12-26T02:11:01.231+0000] {dag.py:3427} INFO - Setting next_dagrun for example_subdag_operator.section-2 to None, run_after=None
[2022-12-26T02:11:01.237+0000] {logging_mixin.py:137} INFO - [2022-12-26T02:11:01.237+0000] {dag.py:2676} INFO - Sync 2 DAGs
[2022-12-26T02:11:01.242+0000] {logging_mixin.py:137} INFO - [2022-12-26T02:11:01.242+0000] {dag.py:3427} INFO - Setting next_dagrun for example_subdag_operator.section-1 to None, run_after=None
[2022-12-26T02:11:01.243+0000] {logging_mixin.py:137} INFO - [2022-12-26T02:11:01.243+0000] {dag.py:3427} INFO - Setting next_dagrun for example_subdag_operator.section-2 to None, run_after=None
[2022-12-26T02:11:01.252+0000] {processor.py:175} INFO - Processing /home/airflow/.local/lib/python3.7/site-packages/airflow/example_dags/example_subdag_operator.py took 0.100 seconds
[2022-12-26T02:11:31.458+0000] {processor.py:153} INFO - Started process (PID=634) to work on /home/airflow/.local/lib/python3.7/site-packages/airflow/example_dags/example_subdag_operator.py
[2022-12-26T02:11:31.459+0000] {processor.py:743} INFO - Processing file /home/airflow/.local/lib/python3.7/site-packages/airflow/example_dags/example_subdag_operator.py for tasks to queue
[2022-12-26T02:11:31.460+0000] {logging_mixin.py:137} INFO - [2022-12-26T02:11:31.460+0000] {dagbag.py:538} INFO - Filling up the DagBag from /home/airflow/.local/lib/python3.7/site-packages/airflow/example_dags/example_subdag_operator.py
[2022-12-26T02:11:31.487+0000] {processor.py:753} INFO - DAG(s) dict_keys(['example_subdag_operator.section-1', 'example_subdag_operator.section-2', 'example_subdag_operator']) retrieved from /home/airflow/.local/lib/python3.7/site-packages/airflow/example_dags/example_subdag_operator.py
[2022-12-26T02:11:31.508+0000] {logging_mixin.py:137} INFO - [2022-12-26T02:11:31.508+0000] {dag.py:2676} INFO - Sync 3 DAGs
[2022-12-26T02:11:31.525+0000] {logging_mixin.py:137} INFO - [2022-12-26T02:11:31.525+0000] {dag.py:3427} INFO - Setting next_dagrun for example_subdag_operator to 2022-01-01T00:00:00+00:00, run_after=2022-01-01T00:00:00+00:00
[2022-12-26T02:11:31.529+0000] {logging_mixin.py:137} INFO - [2022-12-26T02:11:31.529+0000] {dag.py:3427} INFO - Setting next_dagrun for example_subdag_operator.section-1 to None, run_after=None
[2022-12-26T02:11:31.530+0000] {logging_mixin.py:137} INFO - [2022-12-26T02:11:31.530+0000] {dag.py:3427} INFO - Setting next_dagrun for example_subdag_operator.section-2 to None, run_after=None
[2022-12-26T02:11:31.535+0000] {logging_mixin.py:137} INFO - [2022-12-26T02:11:31.535+0000] {dag.py:2676} INFO - Sync 2 DAGs
[2022-12-26T02:11:31.540+0000] {logging_mixin.py:137} INFO - [2022-12-26T02:11:31.540+0000] {dag.py:3427} INFO - Setting next_dagrun for example_subdag_operator.section-1 to None, run_after=None
[2022-12-26T02:11:31.541+0000] {logging_mixin.py:137} INFO - [2022-12-26T02:11:31.541+0000] {dag.py:3427} INFO - Setting next_dagrun for example_subdag_operator.section-2 to None, run_after=None
[2022-12-26T02:11:31.548+0000] {processor.py:175} INFO - Processing /home/airflow/.local/lib/python3.7/site-packages/airflow/example_dags/example_subdag_operator.py took 0.093 seconds
[2022-12-26T02:12:01.695+0000] {processor.py:153} INFO - Started process (PID=698) to work on /home/airflow/.local/lib/python3.7/site-packages/airflow/example_dags/example_subdag_operator.py
[2022-12-26T02:12:01.696+0000] {processor.py:743} INFO - Processing file /home/airflow/.local/lib/python3.7/site-packages/airflow/example_dags/example_subdag_operator.py for tasks to queue
[2022-12-26T02:12:01.697+0000] {logging_mixin.py:137} INFO - [2022-12-26T02:12:01.697+0000] {dagbag.py:538} INFO - Filling up the DagBag from /home/airflow/.local/lib/python3.7/site-packages/airflow/example_dags/example_subdag_operator.py
[2022-12-26T02:12:01.725+0000] {processor.py:753} INFO - DAG(s) dict_keys(['example_subdag_operator.section-1', 'example_subdag_operator.section-2', 'example_subdag_operator']) retrieved from /home/airflow/.local/lib/python3.7/site-packages/airflow/example_dags/example_subdag_operator.py
[2022-12-26T02:12:01.747+0000] {logging_mixin.py:137} INFO - [2022-12-26T02:12:01.747+0000] {dag.py:2676} INFO - Sync 3 DAGs
[2022-12-26T02:12:01.763+0000] {logging_mixin.py:137} INFO - [2022-12-26T02:12:01.763+0000] {dag.py:3427} INFO - Setting next_dagrun for example_subdag_operator to 2022-01-01T00:00:00+00:00, run_after=2022-01-01T00:00:00+00:00
[2022-12-26T02:12:01.766+0000] {logging_mixin.py:137} INFO - [2022-12-26T02:12:01.766+0000] {dag.py:3427} INFO - Setting next_dagrun for example_subdag_operator.section-1 to None, run_after=None
[2022-12-26T02:12:01.767+0000] {logging_mixin.py:137} INFO - [2022-12-26T02:12:01.767+0000] {dag.py:3427} INFO - Setting next_dagrun for example_subdag_operator.section-2 to None, run_after=None
[2022-12-26T02:12:01.772+0000] {logging_mixin.py:137} INFO - [2022-12-26T02:12:01.772+0000] {dag.py:2676} INFO - Sync 2 DAGs
[2022-12-26T02:12:01.776+0000] {logging_mixin.py:137} INFO - [2022-12-26T02:12:01.776+0000] {dag.py:3427} INFO - Setting next_dagrun for example_subdag_operator.section-1 to None, run_after=None
[2022-12-26T02:12:01.777+0000] {logging_mixin.py:137} INFO - [2022-12-26T02:12:01.777+0000] {dag.py:3427} INFO - Setting next_dagrun for example_subdag_operator.section-2 to None, run_after=None
[2022-12-26T02:12:01.784+0000] {processor.py:175} INFO - Processing /home/airflow/.local/lib/python3.7/site-packages/airflow/example_dags/example_subdag_operator.py took 0.093 seconds
[2022-12-26T02:12:32.389+0000] {processor.py:153} INFO - Started process (PID=775) to work on /home/airflow/.local/lib/python3.7/site-packages/airflow/example_dags/example_subdag_operator.py
[2022-12-26T02:12:32.390+0000] {processor.py:743} INFO - Processing file /home/airflow/.local/lib/python3.7/site-packages/airflow/example_dags/example_subdag_operator.py for tasks to queue
[2022-12-26T02:12:32.391+0000] {logging_mixin.py:137} INFO - [2022-12-26T02:12:32.391+0000] {dagbag.py:538} INFO - Filling up the DagBag from /home/airflow/.local/lib/python3.7/site-packages/airflow/example_dags/example_subdag_operator.py
[2022-12-26T02:12:32.418+0000] {processor.py:753} INFO - DAG(s) dict_keys(['example_subdag_operator.section-1', 'example_subdag_operator.section-2', 'example_subdag_operator']) retrieved from /home/airflow/.local/lib/python3.7/site-packages/airflow/example_dags/example_subdag_operator.py
[2022-12-26T02:12:32.439+0000] {logging_mixin.py:137} INFO - [2022-12-26T02:12:32.439+0000] {dag.py:2676} INFO - Sync 3 DAGs
[2022-12-26T02:12:32.455+0000] {logging_mixin.py:137} INFO - [2022-12-26T02:12:32.455+0000] {dag.py:3427} INFO - Setting next_dagrun for example_subdag_operator to 2022-01-01T00:00:00+00:00, run_after=2022-01-01T00:00:00+00:00
[2022-12-26T02:12:32.459+0000] {logging_mixin.py:137} INFO - [2022-12-26T02:12:32.458+0000] {dag.py:3427} INFO - Setting next_dagrun for example_subdag_operator.section-1 to None, run_after=None
[2022-12-26T02:12:32.460+0000] {logging_mixin.py:137} INFO - [2022-12-26T02:12:32.460+0000] {dag.py:3427} INFO - Setting next_dagrun for example_subdag_operator.section-2 to None, run_after=None
[2022-12-26T02:12:32.465+0000] {logging_mixin.py:137} INFO - [2022-12-26T02:12:32.465+0000] {dag.py:2676} INFO - Sync 2 DAGs
[2022-12-26T02:12:32.468+0000] {logging_mixin.py:137} INFO - [2022-12-26T02:12:32.468+0000] {dag.py:3427} INFO - Setting next_dagrun for example_subdag_operator.section-1 to None, run_after=None
[2022-12-26T02:12:32.469+0000] {logging_mixin.py:137} INFO - [2022-12-26T02:12:32.469+0000] {dag.py:3427} INFO - Setting next_dagrun for example_subdag_operator.section-2 to None, run_after=None
[2022-12-26T02:12:32.475+0000] {processor.py:175} INFO - Processing /home/airflow/.local/lib/python3.7/site-packages/airflow/example_dags/example_subdag_operator.py took 0.089 seconds
[2022-12-26T02:13:02.778+0000] {processor.py:153} INFO - Started process (PID=857) to work on /home/airflow/.local/lib/python3.7/site-packages/airflow/example_dags/example_subdag_operator.py
[2022-12-26T02:13:02.780+0000] {processor.py:743} INFO - Processing file /home/airflow/.local/lib/python3.7/site-packages/airflow/example_dags/example_subdag_operator.py for tasks to queue
[2022-12-26T02:13:02.781+0000] {logging_mixin.py:137} INFO - [2022-12-26T02:13:02.781+0000] {dagbag.py:538} INFO - Filling up the DagBag from /home/airflow/.local/lib/python3.7/site-packages/airflow/example_dags/example_subdag_operator.py
[2022-12-26T02:13:02.808+0000] {processor.py:753} INFO - DAG(s) dict_keys(['example_subdag_operator.section-1', 'example_subdag_operator.section-2', 'example_subdag_operator']) retrieved from /home/airflow/.local/lib/python3.7/site-packages/airflow/example_dags/example_subdag_operator.py
[2022-12-26T02:13:02.829+0000] {logging_mixin.py:137} INFO - [2022-12-26T02:13:02.829+0000] {dag.py:2676} INFO - Sync 3 DAGs
[2022-12-26T02:13:02.846+0000] {logging_mixin.py:137} INFO - [2022-12-26T02:13:02.846+0000] {dag.py:3427} INFO - Setting next_dagrun for example_subdag_operator to 2022-01-01T00:00:00+00:00, run_after=2022-01-01T00:00:00+00:00
[2022-12-26T02:13:02.849+0000] {logging_mixin.py:137} INFO - [2022-12-26T02:13:02.849+0000] {dag.py:3427} INFO - Setting next_dagrun for example_subdag_operator.section-1 to None, run_after=None
[2022-12-26T02:13:02.851+0000] {logging_mixin.py:137} INFO - [2022-12-26T02:13:02.851+0000] {dag.py:3427} INFO - Setting next_dagrun for example_subdag_operator.section-2 to None, run_after=None
[2022-12-26T02:13:02.861+0000] {logging_mixin.py:137} INFO - [2022-12-26T02:13:02.861+0000] {dag.py:2676} INFO - Sync 2 DAGs
[2022-12-26T02:13:02.865+0000] {logging_mixin.py:137} INFO - [2022-12-26T02:13:02.865+0000] {dag.py:3427} INFO - Setting next_dagrun for example_subdag_operator.section-1 to None, run_after=None
[2022-12-26T02:13:02.865+0000] {logging_mixin.py:137} INFO - [2022-12-26T02:13:02.865+0000] {dag.py:3427} INFO - Setting next_dagrun for example_subdag_operator.section-2 to None, run_after=None
[2022-12-26T02:13:02.873+0000] {processor.py:175} INFO - Processing /home/airflow/.local/lib/python3.7/site-packages/airflow/example_dags/example_subdag_operator.py took 0.098 seconds
[2022-12-26T02:13:33.240+0000] {processor.py:153} INFO - Started process (PID=921) to work on /home/airflow/.local/lib/python3.7/site-packages/airflow/example_dags/example_subdag_operator.py
[2022-12-26T02:13:33.241+0000] {processor.py:743} INFO - Processing file /home/airflow/.local/lib/python3.7/site-packages/airflow/example_dags/example_subdag_operator.py for tasks to queue
[2022-12-26T02:13:33.242+0000] {logging_mixin.py:137} INFO - [2022-12-26T02:13:33.242+0000] {dagbag.py:538} INFO - Filling up the DagBag from /home/airflow/.local/lib/python3.7/site-packages/airflow/example_dags/example_subdag_operator.py
[2022-12-26T02:13:33.272+0000] {processor.py:753} INFO - DAG(s) dict_keys(['example_subdag_operator.section-1', 'example_subdag_operator.section-2', 'example_subdag_operator']) retrieved from /home/airflow/.local/lib/python3.7/site-packages/airflow/example_dags/example_subdag_operator.py
[2022-12-26T02:13:33.294+0000] {logging_mixin.py:137} INFO - [2022-12-26T02:13:33.294+0000] {dag.py:2676} INFO - Sync 3 DAGs
[2022-12-26T02:13:33.311+0000] {logging_mixin.py:137} INFO - [2022-12-26T02:13:33.311+0000] {dag.py:3427} INFO - Setting next_dagrun for example_subdag_operator to 2022-01-01T00:00:00+00:00, run_after=2022-01-01T00:00:00+00:00
[2022-12-26T02:13:33.315+0000] {logging_mixin.py:137} INFO - [2022-12-26T02:13:33.314+0000] {dag.py:3427} INFO - Setting next_dagrun for example_subdag_operator.section-1 to None, run_after=None
[2022-12-26T02:13:33.316+0000] {logging_mixin.py:137} INFO - [2022-12-26T02:13:33.316+0000] {dag.py:3427} INFO - Setting next_dagrun for example_subdag_operator.section-2 to None, run_after=None
[2022-12-26T02:13:33.321+0000] {logging_mixin.py:137} INFO - [2022-12-26T02:13:33.321+0000] {dag.py:2676} INFO - Sync 2 DAGs
[2022-12-26T02:13:33.325+0000] {logging_mixin.py:137} INFO - [2022-12-26T02:13:33.325+0000] {dag.py:3427} INFO - Setting next_dagrun for example_subdag_operator.section-1 to None, run_after=None
[2022-12-26T02:13:33.326+0000] {logging_mixin.py:137} INFO - [2022-12-26T02:13:33.326+0000] {dag.py:3427} INFO - Setting next_dagrun for example_subdag_operator.section-2 to None, run_after=None
[2022-12-26T02:13:33.333+0000] {processor.py:175} INFO - Processing /home/airflow/.local/lib/python3.7/site-packages/airflow/example_dags/example_subdag_operator.py took 0.096 seconds
[2022-12-26T02:14:03.730+0000] {processor.py:153} INFO - Started process (PID=998) to work on /home/airflow/.local/lib/python3.7/site-packages/airflow/example_dags/example_subdag_operator.py
[2022-12-26T02:14:03.731+0000] {processor.py:743} INFO - Processing file /home/airflow/.local/lib/python3.7/site-packages/airflow/example_dags/example_subdag_operator.py for tasks to queue
[2022-12-26T02:14:03.732+0000] {logging_mixin.py:137} INFO - [2022-12-26T02:14:03.732+0000] {dagbag.py:538} INFO - Filling up the DagBag from /home/airflow/.local/lib/python3.7/site-packages/airflow/example_dags/example_subdag_operator.py
[2022-12-26T02:14:03.761+0000] {processor.py:753} INFO - DAG(s) dict_keys(['example_subdag_operator.section-1', 'example_subdag_operator.section-2', 'example_subdag_operator']) retrieved from /home/airflow/.local/lib/python3.7/site-packages/airflow/example_dags/example_subdag_operator.py
[2022-12-26T02:14:03.782+0000] {logging_mixin.py:137} INFO - [2022-12-26T02:14:03.782+0000] {dag.py:2676} INFO - Sync 3 DAGs
[2022-12-26T02:14:03.801+0000] {logging_mixin.py:137} INFO - [2022-12-26T02:14:03.801+0000] {dag.py:3427} INFO - Setting next_dagrun for example_subdag_operator to 2022-01-01T00:00:00+00:00, run_after=2022-01-01T00:00:00+00:00
[2022-12-26T02:14:03.804+0000] {logging_mixin.py:137} INFO - [2022-12-26T02:14:03.804+0000] {dag.py:3427} INFO - Setting next_dagrun for example_subdag_operator.section-1 to None, run_after=None
[2022-12-26T02:14:03.806+0000] {logging_mixin.py:137} INFO - [2022-12-26T02:14:03.805+0000] {dag.py:3427} INFO - Setting next_dagrun for example_subdag_operator.section-2 to None, run_after=None
[2022-12-26T02:14:03.811+0000] {logging_mixin.py:137} INFO - [2022-12-26T02:14:03.811+0000] {dag.py:2676} INFO - Sync 2 DAGs
[2022-12-26T02:14:03.815+0000] {logging_mixin.py:137} INFO - [2022-12-26T02:14:03.815+0000] {dag.py:3427} INFO - Setting next_dagrun for example_subdag_operator.section-1 to None, run_after=None
[2022-12-26T02:14:03.816+0000] {logging_mixin.py:137} INFO - [2022-12-26T02:14:03.816+0000] {dag.py:3427} INFO - Setting next_dagrun for example_subdag_operator.section-2 to None, run_after=None
[2022-12-26T02:14:03.824+0000] {processor.py:175} INFO - Processing /home/airflow/.local/lib/python3.7/site-packages/airflow/example_dags/example_subdag_operator.py took 0.098 seconds
[2022-12-26T02:14:34.171+0000] {processor.py:153} INFO - Started process (PID=1075) to work on /home/airflow/.local/lib/python3.7/site-packages/airflow/example_dags/example_subdag_operator.py
[2022-12-26T02:14:34.172+0000] {processor.py:743} INFO - Processing file /home/airflow/.local/lib/python3.7/site-packages/airflow/example_dags/example_subdag_operator.py for tasks to queue
[2022-12-26T02:14:34.173+0000] {logging_mixin.py:137} INFO - [2022-12-26T02:14:34.173+0000] {dagbag.py:538} INFO - Filling up the DagBag from /home/airflow/.local/lib/python3.7/site-packages/airflow/example_dags/example_subdag_operator.py
[2022-12-26T02:14:34.199+0000] {processor.py:753} INFO - DAG(s) dict_keys(['example_subdag_operator.section-1', 'example_subdag_operator.section-2', 'example_subdag_operator']) retrieved from /home/airflow/.local/lib/python3.7/site-packages/airflow/example_dags/example_subdag_operator.py
[2022-12-26T02:14:34.220+0000] {logging_mixin.py:137} INFO - [2022-12-26T02:14:34.220+0000] {dag.py:2676} INFO - Sync 3 DAGs
[2022-12-26T02:14:34.237+0000] {logging_mixin.py:137} INFO - [2022-12-26T02:14:34.237+0000] {dag.py:3427} INFO - Setting next_dagrun for example_subdag_operator to 2022-01-01T00:00:00+00:00, run_after=2022-01-01T00:00:00+00:00
[2022-12-26T02:14:34.240+0000] {logging_mixin.py:137} INFO - [2022-12-26T02:14:34.240+0000] {dag.py:3427} INFO - Setting next_dagrun for example_subdag_operator.section-1 to None, run_after=None
[2022-12-26T02:14:34.241+0000] {logging_mixin.py:137} INFO - [2022-12-26T02:14:34.241+0000] {dag.py:3427} INFO - Setting next_dagrun for example_subdag_operator.section-2 to None, run_after=None
[2022-12-26T02:14:34.248+0000] {logging_mixin.py:137} INFO - [2022-12-26T02:14:34.248+0000] {dag.py:2676} INFO - Sync 2 DAGs
[2022-12-26T02:14:34.252+0000] {logging_mixin.py:137} INFO - [2022-12-26T02:14:34.252+0000] {dag.py:3427} INFO - Setting next_dagrun for example_subdag_operator.section-1 to None, run_after=None
[2022-12-26T02:14:34.252+0000] {logging_mixin.py:137} INFO - [2022-12-26T02:14:34.252+0000] {dag.py:3427} INFO - Setting next_dagrun for example_subdag_operator.section-2 to None, run_after=None
[2022-12-26T02:14:34.261+0000] {processor.py:175} INFO - Processing /home/airflow/.local/lib/python3.7/site-packages/airflow/example_dags/example_subdag_operator.py took 0.093 seconds
[2022-12-26T02:15:04.631+0000] {processor.py:153} INFO - Started process (PID=1139) to work on /home/airflow/.local/lib/python3.7/site-packages/airflow/example_dags/example_subdag_operator.py
[2022-12-26T02:15:04.633+0000] {processor.py:743} INFO - Processing file /home/airflow/.local/lib/python3.7/site-packages/airflow/example_dags/example_subdag_operator.py for tasks to queue
[2022-12-26T02:15:04.634+0000] {logging_mixin.py:137} INFO - [2022-12-26T02:15:04.634+0000] {dagbag.py:538} INFO - Filling up the DagBag from /home/airflow/.local/lib/python3.7/site-packages/airflow/example_dags/example_subdag_operator.py
[2022-12-26T02:15:04.659+0000] {processor.py:753} INFO - DAG(s) dict_keys(['example_subdag_operator.section-1', 'example_subdag_operator.section-2', 'example_subdag_operator']) retrieved from /home/airflow/.local/lib/python3.7/site-packages/airflow/example_dags/example_subdag_operator.py
[2022-12-26T02:15:04.680+0000] {logging_mixin.py:137} INFO - [2022-12-26T02:15:04.680+0000] {dag.py:2676} INFO - Sync 3 DAGs
[2022-12-26T02:15:04.698+0000] {logging_mixin.py:137} INFO - [2022-12-26T02:15:04.698+0000] {dag.py:3427} INFO - Setting next_dagrun for example_subdag_operator to 2022-01-01T00:00:00+00:00, run_after=2022-01-01T00:00:00+00:00
[2022-12-26T02:15:04.701+0000] {logging_mixin.py:137} INFO - [2022-12-26T02:15:04.701+0000] {dag.py:3427} INFO - Setting next_dagrun for example_subdag_operator.section-1 to None, run_after=None
[2022-12-26T02:15:04.702+0000] {logging_mixin.py:137} INFO - [2022-12-26T02:15:04.702+0000] {dag.py:3427} INFO - Setting next_dagrun for example_subdag_operator.section-2 to None, run_after=None
[2022-12-26T02:15:04.708+0000] {logging_mixin.py:137} INFO - [2022-12-26T02:15:04.708+0000] {dag.py:2676} INFO - Sync 2 DAGs
[2022-12-26T02:15:04.712+0000] {logging_mixin.py:137} INFO - [2022-12-26T02:15:04.712+0000] {dag.py:3427} INFO - Setting next_dagrun for example_subdag_operator.section-1 to None, run_after=None
[2022-12-26T02:15:04.713+0000] {logging_mixin.py:137} INFO - [2022-12-26T02:15:04.713+0000] {dag.py:3427} INFO - Setting next_dagrun for example_subdag_operator.section-2 to None, run_after=None
[2022-12-26T02:15:04.722+0000] {processor.py:175} INFO - Processing /home/airflow/.local/lib/python3.7/site-packages/airflow/example_dags/example_subdag_operator.py took 0.094 seconds
[2022-12-26T02:15:35.123+0000] {processor.py:153} INFO - Started process (PID=1216) to work on /home/airflow/.local/lib/python3.7/site-packages/airflow/example_dags/example_subdag_operator.py
[2022-12-26T02:15:35.124+0000] {processor.py:743} INFO - Processing file /home/airflow/.local/lib/python3.7/site-packages/airflow/example_dags/example_subdag_operator.py for tasks to queue
[2022-12-26T02:15:35.125+0000] {logging_mixin.py:137} INFO - [2022-12-26T02:15:35.125+0000] {dagbag.py:538} INFO - Filling up the DagBag from /home/airflow/.local/lib/python3.7/site-packages/airflow/example_dags/example_subdag_operator.py
[2022-12-26T02:15:35.153+0000] {processor.py:753} INFO - DAG(s) dict_keys(['example_subdag_operator.section-1', 'example_subdag_operator.section-2', 'example_subdag_operator']) retrieved from /home/airflow/.local/lib/python3.7/site-packages/airflow/example_dags/example_subdag_operator.py
[2022-12-26T02:15:35.175+0000] {logging_mixin.py:137} INFO - [2022-12-26T02:15:35.175+0000] {dag.py:2676} INFO - Sync 3 DAGs
[2022-12-26T02:15:35.194+0000] {logging_mixin.py:137} INFO - [2022-12-26T02:15:35.194+0000] {dag.py:3427} INFO - Setting next_dagrun for example_subdag_operator to 2022-01-01T00:00:00+00:00, run_after=2022-01-01T00:00:00+00:00
[2022-12-26T02:15:35.197+0000] {logging_mixin.py:137} INFO - [2022-12-26T02:15:35.197+0000] {dag.py:3427} INFO - Setting next_dagrun for example_subdag_operator.section-1 to None, run_after=None
[2022-12-26T02:15:35.199+0000] {logging_mixin.py:137} INFO - [2022-12-26T02:15:35.199+0000] {dag.py:3427} INFO - Setting next_dagrun for example_subdag_operator.section-2 to None, run_after=None
[2022-12-26T02:15:35.205+0000] {logging_mixin.py:137} INFO - [2022-12-26T02:15:35.204+0000] {dag.py:2676} INFO - Sync 2 DAGs
[2022-12-26T02:15:35.208+0000] {logging_mixin.py:137} INFO - [2022-12-26T02:15:35.208+0000] {dag.py:3427} INFO - Setting next_dagrun for example_subdag_operator.section-1 to None, run_after=None
[2022-12-26T02:15:35.209+0000] {logging_mixin.py:137} INFO - [2022-12-26T02:15:35.209+0000] {dag.py:3427} INFO - Setting next_dagrun for example_subdag_operator.section-2 to None, run_after=None
[2022-12-26T02:15:35.216+0000] {processor.py:175} INFO - Processing /home/airflow/.local/lib/python3.7/site-packages/airflow/example_dags/example_subdag_operator.py took 0.097 seconds
[2022-12-26T02:16:05.389+0000] {processor.py:153} INFO - Started process (PID=1293) to work on /home/airflow/.local/lib/python3.7/site-packages/airflow/example_dags/example_subdag_operator.py
[2022-12-26T02:16:05.390+0000] {processor.py:743} INFO - Processing file /home/airflow/.local/lib/python3.7/site-packages/airflow/example_dags/example_subdag_operator.py for tasks to queue
[2022-12-26T02:16:05.391+0000] {logging_mixin.py:137} INFO - [2022-12-26T02:16:05.391+0000] {dagbag.py:538} INFO - Filling up the DagBag from /home/airflow/.local/lib/python3.7/site-packages/airflow/example_dags/example_subdag_operator.py
[2022-12-26T02:16:05.418+0000] {processor.py:753} INFO - DAG(s) dict_keys(['example_subdag_operator.section-1', 'example_subdag_operator.section-2', 'example_subdag_operator']) retrieved from /home/airflow/.local/lib/python3.7/site-packages/airflow/example_dags/example_subdag_operator.py
[2022-12-26T02:16:05.439+0000] {logging_mixin.py:137} INFO - [2022-12-26T02:16:05.439+0000] {dag.py:2676} INFO - Sync 3 DAGs
[2022-12-26T02:16:05.457+0000] {logging_mixin.py:137} INFO - [2022-12-26T02:16:05.457+0000] {dag.py:3427} INFO - Setting next_dagrun for example_subdag_operator to 2022-01-01T00:00:00+00:00, run_after=2022-01-01T00:00:00+00:00
[2022-12-26T02:16:05.460+0000] {logging_mixin.py:137} INFO - [2022-12-26T02:16:05.460+0000] {dag.py:3427} INFO - Setting next_dagrun for example_subdag_operator.section-1 to None, run_after=None
[2022-12-26T02:16:05.462+0000] {logging_mixin.py:137} INFO - [2022-12-26T02:16:05.462+0000] {dag.py:3427} INFO - Setting next_dagrun for example_subdag_operator.section-2 to None, run_after=None
[2022-12-26T02:16:05.467+0000] {logging_mixin.py:137} INFO - [2022-12-26T02:16:05.467+0000] {dag.py:2676} INFO - Sync 2 DAGs
[2022-12-26T02:16:05.471+0000] {logging_mixin.py:137} INFO - [2022-12-26T02:16:05.471+0000] {dag.py:3427} INFO - Setting next_dagrun for example_subdag_operator.section-1 to None, run_after=None
[2022-12-26T02:16:05.472+0000] {logging_mixin.py:137} INFO - [2022-12-26T02:16:05.472+0000] {dag.py:3427} INFO - Setting next_dagrun for example_subdag_operator.section-2 to None, run_after=None
[2022-12-26T02:16:05.480+0000] {processor.py:175} INFO - Processing /home/airflow/.local/lib/python3.7/site-packages/airflow/example_dags/example_subdag_operator.py took 0.094 seconds
[2022-12-26T02:16:35.845+0000] {processor.py:153} INFO - Started process (PID=1357) to work on /home/airflow/.local/lib/python3.7/site-packages/airflow/example_dags/example_subdag_operator.py
[2022-12-26T02:16:35.846+0000] {processor.py:743} INFO - Processing file /home/airflow/.local/lib/python3.7/site-packages/airflow/example_dags/example_subdag_operator.py for tasks to queue
[2022-12-26T02:16:35.847+0000] {logging_mixin.py:137} INFO - [2022-12-26T02:16:35.847+0000] {dagbag.py:538} INFO - Filling up the DagBag from /home/airflow/.local/lib/python3.7/site-packages/airflow/example_dags/example_subdag_operator.py
[2022-12-26T02:16:35.876+0000] {processor.py:753} INFO - DAG(s) dict_keys(['example_subdag_operator.section-1', 'example_subdag_operator.section-2', 'example_subdag_operator']) retrieved from /home/airflow/.local/lib/python3.7/site-packages/airflow/example_dags/example_subdag_operator.py
[2022-12-26T02:16:35.898+0000] {logging_mixin.py:137} INFO - [2022-12-26T02:16:35.898+0000] {dag.py:2676} INFO - Sync 3 DAGs
[2022-12-26T02:16:35.914+0000] {logging_mixin.py:137} INFO - [2022-12-26T02:16:35.914+0000] {dag.py:3427} INFO - Setting next_dagrun for example_subdag_operator to 2022-01-01T00:00:00+00:00, run_after=2022-01-01T00:00:00+00:00
[2022-12-26T02:16:35.917+0000] {logging_mixin.py:137} INFO - [2022-12-26T02:16:35.917+0000] {dag.py:3427} INFO - Setting next_dagrun for example_subdag_operator.section-1 to None, run_after=None
[2022-12-26T02:16:35.918+0000] {logging_mixin.py:137} INFO - [2022-12-26T02:16:35.918+0000] {dag.py:3427} INFO - Setting next_dagrun for example_subdag_operator.section-2 to None, run_after=None
[2022-12-26T02:16:35.924+0000] {logging_mixin.py:137} INFO - [2022-12-26T02:16:35.924+0000] {dag.py:2676} INFO - Sync 2 DAGs
[2022-12-26T02:16:35.929+0000] {logging_mixin.py:137} INFO - [2022-12-26T02:16:35.929+0000] {dag.py:3427} INFO - Setting next_dagrun for example_subdag_operator.section-1 to None, run_after=None
[2022-12-26T02:16:35.930+0000] {logging_mixin.py:137} INFO - [2022-12-26T02:16:35.930+0000] {dag.py:3427} INFO - Setting next_dagrun for example_subdag_operator.section-2 to None, run_after=None
[2022-12-26T02:16:35.937+0000] {processor.py:175} INFO - Processing /home/airflow/.local/lib/python3.7/site-packages/airflow/example_dags/example_subdag_operator.py took 0.094 seconds
