[2022-12-26T02:07:28.663+0000] {processor.py:153} INFO - Started process (PID=43) to work on /home/airflow/.local/lib/python3.7/site-packages/airflow/example_dags/example_latest_only.py
[2022-12-26T02:07:28.665+0000] {processor.py:743} INFO - Processing file /home/airflow/.local/lib/python3.7/site-packages/airflow/example_dags/example_latest_only.py for tasks to queue
[2022-12-26T02:07:28.666+0000] {logging_mixin.py:137} INFO - [2022-12-26T02:07:28.666+0000] {dagbag.py:538} INFO - Filling up the DagBag from /home/airflow/.local/lib/python3.7/site-packages/airflow/example_dags/example_latest_only.py
[2022-12-26T02:07:28.696+0000] {processor.py:753} INFO - DAG(s) dict_keys(['latest_only']) retrieved from /home/airflow/.local/lib/python3.7/site-packages/airflow/example_dags/example_latest_only.py
[2022-12-26T02:07:28.757+0000] {logging_mixin.py:137} INFO - [2022-12-26T02:07:28.756+0000] {dag.py:2676} INFO - Sync 1 DAGs
[2022-12-26T02:07:28.786+0000] {logging_mixin.py:137} INFO - [2022-12-26T02:07:28.786+0000] {dag.py:3427} INFO - Setting next_dagrun for latest_only to 2022-12-25T22:07:28.786250+00:00, run_after=2022-12-26T02:07:28.786250+00:00
[2022-12-26T02:07:28.813+0000] {processor.py:175} INFO - Processing /home/airflow/.local/lib/python3.7/site-packages/airflow/example_dags/example_latest_only.py took 0.153 seconds
[2022-12-26T02:07:58.850+0000] {processor.py:153} INFO - Started process (PID=120) to work on /home/airflow/.local/lib/python3.7/site-packages/airflow/example_dags/example_latest_only.py
[2022-12-26T02:07:58.851+0000] {processor.py:743} INFO - Processing file /home/airflow/.local/lib/python3.7/site-packages/airflow/example_dags/example_latest_only.py for tasks to queue
[2022-12-26T02:07:58.852+0000] {logging_mixin.py:137} INFO - [2022-12-26T02:07:58.852+0000] {dagbag.py:538} INFO - Filling up the DagBag from /home/airflow/.local/lib/python3.7/site-packages/airflow/example_dags/example_latest_only.py
[2022-12-26T02:07:58.863+0000] {processor.py:753} INFO - DAG(s) dict_keys(['latest_only']) retrieved from /home/airflow/.local/lib/python3.7/site-packages/airflow/example_dags/example_latest_only.py
[2022-12-26T02:07:58.891+0000] {logging_mixin.py:137} INFO - [2022-12-26T02:07:58.891+0000] {dag.py:2676} INFO - Sync 1 DAGs
[2022-12-26T02:07:58.909+0000] {logging_mixin.py:137} INFO - [2022-12-26T02:07:58.909+0000] {dag.py:3427} INFO - Setting next_dagrun for latest_only to 2022-12-25T22:07:58.908918+00:00, run_after=2022-12-26T02:07:58.908918+00:00
[2022-12-26T02:07:58.921+0000] {processor.py:175} INFO - Processing /home/airflow/.local/lib/python3.7/site-packages/airflow/example_dags/example_latest_only.py took 0.073 seconds
[2022-12-26T02:08:29.451+0000] {processor.py:153} INFO - Started process (PID=198) to work on /home/airflow/.local/lib/python3.7/site-packages/airflow/example_dags/example_latest_only.py
[2022-12-26T02:08:29.452+0000] {processor.py:743} INFO - Processing file /home/airflow/.local/lib/python3.7/site-packages/airflow/example_dags/example_latest_only.py for tasks to queue
[2022-12-26T02:08:29.453+0000] {logging_mixin.py:137} INFO - [2022-12-26T02:08:29.453+0000] {dagbag.py:538} INFO - Filling up the DagBag from /home/airflow/.local/lib/python3.7/site-packages/airflow/example_dags/example_latest_only.py
[2022-12-26T02:08:29.467+0000] {processor.py:753} INFO - DAG(s) dict_keys(['latest_only']) retrieved from /home/airflow/.local/lib/python3.7/site-packages/airflow/example_dags/example_latest_only.py
[2022-12-26T02:08:29.502+0000] {logging_mixin.py:137} INFO - [2022-12-26T02:08:29.501+0000] {dag.py:2676} INFO - Sync 1 DAGs
[2022-12-26T02:08:29.520+0000] {logging_mixin.py:137} INFO - [2022-12-26T02:08:29.520+0000] {dag.py:3427} INFO - Setting next_dagrun for latest_only to 2022-12-25T22:08:29.519795+00:00, run_after=2022-12-26T02:08:29.519795+00:00
[2022-12-26T02:08:29.533+0000] {processor.py:175} INFO - Processing /home/airflow/.local/lib/python3.7/site-packages/airflow/example_dags/example_latest_only.py took 0.085 seconds
[2022-12-26T02:08:59.778+0000] {processor.py:153} INFO - Started process (PID=263) to work on /home/airflow/.local/lib/python3.7/site-packages/airflow/example_dags/example_latest_only.py
[2022-12-26T02:08:59.780+0000] {processor.py:743} INFO - Processing file /home/airflow/.local/lib/python3.7/site-packages/airflow/example_dags/example_latest_only.py for tasks to queue
[2022-12-26T02:08:59.780+0000] {logging_mixin.py:137} INFO - [2022-12-26T02:08:59.780+0000] {dagbag.py:538} INFO - Filling up the DagBag from /home/airflow/.local/lib/python3.7/site-packages/airflow/example_dags/example_latest_only.py
[2022-12-26T02:08:59.790+0000] {processor.py:753} INFO - DAG(s) dict_keys(['latest_only']) retrieved from /home/airflow/.local/lib/python3.7/site-packages/airflow/example_dags/example_latest_only.py
[2022-12-26T02:08:59.819+0000] {logging_mixin.py:137} INFO - [2022-12-26T02:08:59.819+0000] {dag.py:2676} INFO - Sync 1 DAGs
[2022-12-26T02:08:59.837+0000] {logging_mixin.py:137} INFO - [2022-12-26T02:08:59.836+0000] {dag.py:3427} INFO - Setting next_dagrun for latest_only to 2022-12-25T22:08:59.836667+00:00, run_after=2022-12-26T02:08:59.836667+00:00
[2022-12-26T02:08:59.850+0000] {processor.py:175} INFO - Processing /home/airflow/.local/lib/python3.7/site-packages/airflow/example_dags/example_latest_only.py took 0.075 seconds
[2022-12-26T02:09:30.176+0000] {processor.py:153} INFO - Started process (PID=340) to work on /home/airflow/.local/lib/python3.7/site-packages/airflow/example_dags/example_latest_only.py
[2022-12-26T02:09:30.177+0000] {processor.py:743} INFO - Processing file /home/airflow/.local/lib/python3.7/site-packages/airflow/example_dags/example_latest_only.py for tasks to queue
[2022-12-26T02:09:30.178+0000] {logging_mixin.py:137} INFO - [2022-12-26T02:09:30.178+0000] {dagbag.py:538} INFO - Filling up the DagBag from /home/airflow/.local/lib/python3.7/site-packages/airflow/example_dags/example_latest_only.py
[2022-12-26T02:09:30.189+0000] {processor.py:753} INFO - DAG(s) dict_keys(['latest_only']) retrieved from /home/airflow/.local/lib/python3.7/site-packages/airflow/example_dags/example_latest_only.py
[2022-12-26T02:09:30.216+0000] {logging_mixin.py:137} INFO - [2022-12-26T02:09:30.216+0000] {dag.py:2676} INFO - Sync 1 DAGs
[2022-12-26T02:09:30.233+0000] {logging_mixin.py:137} INFO - [2022-12-26T02:09:30.233+0000] {dag.py:3427} INFO - Setting next_dagrun for latest_only to 2022-12-25T22:09:30.233306+00:00, run_after=2022-12-26T02:09:30.233306+00:00
[2022-12-26T02:09:30.245+0000] {processor.py:175} INFO - Processing /home/airflow/.local/lib/python3.7/site-packages/airflow/example_dags/example_latest_only.py took 0.072 seconds
[2022-12-26T02:10:00.470+0000] {processor.py:153} INFO - Started process (PID=417) to work on /home/airflow/.local/lib/python3.7/site-packages/airflow/example_dags/example_latest_only.py
[2022-12-26T02:10:00.472+0000] {processor.py:743} INFO - Processing file /home/airflow/.local/lib/python3.7/site-packages/airflow/example_dags/example_latest_only.py for tasks to queue
[2022-12-26T02:10:00.472+0000] {logging_mixin.py:137} INFO - [2022-12-26T02:10:00.472+0000] {dagbag.py:538} INFO - Filling up the DagBag from /home/airflow/.local/lib/python3.7/site-packages/airflow/example_dags/example_latest_only.py
[2022-12-26T02:10:00.483+0000] {processor.py:753} INFO - DAG(s) dict_keys(['latest_only']) retrieved from /home/airflow/.local/lib/python3.7/site-packages/airflow/example_dags/example_latest_only.py
[2022-12-26T02:10:00.512+0000] {logging_mixin.py:137} INFO - [2022-12-26T02:10:00.511+0000] {dag.py:2676} INFO - Sync 1 DAGs
[2022-12-26T02:10:00.533+0000] {logging_mixin.py:137} INFO - [2022-12-26T02:10:00.533+0000] {dag.py:3427} INFO - Setting next_dagrun for latest_only to 2022-12-25T22:10:00.533168+00:00, run_after=2022-12-26T02:10:00.533168+00:00
[2022-12-26T02:10:00.547+0000] {processor.py:175} INFO - Processing /home/airflow/.local/lib/python3.7/site-packages/airflow/example_dags/example_latest_only.py took 0.079 seconds
[2022-12-26T02:10:30.776+0000] {processor.py:153} INFO - Started process (PID=481) to work on /home/airflow/.local/lib/python3.7/site-packages/airflow/example_dags/example_latest_only.py
[2022-12-26T02:10:30.778+0000] {processor.py:743} INFO - Processing file /home/airflow/.local/lib/python3.7/site-packages/airflow/example_dags/example_latest_only.py for tasks to queue
[2022-12-26T02:10:30.779+0000] {logging_mixin.py:137} INFO - [2022-12-26T02:10:30.779+0000] {dagbag.py:538} INFO - Filling up the DagBag from /home/airflow/.local/lib/python3.7/site-packages/airflow/example_dags/example_latest_only.py
[2022-12-26T02:10:30.790+0000] {processor.py:753} INFO - DAG(s) dict_keys(['latest_only']) retrieved from /home/airflow/.local/lib/python3.7/site-packages/airflow/example_dags/example_latest_only.py
[2022-12-26T02:10:30.819+0000] {logging_mixin.py:137} INFO - [2022-12-26T02:10:30.819+0000] {dag.py:2676} INFO - Sync 1 DAGs
[2022-12-26T02:10:30.836+0000] {logging_mixin.py:137} INFO - [2022-12-26T02:10:30.836+0000] {dag.py:3427} INFO - Setting next_dagrun for latest_only to 2022-12-25T22:10:30.836127+00:00, run_after=2022-12-26T02:10:30.836127+00:00
[2022-12-26T02:10:30.850+0000] {processor.py:175} INFO - Processing /home/airflow/.local/lib/python3.7/site-packages/airflow/example_dags/example_latest_only.py took 0.077 seconds
[2022-12-26T02:11:01.277+0000] {processor.py:153} INFO - Started process (PID=558) to work on /home/airflow/.local/lib/python3.7/site-packages/airflow/example_dags/example_latest_only.py
[2022-12-26T02:11:01.278+0000] {processor.py:743} INFO - Processing file /home/airflow/.local/lib/python3.7/site-packages/airflow/example_dags/example_latest_only.py for tasks to queue
[2022-12-26T02:11:01.279+0000] {logging_mixin.py:137} INFO - [2022-12-26T02:11:01.279+0000] {dagbag.py:538} INFO - Filling up the DagBag from /home/airflow/.local/lib/python3.7/site-packages/airflow/example_dags/example_latest_only.py
[2022-12-26T02:11:01.292+0000] {processor.py:753} INFO - DAG(s) dict_keys(['latest_only']) retrieved from /home/airflow/.local/lib/python3.7/site-packages/airflow/example_dags/example_latest_only.py
[2022-12-26T02:11:01.323+0000] {logging_mixin.py:137} INFO - [2022-12-26T02:11:01.323+0000] {dag.py:2676} INFO - Sync 1 DAGs
[2022-12-26T02:11:01.341+0000] {logging_mixin.py:137} INFO - [2022-12-26T02:11:01.341+0000] {dag.py:3427} INFO - Setting next_dagrun for latest_only to 2022-12-25T22:11:01.340780+00:00, run_after=2022-12-26T02:11:01.340780+00:00
[2022-12-26T02:11:01.355+0000] {processor.py:175} INFO - Processing /home/airflow/.local/lib/python3.7/site-packages/airflow/example_dags/example_latest_only.py took 0.081 seconds
[2022-12-26T02:11:31.574+0000] {processor.py:153} INFO - Started process (PID=636) to work on /home/airflow/.local/lib/python3.7/site-packages/airflow/example_dags/example_latest_only.py
[2022-12-26T02:11:31.576+0000] {processor.py:743} INFO - Processing file /home/airflow/.local/lib/python3.7/site-packages/airflow/example_dags/example_latest_only.py for tasks to queue
[2022-12-26T02:11:31.577+0000] {logging_mixin.py:137} INFO - [2022-12-26T02:11:31.577+0000] {dagbag.py:538} INFO - Filling up the DagBag from /home/airflow/.local/lib/python3.7/site-packages/airflow/example_dags/example_latest_only.py
[2022-12-26T02:11:31.588+0000] {processor.py:753} INFO - DAG(s) dict_keys(['latest_only']) retrieved from /home/airflow/.local/lib/python3.7/site-packages/airflow/example_dags/example_latest_only.py
[2022-12-26T02:11:31.617+0000] {logging_mixin.py:137} INFO - [2022-12-26T02:11:31.617+0000] {dag.py:2676} INFO - Sync 1 DAGs
[2022-12-26T02:11:31.632+0000] {logging_mixin.py:137} INFO - [2022-12-26T02:11:31.632+0000] {dag.py:3427} INFO - Setting next_dagrun for latest_only to 2022-12-25T22:11:31.632570+00:00, run_after=2022-12-26T02:11:31.632570+00:00
[2022-12-26T02:11:31.646+0000] {processor.py:175} INFO - Processing /home/airflow/.local/lib/python3.7/site-packages/airflow/example_dags/example_latest_only.py took 0.076 seconds
[2022-12-26T02:12:01.809+0000] {processor.py:153} INFO - Started process (PID=700) to work on /home/airflow/.local/lib/python3.7/site-packages/airflow/example_dags/example_latest_only.py
[2022-12-26T02:12:01.810+0000] {processor.py:743} INFO - Processing file /home/airflow/.local/lib/python3.7/site-packages/airflow/example_dags/example_latest_only.py for tasks to queue
[2022-12-26T02:12:01.812+0000] {logging_mixin.py:137} INFO - [2022-12-26T02:12:01.811+0000] {dagbag.py:538} INFO - Filling up the DagBag from /home/airflow/.local/lib/python3.7/site-packages/airflow/example_dags/example_latest_only.py
[2022-12-26T02:12:01.823+0000] {processor.py:753} INFO - DAG(s) dict_keys(['latest_only']) retrieved from /home/airflow/.local/lib/python3.7/site-packages/airflow/example_dags/example_latest_only.py
[2022-12-26T02:12:01.851+0000] {logging_mixin.py:137} INFO - [2022-12-26T02:12:01.851+0000] {dag.py:2676} INFO - Sync 1 DAGs
[2022-12-26T02:12:01.869+0000] {logging_mixin.py:137} INFO - [2022-12-26T02:12:01.869+0000] {dag.py:3427} INFO - Setting next_dagrun for latest_only to 2022-12-25T22:12:01.868928+00:00, run_after=2022-12-26T02:12:01.868928+00:00
[2022-12-26T02:12:01.881+0000] {processor.py:175} INFO - Processing /home/airflow/.local/lib/python3.7/site-packages/airflow/example_dags/example_latest_only.py took 0.075 seconds
[2022-12-26T02:12:32.499+0000] {processor.py:153} INFO - Started process (PID=777) to work on /home/airflow/.local/lib/python3.7/site-packages/airflow/example_dags/example_latest_only.py
[2022-12-26T02:12:32.500+0000] {processor.py:743} INFO - Processing file /home/airflow/.local/lib/python3.7/site-packages/airflow/example_dags/example_latest_only.py for tasks to queue
[2022-12-26T02:12:32.501+0000] {logging_mixin.py:137} INFO - [2022-12-26T02:12:32.501+0000] {dagbag.py:538} INFO - Filling up the DagBag from /home/airflow/.local/lib/python3.7/site-packages/airflow/example_dags/example_latest_only.py
[2022-12-26T02:12:32.513+0000] {processor.py:753} INFO - DAG(s) dict_keys(['latest_only']) retrieved from /home/airflow/.local/lib/python3.7/site-packages/airflow/example_dags/example_latest_only.py
[2022-12-26T02:12:32.543+0000] {logging_mixin.py:137} INFO - [2022-12-26T02:12:32.543+0000] {dag.py:2676} INFO - Sync 1 DAGs
[2022-12-26T02:12:32.560+0000] {logging_mixin.py:137} INFO - [2022-12-26T02:12:32.560+0000] {dag.py:3427} INFO - Setting next_dagrun for latest_only to 2022-12-25T22:12:32.560461+00:00, run_after=2022-12-26T02:12:32.560461+00:00
[2022-12-26T02:12:32.572+0000] {processor.py:175} INFO - Processing /home/airflow/.local/lib/python3.7/site-packages/airflow/example_dags/example_latest_only.py took 0.077 seconds
[2022-12-26T02:13:02.897+0000] {processor.py:153} INFO - Started process (PID=859) to work on /home/airflow/.local/lib/python3.7/site-packages/airflow/example_dags/example_latest_only.py
[2022-12-26T02:13:02.898+0000] {processor.py:743} INFO - Processing file /home/airflow/.local/lib/python3.7/site-packages/airflow/example_dags/example_latest_only.py for tasks to queue
[2022-12-26T02:13:02.899+0000] {logging_mixin.py:137} INFO - [2022-12-26T02:13:02.899+0000] {dagbag.py:538} INFO - Filling up the DagBag from /home/airflow/.local/lib/python3.7/site-packages/airflow/example_dags/example_latest_only.py
[2022-12-26T02:13:02.911+0000] {processor.py:753} INFO - DAG(s) dict_keys(['latest_only']) retrieved from /home/airflow/.local/lib/python3.7/site-packages/airflow/example_dags/example_latest_only.py
[2022-12-26T02:13:02.939+0000] {logging_mixin.py:137} INFO - [2022-12-26T02:13:02.939+0000] {dag.py:2676} INFO - Sync 1 DAGs
[2022-12-26T02:13:02.957+0000] {logging_mixin.py:137} INFO - [2022-12-26T02:13:02.957+0000] {dag.py:3427} INFO - Setting next_dagrun for latest_only to 2022-12-25T22:13:02.957370+00:00, run_after=2022-12-26T02:13:02.957370+00:00
[2022-12-26T02:13:02.971+0000] {processor.py:175} INFO - Processing /home/airflow/.local/lib/python3.7/site-packages/airflow/example_dags/example_latest_only.py took 0.077 seconds
[2022-12-26T02:13:33.357+0000] {processor.py:153} INFO - Started process (PID=923) to work on /home/airflow/.local/lib/python3.7/site-packages/airflow/example_dags/example_latest_only.py
[2022-12-26T02:13:33.358+0000] {processor.py:743} INFO - Processing file /home/airflow/.local/lib/python3.7/site-packages/airflow/example_dags/example_latest_only.py for tasks to queue
[2022-12-26T02:13:33.360+0000] {logging_mixin.py:137} INFO - [2022-12-26T02:13:33.360+0000] {dagbag.py:538} INFO - Filling up the DagBag from /home/airflow/.local/lib/python3.7/site-packages/airflow/example_dags/example_latest_only.py
[2022-12-26T02:13:33.372+0000] {processor.py:753} INFO - DAG(s) dict_keys(['latest_only']) retrieved from /home/airflow/.local/lib/python3.7/site-packages/airflow/example_dags/example_latest_only.py
[2022-12-26T02:13:33.399+0000] {logging_mixin.py:137} INFO - [2022-12-26T02:13:33.399+0000] {dag.py:2676} INFO - Sync 1 DAGs
[2022-12-26T02:13:33.418+0000] {logging_mixin.py:137} INFO - [2022-12-26T02:13:33.418+0000] {dag.py:3427} INFO - Setting next_dagrun for latest_only to 2022-12-25T22:13:33.417933+00:00, run_after=2022-12-26T02:13:33.417933+00:00
[2022-12-26T02:13:33.430+0000] {processor.py:175} INFO - Processing /home/airflow/.local/lib/python3.7/site-packages/airflow/example_dags/example_latest_only.py took 0.076 seconds
[2022-12-26T02:14:03.850+0000] {processor.py:153} INFO - Started process (PID=1000) to work on /home/airflow/.local/lib/python3.7/site-packages/airflow/example_dags/example_latest_only.py
[2022-12-26T02:14:03.851+0000] {processor.py:743} INFO - Processing file /home/airflow/.local/lib/python3.7/site-packages/airflow/example_dags/example_latest_only.py for tasks to queue
[2022-12-26T02:14:03.852+0000] {logging_mixin.py:137} INFO - [2022-12-26T02:14:03.852+0000] {dagbag.py:538} INFO - Filling up the DagBag from /home/airflow/.local/lib/python3.7/site-packages/airflow/example_dags/example_latest_only.py
[2022-12-26T02:14:03.863+0000] {processor.py:753} INFO - DAG(s) dict_keys(['latest_only']) retrieved from /home/airflow/.local/lib/python3.7/site-packages/airflow/example_dags/example_latest_only.py
[2022-12-26T02:14:03.892+0000] {logging_mixin.py:137} INFO - [2022-12-26T02:14:03.892+0000] {dag.py:2676} INFO - Sync 1 DAGs
[2022-12-26T02:14:03.910+0000] {logging_mixin.py:137} INFO - [2022-12-26T02:14:03.910+0000] {dag.py:3427} INFO - Setting next_dagrun for latest_only to 2022-12-25T22:14:03.910582+00:00, run_after=2022-12-26T02:14:03.910582+00:00
[2022-12-26T02:14:03.923+0000] {processor.py:175} INFO - Processing /home/airflow/.local/lib/python3.7/site-packages/airflow/example_dags/example_latest_only.py took 0.077 seconds
[2022-12-26T02:14:34.286+0000] {processor.py:153} INFO - Started process (PID=1077) to work on /home/airflow/.local/lib/python3.7/site-packages/airflow/example_dags/example_latest_only.py
[2022-12-26T02:14:34.287+0000] {processor.py:743} INFO - Processing file /home/airflow/.local/lib/python3.7/site-packages/airflow/example_dags/example_latest_only.py for tasks to queue
[2022-12-26T02:14:34.288+0000] {logging_mixin.py:137} INFO - [2022-12-26T02:14:34.288+0000] {dagbag.py:538} INFO - Filling up the DagBag from /home/airflow/.local/lib/python3.7/site-packages/airflow/example_dags/example_latest_only.py
[2022-12-26T02:14:34.299+0000] {processor.py:753} INFO - DAG(s) dict_keys(['latest_only']) retrieved from /home/airflow/.local/lib/python3.7/site-packages/airflow/example_dags/example_latest_only.py
[2022-12-26T02:14:34.328+0000] {logging_mixin.py:137} INFO - [2022-12-26T02:14:34.328+0000] {dag.py:2676} INFO - Sync 1 DAGs
[2022-12-26T02:14:34.345+0000] {logging_mixin.py:137} INFO - [2022-12-26T02:14:34.345+0000] {dag.py:3427} INFO - Setting next_dagrun for latest_only to 2022-12-25T22:14:34.345516+00:00, run_after=2022-12-26T02:14:34.345516+00:00
[2022-12-26T02:14:34.361+0000] {processor.py:175} INFO - Processing /home/airflow/.local/lib/python3.7/site-packages/airflow/example_dags/example_latest_only.py took 0.078 seconds
[2022-12-26T02:15:04.747+0000] {processor.py:153} INFO - Started process (PID=1141) to work on /home/airflow/.local/lib/python3.7/site-packages/airflow/example_dags/example_latest_only.py
[2022-12-26T02:15:04.749+0000] {processor.py:743} INFO - Processing file /home/airflow/.local/lib/python3.7/site-packages/airflow/example_dags/example_latest_only.py for tasks to queue
[2022-12-26T02:15:04.750+0000] {logging_mixin.py:137} INFO - [2022-12-26T02:15:04.750+0000] {dagbag.py:538} INFO - Filling up the DagBag from /home/airflow/.local/lib/python3.7/site-packages/airflow/example_dags/example_latest_only.py
[2022-12-26T02:15:04.760+0000] {processor.py:753} INFO - DAG(s) dict_keys(['latest_only']) retrieved from /home/airflow/.local/lib/python3.7/site-packages/airflow/example_dags/example_latest_only.py
[2022-12-26T02:15:04.790+0000] {logging_mixin.py:137} INFO - [2022-12-26T02:15:04.790+0000] {dag.py:2676} INFO - Sync 1 DAGs
[2022-12-26T02:15:04.808+0000] {logging_mixin.py:137} INFO - [2022-12-26T02:15:04.808+0000] {dag.py:3427} INFO - Setting next_dagrun for latest_only to 2022-12-25T22:15:04.808417+00:00, run_after=2022-12-26T02:15:04.808417+00:00
[2022-12-26T02:15:04.822+0000] {processor.py:175} INFO - Processing /home/airflow/.local/lib/python3.7/site-packages/airflow/example_dags/example_latest_only.py took 0.078 seconds
[2022-12-26T02:15:35.241+0000] {processor.py:153} INFO - Started process (PID=1218) to work on /home/airflow/.local/lib/python3.7/site-packages/airflow/example_dags/example_latest_only.py
[2022-12-26T02:15:35.243+0000] {processor.py:743} INFO - Processing file /home/airflow/.local/lib/python3.7/site-packages/airflow/example_dags/example_latest_only.py for tasks to queue
[2022-12-26T02:15:35.244+0000] {logging_mixin.py:137} INFO - [2022-12-26T02:15:35.244+0000] {dagbag.py:538} INFO - Filling up the DagBag from /home/airflow/.local/lib/python3.7/site-packages/airflow/example_dags/example_latest_only.py
[2022-12-26T02:15:35.256+0000] {processor.py:753} INFO - DAG(s) dict_keys(['latest_only']) retrieved from /home/airflow/.local/lib/python3.7/site-packages/airflow/example_dags/example_latest_only.py
[2022-12-26T02:15:35.285+0000] {logging_mixin.py:137} INFO - [2022-12-26T02:15:35.285+0000] {dag.py:2676} INFO - Sync 1 DAGs
[2022-12-26T02:15:35.304+0000] {logging_mixin.py:137} INFO - [2022-12-26T02:15:35.304+0000] {dag.py:3427} INFO - Setting next_dagrun for latest_only to 2022-12-25T22:15:35.304425+00:00, run_after=2022-12-26T02:15:35.304425+00:00
[2022-12-26T02:15:35.318+0000] {processor.py:175} INFO - Processing /home/airflow/.local/lib/python3.7/site-packages/airflow/example_dags/example_latest_only.py took 0.079 seconds
[2022-12-26T02:16:05.504+0000] {processor.py:153} INFO - Started process (PID=1295) to work on /home/airflow/.local/lib/python3.7/site-packages/airflow/example_dags/example_latest_only.py
[2022-12-26T02:16:05.506+0000] {processor.py:743} INFO - Processing file /home/airflow/.local/lib/python3.7/site-packages/airflow/example_dags/example_latest_only.py for tasks to queue
[2022-12-26T02:16:05.506+0000] {logging_mixin.py:137} INFO - [2022-12-26T02:16:05.506+0000] {dagbag.py:538} INFO - Filling up the DagBag from /home/airflow/.local/lib/python3.7/site-packages/airflow/example_dags/example_latest_only.py
[2022-12-26T02:16:05.517+0000] {processor.py:753} INFO - DAG(s) dict_keys(['latest_only']) retrieved from /home/airflow/.local/lib/python3.7/site-packages/airflow/example_dags/example_latest_only.py
[2022-12-26T02:16:05.545+0000] {logging_mixin.py:137} INFO - [2022-12-26T02:16:05.545+0000] {dag.py:2676} INFO - Sync 1 DAGs
[2022-12-26T02:16:05.563+0000] {logging_mixin.py:137} INFO - [2022-12-26T02:16:05.563+0000] {dag.py:3427} INFO - Setting next_dagrun for latest_only to 2022-12-25T22:16:05.562860+00:00, run_after=2022-12-26T02:16:05.562860+00:00
[2022-12-26T02:16:05.575+0000] {processor.py:175} INFO - Processing /home/airflow/.local/lib/python3.7/site-packages/airflow/example_dags/example_latest_only.py took 0.074 seconds
[2022-12-26T02:16:35.961+0000] {processor.py:153} INFO - Started process (PID=1359) to work on /home/airflow/.local/lib/python3.7/site-packages/airflow/example_dags/example_latest_only.py
[2022-12-26T02:16:35.963+0000] {processor.py:743} INFO - Processing file /home/airflow/.local/lib/python3.7/site-packages/airflow/example_dags/example_latest_only.py for tasks to queue
[2022-12-26T02:16:35.963+0000] {logging_mixin.py:137} INFO - [2022-12-26T02:16:35.963+0000] {dagbag.py:538} INFO - Filling up the DagBag from /home/airflow/.local/lib/python3.7/site-packages/airflow/example_dags/example_latest_only.py
[2022-12-26T02:16:35.975+0000] {processor.py:753} INFO - DAG(s) dict_keys(['latest_only']) retrieved from /home/airflow/.local/lib/python3.7/site-packages/airflow/example_dags/example_latest_only.py
[2022-12-26T02:16:36.003+0000] {logging_mixin.py:137} INFO - [2022-12-26T02:16:36.003+0000] {dag.py:2676} INFO - Sync 1 DAGs
[2022-12-26T02:16:36.022+0000] {logging_mixin.py:137} INFO - [2022-12-26T02:16:36.022+0000] {dag.py:3427} INFO - Setting next_dagrun for latest_only to 2022-12-25T22:16:36.021997+00:00, run_after=2022-12-26T02:16:36.021997+00:00
[2022-12-26T02:16:36.036+0000] {processor.py:175} INFO - Processing /home/airflow/.local/lib/python3.7/site-packages/airflow/example_dags/example_latest_only.py took 0.078 seconds
