[2022-12-26T00:26:43.624+0000] {processor.py:153} INFO - Started process (PID=58) to work on /home/airflow/.local/lib/python3.7/site-packages/airflow/example_dags/example_dag_decorator.py
[2022-12-26T00:26:43.628+0000] {processor.py:743} INFO - Processing file /home/airflow/.local/lib/python3.7/site-packages/airflow/example_dags/example_dag_decorator.py for tasks to queue
[2022-12-26T00:26:43.630+0000] {logging_mixin.py:137} INFO - [2022-12-26T00:26:43.630+0000] {dagbag.py:538} INFO - Filling up the DagBag from /home/airflow/.local/lib/python3.7/site-packages/airflow/example_dags/example_dag_decorator.py
[2022-12-26T00:26:43.668+0000] {logging_mixin.py:137} INFO - [2022-12-26T00:26:43.668+0000] {taskmixin.py:205} WARNING - Dependency <Task(_PythonDecoratedOperator): prepare_email>, send_email already registered for DAG: example_dag_decorator
[2022-12-26T00:26:43.669+0000] {logging_mixin.py:137} INFO - [2022-12-26T00:26:43.669+0000] {taskmixin.py:205} WARNING - Dependency <Task(EmailOperator): send_email>, prepare_email already registered for DAG: example_dag_decorator
[2022-12-26T00:26:43.694+0000] {processor.py:753} INFO - DAG(s) dict_keys(['example_dag_decorator']) retrieved from /home/airflow/.local/lib/python3.7/site-packages/airflow/example_dags/example_dag_decorator.py
[2022-12-26T00:26:43.796+0000] {logging_mixin.py:137} INFO - [2022-12-26T00:26:43.796+0000] {manager.py:504} INFO - Created Permission View: can edit on DAG:example_dag_decorator
[2022-12-26T00:26:43.801+0000] {logging_mixin.py:137} INFO - [2022-12-26T00:26:43.801+0000] {manager.py:504} INFO - Created Permission View: can read on DAG:example_dag_decorator
[2022-12-26T00:26:43.807+0000] {logging_mixin.py:137} INFO - [2022-12-26T00:26:43.807+0000] {manager.py:504} INFO - Created Permission View: can delete on DAG:example_dag_decorator
[2022-12-26T00:26:43.808+0000] {logging_mixin.py:137} INFO - [2022-12-26T00:26:43.807+0000] {dag.py:2676} INFO - Sync 1 DAGs
[2022-12-26T00:26:43.816+0000] {logging_mixin.py:137} INFO - [2022-12-26T00:26:43.815+0000] {dag.py:2697} INFO - Creating ORM DAG for example_dag_decorator
[2022-12-26T00:26:43.823+0000] {logging_mixin.py:137} INFO - [2022-12-26T00:26:43.823+0000] {dag.py:3427} INFO - Setting next_dagrun for example_dag_decorator to None, run_after=None
[2022-12-26T00:26:43.835+0000] {processor.py:175} INFO - Processing /home/airflow/.local/lib/python3.7/site-packages/airflow/example_dags/example_dag_decorator.py took 0.214 seconds
[2022-12-26T00:27:14.492+0000] {processor.py:153} INFO - Started process (PID=136) to work on /home/airflow/.local/lib/python3.7/site-packages/airflow/example_dags/example_dag_decorator.py
[2022-12-26T00:27:14.493+0000] {processor.py:743} INFO - Processing file /home/airflow/.local/lib/python3.7/site-packages/airflow/example_dags/example_dag_decorator.py for tasks to queue
[2022-12-26T00:27:14.494+0000] {logging_mixin.py:137} INFO - [2022-12-26T00:27:14.493+0000] {dagbag.py:538} INFO - Filling up the DagBag from /home/airflow/.local/lib/python3.7/site-packages/airflow/example_dags/example_dag_decorator.py
[2022-12-26T00:27:14.505+0000] {logging_mixin.py:137} INFO - [2022-12-26T00:27:14.505+0000] {taskmixin.py:205} WARNING - Dependency <Task(_PythonDecoratedOperator): prepare_email>, send_email already registered for DAG: example_dag_decorator
[2022-12-26T00:27:14.506+0000] {logging_mixin.py:137} INFO - [2022-12-26T00:27:14.506+0000] {taskmixin.py:205} WARNING - Dependency <Task(EmailOperator): send_email>, prepare_email already registered for DAG: example_dag_decorator
[2022-12-26T00:27:14.514+0000] {processor.py:753} INFO - DAG(s) dict_keys(['example_dag_decorator']) retrieved from /home/airflow/.local/lib/python3.7/site-packages/airflow/example_dags/example_dag_decorator.py
[2022-12-26T00:27:14.562+0000] {logging_mixin.py:137} INFO - [2022-12-26T00:27:14.562+0000] {dag.py:2676} INFO - Sync 1 DAGs
[2022-12-26T00:27:14.574+0000] {logging_mixin.py:137} INFO - [2022-12-26T00:27:14.574+0000] {dag.py:3427} INFO - Setting next_dagrun for example_dag_decorator to None, run_after=None
[2022-12-26T00:27:14.587+0000] {processor.py:175} INFO - Processing /home/airflow/.local/lib/python3.7/site-packages/airflow/example_dags/example_dag_decorator.py took 0.098 seconds
[2022-12-26T00:27:44.727+0000] {processor.py:153} INFO - Started process (PID=213) to work on /home/airflow/.local/lib/python3.7/site-packages/airflow/example_dags/example_dag_decorator.py
[2022-12-26T00:27:44.729+0000] {processor.py:743} INFO - Processing file /home/airflow/.local/lib/python3.7/site-packages/airflow/example_dags/example_dag_decorator.py for tasks to queue
[2022-12-26T00:27:44.730+0000] {logging_mixin.py:137} INFO - [2022-12-26T00:27:44.729+0000] {dagbag.py:538} INFO - Filling up the DagBag from /home/airflow/.local/lib/python3.7/site-packages/airflow/example_dags/example_dag_decorator.py
[2022-12-26T00:27:44.741+0000] {logging_mixin.py:137} INFO - [2022-12-26T00:27:44.740+0000] {taskmixin.py:205} WARNING - Dependency <Task(_PythonDecoratedOperator): prepare_email>, send_email already registered for DAG: example_dag_decorator
[2022-12-26T00:27:44.741+0000] {logging_mixin.py:137} INFO - [2022-12-26T00:27:44.741+0000] {taskmixin.py:205} WARNING - Dependency <Task(EmailOperator): send_email>, prepare_email already registered for DAG: example_dag_decorator
[2022-12-26T00:27:44.749+0000] {processor.py:753} INFO - DAG(s) dict_keys(['example_dag_decorator']) retrieved from /home/airflow/.local/lib/python3.7/site-packages/airflow/example_dags/example_dag_decorator.py
[2022-12-26T00:27:44.796+0000] {logging_mixin.py:137} INFO - [2022-12-26T00:27:44.796+0000] {dag.py:2676} INFO - Sync 1 DAGs
[2022-12-26T00:27:44.810+0000] {logging_mixin.py:137} INFO - [2022-12-26T00:27:44.810+0000] {dag.py:3427} INFO - Setting next_dagrun for example_dag_decorator to None, run_after=None
[2022-12-26T00:27:44.821+0000] {processor.py:175} INFO - Processing /home/airflow/.local/lib/python3.7/site-packages/airflow/example_dags/example_dag_decorator.py took 0.097 seconds
[2022-12-26T00:28:14.865+0000] {processor.py:153} INFO - Started process (PID=277) to work on /home/airflow/.local/lib/python3.7/site-packages/airflow/example_dags/example_dag_decorator.py
[2022-12-26T00:28:14.866+0000] {processor.py:743} INFO - Processing file /home/airflow/.local/lib/python3.7/site-packages/airflow/example_dags/example_dag_decorator.py for tasks to queue
[2022-12-26T00:28:14.867+0000] {logging_mixin.py:137} INFO - [2022-12-26T00:28:14.867+0000] {dagbag.py:538} INFO - Filling up the DagBag from /home/airflow/.local/lib/python3.7/site-packages/airflow/example_dags/example_dag_decorator.py
[2022-12-26T00:28:14.879+0000] {logging_mixin.py:137} INFO - [2022-12-26T00:28:14.879+0000] {taskmixin.py:205} WARNING - Dependency <Task(_PythonDecoratedOperator): prepare_email>, send_email already registered for DAG: example_dag_decorator
[2022-12-26T00:28:14.880+0000] {logging_mixin.py:137} INFO - [2022-12-26T00:28:14.880+0000] {taskmixin.py:205} WARNING - Dependency <Task(EmailOperator): send_email>, prepare_email already registered for DAG: example_dag_decorator
[2022-12-26T00:28:14.889+0000] {processor.py:753} INFO - DAG(s) dict_keys(['example_dag_decorator']) retrieved from /home/airflow/.local/lib/python3.7/site-packages/airflow/example_dags/example_dag_decorator.py
[2022-12-26T00:28:14.935+0000] {logging_mixin.py:137} INFO - [2022-12-26T00:28:14.935+0000] {dag.py:2676} INFO - Sync 1 DAGs
[2022-12-26T00:28:14.950+0000] {logging_mixin.py:137} INFO - [2022-12-26T00:28:14.949+0000] {dag.py:3427} INFO - Setting next_dagrun for example_dag_decorator to None, run_after=None
[2022-12-26T00:28:14.967+0000] {processor.py:175} INFO - Processing /home/airflow/.local/lib/python3.7/site-packages/airflow/example_dags/example_dag_decorator.py took 0.105 seconds
