[2022-12-26T00:26:41.512+0000] {processor.py:153} INFO - Started process (PID=41) to work on /home/airflow/.local/lib/python3.7/site-packages/airflow/example_dags/example_short_circuit_operator.py
[2022-12-26T00:26:41.513+0000] {processor.py:743} INFO - Processing file /home/airflow/.local/lib/python3.7/site-packages/airflow/example_dags/example_short_circuit_operator.py for tasks to queue
[2022-12-26T00:26:41.514+0000] {logging_mixin.py:137} INFO - [2022-12-26T00:26:41.514+0000] {dagbag.py:538} INFO - Filling up the DagBag from /home/airflow/.local/lib/python3.7/site-packages/airflow/example_dags/example_short_circuit_operator.py
[2022-12-26T00:26:41.532+0000] {processor.py:753} INFO - DAG(s) dict_keys(['example_short_circuit_operator']) retrieved from /home/airflow/.local/lib/python3.7/site-packages/airflow/example_dags/example_short_circuit_operator.py
[2022-12-26T00:26:41.653+0000] {logging_mixin.py:137} INFO - [2022-12-26T00:26:41.653+0000] {manager.py:504} INFO - Created Permission View: can edit on DAG:example_short_circuit_operator
[2022-12-26T00:26:41.659+0000] {logging_mixin.py:137} INFO - [2022-12-26T00:26:41.659+0000] {manager.py:504} INFO - Created Permission View: can read on DAG:example_short_circuit_operator
[2022-12-26T00:26:41.663+0000] {logging_mixin.py:137} INFO - [2022-12-26T00:26:41.663+0000] {manager.py:504} INFO - Created Permission View: can delete on DAG:example_short_circuit_operator
[2022-12-26T00:26:41.664+0000] {logging_mixin.py:137} INFO - [2022-12-26T00:26:41.664+0000] {dag.py:2676} INFO - Sync 1 DAGs
[2022-12-26T00:26:41.682+0000] {logging_mixin.py:137} INFO - [2022-12-26T00:26:41.682+0000] {dag.py:2697} INFO - Creating ORM DAG for example_short_circuit_operator
[2022-12-26T00:26:41.694+0000] {logging_mixin.py:137} INFO - [2022-12-26T00:26:41.694+0000] {dag.py:3427} INFO - Setting next_dagrun for example_short_circuit_operator to 2022-12-25T00:26:41.694212+00:00, run_after=2022-12-26T00:26:41.694212+00:00
[2022-12-26T00:26:41.708+0000] {processor.py:175} INFO - Processing /home/airflow/.local/lib/python3.7/site-packages/airflow/example_dags/example_short_circuit_operator.py took 0.202 seconds
[2022-12-26T00:27:12.542+0000] {processor.py:153} INFO - Started process (PID=119) to work on /home/airflow/.local/lib/python3.7/site-packages/airflow/example_dags/example_short_circuit_operator.py
[2022-12-26T00:27:12.544+0000] {processor.py:743} INFO - Processing file /home/airflow/.local/lib/python3.7/site-packages/airflow/example_dags/example_short_circuit_operator.py for tasks to queue
[2022-12-26T00:27:12.544+0000] {logging_mixin.py:137} INFO - [2022-12-26T00:27:12.544+0000] {dagbag.py:538} INFO - Filling up the DagBag from /home/airflow/.local/lib/python3.7/site-packages/airflow/example_dags/example_short_circuit_operator.py
[2022-12-26T00:27:12.558+0000] {processor.py:753} INFO - DAG(s) dict_keys(['example_short_circuit_operator']) retrieved from /home/airflow/.local/lib/python3.7/site-packages/airflow/example_dags/example_short_circuit_operator.py
[2022-12-26T00:27:12.585+0000] {logging_mixin.py:137} INFO - [2022-12-26T00:27:12.585+0000] {dag.py:2676} INFO - Sync 1 DAGs
[2022-12-26T00:27:12.599+0000] {logging_mixin.py:137} INFO - [2022-12-26T00:27:12.599+0000] {dag.py:3427} INFO - Setting next_dagrun for example_short_circuit_operator to 2022-12-25T00:27:12.599656+00:00, run_after=2022-12-26T00:27:12.599656+00:00
[2022-12-26T00:27:12.612+0000] {processor.py:175} INFO - Processing /home/airflow/.local/lib/python3.7/site-packages/airflow/example_dags/example_short_circuit_operator.py took 0.072 seconds
[2022-12-26T00:27:42.773+0000] {processor.py:153} INFO - Started process (PID=196) to work on /home/airflow/.local/lib/python3.7/site-packages/airflow/example_dags/example_short_circuit_operator.py
[2022-12-26T00:27:42.775+0000] {processor.py:743} INFO - Processing file /home/airflow/.local/lib/python3.7/site-packages/airflow/example_dags/example_short_circuit_operator.py for tasks to queue
[2022-12-26T00:27:42.776+0000] {logging_mixin.py:137} INFO - [2022-12-26T00:27:42.776+0000] {dagbag.py:538} INFO - Filling up the DagBag from /home/airflow/.local/lib/python3.7/site-packages/airflow/example_dags/example_short_circuit_operator.py
[2022-12-26T00:27:42.787+0000] {processor.py:753} INFO - DAG(s) dict_keys(['example_short_circuit_operator']) retrieved from /home/airflow/.local/lib/python3.7/site-packages/airflow/example_dags/example_short_circuit_operator.py
[2022-12-26T00:27:42.814+0000] {logging_mixin.py:137} INFO - [2022-12-26T00:27:42.814+0000] {dag.py:2676} INFO - Sync 1 DAGs
[2022-12-26T00:27:42.828+0000] {logging_mixin.py:137} INFO - [2022-12-26T00:27:42.828+0000] {dag.py:3427} INFO - Setting next_dagrun for example_short_circuit_operator to 2022-12-25T00:27:42.828676+00:00, run_after=2022-12-26T00:27:42.828676+00:00
[2022-12-26T00:27:42.840+0000] {processor.py:175} INFO - Processing /home/airflow/.local/lib/python3.7/site-packages/airflow/example_dags/example_short_circuit_operator.py took 0.069 seconds
[2022-12-26T00:28:12.993+0000] {processor.py:153} INFO - Started process (PID=260) to work on /home/airflow/.local/lib/python3.7/site-packages/airflow/example_dags/example_short_circuit_operator.py
[2022-12-26T00:28:12.994+0000] {processor.py:743} INFO - Processing file /home/airflow/.local/lib/python3.7/site-packages/airflow/example_dags/example_short_circuit_operator.py for tasks to queue
[2022-12-26T00:28:12.995+0000] {logging_mixin.py:137} INFO - [2022-12-26T00:28:12.995+0000] {dagbag.py:538} INFO - Filling up the DagBag from /home/airflow/.local/lib/python3.7/site-packages/airflow/example_dags/example_short_circuit_operator.py
[2022-12-26T00:28:13.006+0000] {processor.py:753} INFO - DAG(s) dict_keys(['example_short_circuit_operator']) retrieved from /home/airflow/.local/lib/python3.7/site-packages/airflow/example_dags/example_short_circuit_operator.py
[2022-12-26T00:28:13.032+0000] {logging_mixin.py:137} INFO - [2022-12-26T00:28:13.032+0000] {dag.py:2676} INFO - Sync 1 DAGs
[2022-12-26T00:28:13.046+0000] {logging_mixin.py:137} INFO - [2022-12-26T00:28:13.046+0000] {dag.py:3427} INFO - Setting next_dagrun for example_short_circuit_operator to 2022-12-25T00:28:13.046633+00:00, run_after=2022-12-26T00:28:13.046633+00:00
[2022-12-26T00:28:13.058+0000] {processor.py:175} INFO - Processing /home/airflow/.local/lib/python3.7/site-packages/airflow/example_dags/example_short_circuit_operator.py took 0.067 seconds
