[2022-12-26T00:26:43.980+0000] {processor.py:153} INFO - Started process (PID=61) to work on /home/airflow/.local/lib/python3.7/site-packages/airflow/example_dags/example_skip_dag.py
[2022-12-26T00:26:43.981+0000] {processor.py:743} INFO - Processing file /home/airflow/.local/lib/python3.7/site-packages/airflow/example_dags/example_skip_dag.py for tasks to queue
[2022-12-26T00:26:43.982+0000] {logging_mixin.py:137} INFO - [2022-12-26T00:26:43.982+0000] {dagbag.py:538} INFO - Filling up the DagBag from /home/airflow/.local/lib/python3.7/site-packages/airflow/example_dags/example_skip_dag.py
[2022-12-26T00:26:43.995+0000] {processor.py:753} INFO - DAG(s) dict_keys(['example_skip_dag']) retrieved from /home/airflow/.local/lib/python3.7/site-packages/airflow/example_dags/example_skip_dag.py
[2022-12-26T00:26:44.071+0000] {logging_mixin.py:137} INFO - [2022-12-26T00:26:44.071+0000] {manager.py:504} INFO - Created Permission View: can edit on DAG:example_skip_dag
[2022-12-26T00:26:44.076+0000] {logging_mixin.py:137} INFO - [2022-12-26T00:26:44.076+0000] {manager.py:504} INFO - Created Permission View: can read on DAG:example_skip_dag
[2022-12-26T00:26:44.081+0000] {logging_mixin.py:137} INFO - [2022-12-26T00:26:44.081+0000] {manager.py:504} INFO - Created Permission View: can delete on DAG:example_skip_dag
[2022-12-26T00:26:44.081+0000] {logging_mixin.py:137} INFO - [2022-12-26T00:26:44.081+0000] {dag.py:2676} INFO - Sync 1 DAGs
[2022-12-26T00:26:44.091+0000] {logging_mixin.py:137} INFO - [2022-12-26T00:26:44.091+0000] {dag.py:2697} INFO - Creating ORM DAG for example_skip_dag
[2022-12-26T00:26:44.099+0000] {logging_mixin.py:137} INFO - [2022-12-26T00:26:44.099+0000] {dag.py:3427} INFO - Setting next_dagrun for example_skip_dag to 2022-12-25T00:26:44.099140+00:00, run_after=2022-12-26T00:26:44.099140+00:00
[2022-12-26T00:26:44.110+0000] {processor.py:175} INFO - Processing /home/airflow/.local/lib/python3.7/site-packages/airflow/example_dags/example_skip_dag.py took 0.133 seconds
[2022-12-26T00:27:14.674+0000] {processor.py:153} INFO - Started process (PID=139) to work on /home/airflow/.local/lib/python3.7/site-packages/airflow/example_dags/example_skip_dag.py
[2022-12-26T00:27:14.675+0000] {processor.py:743} INFO - Processing file /home/airflow/.local/lib/python3.7/site-packages/airflow/example_dags/example_skip_dag.py for tasks to queue
[2022-12-26T00:27:14.676+0000] {logging_mixin.py:137} INFO - [2022-12-26T00:27:14.676+0000] {dagbag.py:538} INFO - Filling up the DagBag from /home/airflow/.local/lib/python3.7/site-packages/airflow/example_dags/example_skip_dag.py
[2022-12-26T00:27:14.691+0000] {processor.py:753} INFO - DAG(s) dict_keys(['example_skip_dag']) retrieved from /home/airflow/.local/lib/python3.7/site-packages/airflow/example_dags/example_skip_dag.py
[2022-12-26T00:27:14.720+0000] {logging_mixin.py:137} INFO - [2022-12-26T00:27:14.719+0000] {dag.py:2676} INFO - Sync 1 DAGs
[2022-12-26T00:27:14.734+0000] {logging_mixin.py:137} INFO - [2022-12-26T00:27:14.734+0000] {dag.py:3427} INFO - Setting next_dagrun for example_skip_dag to 2022-12-25T00:27:14.734188+00:00, run_after=2022-12-26T00:27:14.734188+00:00
[2022-12-26T00:27:14.746+0000] {processor.py:175} INFO - Processing /home/airflow/.local/lib/python3.7/site-packages/airflow/example_dags/example_skip_dag.py took 0.075 seconds
[2022-12-26T00:27:44.845+0000] {processor.py:153} INFO - Started process (PID=216) to work on /home/airflow/.local/lib/python3.7/site-packages/airflow/example_dags/example_skip_dag.py
[2022-12-26T00:27:44.846+0000] {processor.py:743} INFO - Processing file /home/airflow/.local/lib/python3.7/site-packages/airflow/example_dags/example_skip_dag.py for tasks to queue
[2022-12-26T00:27:44.847+0000] {logging_mixin.py:137} INFO - [2022-12-26T00:27:44.847+0000] {dagbag.py:538} INFO - Filling up the DagBag from /home/airflow/.local/lib/python3.7/site-packages/airflow/example_dags/example_skip_dag.py
[2022-12-26T00:27:44.856+0000] {processor.py:753} INFO - DAG(s) dict_keys(['example_skip_dag']) retrieved from /home/airflow/.local/lib/python3.7/site-packages/airflow/example_dags/example_skip_dag.py
[2022-12-26T00:27:44.882+0000] {logging_mixin.py:137} INFO - [2022-12-26T00:27:44.882+0000] {dag.py:2676} INFO - Sync 1 DAGs
[2022-12-26T00:27:44.898+0000] {logging_mixin.py:137} INFO - [2022-12-26T00:27:44.898+0000] {dag.py:3427} INFO - Setting next_dagrun for example_skip_dag to 2022-12-25T00:27:44.898177+00:00, run_after=2022-12-26T00:27:44.898177+00:00
[2022-12-26T00:27:44.909+0000] {processor.py:175} INFO - Processing /home/airflow/.local/lib/python3.7/site-packages/airflow/example_dags/example_skip_dag.py took 0.067 seconds
[2022-12-26T00:28:14.997+0000] {processor.py:153} INFO - Started process (PID=280) to work on /home/airflow/.local/lib/python3.7/site-packages/airflow/example_dags/example_skip_dag.py
[2022-12-26T00:28:14.998+0000] {processor.py:743} INFO - Processing file /home/airflow/.local/lib/python3.7/site-packages/airflow/example_dags/example_skip_dag.py for tasks to queue
[2022-12-26T00:28:14.999+0000] {logging_mixin.py:137} INFO - [2022-12-26T00:28:14.999+0000] {dagbag.py:538} INFO - Filling up the DagBag from /home/airflow/.local/lib/python3.7/site-packages/airflow/example_dags/example_skip_dag.py
[2022-12-26T00:28:15.009+0000] {processor.py:753} INFO - DAG(s) dict_keys(['example_skip_dag']) retrieved from /home/airflow/.local/lib/python3.7/site-packages/airflow/example_dags/example_skip_dag.py
[2022-12-26T00:28:15.038+0000] {logging_mixin.py:137} INFO - [2022-12-26T00:28:15.038+0000] {dag.py:2676} INFO - Sync 1 DAGs
[2022-12-26T00:28:15.055+0000] {logging_mixin.py:137} INFO - [2022-12-26T00:28:15.055+0000] {dag.py:3427} INFO - Setting next_dagrun for example_skip_dag to 2022-12-25T00:28:15.055106+00:00, run_after=2022-12-26T00:28:15.055106+00:00
[2022-12-26T00:28:15.068+0000] {processor.py:175} INFO - Processing /home/airflow/.local/lib/python3.7/site-packages/airflow/example_dags/example_skip_dag.py took 0.074 seconds
