[2022-12-26T00:26:44.668+0000] {processor.py:153} INFO - Started process (PID=69) to work on /home/airflow/.local/lib/python3.7/site-packages/airflow/example_dags/example_branch_operator_decorator.py
[2022-12-26T00:26:44.669+0000] {processor.py:743} INFO - Processing file /home/airflow/.local/lib/python3.7/site-packages/airflow/example_dags/example_branch_operator_decorator.py for tasks to queue
[2022-12-26T00:26:44.669+0000] {logging_mixin.py:137} INFO - [2022-12-26T00:26:44.669+0000] {dagbag.py:538} INFO - Filling up the DagBag from /home/airflow/.local/lib/python3.7/site-packages/airflow/example_dags/example_branch_operator_decorator.py
[2022-12-26T00:26:44.690+0000] {processor.py:753} INFO - DAG(s) dict_keys(['example_branch_python_operator_decorator']) retrieved from /home/airflow/.local/lib/python3.7/site-packages/airflow/example_dags/example_branch_operator_decorator.py
[2022-12-26T00:26:44.761+0000] {logging_mixin.py:137} INFO - [2022-12-26T00:26:44.761+0000] {manager.py:504} INFO - Created Permission View: can edit on DAG:example_branch_python_operator_decorator
[2022-12-26T00:26:44.767+0000] {logging_mixin.py:137} INFO - [2022-12-26T00:26:44.767+0000] {manager.py:504} INFO - Created Permission View: can read on DAG:example_branch_python_operator_decorator
[2022-12-26T00:26:44.771+0000] {logging_mixin.py:137} INFO - [2022-12-26T00:26:44.771+0000] {manager.py:504} INFO - Created Permission View: can delete on DAG:example_branch_python_operator_decorator
[2022-12-26T00:26:44.771+0000] {logging_mixin.py:137} INFO - [2022-12-26T00:26:44.771+0000] {dag.py:2676} INFO - Sync 1 DAGs
[2022-12-26T00:26:44.779+0000] {logging_mixin.py:137} INFO - [2022-12-26T00:26:44.779+0000] {dag.py:2697} INFO - Creating ORM DAG for example_branch_python_operator_decorator
[2022-12-26T00:26:44.786+0000] {logging_mixin.py:137} INFO - [2022-12-26T00:26:44.786+0000] {dag.py:3427} INFO - Setting next_dagrun for example_branch_python_operator_decorator to 2022-12-25T00:00:00+00:00, run_after=2022-12-26T00:00:00+00:00
[2022-12-26T00:26:44.797+0000] {processor.py:175} INFO - Processing /home/airflow/.local/lib/python3.7/site-packages/airflow/example_dags/example_branch_operator_decorator.py took 0.131 seconds
[2022-12-26T00:27:15.077+0000] {processor.py:153} INFO - Started process (PID=147) to work on /home/airflow/.local/lib/python3.7/site-packages/airflow/example_dags/example_branch_operator_decorator.py
[2022-12-26T00:27:15.079+0000] {processor.py:743} INFO - Processing file /home/airflow/.local/lib/python3.7/site-packages/airflow/example_dags/example_branch_operator_decorator.py for tasks to queue
[2022-12-26T00:27:15.080+0000] {logging_mixin.py:137} INFO - [2022-12-26T00:27:15.080+0000] {dagbag.py:538} INFO - Filling up the DagBag from /home/airflow/.local/lib/python3.7/site-packages/airflow/example_dags/example_branch_operator_decorator.py
[2022-12-26T00:27:15.099+0000] {processor.py:753} INFO - DAG(s) dict_keys(['example_branch_python_operator_decorator']) retrieved from /home/airflow/.local/lib/python3.7/site-packages/airflow/example_dags/example_branch_operator_decorator.py
[2022-12-26T00:27:15.128+0000] {logging_mixin.py:137} INFO - [2022-12-26T00:27:15.128+0000] {dag.py:2676} INFO - Sync 1 DAGs
[2022-12-26T00:27:15.148+0000] {logging_mixin.py:137} INFO - [2022-12-26T00:27:15.148+0000] {dag.py:3427} INFO - Setting next_dagrun for example_branch_python_operator_decorator to 2022-12-25T00:00:00+00:00, run_after=2022-12-26T00:00:00+00:00
[2022-12-26T00:27:15.161+0000] {processor.py:175} INFO - Processing /home/airflow/.local/lib/python3.7/site-packages/airflow/example_dags/example_branch_operator_decorator.py took 0.086 seconds
[2022-12-26T00:27:45.223+0000] {processor.py:153} INFO - Started process (PID=224) to work on /home/airflow/.local/lib/python3.7/site-packages/airflow/example_dags/example_branch_operator_decorator.py
[2022-12-26T00:27:45.224+0000] {processor.py:743} INFO - Processing file /home/airflow/.local/lib/python3.7/site-packages/airflow/example_dags/example_branch_operator_decorator.py for tasks to queue
[2022-12-26T00:27:45.225+0000] {logging_mixin.py:137} INFO - [2022-12-26T00:27:45.225+0000] {dagbag.py:538} INFO - Filling up the DagBag from /home/airflow/.local/lib/python3.7/site-packages/airflow/example_dags/example_branch_operator_decorator.py
[2022-12-26T00:27:45.241+0000] {processor.py:753} INFO - DAG(s) dict_keys(['example_branch_python_operator_decorator']) retrieved from /home/airflow/.local/lib/python3.7/site-packages/airflow/example_dags/example_branch_operator_decorator.py
[2022-12-26T00:27:45.268+0000] {logging_mixin.py:137} INFO - [2022-12-26T00:27:45.268+0000] {dag.py:2676} INFO - Sync 1 DAGs
[2022-12-26T00:27:45.283+0000] {logging_mixin.py:137} INFO - [2022-12-26T00:27:45.283+0000] {dag.py:3427} INFO - Setting next_dagrun for example_branch_python_operator_decorator to 2022-12-25T00:00:00+00:00, run_after=2022-12-26T00:00:00+00:00
[2022-12-26T00:27:45.294+0000] {processor.py:175} INFO - Processing /home/airflow/.local/lib/python3.7/site-packages/airflow/example_dags/example_branch_operator_decorator.py took 0.073 seconds
[2022-12-26T00:28:15.418+0000] {processor.py:153} INFO - Started process (PID=288) to work on /home/airflow/.local/lib/python3.7/site-packages/airflow/example_dags/example_branch_operator_decorator.py
[2022-12-26T00:28:15.419+0000] {processor.py:743} INFO - Processing file /home/airflow/.local/lib/python3.7/site-packages/airflow/example_dags/example_branch_operator_decorator.py for tasks to queue
[2022-12-26T00:28:15.420+0000] {logging_mixin.py:137} INFO - [2022-12-26T00:28:15.420+0000] {dagbag.py:538} INFO - Filling up the DagBag from /home/airflow/.local/lib/python3.7/site-packages/airflow/example_dags/example_branch_operator_decorator.py
[2022-12-26T00:28:15.437+0000] {processor.py:753} INFO - DAG(s) dict_keys(['example_branch_python_operator_decorator']) retrieved from /home/airflow/.local/lib/python3.7/site-packages/airflow/example_dags/example_branch_operator_decorator.py
[2022-12-26T00:28:15.465+0000] {logging_mixin.py:137} INFO - [2022-12-26T00:28:15.465+0000] {dag.py:2676} INFO - Sync 1 DAGs
[2022-12-26T00:28:15.482+0000] {logging_mixin.py:137} INFO - [2022-12-26T00:28:15.482+0000] {dag.py:3427} INFO - Setting next_dagrun for example_branch_python_operator_decorator to 2022-12-25T00:00:00+00:00, run_after=2022-12-26T00:00:00+00:00
[2022-12-26T00:28:15.496+0000] {processor.py:175} INFO - Processing /home/airflow/.local/lib/python3.7/site-packages/airflow/example_dags/example_branch_operator_decorator.py took 0.080 seconds
