[2022-12-26T00:26:43.286+0000] {processor.py:153} INFO - Started process (PID=55) to work on /home/airflow/.local/lib/python3.7/site-packages/airflow/example_dags/example_short_circuit_decorator.py
[2022-12-26T00:26:43.288+0000] {processor.py:743} INFO - Processing file /home/airflow/.local/lib/python3.7/site-packages/airflow/example_dags/example_short_circuit_decorator.py for tasks to queue
[2022-12-26T00:26:43.289+0000] {logging_mixin.py:137} INFO - [2022-12-26T00:26:43.289+0000] {dagbag.py:538} INFO - Filling up the DagBag from /home/airflow/.local/lib/python3.7/site-packages/airflow/example_dags/example_short_circuit_decorator.py
[2022-12-26T00:26:43.317+0000] {processor.py:753} INFO - DAG(s) dict_keys(['example_short_circuit_decorator']) retrieved from /home/airflow/.local/lib/python3.7/site-packages/airflow/example_dags/example_short_circuit_decorator.py
[2022-12-26T00:26:43.462+0000] {logging_mixin.py:137} INFO - [2022-12-26T00:26:43.462+0000] {manager.py:504} INFO - Created Permission View: can edit on DAG:example_short_circuit_decorator
[2022-12-26T00:26:43.472+0000] {logging_mixin.py:137} INFO - [2022-12-26T00:26:43.472+0000] {manager.py:504} INFO - Created Permission View: can read on DAG:example_short_circuit_decorator
[2022-12-26T00:26:43.478+0000] {logging_mixin.py:137} INFO - [2022-12-26T00:26:43.477+0000] {manager.py:504} INFO - Created Permission View: can delete on DAG:example_short_circuit_decorator
[2022-12-26T00:26:43.479+0000] {logging_mixin.py:137} INFO - [2022-12-26T00:26:43.478+0000] {dag.py:2676} INFO - Sync 1 DAGs
[2022-12-26T00:26:43.490+0000] {logging_mixin.py:137} INFO - [2022-12-26T00:26:43.490+0000] {dag.py:2697} INFO - Creating ORM DAG for example_short_circuit_decorator
[2022-12-26T00:26:43.499+0000] {logging_mixin.py:137} INFO - [2022-12-26T00:26:43.499+0000] {dag.py:3427} INFO - Setting next_dagrun for example_short_circuit_decorator to 2022-12-25T00:26:43.499403+00:00, run_after=2022-12-26T00:26:43.499403+00:00
[2022-12-26T00:26:43.513+0000] {processor.py:175} INFO - Processing /home/airflow/.local/lib/python3.7/site-packages/airflow/example_dags/example_short_circuit_decorator.py took 0.231 seconds
[2022-12-26T00:27:14.389+0000] {processor.py:153} INFO - Started process (PID=133) to work on /home/airflow/.local/lib/python3.7/site-packages/airflow/example_dags/example_short_circuit_decorator.py
[2022-12-26T00:27:14.391+0000] {processor.py:743} INFO - Processing file /home/airflow/.local/lib/python3.7/site-packages/airflow/example_dags/example_short_circuit_decorator.py for tasks to queue
[2022-12-26T00:27:14.392+0000] {logging_mixin.py:137} INFO - [2022-12-26T00:27:14.392+0000] {dagbag.py:538} INFO - Filling up the DagBag from /home/airflow/.local/lib/python3.7/site-packages/airflow/example_dags/example_short_circuit_decorator.py
[2022-12-26T00:27:14.412+0000] {processor.py:753} INFO - DAG(s) dict_keys(['example_short_circuit_decorator']) retrieved from /home/airflow/.local/lib/python3.7/site-packages/airflow/example_dags/example_short_circuit_decorator.py
[2022-12-26T00:27:14.441+0000] {logging_mixin.py:137} INFO - [2022-12-26T00:27:14.441+0000] {dag.py:2676} INFO - Sync 1 DAGs
[2022-12-26T00:27:14.455+0000] {logging_mixin.py:137} INFO - [2022-12-26T00:27:14.455+0000] {dag.py:3427} INFO - Setting next_dagrun for example_short_circuit_decorator to 2022-12-25T00:27:14.455324+00:00, run_after=2022-12-26T00:27:14.455324+00:00
[2022-12-26T00:27:14.466+0000] {processor.py:175} INFO - Processing /home/airflow/.local/lib/python3.7/site-packages/airflow/example_dags/example_short_circuit_decorator.py took 0.080 seconds
[2022-12-26T00:27:44.539+0000] {processor.py:153} INFO - Started process (PID=210) to work on /home/airflow/.local/lib/python3.7/site-packages/airflow/example_dags/example_short_circuit_decorator.py
[2022-12-26T00:27:44.540+0000] {processor.py:743} INFO - Processing file /home/airflow/.local/lib/python3.7/site-packages/airflow/example_dags/example_short_circuit_decorator.py for tasks to queue
[2022-12-26T00:27:44.542+0000] {logging_mixin.py:137} INFO - [2022-12-26T00:27:44.542+0000] {dagbag.py:538} INFO - Filling up the DagBag from /home/airflow/.local/lib/python3.7/site-packages/airflow/example_dags/example_short_circuit_decorator.py
[2022-12-26T00:27:44.561+0000] {processor.py:753} INFO - DAG(s) dict_keys(['example_short_circuit_decorator']) retrieved from /home/airflow/.local/lib/python3.7/site-packages/airflow/example_dags/example_short_circuit_decorator.py
[2022-12-26T00:27:44.587+0000] {logging_mixin.py:137} INFO - [2022-12-26T00:27:44.587+0000] {dag.py:2676} INFO - Sync 1 DAGs
[2022-12-26T00:27:44.601+0000] {logging_mixin.py:137} INFO - [2022-12-26T00:27:44.601+0000] {dag.py:3427} INFO - Setting next_dagrun for example_short_circuit_decorator to 2022-12-25T00:27:44.601028+00:00, run_after=2022-12-26T00:27:44.601028+00:00
[2022-12-26T00:27:44.611+0000] {processor.py:175} INFO - Processing /home/airflow/.local/lib/python3.7/site-packages/airflow/example_dags/example_short_circuit_decorator.py took 0.075 seconds
[2022-12-26T00:28:14.671+0000] {processor.py:153} INFO - Started process (PID=274) to work on /home/airflow/.local/lib/python3.7/site-packages/airflow/example_dags/example_short_circuit_decorator.py
[2022-12-26T00:28:14.673+0000] {processor.py:743} INFO - Processing file /home/airflow/.local/lib/python3.7/site-packages/airflow/example_dags/example_short_circuit_decorator.py for tasks to queue
[2022-12-26T00:28:14.673+0000] {logging_mixin.py:137} INFO - [2022-12-26T00:28:14.673+0000] {dagbag.py:538} INFO - Filling up the DagBag from /home/airflow/.local/lib/python3.7/site-packages/airflow/example_dags/example_short_circuit_decorator.py
[2022-12-26T00:28:14.690+0000] {processor.py:753} INFO - DAG(s) dict_keys(['example_short_circuit_decorator']) retrieved from /home/airflow/.local/lib/python3.7/site-packages/airflow/example_dags/example_short_circuit_decorator.py
[2022-12-26T00:28:14.717+0000] {logging_mixin.py:137} INFO - [2022-12-26T00:28:14.717+0000] {dag.py:2676} INFO - Sync 1 DAGs
[2022-12-26T00:28:14.732+0000] {logging_mixin.py:137} INFO - [2022-12-26T00:28:14.732+0000] {dag.py:3427} INFO - Setting next_dagrun for example_short_circuit_decorator to 2022-12-25T00:28:14.732104+00:00, run_after=2022-12-26T00:28:14.732104+00:00
[2022-12-26T00:28:14.749+0000] {processor.py:175} INFO - Processing /home/airflow/.local/lib/python3.7/site-packages/airflow/example_dags/example_short_circuit_decorator.py took 0.080 seconds
