[2022-12-26T00:26:44.191+0000] {processor.py:153} INFO - Started process (PID=64) to work on /home/airflow/.local/lib/python3.7/site-packages/airflow/example_dags/example_branch_python_dop_operator_3.py
[2022-12-26T00:26:44.192+0000] {processor.py:743} INFO - Processing file /home/airflow/.local/lib/python3.7/site-packages/airflow/example_dags/example_branch_python_dop_operator_3.py for tasks to queue
[2022-12-26T00:26:44.193+0000] {logging_mixin.py:137} INFO - [2022-12-26T00:26:44.193+0000] {dagbag.py:538} INFO - Filling up the DagBag from /home/airflow/.local/lib/python3.7/site-packages/airflow/example_dags/example_branch_python_dop_operator_3.py
[2022-12-26T00:26:44.212+0000] {processor.py:753} INFO - DAG(s) dict_keys(['example_branch_dop_operator_v3']) retrieved from /home/airflow/.local/lib/python3.7/site-packages/airflow/example_dags/example_branch_python_dop_operator_3.py
[2022-12-26T00:26:44.286+0000] {logging_mixin.py:137} INFO - [2022-12-26T00:26:44.286+0000] {manager.py:504} INFO - Created Permission View: can edit on DAG:example_branch_dop_operator_v3
[2022-12-26T00:26:44.291+0000] {logging_mixin.py:137} INFO - [2022-12-26T00:26:44.291+0000] {manager.py:504} INFO - Created Permission View: can read on DAG:example_branch_dop_operator_v3
[2022-12-26T00:26:44.296+0000] {logging_mixin.py:137} INFO - [2022-12-26T00:26:44.296+0000] {manager.py:504} INFO - Created Permission View: can delete on DAG:example_branch_dop_operator_v3
[2022-12-26T00:26:44.296+0000] {logging_mixin.py:137} INFO - [2022-12-26T00:26:44.296+0000] {dag.py:2676} INFO - Sync 1 DAGs
[2022-12-26T00:26:44.305+0000] {logging_mixin.py:137} INFO - [2022-12-26T00:26:44.305+0000] {dag.py:2697} INFO - Creating ORM DAG for example_branch_dop_operator_v3
[2022-12-26T00:26:44.314+0000] {logging_mixin.py:137} INFO - [2022-12-26T00:26:44.313+0000] {dag.py:3427} INFO - Setting next_dagrun for example_branch_dop_operator_v3 to 2022-12-26T00:25:00+00:00, run_after=2022-12-26T00:26:00+00:00
[2022-12-26T00:26:44.324+0000] {processor.py:175} INFO - Processing /home/airflow/.local/lib/python3.7/site-packages/airflow/example_dags/example_branch_python_dop_operator_3.py took 0.136 seconds
[2022-12-26T00:27:14.811+0000] {processor.py:153} INFO - Started process (PID=142) to work on /home/airflow/.local/lib/python3.7/site-packages/airflow/example_dags/example_branch_python_dop_operator_3.py
[2022-12-26T00:27:14.812+0000] {processor.py:743} INFO - Processing file /home/airflow/.local/lib/python3.7/site-packages/airflow/example_dags/example_branch_python_dop_operator_3.py for tasks to queue
[2022-12-26T00:27:14.813+0000] {logging_mixin.py:137} INFO - [2022-12-26T00:27:14.813+0000] {dagbag.py:538} INFO - Filling up the DagBag from /home/airflow/.local/lib/python3.7/site-packages/airflow/example_dags/example_branch_python_dop_operator_3.py
[2022-12-26T00:27:14.828+0000] {processor.py:753} INFO - DAG(s) dict_keys(['example_branch_dop_operator_v3']) retrieved from /home/airflow/.local/lib/python3.7/site-packages/airflow/example_dags/example_branch_python_dop_operator_3.py
[2022-12-26T00:27:14.856+0000] {logging_mixin.py:137} INFO - [2022-12-26T00:27:14.856+0000] {dag.py:2676} INFO - Sync 1 DAGs
[2022-12-26T00:27:14.875+0000] {logging_mixin.py:137} INFO - [2022-12-26T00:27:14.875+0000] {dag.py:3427} INFO - Setting next_dagrun for example_branch_dop_operator_v3 to 2022-12-26T00:26:00+00:00, run_after=2022-12-26T00:27:00+00:00
[2022-12-26T00:27:14.887+0000] {processor.py:175} INFO - Processing /home/airflow/.local/lib/python3.7/site-packages/airflow/example_dags/example_branch_python_dop_operator_3.py took 0.078 seconds
[2022-12-26T00:27:44.998+0000] {processor.py:153} INFO - Started process (PID=219) to work on /home/airflow/.local/lib/python3.7/site-packages/airflow/example_dags/example_branch_python_dop_operator_3.py
[2022-12-26T00:27:44.999+0000] {processor.py:743} INFO - Processing file /home/airflow/.local/lib/python3.7/site-packages/airflow/example_dags/example_branch_python_dop_operator_3.py for tasks to queue
[2022-12-26T00:27:45.000+0000] {logging_mixin.py:137} INFO - [2022-12-26T00:27:45.000+0000] {dagbag.py:538} INFO - Filling up the DagBag from /home/airflow/.local/lib/python3.7/site-packages/airflow/example_dags/example_branch_python_dop_operator_3.py
[2022-12-26T00:27:45.016+0000] {processor.py:753} INFO - DAG(s) dict_keys(['example_branch_dop_operator_v3']) retrieved from /home/airflow/.local/lib/python3.7/site-packages/airflow/example_dags/example_branch_python_dop_operator_3.py
[2022-12-26T00:27:45.042+0000] {logging_mixin.py:137} INFO - [2022-12-26T00:27:45.042+0000] {dag.py:2676} INFO - Sync 1 DAGs
[2022-12-26T00:27:45.061+0000] {logging_mixin.py:137} INFO - [2022-12-26T00:27:45.060+0000] {dag.py:3427} INFO - Setting next_dagrun for example_branch_dop_operator_v3 to 2022-12-26T00:26:00+00:00, run_after=2022-12-26T00:27:00+00:00
[2022-12-26T00:27:45.073+0000] {processor.py:175} INFO - Processing /home/airflow/.local/lib/python3.7/site-packages/airflow/example_dags/example_branch_python_dop_operator_3.py took 0.078 seconds
[2022-12-26T00:28:15.170+0000] {processor.py:153} INFO - Started process (PID=283) to work on /home/airflow/.local/lib/python3.7/site-packages/airflow/example_dags/example_branch_python_dop_operator_3.py
[2022-12-26T00:28:15.171+0000] {processor.py:743} INFO - Processing file /home/airflow/.local/lib/python3.7/site-packages/airflow/example_dags/example_branch_python_dop_operator_3.py for tasks to queue
[2022-12-26T00:28:15.172+0000] {logging_mixin.py:137} INFO - [2022-12-26T00:28:15.172+0000] {dagbag.py:538} INFO - Filling up the DagBag from /home/airflow/.local/lib/python3.7/site-packages/airflow/example_dags/example_branch_python_dop_operator_3.py
[2022-12-26T00:28:15.189+0000] {processor.py:753} INFO - DAG(s) dict_keys(['example_branch_dop_operator_v3']) retrieved from /home/airflow/.local/lib/python3.7/site-packages/airflow/example_dags/example_branch_python_dop_operator_3.py
[2022-12-26T00:28:15.216+0000] {logging_mixin.py:137} INFO - [2022-12-26T00:28:15.216+0000] {dag.py:2676} INFO - Sync 1 DAGs
[2022-12-26T00:28:15.233+0000] {logging_mixin.py:137} INFO - [2022-12-26T00:28:15.233+0000] {dag.py:3427} INFO - Setting next_dagrun for example_branch_dop_operator_v3 to 2022-12-26T00:27:00+00:00, run_after=2022-12-26T00:28:00+00:00
[2022-12-26T00:28:15.254+0000] {processor.py:175} INFO - Processing /home/airflow/.local/lib/python3.7/site-packages/airflow/example_dags/example_branch_python_dop_operator_3.py took 0.087 seconds
