[2022-12-26T00:26:44.465+0000] {processor.py:153} INFO - Started process (PID=67) to work on /home/airflow/.local/lib/python3.7/site-packages/airflow/example_dags/example_branch_datetime_operator.py
[2022-12-26T00:26:44.466+0000] {processor.py:743} INFO - Processing file /home/airflow/.local/lib/python3.7/site-packages/airflow/example_dags/example_branch_datetime_operator.py for tasks to queue
[2022-12-26T00:26:44.467+0000] {logging_mixin.py:137} INFO - [2022-12-26T00:26:44.467+0000] {dagbag.py:538} INFO - Filling up the DagBag from /home/airflow/.local/lib/python3.7/site-packages/airflow/example_dags/example_branch_datetime_operator.py
[2022-12-26T00:26:44.491+0000] {processor.py:753} INFO - DAG(s) dict_keys(['example_branch_datetime_operator_3', 'example_branch_datetime_operator', 'example_branch_datetime_operator_2']) retrieved from /home/airflow/.local/lib/python3.7/site-packages/airflow/example_dags/example_branch_datetime_operator.py
[2022-12-26T00:26:44.570+0000] {logging_mixin.py:137} INFO - [2022-12-26T00:26:44.570+0000] {manager.py:504} INFO - Created Permission View: can edit on DAG:example_branch_datetime_operator_3
[2022-12-26T00:26:44.575+0000] {logging_mixin.py:137} INFO - [2022-12-26T00:26:44.575+0000] {manager.py:504} INFO - Created Permission View: can read on DAG:example_branch_datetime_operator_3
[2022-12-26T00:26:44.580+0000] {logging_mixin.py:137} INFO - [2022-12-26T00:26:44.579+0000] {manager.py:504} INFO - Created Permission View: can delete on DAG:example_branch_datetime_operator_3
[2022-12-26T00:26:44.587+0000] {logging_mixin.py:137} INFO - [2022-12-26T00:26:44.587+0000] {manager.py:504} INFO - Created Permission View: can edit on DAG:example_branch_datetime_operator
[2022-12-26T00:26:44.590+0000] {logging_mixin.py:137} INFO - [2022-12-26T00:26:44.590+0000] {manager.py:504} INFO - Created Permission View: can read on DAG:example_branch_datetime_operator
[2022-12-26T00:26:44.594+0000] {logging_mixin.py:137} INFO - [2022-12-26T00:26:44.594+0000] {manager.py:504} INFO - Created Permission View: can delete on DAG:example_branch_datetime_operator
[2022-12-26T00:26:44.600+0000] {logging_mixin.py:137} INFO - [2022-12-26T00:26:44.600+0000] {manager.py:504} INFO - Created Permission View: can edit on DAG:example_branch_datetime_operator_2
[2022-12-26T00:26:44.603+0000] {logging_mixin.py:137} INFO - [2022-12-26T00:26:44.603+0000] {manager.py:504} INFO - Created Permission View: can read on DAG:example_branch_datetime_operator_2
[2022-12-26T00:26:44.607+0000] {logging_mixin.py:137} INFO - [2022-12-26T00:26:44.607+0000] {manager.py:504} INFO - Created Permission View: can delete on DAG:example_branch_datetime_operator_2
[2022-12-26T00:26:44.607+0000] {logging_mixin.py:137} INFO - [2022-12-26T00:26:44.607+0000] {dag.py:2676} INFO - Sync 3 DAGs
[2022-12-26T00:26:44.615+0000] {logging_mixin.py:137} INFO - [2022-12-26T00:26:44.615+0000] {dag.py:2697} INFO - Creating ORM DAG for example_branch_datetime_operator_2
[2022-12-26T00:26:44.616+0000] {logging_mixin.py:137} INFO - [2022-12-26T00:26:44.616+0000] {dag.py:2697} INFO - Creating ORM DAG for example_branch_datetime_operator
[2022-12-26T00:26:44.616+0000] {logging_mixin.py:137} INFO - [2022-12-26T00:26:44.616+0000] {dag.py:2697} INFO - Creating ORM DAG for example_branch_datetime_operator_3
[2022-12-26T00:26:44.624+0000] {logging_mixin.py:137} INFO - [2022-12-26T00:26:44.623+0000] {dag.py:3427} INFO - Setting next_dagrun for example_branch_datetime_operator to 2022-12-25T00:00:00+00:00, run_after=2022-12-26T00:00:00+00:00
[2022-12-26T00:26:44.625+0000] {logging_mixin.py:137} INFO - [2022-12-26T00:26:44.625+0000] {dag.py:3427} INFO - Setting next_dagrun for example_branch_datetime_operator_2 to 2022-12-25T00:00:00+00:00, run_after=2022-12-26T00:00:00+00:00
[2022-12-26T00:26:44.626+0000] {logging_mixin.py:137} INFO - [2022-12-26T00:26:44.626+0000] {dag.py:3427} INFO - Setting next_dagrun for example_branch_datetime_operator_3 to 2022-12-25T00:00:00+00:00, run_after=2022-12-26T00:00:00+00:00
[2022-12-26T00:26:44.642+0000] {processor.py:175} INFO - Processing /home/airflow/.local/lib/python3.7/site-packages/airflow/example_dags/example_branch_datetime_operator.py took 0.179 seconds
[2022-12-26T00:27:14.974+0000] {processor.py:153} INFO - Started process (PID=145) to work on /home/airflow/.local/lib/python3.7/site-packages/airflow/example_dags/example_branch_datetime_operator.py
[2022-12-26T00:27:14.976+0000] {processor.py:743} INFO - Processing file /home/airflow/.local/lib/python3.7/site-packages/airflow/example_dags/example_branch_datetime_operator.py for tasks to queue
[2022-12-26T00:27:14.977+0000] {logging_mixin.py:137} INFO - [2022-12-26T00:27:14.977+0000] {dagbag.py:538} INFO - Filling up the DagBag from /home/airflow/.local/lib/python3.7/site-packages/airflow/example_dags/example_branch_datetime_operator.py
[2022-12-26T00:27:14.989+0000] {processor.py:753} INFO - DAG(s) dict_keys(['example_branch_datetime_operator', 'example_branch_datetime_operator_3', 'example_branch_datetime_operator_2']) retrieved from /home/airflow/.local/lib/python3.7/site-packages/airflow/example_dags/example_branch_datetime_operator.py
[2022-12-26T00:27:15.021+0000] {logging_mixin.py:137} INFO - [2022-12-26T00:27:15.021+0000] {dag.py:2676} INFO - Sync 3 DAGs
[2022-12-26T00:27:15.039+0000] {logging_mixin.py:137} INFO - [2022-12-26T00:27:15.039+0000] {dag.py:3427} INFO - Setting next_dagrun for example_branch_datetime_operator to 2022-12-25T00:00:00+00:00, run_after=2022-12-26T00:00:00+00:00
[2022-12-26T00:27:15.042+0000] {logging_mixin.py:137} INFO - [2022-12-26T00:27:15.042+0000] {dag.py:3427} INFO - Setting next_dagrun for example_branch_datetime_operator_2 to 2022-12-25T00:00:00+00:00, run_after=2022-12-26T00:00:00+00:00
[2022-12-26T00:27:15.044+0000] {logging_mixin.py:137} INFO - [2022-12-26T00:27:15.044+0000] {dag.py:3427} INFO - Setting next_dagrun for example_branch_datetime_operator_3 to 2022-12-25T00:00:00+00:00, run_after=2022-12-26T00:00:00+00:00
[2022-12-26T00:27:15.054+0000] {processor.py:175} INFO - Processing /home/airflow/.local/lib/python3.7/site-packages/airflow/example_dags/example_branch_datetime_operator.py took 0.082 seconds
[2022-12-26T00:27:45.124+0000] {processor.py:153} INFO - Started process (PID=222) to work on /home/airflow/.local/lib/python3.7/site-packages/airflow/example_dags/example_branch_datetime_operator.py
[2022-12-26T00:27:45.126+0000] {processor.py:743} INFO - Processing file /home/airflow/.local/lib/python3.7/site-packages/airflow/example_dags/example_branch_datetime_operator.py for tasks to queue
[2022-12-26T00:27:45.127+0000] {logging_mixin.py:137} INFO - [2022-12-26T00:27:45.127+0000] {dagbag.py:538} INFO - Filling up the DagBag from /home/airflow/.local/lib/python3.7/site-packages/airflow/example_dags/example_branch_datetime_operator.py
[2022-12-26T00:27:45.138+0000] {processor.py:753} INFO - DAG(s) dict_keys(['example_branch_datetime_operator_3', 'example_branch_datetime_operator_2', 'example_branch_datetime_operator']) retrieved from /home/airflow/.local/lib/python3.7/site-packages/airflow/example_dags/example_branch_datetime_operator.py
[2022-12-26T00:27:45.168+0000] {logging_mixin.py:137} INFO - [2022-12-26T00:27:45.168+0000] {dag.py:2676} INFO - Sync 3 DAGs
[2022-12-26T00:27:45.185+0000] {logging_mixin.py:137} INFO - [2022-12-26T00:27:45.185+0000] {dag.py:3427} INFO - Setting next_dagrun for example_branch_datetime_operator to 2022-12-25T00:00:00+00:00, run_after=2022-12-26T00:00:00+00:00
[2022-12-26T00:27:45.188+0000] {logging_mixin.py:137} INFO - [2022-12-26T00:27:45.188+0000] {dag.py:3427} INFO - Setting next_dagrun for example_branch_datetime_operator_2 to 2022-12-25T00:00:00+00:00, run_after=2022-12-26T00:00:00+00:00
[2022-12-26T00:27:45.190+0000] {logging_mixin.py:137} INFO - [2022-12-26T00:27:45.190+0000] {dag.py:3427} INFO - Setting next_dagrun for example_branch_datetime_operator_3 to 2022-12-25T00:00:00+00:00, run_after=2022-12-26T00:00:00+00:00
[2022-12-26T00:27:45.200+0000] {processor.py:175} INFO - Processing /home/airflow/.local/lib/python3.7/site-packages/airflow/example_dags/example_branch_datetime_operator.py took 0.078 seconds
[2022-12-26T00:28:15.309+0000] {processor.py:153} INFO - Started process (PID=286) to work on /home/airflow/.local/lib/python3.7/site-packages/airflow/example_dags/example_branch_datetime_operator.py
[2022-12-26T00:28:15.310+0000] {processor.py:743} INFO - Processing file /home/airflow/.local/lib/python3.7/site-packages/airflow/example_dags/example_branch_datetime_operator.py for tasks to queue
[2022-12-26T00:28:15.311+0000] {logging_mixin.py:137} INFO - [2022-12-26T00:28:15.311+0000] {dagbag.py:538} INFO - Filling up the DagBag from /home/airflow/.local/lib/python3.7/site-packages/airflow/example_dags/example_branch_datetime_operator.py
[2022-12-26T00:28:15.330+0000] {processor.py:753} INFO - DAG(s) dict_keys(['example_branch_datetime_operator_2', 'example_branch_datetime_operator_3', 'example_branch_datetime_operator']) retrieved from /home/airflow/.local/lib/python3.7/site-packages/airflow/example_dags/example_branch_datetime_operator.py
[2022-12-26T00:28:15.362+0000] {logging_mixin.py:137} INFO - [2022-12-26T00:28:15.361+0000] {dag.py:2676} INFO - Sync 3 DAGs
[2022-12-26T00:28:15.379+0000] {logging_mixin.py:137} INFO - [2022-12-26T00:28:15.378+0000] {dag.py:3427} INFO - Setting next_dagrun for example_branch_datetime_operator to 2022-12-25T00:00:00+00:00, run_after=2022-12-26T00:00:00+00:00
[2022-12-26T00:28:15.382+0000] {logging_mixin.py:137} INFO - [2022-12-26T00:28:15.382+0000] {dag.py:3427} INFO - Setting next_dagrun for example_branch_datetime_operator_2 to 2022-12-25T00:00:00+00:00, run_after=2022-12-26T00:00:00+00:00
[2022-12-26T00:28:15.384+0000] {logging_mixin.py:137} INFO - [2022-12-26T00:28:15.384+0000] {dag.py:3427} INFO - Setting next_dagrun for example_branch_datetime_operator_3 to 2022-12-25T00:00:00+00:00, run_after=2022-12-26T00:00:00+00:00
[2022-12-26T00:28:15.395+0000] {processor.py:175} INFO - Processing /home/airflow/.local/lib/python3.7/site-packages/airflow/example_dags/example_branch_datetime_operator.py took 0.088 seconds
