[2022-12-26T02:07:28.868+0000] {processor.py:153} INFO - Started process (PID=46) to work on /home/airflow/.local/lib/python3.7/site-packages/airflow/example_dags/tutorial.py
[2022-12-26T02:07:28.872+0000] {processor.py:743} INFO - Processing file /home/airflow/.local/lib/python3.7/site-packages/airflow/example_dags/tutorial.py for tasks to queue
[2022-12-26T02:07:28.875+0000] {logging_mixin.py:137} INFO - [2022-12-26T02:07:28.875+0000] {dagbag.py:538} INFO - Filling up the DagBag from /home/airflow/.local/lib/python3.7/site-packages/airflow/example_dags/tutorial.py
[2022-12-26T02:07:28.916+0000] {processor.py:753} INFO - DAG(s) dict_keys(['tutorial']) retrieved from /home/airflow/.local/lib/python3.7/site-packages/airflow/example_dags/tutorial.py
[2022-12-26T02:07:28.956+0000] {logging_mixin.py:137} INFO - [2022-12-26T02:07:28.955+0000] {dag.py:2676} INFO - Sync 1 DAGs
[2022-12-26T02:07:28.999+0000] {logging_mixin.py:137} INFO - [2022-12-26T02:07:28.999+0000] {dag.py:3427} INFO - Setting next_dagrun for tutorial to 2022-12-25T02:07:28.998752+00:00, run_after=2022-12-26T02:07:28.998752+00:00
[2022-12-26T02:07:29.019+0000] {processor.py:175} INFO - Processing /home/airflow/.local/lib/python3.7/site-packages/airflow/example_dags/tutorial.py took 0.157 seconds
[2022-12-26T02:07:59.142+0000] {processor.py:153} INFO - Started process (PID=123) to work on /home/airflow/.local/lib/python3.7/site-packages/airflow/example_dags/tutorial.py
[2022-12-26T02:07:59.143+0000] {processor.py:743} INFO - Processing file /home/airflow/.local/lib/python3.7/site-packages/airflow/example_dags/tutorial.py for tasks to queue
[2022-12-26T02:07:59.144+0000] {logging_mixin.py:137} INFO - [2022-12-26T02:07:59.144+0000] {dagbag.py:538} INFO - Filling up the DagBag from /home/airflow/.local/lib/python3.7/site-packages/airflow/example_dags/tutorial.py
[2022-12-26T02:07:59.156+0000] {processor.py:753} INFO - DAG(s) dict_keys(['tutorial']) retrieved from /home/airflow/.local/lib/python3.7/site-packages/airflow/example_dags/tutorial.py
[2022-12-26T02:07:59.184+0000] {logging_mixin.py:137} INFO - [2022-12-26T02:07:59.184+0000] {dag.py:2676} INFO - Sync 1 DAGs
[2022-12-26T02:07:59.201+0000] {logging_mixin.py:137} INFO - [2022-12-26T02:07:59.200+0000] {dag.py:3427} INFO - Setting next_dagrun for tutorial to 2022-12-25T02:07:59.200723+00:00, run_after=2022-12-26T02:07:59.200723+00:00
[2022-12-26T02:07:59.212+0000] {processor.py:175} INFO - Processing /home/airflow/.local/lib/python3.7/site-packages/airflow/example_dags/tutorial.py took 0.073 seconds
[2022-12-26T02:08:29.603+0000] {processor.py:153} INFO - Started process (PID=201) to work on /home/airflow/.local/lib/python3.7/site-packages/airflow/example_dags/tutorial.py
[2022-12-26T02:08:29.604+0000] {processor.py:743} INFO - Processing file /home/airflow/.local/lib/python3.7/site-packages/airflow/example_dags/tutorial.py for tasks to queue
[2022-12-26T02:08:29.605+0000] {logging_mixin.py:137} INFO - [2022-12-26T02:08:29.605+0000] {dagbag.py:538} INFO - Filling up the DagBag from /home/airflow/.local/lib/python3.7/site-packages/airflow/example_dags/tutorial.py
[2022-12-26T02:08:29.617+0000] {processor.py:753} INFO - DAG(s) dict_keys(['tutorial']) retrieved from /home/airflow/.local/lib/python3.7/site-packages/airflow/example_dags/tutorial.py
[2022-12-26T02:08:29.646+0000] {logging_mixin.py:137} INFO - [2022-12-26T02:08:29.646+0000] {dag.py:2676} INFO - Sync 1 DAGs
[2022-12-26T02:08:29.664+0000] {logging_mixin.py:137} INFO - [2022-12-26T02:08:29.664+0000] {dag.py:3427} INFO - Setting next_dagrun for tutorial to 2022-12-25T02:08:29.664335+00:00, run_after=2022-12-26T02:08:29.664335+00:00
[2022-12-26T02:08:29.678+0000] {processor.py:175} INFO - Processing /home/airflow/.local/lib/python3.7/site-packages/airflow/example_dags/tutorial.py took 0.078 seconds
[2022-12-26T02:08:59.949+0000] {processor.py:153} INFO - Started process (PID=266) to work on /home/airflow/.local/lib/python3.7/site-packages/airflow/example_dags/tutorial.py
[2022-12-26T02:08:59.950+0000] {processor.py:743} INFO - Processing file /home/airflow/.local/lib/python3.7/site-packages/airflow/example_dags/tutorial.py for tasks to queue
[2022-12-26T02:08:59.951+0000] {logging_mixin.py:137} INFO - [2022-12-26T02:08:59.951+0000] {dagbag.py:538} INFO - Filling up the DagBag from /home/airflow/.local/lib/python3.7/site-packages/airflow/example_dags/tutorial.py
[2022-12-26T02:08:59.963+0000] {processor.py:753} INFO - DAG(s) dict_keys(['tutorial']) retrieved from /home/airflow/.local/lib/python3.7/site-packages/airflow/example_dags/tutorial.py
[2022-12-26T02:08:59.992+0000] {logging_mixin.py:137} INFO - [2022-12-26T02:08:59.992+0000] {dag.py:2676} INFO - Sync 1 DAGs
[2022-12-26T02:09:00.009+0000] {logging_mixin.py:137} INFO - [2022-12-26T02:09:00.009+0000] {dag.py:3427} INFO - Setting next_dagrun for tutorial to 2022-12-25T02:09:00.009288+00:00, run_after=2022-12-26T02:09:00.009288+00:00
[2022-12-26T02:09:00.022+0000] {processor.py:175} INFO - Processing /home/airflow/.local/lib/python3.7/site-packages/airflow/example_dags/tutorial.py took 0.076 seconds
[2022-12-26T02:09:30.363+0000] {processor.py:153} INFO - Started process (PID=343) to work on /home/airflow/.local/lib/python3.7/site-packages/airflow/example_dags/tutorial.py
[2022-12-26T02:09:30.364+0000] {processor.py:743} INFO - Processing file /home/airflow/.local/lib/python3.7/site-packages/airflow/example_dags/tutorial.py for tasks to queue
[2022-12-26T02:09:30.365+0000] {logging_mixin.py:137} INFO - [2022-12-26T02:09:30.365+0000] {dagbag.py:538} INFO - Filling up the DagBag from /home/airflow/.local/lib/python3.7/site-packages/airflow/example_dags/tutorial.py
[2022-12-26T02:09:30.376+0000] {processor.py:753} INFO - DAG(s) dict_keys(['tutorial']) retrieved from /home/airflow/.local/lib/python3.7/site-packages/airflow/example_dags/tutorial.py
[2022-12-26T02:09:30.406+0000] {logging_mixin.py:137} INFO - [2022-12-26T02:09:30.406+0000] {dag.py:2676} INFO - Sync 1 DAGs
[2022-12-26T02:09:30.423+0000] {logging_mixin.py:137} INFO - [2022-12-26T02:09:30.423+0000] {dag.py:3427} INFO - Setting next_dagrun for tutorial to 2022-12-25T02:09:30.423315+00:00, run_after=2022-12-26T02:09:30.423315+00:00
[2022-12-26T02:09:30.435+0000] {processor.py:175} INFO - Processing /home/airflow/.local/lib/python3.7/site-packages/airflow/example_dags/tutorial.py took 0.075 seconds
[2022-12-26T02:10:00.650+0000] {processor.py:153} INFO - Started process (PID=420) to work on /home/airflow/.local/lib/python3.7/site-packages/airflow/example_dags/tutorial.py
[2022-12-26T02:10:00.652+0000] {processor.py:743} INFO - Processing file /home/airflow/.local/lib/python3.7/site-packages/airflow/example_dags/tutorial.py for tasks to queue
[2022-12-26T02:10:00.654+0000] {logging_mixin.py:137} INFO - [2022-12-26T02:10:00.654+0000] {dagbag.py:538} INFO - Filling up the DagBag from /home/airflow/.local/lib/python3.7/site-packages/airflow/example_dags/tutorial.py
[2022-12-26T02:10:00.669+0000] {processor.py:753} INFO - DAG(s) dict_keys(['tutorial']) retrieved from /home/airflow/.local/lib/python3.7/site-packages/airflow/example_dags/tutorial.py
[2022-12-26T02:10:00.697+0000] {logging_mixin.py:137} INFO - [2022-12-26T02:10:00.697+0000] {dag.py:2676} INFO - Sync 1 DAGs
[2022-12-26T02:10:00.713+0000] {logging_mixin.py:137} INFO - [2022-12-26T02:10:00.713+0000] {dag.py:3427} INFO - Setting next_dagrun for tutorial to 2022-12-25T02:10:00.713601+00:00, run_after=2022-12-26T02:10:00.713601+00:00
[2022-12-26T02:10:00.725+0000] {processor.py:175} INFO - Processing /home/airflow/.local/lib/python3.7/site-packages/airflow/example_dags/tutorial.py took 0.078 seconds
[2022-12-26T02:10:30.950+0000] {processor.py:153} INFO - Started process (PID=484) to work on /home/airflow/.local/lib/python3.7/site-packages/airflow/example_dags/tutorial.py
[2022-12-26T02:10:30.952+0000] {processor.py:743} INFO - Processing file /home/airflow/.local/lib/python3.7/site-packages/airflow/example_dags/tutorial.py for tasks to queue
[2022-12-26T02:10:30.953+0000] {logging_mixin.py:137} INFO - [2022-12-26T02:10:30.953+0000] {dagbag.py:538} INFO - Filling up the DagBag from /home/airflow/.local/lib/python3.7/site-packages/airflow/example_dags/tutorial.py
[2022-12-26T02:10:30.966+0000] {processor.py:753} INFO - DAG(s) dict_keys(['tutorial']) retrieved from /home/airflow/.local/lib/python3.7/site-packages/airflow/example_dags/tutorial.py
[2022-12-26T02:10:30.995+0000] {logging_mixin.py:137} INFO - [2022-12-26T02:10:30.995+0000] {dag.py:2676} INFO - Sync 1 DAGs
[2022-12-26T02:10:31.013+0000] {logging_mixin.py:137} INFO - [2022-12-26T02:10:31.013+0000] {dag.py:3427} INFO - Setting next_dagrun for tutorial to 2022-12-25T02:10:31.013626+00:00, run_after=2022-12-26T02:10:31.013626+00:00
[2022-12-26T02:10:31.027+0000] {processor.py:175} INFO - Processing /home/airflow/.local/lib/python3.7/site-packages/airflow/example_dags/tutorial.py took 0.079 seconds
[2022-12-26T02:11:01.400+0000] {processor.py:153} INFO - Started process (PID=561) to work on /home/airflow/.local/lib/python3.7/site-packages/airflow/example_dags/tutorial.py
[2022-12-26T02:11:01.401+0000] {processor.py:743} INFO - Processing file /home/airflow/.local/lib/python3.7/site-packages/airflow/example_dags/tutorial.py for tasks to queue
[2022-12-26T02:11:01.402+0000] {logging_mixin.py:137} INFO - [2022-12-26T02:11:01.402+0000] {dagbag.py:538} INFO - Filling up the DagBag from /home/airflow/.local/lib/python3.7/site-packages/airflow/example_dags/tutorial.py
[2022-12-26T02:11:01.412+0000] {processor.py:753} INFO - DAG(s) dict_keys(['tutorial']) retrieved from /home/airflow/.local/lib/python3.7/site-packages/airflow/example_dags/tutorial.py
[2022-12-26T02:11:01.441+0000] {logging_mixin.py:137} INFO - [2022-12-26T02:11:01.441+0000] {dag.py:2676} INFO - Sync 1 DAGs
[2022-12-26T02:11:01.458+0000] {logging_mixin.py:137} INFO - [2022-12-26T02:11:01.458+0000] {dag.py:3427} INFO - Setting next_dagrun for tutorial to 2022-12-25T02:11:01.458598+00:00, run_after=2022-12-26T02:11:01.458598+00:00
[2022-12-26T02:11:01.472+0000] {processor.py:175} INFO - Processing /home/airflow/.local/lib/python3.7/site-packages/airflow/example_dags/tutorial.py took 0.076 seconds
[2022-12-26T02:11:31.690+0000] {processor.py:153} INFO - Started process (PID=639) to work on /home/airflow/.local/lib/python3.7/site-packages/airflow/example_dags/tutorial.py
[2022-12-26T02:11:31.692+0000] {processor.py:743} INFO - Processing file /home/airflow/.local/lib/python3.7/site-packages/airflow/example_dags/tutorial.py for tasks to queue
[2022-12-26T02:11:31.693+0000] {logging_mixin.py:137} INFO - [2022-12-26T02:11:31.692+0000] {dagbag.py:538} INFO - Filling up the DagBag from /home/airflow/.local/lib/python3.7/site-packages/airflow/example_dags/tutorial.py
[2022-12-26T02:11:31.704+0000] {processor.py:753} INFO - DAG(s) dict_keys(['tutorial']) retrieved from /home/airflow/.local/lib/python3.7/site-packages/airflow/example_dags/tutorial.py
[2022-12-26T02:11:31.733+0000] {logging_mixin.py:137} INFO - [2022-12-26T02:11:31.733+0000] {dag.py:2676} INFO - Sync 1 DAGs
[2022-12-26T02:11:31.750+0000] {logging_mixin.py:137} INFO - [2022-12-26T02:11:31.750+0000] {dag.py:3427} INFO - Setting next_dagrun for tutorial to 2022-12-25T02:11:31.749942+00:00, run_after=2022-12-26T02:11:31.749942+00:00
[2022-12-26T02:11:31.765+0000] {processor.py:175} INFO - Processing /home/airflow/.local/lib/python3.7/site-packages/airflow/example_dags/tutorial.py took 0.078 seconds
[2022-12-26T02:12:01.928+0000] {processor.py:153} INFO - Started process (PID=703) to work on /home/airflow/.local/lib/python3.7/site-packages/airflow/example_dags/tutorial.py
[2022-12-26T02:12:01.929+0000] {processor.py:743} INFO - Processing file /home/airflow/.local/lib/python3.7/site-packages/airflow/example_dags/tutorial.py for tasks to queue
[2022-12-26T02:12:01.930+0000] {logging_mixin.py:137} INFO - [2022-12-26T02:12:01.930+0000] {dagbag.py:538} INFO - Filling up the DagBag from /home/airflow/.local/lib/python3.7/site-packages/airflow/example_dags/tutorial.py
[2022-12-26T02:12:01.942+0000] {processor.py:753} INFO - DAG(s) dict_keys(['tutorial']) retrieved from /home/airflow/.local/lib/python3.7/site-packages/airflow/example_dags/tutorial.py
[2022-12-26T02:12:01.971+0000] {logging_mixin.py:137} INFO - [2022-12-26T02:12:01.971+0000] {dag.py:2676} INFO - Sync 1 DAGs
[2022-12-26T02:12:01.990+0000] {logging_mixin.py:137} INFO - [2022-12-26T02:12:01.990+0000] {dag.py:3427} INFO - Setting next_dagrun for tutorial to 2022-12-25T02:12:01.989847+00:00, run_after=2022-12-26T02:12:01.989847+00:00
[2022-12-26T02:12:02.003+0000] {processor.py:175} INFO - Processing /home/airflow/.local/lib/python3.7/site-packages/airflow/example_dags/tutorial.py took 0.078 seconds
[2022-12-26T02:12:32.622+0000] {processor.py:153} INFO - Started process (PID=780) to work on /home/airflow/.local/lib/python3.7/site-packages/airflow/example_dags/tutorial.py
[2022-12-26T02:12:32.623+0000] {processor.py:743} INFO - Processing file /home/airflow/.local/lib/python3.7/site-packages/airflow/example_dags/tutorial.py for tasks to queue
[2022-12-26T02:12:32.624+0000] {logging_mixin.py:137} INFO - [2022-12-26T02:12:32.624+0000] {dagbag.py:538} INFO - Filling up the DagBag from /home/airflow/.local/lib/python3.7/site-packages/airflow/example_dags/tutorial.py
[2022-12-26T02:12:32.637+0000] {processor.py:753} INFO - DAG(s) dict_keys(['tutorial']) retrieved from /home/airflow/.local/lib/python3.7/site-packages/airflow/example_dags/tutorial.py
[2022-12-26T02:12:32.668+0000] {logging_mixin.py:137} INFO - [2022-12-26T02:12:32.668+0000] {dag.py:2676} INFO - Sync 1 DAGs
[2022-12-26T02:12:32.686+0000] {logging_mixin.py:137} INFO - [2022-12-26T02:12:32.686+0000] {dag.py:3427} INFO - Setting next_dagrun for tutorial to 2022-12-25T02:12:32.686046+00:00, run_after=2022-12-26T02:12:32.686046+00:00
[2022-12-26T02:12:32.699+0000] {processor.py:175} INFO - Processing /home/airflow/.local/lib/python3.7/site-packages/airflow/example_dags/tutorial.py took 0.080 seconds
[2022-12-26T02:13:03.013+0000] {processor.py:153} INFO - Started process (PID=862) to work on /home/airflow/.local/lib/python3.7/site-packages/airflow/example_dags/tutorial.py
[2022-12-26T02:13:03.014+0000] {processor.py:743} INFO - Processing file /home/airflow/.local/lib/python3.7/site-packages/airflow/example_dags/tutorial.py for tasks to queue
[2022-12-26T02:13:03.016+0000] {logging_mixin.py:137} INFO - [2022-12-26T02:13:03.015+0000] {dagbag.py:538} INFO - Filling up the DagBag from /home/airflow/.local/lib/python3.7/site-packages/airflow/example_dags/tutorial.py
[2022-12-26T02:13:03.027+0000] {processor.py:753} INFO - DAG(s) dict_keys(['tutorial']) retrieved from /home/airflow/.local/lib/python3.7/site-packages/airflow/example_dags/tutorial.py
[2022-12-26T02:13:03.058+0000] {logging_mixin.py:137} INFO - [2022-12-26T02:13:03.058+0000] {dag.py:2676} INFO - Sync 1 DAGs
[2022-12-26T02:13:03.076+0000] {logging_mixin.py:137} INFO - [2022-12-26T02:13:03.075+0000] {dag.py:3427} INFO - Setting next_dagrun for tutorial to 2022-12-25T02:13:03.075741+00:00, run_after=2022-12-26T02:13:03.075741+00:00
[2022-12-26T02:13:03.089+0000] {processor.py:175} INFO - Processing /home/airflow/.local/lib/python3.7/site-packages/airflow/example_dags/tutorial.py took 0.079 seconds
[2022-12-26T02:13:33.471+0000] {processor.py:153} INFO - Started process (PID=926) to work on /home/airflow/.local/lib/python3.7/site-packages/airflow/example_dags/tutorial.py
[2022-12-26T02:13:33.472+0000] {processor.py:743} INFO - Processing file /home/airflow/.local/lib/python3.7/site-packages/airflow/example_dags/tutorial.py for tasks to queue
[2022-12-26T02:13:33.473+0000] {logging_mixin.py:137} INFO - [2022-12-26T02:13:33.473+0000] {dagbag.py:538} INFO - Filling up the DagBag from /home/airflow/.local/lib/python3.7/site-packages/airflow/example_dags/tutorial.py
[2022-12-26T02:13:33.485+0000] {processor.py:753} INFO - DAG(s) dict_keys(['tutorial']) retrieved from /home/airflow/.local/lib/python3.7/site-packages/airflow/example_dags/tutorial.py
[2022-12-26T02:13:33.514+0000] {logging_mixin.py:137} INFO - [2022-12-26T02:13:33.514+0000] {dag.py:2676} INFO - Sync 1 DAGs
[2022-12-26T02:13:33.533+0000] {logging_mixin.py:137} INFO - [2022-12-26T02:13:33.533+0000] {dag.py:3427} INFO - Setting next_dagrun for tutorial to 2022-12-25T02:13:33.532785+00:00, run_after=2022-12-26T02:13:33.532785+00:00
[2022-12-26T02:13:33.547+0000] {processor.py:175} INFO - Processing /home/airflow/.local/lib/python3.7/site-packages/airflow/example_dags/tutorial.py took 0.079 seconds
[2022-12-26T02:14:04.021+0000] {processor.py:153} INFO - Started process (PID=1003) to work on /home/airflow/.local/lib/python3.7/site-packages/airflow/example_dags/tutorial.py
[2022-12-26T02:14:04.023+0000] {processor.py:743} INFO - Processing file /home/airflow/.local/lib/python3.7/site-packages/airflow/example_dags/tutorial.py for tasks to queue
[2022-12-26T02:14:04.024+0000] {logging_mixin.py:137} INFO - [2022-12-26T02:14:04.024+0000] {dagbag.py:538} INFO - Filling up the DagBag from /home/airflow/.local/lib/python3.7/site-packages/airflow/example_dags/tutorial.py
[2022-12-26T02:14:04.037+0000] {processor.py:753} INFO - DAG(s) dict_keys(['tutorial']) retrieved from /home/airflow/.local/lib/python3.7/site-packages/airflow/example_dags/tutorial.py
[2022-12-26T02:14:04.067+0000] {logging_mixin.py:137} INFO - [2022-12-26T02:14:04.067+0000] {dag.py:2676} INFO - Sync 1 DAGs
[2022-12-26T02:14:04.086+0000] {logging_mixin.py:137} INFO - [2022-12-26T02:14:04.085+0000] {dag.py:3427} INFO - Setting next_dagrun for tutorial to 2022-12-25T02:14:04.085749+00:00, run_after=2022-12-26T02:14:04.085749+00:00
[2022-12-26T02:14:04.100+0000] {processor.py:175} INFO - Processing /home/airflow/.local/lib/python3.7/site-packages/airflow/example_dags/tutorial.py took 0.081 seconds
[2022-12-26T02:14:34.481+0000] {processor.py:153} INFO - Started process (PID=1080) to work on /home/airflow/.local/lib/python3.7/site-packages/airflow/example_dags/tutorial.py
[2022-12-26T02:14:34.482+0000] {processor.py:743} INFO - Processing file /home/airflow/.local/lib/python3.7/site-packages/airflow/example_dags/tutorial.py for tasks to queue
[2022-12-26T02:14:34.483+0000] {logging_mixin.py:137} INFO - [2022-12-26T02:14:34.483+0000] {dagbag.py:538} INFO - Filling up the DagBag from /home/airflow/.local/lib/python3.7/site-packages/airflow/example_dags/tutorial.py
[2022-12-26T02:14:34.495+0000] {processor.py:753} INFO - DAG(s) dict_keys(['tutorial']) retrieved from /home/airflow/.local/lib/python3.7/site-packages/airflow/example_dags/tutorial.py
[2022-12-26T02:14:34.525+0000] {logging_mixin.py:137} INFO - [2022-12-26T02:14:34.524+0000] {dag.py:2676} INFO - Sync 1 DAGs
[2022-12-26T02:14:34.543+0000] {logging_mixin.py:137} INFO - [2022-12-26T02:14:34.543+0000] {dag.py:3427} INFO - Setting next_dagrun for tutorial to 2022-12-25T02:14:34.542830+00:00, run_after=2022-12-26T02:14:34.542830+00:00
[2022-12-26T02:14:34.556+0000] {processor.py:175} INFO - Processing /home/airflow/.local/lib/python3.7/site-packages/airflow/example_dags/tutorial.py took 0.078 seconds
[2022-12-26T02:15:04.918+0000] {processor.py:153} INFO - Started process (PID=1144) to work on /home/airflow/.local/lib/python3.7/site-packages/airflow/example_dags/tutorial.py
[2022-12-26T02:15:04.919+0000] {processor.py:743} INFO - Processing file /home/airflow/.local/lib/python3.7/site-packages/airflow/example_dags/tutorial.py for tasks to queue
[2022-12-26T02:15:04.920+0000] {logging_mixin.py:137} INFO - [2022-12-26T02:15:04.920+0000] {dagbag.py:538} INFO - Filling up the DagBag from /home/airflow/.local/lib/python3.7/site-packages/airflow/example_dags/tutorial.py
[2022-12-26T02:15:04.932+0000] {processor.py:753} INFO - DAG(s) dict_keys(['tutorial']) retrieved from /home/airflow/.local/lib/python3.7/site-packages/airflow/example_dags/tutorial.py
[2022-12-26T02:15:04.964+0000] {logging_mixin.py:137} INFO - [2022-12-26T02:15:04.963+0000] {dag.py:2676} INFO - Sync 1 DAGs
[2022-12-26T02:15:04.981+0000] {logging_mixin.py:137} INFO - [2022-12-26T02:15:04.981+0000] {dag.py:3427} INFO - Setting next_dagrun for tutorial to 2022-12-25T02:15:04.981151+00:00, run_after=2022-12-26T02:15:04.981151+00:00
[2022-12-26T02:15:04.994+0000] {processor.py:175} INFO - Processing /home/airflow/.local/lib/python3.7/site-packages/airflow/example_dags/tutorial.py took 0.079 seconds
[2022-12-26T02:15:35.365+0000] {processor.py:153} INFO - Started process (PID=1221) to work on /home/airflow/.local/lib/python3.7/site-packages/airflow/example_dags/tutorial.py
[2022-12-26T02:15:35.367+0000] {processor.py:743} INFO - Processing file /home/airflow/.local/lib/python3.7/site-packages/airflow/example_dags/tutorial.py for tasks to queue
[2022-12-26T02:15:35.368+0000] {logging_mixin.py:137} INFO - [2022-12-26T02:15:35.368+0000] {dagbag.py:538} INFO - Filling up the DagBag from /home/airflow/.local/lib/python3.7/site-packages/airflow/example_dags/tutorial.py
[2022-12-26T02:15:35.381+0000] {processor.py:753} INFO - DAG(s) dict_keys(['tutorial']) retrieved from /home/airflow/.local/lib/python3.7/site-packages/airflow/example_dags/tutorial.py
[2022-12-26T02:15:35.413+0000] {logging_mixin.py:137} INFO - [2022-12-26T02:15:35.413+0000] {dag.py:2676} INFO - Sync 1 DAGs
[2022-12-26T02:15:35.433+0000] {logging_mixin.py:137} INFO - [2022-12-26T02:15:35.433+0000] {dag.py:3427} INFO - Setting next_dagrun for tutorial to 2022-12-25T02:15:35.433675+00:00, run_after=2022-12-26T02:15:35.433675+00:00
[2022-12-26T02:15:35.446+0000] {processor.py:175} INFO - Processing /home/airflow/.local/lib/python3.7/site-packages/airflow/example_dags/tutorial.py took 0.084 seconds
[2022-12-26T02:16:05.620+0000] {processor.py:153} INFO - Started process (PID=1298) to work on /home/airflow/.local/lib/python3.7/site-packages/airflow/example_dags/tutorial.py
[2022-12-26T02:16:05.621+0000] {processor.py:743} INFO - Processing file /home/airflow/.local/lib/python3.7/site-packages/airflow/example_dags/tutorial.py for tasks to queue
[2022-12-26T02:16:05.622+0000] {logging_mixin.py:137} INFO - [2022-12-26T02:16:05.622+0000] {dagbag.py:538} INFO - Filling up the DagBag from /home/airflow/.local/lib/python3.7/site-packages/airflow/example_dags/tutorial.py
[2022-12-26T02:16:05.634+0000] {processor.py:753} INFO - DAG(s) dict_keys(['tutorial']) retrieved from /home/airflow/.local/lib/python3.7/site-packages/airflow/example_dags/tutorial.py
[2022-12-26T02:16:05.663+0000] {logging_mixin.py:137} INFO - [2022-12-26T02:16:05.663+0000] {dag.py:2676} INFO - Sync 1 DAGs
[2022-12-26T02:16:05.681+0000] {logging_mixin.py:137} INFO - [2022-12-26T02:16:05.681+0000] {dag.py:3427} INFO - Setting next_dagrun for tutorial to 2022-12-25T02:16:05.681059+00:00, run_after=2022-12-26T02:16:05.681059+00:00
[2022-12-26T02:16:05.694+0000] {processor.py:175} INFO - Processing /home/airflow/.local/lib/python3.7/site-packages/airflow/example_dags/tutorial.py took 0.077 seconds
[2022-12-26T02:16:36.081+0000] {processor.py:153} INFO - Started process (PID=1362) to work on /home/airflow/.local/lib/python3.7/site-packages/airflow/example_dags/tutorial.py
[2022-12-26T02:16:36.082+0000] {processor.py:743} INFO - Processing file /home/airflow/.local/lib/python3.7/site-packages/airflow/example_dags/tutorial.py for tasks to queue
[2022-12-26T02:16:36.083+0000] {logging_mixin.py:137} INFO - [2022-12-26T02:16:36.083+0000] {dagbag.py:538} INFO - Filling up the DagBag from /home/airflow/.local/lib/python3.7/site-packages/airflow/example_dags/tutorial.py
[2022-12-26T02:16:36.094+0000] {processor.py:753} INFO - DAG(s) dict_keys(['tutorial']) retrieved from /home/airflow/.local/lib/python3.7/site-packages/airflow/example_dags/tutorial.py
[2022-12-26T02:16:36.123+0000] {logging_mixin.py:137} INFO - [2022-12-26T02:16:36.123+0000] {dag.py:2676} INFO - Sync 1 DAGs
[2022-12-26T02:16:36.140+0000] {logging_mixin.py:137} INFO - [2022-12-26T02:16:36.140+0000] {dag.py:3427} INFO - Setting next_dagrun for tutorial to 2022-12-25T02:16:36.140451+00:00, run_after=2022-12-26T02:16:36.140451+00:00
[2022-12-26T02:16:36.153+0000] {processor.py:175} INFO - Processing /home/airflow/.local/lib/python3.7/site-packages/airflow/example_dags/tutorial.py took 0.075 seconds
