[2022-12-26T02:07:30.020+0000] {processor.py:153} INFO - Started process (PID=57) to work on /home/airflow/.local/lib/python3.7/site-packages/airflow/example_dags/tutorial_dag.py
[2022-12-26T02:07:30.023+0000] {processor.py:743} INFO - Processing file /home/airflow/.local/lib/python3.7/site-packages/airflow/example_dags/tutorial_dag.py for tasks to queue
[2022-12-26T02:07:30.026+0000] {logging_mixin.py:137} INFO - [2022-12-26T02:07:30.026+0000] {dagbag.py:538} INFO - Filling up the DagBag from /home/airflow/.local/lib/python3.7/site-packages/airflow/example_dags/tutorial_dag.py
[2022-12-26T02:07:30.050+0000] {processor.py:753} INFO - DAG(s) dict_keys(['tutorial_dag']) retrieved from /home/airflow/.local/lib/python3.7/site-packages/airflow/example_dags/tutorial_dag.py
[2022-12-26T02:07:30.076+0000] {logging_mixin.py:137} INFO - [2022-12-26T02:07:30.076+0000] {dag.py:2676} INFO - Sync 1 DAGs
[2022-12-26T02:07:30.097+0000] {logging_mixin.py:137} INFO - [2022-12-26T02:07:30.097+0000] {dag.py:3427} INFO - Setting next_dagrun for tutorial_dag to None, run_after=None
[2022-12-26T02:07:30.115+0000] {processor.py:175} INFO - Processing /home/airflow/.local/lib/python3.7/site-packages/airflow/example_dags/tutorial_dag.py took 0.103 seconds
[2022-12-26T02:08:00.798+0000] {processor.py:153} INFO - Started process (PID=134) to work on /home/airflow/.local/lib/python3.7/site-packages/airflow/example_dags/tutorial_dag.py
[2022-12-26T02:08:00.799+0000] {processor.py:743} INFO - Processing file /home/airflow/.local/lib/python3.7/site-packages/airflow/example_dags/tutorial_dag.py for tasks to queue
[2022-12-26T02:08:00.800+0000] {logging_mixin.py:137} INFO - [2022-12-26T02:08:00.800+0000] {dagbag.py:538} INFO - Filling up the DagBag from /home/airflow/.local/lib/python3.7/site-packages/airflow/example_dags/tutorial_dag.py
[2022-12-26T02:08:00.810+0000] {processor.py:753} INFO - DAG(s) dict_keys(['tutorial_dag']) retrieved from /home/airflow/.local/lib/python3.7/site-packages/airflow/example_dags/tutorial_dag.py
[2022-12-26T02:08:00.838+0000] {logging_mixin.py:137} INFO - [2022-12-26T02:08:00.838+0000] {dag.py:2676} INFO - Sync 1 DAGs
[2022-12-26T02:08:00.856+0000] {logging_mixin.py:137} INFO - [2022-12-26T02:08:00.856+0000] {dag.py:3427} INFO - Setting next_dagrun for tutorial_dag to None, run_after=None
[2022-12-26T02:08:00.870+0000] {processor.py:175} INFO - Processing /home/airflow/.local/lib/python3.7/site-packages/airflow/example_dags/tutorial_dag.py took 0.075 seconds
[2022-12-26T02:08:31.298+0000] {processor.py:153} INFO - Started process (PID=212) to work on /home/airflow/.local/lib/python3.7/site-packages/airflow/example_dags/tutorial_dag.py
[2022-12-26T02:08:31.299+0000] {processor.py:743} INFO - Processing file /home/airflow/.local/lib/python3.7/site-packages/airflow/example_dags/tutorial_dag.py for tasks to queue
[2022-12-26T02:08:31.300+0000] {logging_mixin.py:137} INFO - [2022-12-26T02:08:31.300+0000] {dagbag.py:538} INFO - Filling up the DagBag from /home/airflow/.local/lib/python3.7/site-packages/airflow/example_dags/tutorial_dag.py
[2022-12-26T02:08:31.310+0000] {processor.py:753} INFO - DAG(s) dict_keys(['tutorial_dag']) retrieved from /home/airflow/.local/lib/python3.7/site-packages/airflow/example_dags/tutorial_dag.py
[2022-12-26T02:08:31.340+0000] {logging_mixin.py:137} INFO - [2022-12-26T02:08:31.340+0000] {dag.py:2676} INFO - Sync 1 DAGs
[2022-12-26T02:08:31.356+0000] {logging_mixin.py:137} INFO - [2022-12-26T02:08:31.356+0000] {dag.py:3427} INFO - Setting next_dagrun for tutorial_dag to None, run_after=None
[2022-12-26T02:08:31.368+0000] {processor.py:175} INFO - Processing /home/airflow/.local/lib/python3.7/site-packages/airflow/example_dags/tutorial_dag.py took 0.073 seconds
[2022-12-26T02:09:01.494+0000] {processor.py:153} INFO - Started process (PID=276) to work on /home/airflow/.local/lib/python3.7/site-packages/airflow/example_dags/tutorial_dag.py
[2022-12-26T02:09:01.496+0000] {processor.py:743} INFO - Processing file /home/airflow/.local/lib/python3.7/site-packages/airflow/example_dags/tutorial_dag.py for tasks to queue
[2022-12-26T02:09:01.497+0000] {logging_mixin.py:137} INFO - [2022-12-26T02:09:01.497+0000] {dagbag.py:538} INFO - Filling up the DagBag from /home/airflow/.local/lib/python3.7/site-packages/airflow/example_dags/tutorial_dag.py
[2022-12-26T02:09:01.506+0000] {processor.py:753} INFO - DAG(s) dict_keys(['tutorial_dag']) retrieved from /home/airflow/.local/lib/python3.7/site-packages/airflow/example_dags/tutorial_dag.py
[2022-12-26T02:09:01.539+0000] {logging_mixin.py:137} INFO - [2022-12-26T02:09:01.539+0000] {dag.py:2676} INFO - Sync 1 DAGs
[2022-12-26T02:09:01.558+0000] {logging_mixin.py:137} INFO - [2022-12-26T02:09:01.557+0000] {dag.py:3427} INFO - Setting next_dagrun for tutorial_dag to None, run_after=None
[2022-12-26T02:09:01.571+0000] {processor.py:175} INFO - Processing /home/airflow/.local/lib/python3.7/site-packages/airflow/example_dags/tutorial_dag.py took 0.080 seconds
[2022-12-26T02:09:32.019+0000] {processor.py:153} INFO - Started process (PID=354) to work on /home/airflow/.local/lib/python3.7/site-packages/airflow/example_dags/tutorial_dag.py
[2022-12-26T02:09:32.021+0000] {processor.py:743} INFO - Processing file /home/airflow/.local/lib/python3.7/site-packages/airflow/example_dags/tutorial_dag.py for tasks to queue
[2022-12-26T02:09:32.021+0000] {logging_mixin.py:137} INFO - [2022-12-26T02:09:32.021+0000] {dagbag.py:538} INFO - Filling up the DagBag from /home/airflow/.local/lib/python3.7/site-packages/airflow/example_dags/tutorial_dag.py
[2022-12-26T02:09:32.032+0000] {processor.py:753} INFO - DAG(s) dict_keys(['tutorial_dag']) retrieved from /home/airflow/.local/lib/python3.7/site-packages/airflow/example_dags/tutorial_dag.py
[2022-12-26T02:09:32.063+0000] {logging_mixin.py:137} INFO - [2022-12-26T02:09:32.063+0000] {dag.py:2676} INFO - Sync 1 DAGs
[2022-12-26T02:09:32.081+0000] {logging_mixin.py:137} INFO - [2022-12-26T02:09:32.081+0000] {dag.py:3427} INFO - Setting next_dagrun for tutorial_dag to None, run_after=None
[2022-12-26T02:09:32.094+0000] {processor.py:175} INFO - Processing /home/airflow/.local/lib/python3.7/site-packages/airflow/example_dags/tutorial_dag.py took 0.077 seconds
[2022-12-26T02:10:02.336+0000] {processor.py:153} INFO - Started process (PID=431) to work on /home/airflow/.local/lib/python3.7/site-packages/airflow/example_dags/tutorial_dag.py
[2022-12-26T02:10:02.337+0000] {processor.py:743} INFO - Processing file /home/airflow/.local/lib/python3.7/site-packages/airflow/example_dags/tutorial_dag.py for tasks to queue
[2022-12-26T02:10:02.338+0000] {logging_mixin.py:137} INFO - [2022-12-26T02:10:02.338+0000] {dagbag.py:538} INFO - Filling up the DagBag from /home/airflow/.local/lib/python3.7/site-packages/airflow/example_dags/tutorial_dag.py
[2022-12-26T02:10:02.348+0000] {processor.py:753} INFO - DAG(s) dict_keys(['tutorial_dag']) retrieved from /home/airflow/.local/lib/python3.7/site-packages/airflow/example_dags/tutorial_dag.py
[2022-12-26T02:10:02.378+0000] {logging_mixin.py:137} INFO - [2022-12-26T02:10:02.378+0000] {dag.py:2676} INFO - Sync 1 DAGs
[2022-12-26T02:10:02.395+0000] {logging_mixin.py:137} INFO - [2022-12-26T02:10:02.395+0000] {dag.py:3427} INFO - Setting next_dagrun for tutorial_dag to None, run_after=None
[2022-12-26T02:10:02.408+0000] {processor.py:175} INFO - Processing /home/airflow/.local/lib/python3.7/site-packages/airflow/example_dags/tutorial_dag.py took 0.075 seconds
[2022-12-26T02:10:32.511+0000] {processor.py:153} INFO - Started process (PID=495) to work on /home/airflow/.local/lib/python3.7/site-packages/airflow/example_dags/tutorial_dag.py
[2022-12-26T02:10:32.513+0000] {processor.py:743} INFO - Processing file /home/airflow/.local/lib/python3.7/site-packages/airflow/example_dags/tutorial_dag.py for tasks to queue
[2022-12-26T02:10:32.514+0000] {logging_mixin.py:137} INFO - [2022-12-26T02:10:32.514+0000] {dagbag.py:538} INFO - Filling up the DagBag from /home/airflow/.local/lib/python3.7/site-packages/airflow/example_dags/tutorial_dag.py
[2022-12-26T02:10:32.523+0000] {processor.py:753} INFO - DAG(s) dict_keys(['tutorial_dag']) retrieved from /home/airflow/.local/lib/python3.7/site-packages/airflow/example_dags/tutorial_dag.py
[2022-12-26T02:10:32.554+0000] {logging_mixin.py:137} INFO - [2022-12-26T02:10:32.554+0000] {dag.py:2676} INFO - Sync 1 DAGs
[2022-12-26T02:10:32.569+0000] {logging_mixin.py:137} INFO - [2022-12-26T02:10:32.569+0000] {dag.py:3427} INFO - Setting next_dagrun for tutorial_dag to None, run_after=None
[2022-12-26T02:10:32.582+0000] {processor.py:175} INFO - Processing /home/airflow/.local/lib/python3.7/site-packages/airflow/example_dags/tutorial_dag.py took 0.072 seconds
[2022-12-26T02:11:03.109+0000] {processor.py:153} INFO - Started process (PID=572) to work on /home/airflow/.local/lib/python3.7/site-packages/airflow/example_dags/tutorial_dag.py
[2022-12-26T02:11:03.110+0000] {processor.py:743} INFO - Processing file /home/airflow/.local/lib/python3.7/site-packages/airflow/example_dags/tutorial_dag.py for tasks to queue
[2022-12-26T02:11:03.111+0000] {logging_mixin.py:137} INFO - [2022-12-26T02:11:03.111+0000] {dagbag.py:538} INFO - Filling up the DagBag from /home/airflow/.local/lib/python3.7/site-packages/airflow/example_dags/tutorial_dag.py
[2022-12-26T02:11:03.122+0000] {processor.py:753} INFO - DAG(s) dict_keys(['tutorial_dag']) retrieved from /home/airflow/.local/lib/python3.7/site-packages/airflow/example_dags/tutorial_dag.py
[2022-12-26T02:11:03.153+0000] {logging_mixin.py:137} INFO - [2022-12-26T02:11:03.153+0000] {dag.py:2676} INFO - Sync 1 DAGs
[2022-12-26T02:11:03.170+0000] {logging_mixin.py:137} INFO - [2022-12-26T02:11:03.170+0000] {dag.py:3427} INFO - Setting next_dagrun for tutorial_dag to None, run_after=None
[2022-12-26T02:11:03.183+0000] {processor.py:175} INFO - Processing /home/airflow/.local/lib/python3.7/site-packages/airflow/example_dags/tutorial_dag.py took 0.077 seconds
[2022-12-26T02:11:33.330+0000] {processor.py:153} INFO - Started process (PID=650) to work on /home/airflow/.local/lib/python3.7/site-packages/airflow/example_dags/tutorial_dag.py
[2022-12-26T02:11:33.331+0000] {processor.py:743} INFO - Processing file /home/airflow/.local/lib/python3.7/site-packages/airflow/example_dags/tutorial_dag.py for tasks to queue
[2022-12-26T02:11:33.332+0000] {logging_mixin.py:137} INFO - [2022-12-26T02:11:33.332+0000] {dagbag.py:538} INFO - Filling up the DagBag from /home/airflow/.local/lib/python3.7/site-packages/airflow/example_dags/tutorial_dag.py
[2022-12-26T02:11:33.341+0000] {processor.py:753} INFO - DAG(s) dict_keys(['tutorial_dag']) retrieved from /home/airflow/.local/lib/python3.7/site-packages/airflow/example_dags/tutorial_dag.py
[2022-12-26T02:11:33.370+0000] {logging_mixin.py:137} INFO - [2022-12-26T02:11:33.370+0000] {dag.py:2676} INFO - Sync 1 DAGs
[2022-12-26T02:11:33.388+0000] {logging_mixin.py:137} INFO - [2022-12-26T02:11:33.387+0000] {dag.py:3427} INFO - Setting next_dagrun for tutorial_dag to None, run_after=None
[2022-12-26T02:11:33.400+0000] {processor.py:175} INFO - Processing /home/airflow/.local/lib/python3.7/site-packages/airflow/example_dags/tutorial_dag.py took 0.073 seconds
[2022-12-26T02:12:03.670+0000] {processor.py:153} INFO - Started process (PID=723) to work on /home/airflow/.local/lib/python3.7/site-packages/airflow/example_dags/tutorial_dag.py
[2022-12-26T02:12:03.672+0000] {processor.py:743} INFO - Processing file /home/airflow/.local/lib/python3.7/site-packages/airflow/example_dags/tutorial_dag.py for tasks to queue
[2022-12-26T02:12:03.673+0000] {logging_mixin.py:137} INFO - [2022-12-26T02:12:03.673+0000] {dagbag.py:538} INFO - Filling up the DagBag from /home/airflow/.local/lib/python3.7/site-packages/airflow/example_dags/tutorial_dag.py
[2022-12-26T02:12:03.682+0000] {processor.py:753} INFO - DAG(s) dict_keys(['tutorial_dag']) retrieved from /home/airflow/.local/lib/python3.7/site-packages/airflow/example_dags/tutorial_dag.py
[2022-12-26T02:12:03.711+0000] {logging_mixin.py:137} INFO - [2022-12-26T02:12:03.711+0000] {dag.py:2676} INFO - Sync 1 DAGs
[2022-12-26T02:12:03.728+0000] {logging_mixin.py:137} INFO - [2022-12-26T02:12:03.728+0000] {dag.py:3427} INFO - Setting next_dagrun for tutorial_dag to None, run_after=None
[2022-12-26T02:12:03.742+0000] {processor.py:175} INFO - Processing /home/airflow/.local/lib/python3.7/site-packages/airflow/example_dags/tutorial_dag.py took 0.074 seconds
[2022-12-26T02:12:34.310+0000] {processor.py:153} INFO - Started process (PID=791) to work on /home/airflow/.local/lib/python3.7/site-packages/airflow/example_dags/tutorial_dag.py
[2022-12-26T02:12:34.311+0000] {processor.py:743} INFO - Processing file /home/airflow/.local/lib/python3.7/site-packages/airflow/example_dags/tutorial_dag.py for tasks to queue
[2022-12-26T02:12:34.312+0000] {logging_mixin.py:137} INFO - [2022-12-26T02:12:34.312+0000] {dagbag.py:538} INFO - Filling up the DagBag from /home/airflow/.local/lib/python3.7/site-packages/airflow/example_dags/tutorial_dag.py
[2022-12-26T02:12:34.321+0000] {processor.py:753} INFO - DAG(s) dict_keys(['tutorial_dag']) retrieved from /home/airflow/.local/lib/python3.7/site-packages/airflow/example_dags/tutorial_dag.py
[2022-12-26T02:12:34.351+0000] {logging_mixin.py:137} INFO - [2022-12-26T02:12:34.351+0000] {dag.py:2676} INFO - Sync 1 DAGs
[2022-12-26T02:12:34.367+0000] {logging_mixin.py:137} INFO - [2022-12-26T02:12:34.367+0000] {dag.py:3427} INFO - Setting next_dagrun for tutorial_dag to None, run_after=None
[2022-12-26T02:12:34.379+0000] {processor.py:175} INFO - Processing /home/airflow/.local/lib/python3.7/site-packages/airflow/example_dags/tutorial_dag.py took 0.072 seconds
[2022-12-26T02:13:04.686+0000] {processor.py:153} INFO - Started process (PID=873) to work on /home/airflow/.local/lib/python3.7/site-packages/airflow/example_dags/tutorial_dag.py
[2022-12-26T02:13:04.687+0000] {processor.py:743} INFO - Processing file /home/airflow/.local/lib/python3.7/site-packages/airflow/example_dags/tutorial_dag.py for tasks to queue
[2022-12-26T02:13:04.688+0000] {logging_mixin.py:137} INFO - [2022-12-26T02:13:04.688+0000] {dagbag.py:538} INFO - Filling up the DagBag from /home/airflow/.local/lib/python3.7/site-packages/airflow/example_dags/tutorial_dag.py
[2022-12-26T02:13:04.699+0000] {processor.py:753} INFO - DAG(s) dict_keys(['tutorial_dag']) retrieved from /home/airflow/.local/lib/python3.7/site-packages/airflow/example_dags/tutorial_dag.py
[2022-12-26T02:13:04.728+0000] {logging_mixin.py:137} INFO - [2022-12-26T02:13:04.728+0000] {dag.py:2676} INFO - Sync 1 DAGs
[2022-12-26T02:13:04.745+0000] {logging_mixin.py:137} INFO - [2022-12-26T02:13:04.745+0000] {dag.py:3427} INFO - Setting next_dagrun for tutorial_dag to None, run_after=None
[2022-12-26T02:13:04.759+0000] {processor.py:175} INFO - Processing /home/airflow/.local/lib/python3.7/site-packages/airflow/example_dags/tutorial_dag.py took 0.076 seconds
[2022-12-26T02:13:35.196+0000] {processor.py:153} INFO - Started process (PID=950) to work on /home/airflow/.local/lib/python3.7/site-packages/airflow/example_dags/tutorial_dag.py
[2022-12-26T02:13:35.197+0000] {processor.py:743} INFO - Processing file /home/airflow/.local/lib/python3.7/site-packages/airflow/example_dags/tutorial_dag.py for tasks to queue
[2022-12-26T02:13:35.198+0000] {logging_mixin.py:137} INFO - [2022-12-26T02:13:35.198+0000] {dagbag.py:538} INFO - Filling up the DagBag from /home/airflow/.local/lib/python3.7/site-packages/airflow/example_dags/tutorial_dag.py
[2022-12-26T02:13:35.208+0000] {processor.py:753} INFO - DAG(s) dict_keys(['tutorial_dag']) retrieved from /home/airflow/.local/lib/python3.7/site-packages/airflow/example_dags/tutorial_dag.py
[2022-12-26T02:13:35.238+0000] {logging_mixin.py:137} INFO - [2022-12-26T02:13:35.238+0000] {dag.py:2676} INFO - Sync 1 DAGs
[2022-12-26T02:13:35.262+0000] {logging_mixin.py:137} INFO - [2022-12-26T02:13:35.262+0000] {dag.py:3427} INFO - Setting next_dagrun for tutorial_dag to None, run_after=None
[2022-12-26T02:13:35.278+0000] {processor.py:175} INFO - Processing /home/airflow/.local/lib/python3.7/site-packages/airflow/example_dags/tutorial_dag.py took 0.084 seconds
[2022-12-26T02:14:05.642+0000] {processor.py:153} INFO - Started process (PID=1014) to work on /home/airflow/.local/lib/python3.7/site-packages/airflow/example_dags/tutorial_dag.py
[2022-12-26T02:14:05.644+0000] {processor.py:743} INFO - Processing file /home/airflow/.local/lib/python3.7/site-packages/airflow/example_dags/tutorial_dag.py for tasks to queue
[2022-12-26T02:14:05.645+0000] {logging_mixin.py:137} INFO - [2022-12-26T02:14:05.645+0000] {dagbag.py:538} INFO - Filling up the DagBag from /home/airflow/.local/lib/python3.7/site-packages/airflow/example_dags/tutorial_dag.py
[2022-12-26T02:14:05.655+0000] {processor.py:753} INFO - DAG(s) dict_keys(['tutorial_dag']) retrieved from /home/airflow/.local/lib/python3.7/site-packages/airflow/example_dags/tutorial_dag.py
[2022-12-26T02:14:05.684+0000] {logging_mixin.py:137} INFO - [2022-12-26T02:14:05.684+0000] {dag.py:2676} INFO - Sync 1 DAGs
[2022-12-26T02:14:05.701+0000] {logging_mixin.py:137} INFO - [2022-12-26T02:14:05.701+0000] {dag.py:3427} INFO - Setting next_dagrun for tutorial_dag to None, run_after=None
[2022-12-26T02:14:05.715+0000] {processor.py:175} INFO - Processing /home/airflow/.local/lib/python3.7/site-packages/airflow/example_dags/tutorial_dag.py took 0.076 seconds
[2022-12-26T02:14:36.152+0000] {processor.py:153} INFO - Started process (PID=1091) to work on /home/airflow/.local/lib/python3.7/site-packages/airflow/example_dags/tutorial_dag.py
[2022-12-26T02:14:36.153+0000] {processor.py:743} INFO - Processing file /home/airflow/.local/lib/python3.7/site-packages/airflow/example_dags/tutorial_dag.py for tasks to queue
[2022-12-26T02:14:36.154+0000] {logging_mixin.py:137} INFO - [2022-12-26T02:14:36.154+0000] {dagbag.py:538} INFO - Filling up the DagBag from /home/airflow/.local/lib/python3.7/site-packages/airflow/example_dags/tutorial_dag.py
[2022-12-26T02:14:36.164+0000] {processor.py:753} INFO - DAG(s) dict_keys(['tutorial_dag']) retrieved from /home/airflow/.local/lib/python3.7/site-packages/airflow/example_dags/tutorial_dag.py
[2022-12-26T02:14:36.193+0000] {logging_mixin.py:137} INFO - [2022-12-26T02:14:36.193+0000] {dag.py:2676} INFO - Sync 1 DAGs
[2022-12-26T02:14:36.210+0000] {logging_mixin.py:137} INFO - [2022-12-26T02:14:36.210+0000] {dag.py:3427} INFO - Setting next_dagrun for tutorial_dag to None, run_after=None
[2022-12-26T02:14:36.224+0000] {processor.py:175} INFO - Processing /home/airflow/.local/lib/python3.7/site-packages/airflow/example_dags/tutorial_dag.py took 0.075 seconds
[2022-12-26T02:15:06.691+0000] {processor.py:153} INFO - Started process (PID=1168) to work on /home/airflow/.local/lib/python3.7/site-packages/airflow/example_dags/tutorial_dag.py
[2022-12-26T02:15:06.693+0000] {processor.py:743} INFO - Processing file /home/airflow/.local/lib/python3.7/site-packages/airflow/example_dags/tutorial_dag.py for tasks to queue
[2022-12-26T02:15:06.694+0000] {logging_mixin.py:137} INFO - [2022-12-26T02:15:06.694+0000] {dagbag.py:538} INFO - Filling up the DagBag from /home/airflow/.local/lib/python3.7/site-packages/airflow/example_dags/tutorial_dag.py
[2022-12-26T02:15:06.706+0000] {processor.py:753} INFO - DAG(s) dict_keys(['tutorial_dag']) retrieved from /home/airflow/.local/lib/python3.7/site-packages/airflow/example_dags/tutorial_dag.py
[2022-12-26T02:15:06.746+0000] {logging_mixin.py:137} INFO - [2022-12-26T02:15:06.746+0000] {dag.py:2676} INFO - Sync 1 DAGs
[2022-12-26T02:15:06.767+0000] {logging_mixin.py:137} INFO - [2022-12-26T02:15:06.767+0000] {dag.py:3427} INFO - Setting next_dagrun for tutorial_dag to None, run_after=None
[2022-12-26T02:15:06.782+0000] {processor.py:175} INFO - Processing /home/airflow/.local/lib/python3.7/site-packages/airflow/example_dags/tutorial_dag.py took 0.095 seconds
